2018-01-29 05:08:04 Config: {'folds': 10, 'warm_up_epochs': 2, 'shard': '', 'seed': 0, 'weigh_loss': 0, 'lr_schedule': 'adaptive_best', 'holdout': 0, 'weight_decay': 0.0001, 'from_checkpoint': 0, 'train_percent': 0.8, 'workers': 2, 'test_batch_size': 320, 'transform': 'imagenet_like', 'epoch': 40, 'lr': 0.1, 'momentum': 0.9, 'run_type': 'train', 'optimizer': 'sgd', 'data_type': 'jpg', 'batch_size': 64, 'blacklist': 0, 'max_stops': 3, 'weigh_sample': 0, 'early_stop_n': 6, 'decrease_rate': 0.1, 'model': 'densenet169_'}
2018-01-29 05:08:04 Loading train/val split from file
2018-01-29 05:08:05 Starting learning single model
2018-01-29 05:08:05 Initing model
2018-01-29 05:08:09 Learning exact layers, number=2
2018-01-29 05:08:09 Layer=0, lr=0.10000
2018-01-29 05:08:09 Layer=1, lr=0.01000
2018-01-29 05:08:09 Loss is MultiLabelSoftMarginLoss without weights
2018-01-29 05:08:09 Epoch 0
2018-01-29 05:09:53 Epoch: [0][50/507]	Time 1.656 (2.037)	Data 0.001 (0.011)	Accuracy 0.0000 (0.0000)	Loss 0.2082 (0.2284)	
2018-01-29 05:11:16 Epoch: [0][100/507]	Time 1.658 (1.851)	Data 0.001 (0.006)	Accuracy 0.0000 (0.0000)	Loss 0.1203 (0.1955)	
2018-01-29 05:12:39 Epoch: [0][150/507]	Time 1.664 (1.788)	Data 0.001 (0.004)	Accuracy 0.0000 (0.0000)	Loss 0.1793 (0.1812)	
2018-01-29 05:14:02 Epoch: [0][200/507]	Time 1.668 (1.756)	Data 0.001 (0.003)	Accuracy 0.0000 (0.0000)	Loss 0.1239 (0.1718)	
2018-01-29 05:15:25 Epoch: [0][250/507]	Time 1.660 (1.737)	Data 0.001 (0.003)	Accuracy 0.0000 (0.0000)	Loss 0.1742 (0.1655)	
2018-01-29 05:16:48 Epoch: [0][300/507]	Time 1.671 (1.725)	Data 0.001 (0.002)	Accuracy 0.0000 (0.0000)	Loss 0.1827 (0.1611)	
2018-01-29 05:18:12 Epoch: [0][350/507]	Time 1.661 (1.716)	Data 0.001 (0.002)	Accuracy 0.0000 (0.0000)	Loss 0.1806 (0.1581)	
2018-01-29 05:19:35 Epoch: [0][400/507]	Time 1.662 (1.709)	Data 0.001 (0.002)	Accuracy 0.0000 (0.0000)	Loss 0.1553 (0.1555)	
2018-01-29 05:20:58 Epoch: [0][450/507]	Time 1.664 (1.704)	Data 0.001 (0.002)	Accuracy 0.0000 (0.0000)	Loss 0.1211 (0.1526)	
2018-01-29 05:22:21 Epoch: [0][500/507]	Time 1.666 (1.700)	Data 0.001 (0.002)	Accuracy 0.0000 (0.0000)	Loss 0.1313 (0.1509)	
2018-01-29 05:22:47 Epoch: [0][506/507]	Time 17.923 (1.732)	Data 0.000 (0.002)	Accuracy 0.0000 (0.0000)	Loss 0.1293 (0.1508)	
2018-01-29 05:22:47 Validating model
2018-01-29 05:23:57 Test: [126/126]	Time 6.835 (0.555)	Loss 0.11199	F2: 0.842886199403	
2018-01-29 05:23:57 Current model is best by val score 0.11199 < -1.00000
2018-01-29 05:23:57 early_stop_counter: 0
2018-01-29 05:23:58 Epoch 1
2018-01-29 05:25:23 Epoch: [1][50/507]	Time 1.659 (1.671)	Data 0.001 (0.010)	Accuracy 0.0000 (0.0000)	Loss 0.1596 (0.1324)	
2018-01-29 05:26:46 Epoch: [1][100/507]	Time 1.655 (1.666)	Data 0.001 (0.005)	Accuracy 0.0000 (0.0000)	Loss 0.1256 (0.1284)	
2018-01-29 05:28:09 Epoch: [1][150/507]	Time 1.665 (1.665)	Data 0.001 (0.004)	Accuracy 0.0000 (0.0000)	Loss 0.1203 (0.1296)	
2018-01-29 05:29:32 Epoch: [1][200/507]	Time 1.657 (1.664)	Data 0.001 (0.003)	Accuracy 0.0000 (0.0000)	Loss 0.1828 (0.1296)	
2018-01-29 05:30:55 Epoch: [1][250/507]	Time 1.660 (1.663)	Data 0.001 (0.003)	Accuracy 0.0000 (0.0000)	Loss 0.1207 (0.1292)	
2018-01-29 05:32:18 Epoch: [1][300/507]	Time 1.667 (1.663)	Data 0.001 (0.002)	Accuracy 0.0000 (0.0000)	Loss 0.1408 (0.1293)	
2018-01-29 05:33:41 Epoch: [1][350/507]	Time 1.661 (1.663)	Data 0.001 (0.002)	Accuracy 0.0000 (0.0000)	Loss 0.1123 (0.1295)	
2018-01-29 05:35:04 Epoch: [1][400/507]	Time 1.660 (1.663)	Data 0.001 (0.002)	Accuracy 0.0000 (0.0000)	Loss 0.1298 (0.1290)	
2018-01-29 05:36:27 Epoch: [1][450/507]	Time 1.663 (1.663)	Data 0.001 (0.002)	Accuracy 0.0000 (0.0000)	Loss 0.1636 (0.1288)	
2018-01-29 05:37:51 Epoch: [1][500/507]	Time 1.661 (1.662)	Data 0.001 (0.002)	Accuracy 0.0000 (0.0000)	Loss 0.1219 (0.1282)	
2018-01-29 05:38:00 Epoch: [1][506/507]	Time 1.218 (1.661)	Data 0.000 (0.002)	Accuracy 0.0000 (0.0000)	Loss 0.1201 (0.1281)	
2018-01-29 05:38:00 Validating model
2018-01-29 05:39:04 Test: [126/126]	Time 0.406 (0.506)	Loss 0.10087	F2: 0.857051189168	
2018-01-29 05:39:04 Current model is best by val score 0.10087 < 0.11199
2018-01-29 05:39:04 early_stop_counter: 0
2018-01-29 05:39:06 Epoch 2
2018-01-29 05:40:31 Epoch: [2][50/507]	Time 1.656 (1.671)	Data 0.001 (0.011)	Accuracy 0.0000 (0.0000)	Loss 0.1237 (0.1246)	
2018-01-29 05:41:54 Epoch: [2][100/507]	Time 1.662 (1.666)	Data 0.001 (0.006)	Accuracy 0.0000 (0.0000)	Loss 0.1439 (0.1272)	
2018-01-29 05:43:17 Epoch: [2][150/507]	Time 1.667 (1.665)	Data 0.001 (0.004)	Accuracy 0.0000 (0.0000)	Loss 0.1387 (0.1249)	
2018-01-29 05:44:40 Epoch: [2][200/507]	Time 1.666 (1.665)	Data 0.001 (0.003)	Accuracy 0.0000 (0.0000)	Loss 0.1219 (0.1245)	
2018-01-29 05:46:03 Epoch: [2][250/507]	Time 1.656 (1.664)	Data 0.001 (0.003)	Accuracy 0.0000 (0.0000)	Loss 0.1355 (0.1249)	
2018-01-29 05:47:27 Epoch: [2][300/507]	Time 1.662 (1.664)	Data 0.001 (0.002)	Accuracy 0.0000 (0.0000)	Loss 0.1169 (0.1248)	
2018-01-29 05:48:50 Epoch: [2][350/507]	Time 1.662 (1.664)	Data 0.001 (0.002)	Accuracy 0.0000 (0.0000)	Loss 0.1279 (0.1249)	
2018-01-29 05:50:13 Epoch: [2][400/507]	Time 1.660 (1.664)	Data 0.001 (0.002)	Accuracy 0.0000 (0.0000)	Loss 0.1174 (0.1239)	
2018-01-29 05:51:36 Epoch: [2][450/507]	Time 1.661 (1.664)	Data 0.001 (0.002)	Accuracy 0.0000 (0.0000)	Loss 0.1393 (0.1235)	
2018-01-29 05:52:59 Epoch: [2][500/507]	Time 1.659 (1.664)	Data 0.001 (0.002)	Accuracy 0.0000 (0.0000)	Loss 0.1427 (0.1233)	
2018-01-29 05:53:09 Epoch: [2][506/507]	Time 1.218 (1.663)	Data 0.000 (0.002)	Accuracy 0.0000 (0.0000)	Loss 0.1310 (0.1234)	
2018-01-29 05:53:09 Validating model
2018-01-29 05:54:12 Test: [126/126]	Time 0.408 (0.504)	Loss 0.10210	F2: 0.854194850211	
2018-01-29 05:54:12 early_stop_counter: 1
2018-01-29 05:54:13 Epoch 3
2018-01-29 05:55:39 Epoch: [3][50/507]	Time 1.666 (1.671)	Data 0.001 (0.010)	Accuracy 0.0000 (0.0000)	Loss 0.1354 (0.1232)	
2018-01-29 05:57:02 Epoch: [3][100/507]	Time 1.665 (1.666)	Data 0.001 (0.005)	Accuracy 0.0000 (0.0000)	Loss 0.1349 (0.1226)	
2018-01-29 05:58:25 Epoch: [3][150/507]	Time 1.663 (1.665)	Data 0.001 (0.004)	Accuracy 0.0000 (0.0000)	Loss 0.1369 (0.1224)	
2018-01-29 05:59:48 Epoch: [3][200/507]	Time 1.664 (1.664)	Data 0.001 (0.003)	Accuracy 0.0000 (0.0000)	Loss 0.1097 (0.1225)	
2018-01-29 06:01:11 Epoch: [3][250/507]	Time 1.661 (1.664)	Data 0.001 (0.003)	Accuracy 0.0000 (0.0000)	Loss 0.1421 (0.1221)	
2018-01-29 06:02:34 Epoch: [3][300/507]	Time 1.661 (1.663)	Data 0.001 (0.002)	Accuracy 0.0000 (0.0000)	Loss 0.0977 (0.1222)	
2018-01-29 06:03:57 Epoch: [3][350/507]	Time 1.659 (1.663)	Data 0.001 (0.002)	Accuracy 0.0000 (0.0000)	Loss 0.0947 (0.1220)	
2018-01-29 06:05:20 Epoch: [3][400/507]	Time 1.664 (1.663)	Data 0.001 (0.002)	Accuracy 0.0000 (0.0000)	Loss 0.1210 (0.1221)	
2018-01-29 06:06:43 Epoch: [3][450/507]	Time 1.660 (1.663)	Data 0.001 (0.002)	Accuracy 0.0000 (0.0000)	Loss 0.1468 (0.1213)	
2018-01-29 06:08:07 Epoch: [3][500/507]	Time 1.663 (1.663)	Data 0.001 (0.002)	Accuracy 0.0000 (0.0000)	Loss 0.1395 (0.1210)	
2018-01-29 06:08:16 Epoch: [3][506/507]	Time 1.220 (1.662)	Data 0.000 (0.002)	Accuracy 0.0000 (0.0000)	Loss 0.0977 (0.1210)	
2018-01-29 06:08:16 Validating model
2018-01-29 06:09:20 Test: [126/126]	Time 0.405 (0.504)	Loss 0.09809	F2: 0.858411978994	
2018-01-29 06:09:20 Current model is best by val score 0.09809 < 0.10087
2018-01-29 06:09:20 early_stop_counter: 0
2018-01-29 06:09:21 Epoch 4
2018-01-29 06:10:47 Epoch: [4][50/507]	Time 1.665 (1.671)	Data 0.001 (0.010)	Accuracy 0.0000 (0.0000)	Loss 0.1023 (0.1205)	
2018-01-29 06:12:10 Epoch: [4][100/507]	Time 1.660 (1.668)	Data 0.001 (0.006)	Accuracy 0.0000 (0.0000)	Loss 0.1076 (0.1193)	
2018-01-29 06:13:33 Epoch: [4][150/507]	Time 1.660 (1.666)	Data 0.001 (0.004)	Accuracy 0.0000 (0.0000)	Loss 0.1191 (0.1193)	
2018-01-29 06:14:56 Epoch: [4][200/507]	Time 1.657 (1.665)	Data 0.001 (0.003)	Accuracy 0.0000 (0.0000)	Loss 0.0870 (0.1191)	
2018-01-29 06:16:19 Epoch: [4][250/507]	Time 1.654 (1.664)	Data 0.001 (0.003)	Accuracy 0.0000 (0.0000)	Loss 0.1565 (0.1190)	
2018-01-29 06:17:42 Epoch: [4][300/507]	Time 1.662 (1.664)	Data 0.000 (0.002)	Accuracy 0.0000 (0.0000)	Loss 0.1042 (0.1185)	
2018-01-29 06:19:06 Epoch: [4][350/507]	Time 1.664 (1.664)	Data 0.001 (0.002)	Accuracy 0.0000 (0.0000)	Loss 0.1143 (0.1185)	
2018-01-29 06:20:29 Epoch: [4][400/507]	Time 1.659 (1.664)	Data 0.001 (0.002)	Accuracy 0.0000 (0.0000)	Loss 0.1086 (0.1186)	
2018-01-29 06:21:52 Epoch: [4][450/507]	Time 1.661 (1.664)	Data 0.001 (0.002)	Accuracy 0.0000 (0.0000)	Loss 0.1100 (0.1182)	
2018-01-29 06:23:15 Epoch: [4][500/507]	Time 1.664 (1.664)	Data 0.001 (0.002)	Accuracy 0.0000 (0.0000)	Loss 0.1051 (0.1184)	
2018-01-29 06:23:24 Epoch: [4][506/507]	Time 1.220 (1.663)	Data 0.001 (0.002)	Accuracy 0.0000 (0.0000)	Loss 0.1430 (0.1182)	
2018-01-29 06:23:24 Validating model
2018-01-29 06:24:28 Test: [126/126]	Time 0.406 (0.504)	Loss 0.09864	F2: 0.854843668523	
2018-01-29 06:24:28 early_stop_counter: 1
2018-01-29 06:24:29 Epoch 5
2018-01-29 06:25:54 Epoch: [5][50/507]	Time 1.666 (1.673)	Data 0.001 (0.011)	Accuracy 0.0000 (0.0000)	Loss 0.1041 (0.1147)	
2018-01-29 06:27:17 Epoch: [5][100/507]	Time 1.662 (1.668)	Data 0.001 (0.006)	Accuracy 0.0000 (0.0000)	Loss 0.1137 (0.1155)	
2018-01-29 06:28:41 Epoch: [5][150/507]	Time 1.662 (1.666)	Data 0.001 (0.004)	Accuracy 0.0000 (0.0000)	Loss 0.1157 (0.1157)	
2018-01-29 06:30:04 Epoch: [5][200/507]	Time 1.661 (1.665)	Data 0.001 (0.003)	Accuracy 0.0000 (0.0000)	Loss 0.1660 (0.1159)	
2018-01-29 06:31:27 Epoch: [5][250/507]	Time 1.661 (1.665)	Data 0.001 (0.003)	Accuracy 0.0000 (0.0000)	Loss 0.0937 (0.1155)	
2018-01-29 06:32:50 Epoch: [5][300/507]	Time 1.664 (1.664)	Data 0.001 (0.002)	Accuracy 0.0000 (0.0000)	Loss 0.1399 (0.1171)	
2018-01-29 06:34:13 Epoch: [5][350/507]	Time 1.658 (1.664)	Data 0.001 (0.002)	Accuracy 0.0000 (0.0000)	Loss 0.1350 (0.1171)	
2018-01-29 06:35:36 Epoch: [5][400/507]	Time 1.663 (1.664)	Data 0.001 (0.002)	Accuracy 0.0000 (0.0000)	Loss 0.1561 (0.1169)	
2018-01-29 06:36:59 Epoch: [5][450/507]	Time 1.664 (1.664)	Data 0.001 (0.002)	Accuracy 0.0000 (0.0000)	Loss 0.0916 (0.1169)	
2018-01-29 06:38:22 Epoch: [5][500/507]	Time 1.664 (1.663)	Data 0.001 (0.002)	Accuracy 0.0000 (0.0000)	Loss 0.1272 (0.1174)	
2018-01-29 06:38:32 Epoch: [5][506/507]	Time 1.220 (1.662)	Data 0.000 (0.002)	Accuracy 0.0000 (0.0000)	Loss 0.1251 (0.1173)	
2018-01-29 06:38:32 Validating model
2018-01-29 06:39:35 Test: [126/126]	Time 0.409 (0.504)	Loss 0.09507	F2: 0.850335007114	
2018-01-29 06:39:35 Current model is best by val score 0.09507 < 0.09809
2018-01-29 06:39:35 early_stop_counter: 0
2018-01-29 06:39:37 Epoch 6
2018-01-29 06:41:03 Epoch: [6][50/507]	Time 1.662 (1.674)	Data 0.001 (0.010)	Accuracy 0.0000 (0.0000)	Loss 0.1285 (0.1162)	
2018-01-29 06:42:26 Epoch: [6][100/507]	Time 1.662 (1.669)	Data 0.001 (0.006)	Accuracy 0.0000 (0.0000)	Loss 0.1371 (0.1163)	
2018-01-29 06:43:49 Epoch: [6][150/507]	Time 1.666 (1.667)	Data 0.000 (0.004)	Accuracy 0.0000 (0.0000)	Loss 0.1210 (0.1166)	
2018-01-29 06:45:12 Epoch: [6][200/507]	Time 1.665 (1.666)	Data 0.001 (0.003)	Accuracy 0.0000 (0.0000)	Loss 0.1285 (0.1163)	
2018-01-29 06:46:35 Epoch: [6][250/507]	Time 1.662 (1.666)	Data 0.001 (0.003)	Accuracy 0.0000 (0.0000)	Loss 0.0965 (0.1160)	
2018-01-29 06:47:59 Epoch: [6][300/507]	Time 1.664 (1.665)	Data 0.001 (0.002)	Accuracy 0.0000 (0.0000)	Loss 0.0879 (0.1159)	
2018-01-29 06:49:22 Epoch: [6][350/507]	Time 1.664 (1.665)	Data 0.001 (0.002)	Accuracy 0.0000 (0.0000)	Loss 0.1440 (0.1156)	
2018-01-29 06:50:45 Epoch: [6][400/507]	Time 1.670 (1.665)	Data 0.001 (0.002)	Accuracy 0.0000 (0.0000)	Loss 0.1355 (0.1158)	
2018-01-29 06:52:08 Epoch: [6][450/507]	Time 1.667 (1.665)	Data 0.000 (0.002)	Accuracy 0.0000 (0.0000)	Loss 0.1083 (0.1157)	
2018-01-29 06:53:31 Epoch: [6][500/507]	Time 1.661 (1.664)	Data 0.000 (0.002)	Accuracy 0.0000 (0.0000)	Loss 0.1212 (0.1158)	
2018-01-29 06:53:41 Epoch: [6][506/507]	Time 1.218 (1.664)	Data 0.000 (0.002)	Accuracy 0.0000 (0.0000)	Loss 0.0612 (0.1156)	
2018-01-29 06:53:41 Validating model
2018-01-29 06:54:44 Test: [126/126]	Time 0.409 (0.505)	Loss 0.09374	F2: 0.861988038735	
2018-01-29 06:54:44 Current model is best by val score 0.09374 < 0.09507
2018-01-29 06:54:44 early_stop_counter: 0
2018-01-29 06:54:46 Epoch 7
2018-01-29 06:56:11 Epoch: [7][50/507]	Time 1.654 (1.671)	Data 0.001 (0.010)	Accuracy 0.0000 (0.0000)	Loss 0.1197 (0.1124)	
2018-01-29 06:57:35 Epoch: [7][100/507]	Time 1.660 (1.667)	Data 0.001 (0.005)	Accuracy 0.0000 (0.0000)	Loss 0.1164 (0.1124)	
2018-01-29 06:58:58 Epoch: [7][150/507]	Time 1.661 (1.665)	Data 0.001 (0.004)	Accuracy 0.0000 (0.0000)	Loss 0.0880 (0.1126)	
2018-01-29 07:00:21 Epoch: [7][200/507]	Time 1.664 (1.665)	Data 0.001 (0.003)	Accuracy 0.0000 (0.0000)	Loss 0.1080 (0.1143)	
2018-01-29 07:01:44 Epoch: [7][250/507]	Time 1.666 (1.664)	Data 0.000 (0.003)	Accuracy 0.0000 (0.0000)	Loss 0.0869 (0.1140)	
2018-01-29 07:03:07 Epoch: [7][300/507]	Time 1.661 (1.664)	Data 0.001 (0.002)	Accuracy 0.0000 (0.0000)	Loss 0.1103 (0.1138)	
2018-01-29 07:04:30 Epoch: [7][350/507]	Time 1.660 (1.664)	Data 0.001 (0.002)	Accuracy 0.0000 (0.0000)	Loss 0.1124 (0.1137)	
2018-01-29 07:05:53 Epoch: [7][400/507]	Time 1.656 (1.663)	Data 0.001 (0.002)	Accuracy 0.0000 (0.0000)	Loss 0.1252 (0.1139)	
2018-01-29 07:07:16 Epoch: [7][450/507]	Time 1.665 (1.663)	Data 0.001 (0.002)	Accuracy 0.0000 (0.0000)	Loss 0.1384 (0.1138)	
2018-01-29 07:08:39 Epoch: [7][500/507]	Time 1.666 (1.663)	Data 0.000 (0.002)	Accuracy 0.0000 (0.0000)	Loss 0.1068 (0.1142)	
2018-01-29 07:08:49 Epoch: [7][506/507]	Time 1.215 (1.662)	Data 0.000 (0.002)	Accuracy 0.0000 (0.0000)	Loss 0.1045 (0.1142)	
2018-01-29 07:08:49 Validating model
2018-01-29 07:09:52 Test: [126/126]	Time 0.406 (0.504)	Loss 0.09562	F2: 0.856683526972	
2018-01-29 07:09:52 early_stop_counter: 1
2018-01-29 07:09:53 Epoch 8
2018-01-29 07:11:19 Epoch: [8][50/507]	Time 1.661 (1.673)	Data 0.001 (0.010)	Accuracy 0.0000 (0.0000)	Loss 0.1008 (0.1137)	
2018-01-29 07:12:42 Epoch: [8][100/507]	Time 1.666 (1.668)	Data 0.001 (0.005)	Accuracy 0.0000 (0.0000)	Loss 0.1227 (0.1121)	
2018-01-29 07:14:05 Epoch: [8][150/507]	Time 1.657 (1.665)	Data 0.001 (0.004)	Accuracy 0.0000 (0.0000)	Loss 0.1320 (0.1127)	
2018-01-29 07:15:28 Epoch: [8][200/507]	Time 1.656 (1.665)	Data 0.001 (0.003)	Accuracy 0.0000 (0.0000)	Loss 0.1049 (0.1124)	
2018-01-29 07:16:51 Epoch: [8][250/507]	Time 1.662 (1.664)	Data 0.001 (0.003)	Accuracy 0.0000 (0.0000)	Loss 0.1226 (0.1126)	
2018-01-29 07:18:14 Epoch: [8][300/507]	Time 1.665 (1.664)	Data 0.001 (0.002)	Accuracy 0.0000 (0.0000)	Loss 0.1109 (0.1129)	
2018-01-29 07:19:37 Epoch: [8][350/507]	Time 1.661 (1.664)	Data 0.001 (0.002)	Accuracy 0.0000 (0.0000)	Loss 0.1289 (0.1127)	
2018-01-29 07:21:00 Epoch: [8][400/507]	Time 1.656 (1.664)	Data 0.001 (0.002)	Accuracy 0.0000 (0.0000)	Loss 0.1120 (0.1128)	
2018-01-29 07:22:23 Epoch: [8][450/507]	Time 1.659 (1.664)	Data 0.001 (0.002)	Accuracy 0.0000 (0.0000)	Loss 0.0765 (0.1128)	
2018-01-29 07:23:47 Epoch: [8][500/507]	Time 1.662 (1.664)	Data 0.001 (0.002)	Accuracy 0.0000 (0.0000)	Loss 0.1206 (0.1136)	
2018-01-29 07:23:56 Epoch: [8][506/507]	Time 1.220 (1.663)	Data 0.000 (0.002)	Accuracy 0.0000 (0.0000)	Loss 0.1029 (0.1136)	
2018-01-29 07:23:56 Validating model
2018-01-29 07:25:00 Test: [126/126]	Time 0.407 (0.504)	Loss 0.09280	F2: 0.859412453856	
2018-01-29 07:25:00 Current model is best by val score 0.09280 < 0.09374
2018-01-29 07:25:00 early_stop_counter: 0
2018-01-29 07:25:02 Epoch 9
2018-01-29 07:26:27 Epoch: [9][50/507]	Time 1.668 (1.672)	Data 0.001 (0.010)	Accuracy 0.0000 (0.0000)	Loss 0.0891 (0.1116)	
2018-01-29 07:27:50 Epoch: [9][100/507]	Time 1.664 (1.667)	Data 0.001 (0.006)	Accuracy 0.0000 (0.0000)	Loss 0.0883 (0.1144)	
2018-01-29 07:29:13 Epoch: [9][150/507]	Time 1.660 (1.666)	Data 0.001 (0.004)	Accuracy 0.0000 (0.0000)	Loss 0.0932 (0.1144)	
2018-01-29 07:30:36 Epoch: [9][200/507]	Time 1.663 (1.665)	Data 0.001 (0.003)	Accuracy 0.0000 (0.0000)	Loss 0.1192 (0.1135)	
2018-01-29 07:31:59 Epoch: [9][250/507]	Time 1.661 (1.664)	Data 0.001 (0.003)	Accuracy 0.0000 (0.0000)	Loss 0.1357 (0.1138)	
2018-01-29 07:33:23 Epoch: [9][300/507]	Time 1.665 (1.664)	Data 0.001 (0.002)	Accuracy 0.0000 (0.0000)	Loss 0.1156 (0.1135)	
2018-01-29 07:34:46 Epoch: [9][350/507]	Time 1.662 (1.664)	Data 0.001 (0.002)	Accuracy 0.0000 (0.0000)	Loss 0.1035 (0.1138)	
2018-01-29 07:36:09 Epoch: [9][400/507]	Time 1.663 (1.664)	Data 0.001 (0.002)	Accuracy 0.0000 (0.0000)	Loss 0.1275 (0.1139)	
2018-01-29 07:37:32 Epoch: [9][450/507]	Time 1.662 (1.664)	Data 0.001 (0.002)	Accuracy 0.0000 (0.0000)	Loss 0.1196 (0.1134)	
2018-01-29 07:38:55 Epoch: [9][500/507]	Time 1.657 (1.663)	Data 0.001 (0.002)	Accuracy 0.0000 (0.0000)	Loss 0.1203 (0.1132)	
2018-01-29 07:39:05 Epoch: [9][506/507]	Time 1.222 (1.663)	Data 0.000 (0.002)	Accuracy 0.0000 (0.0000)	Loss 0.1200 (0.1133)	
2018-01-29 07:39:05 Validating model
2018-01-29 07:40:08 Test: [126/126]	Time 0.407 (0.504)	Loss 0.09350	F2: 0.862658556663	
2018-01-29 07:40:08 early_stop_counter: 1
2018-01-29 07:40:09 Epoch 10
2018-01-29 07:41:34 Epoch: [10][50/507]	Time 1.658 (1.673)	Data 0.001 (0.011)	Accuracy 0.0000 (0.0000)	Loss 0.1336 (0.1118)	
2018-01-29 07:42:57 Epoch: [10][100/507]	Time 1.662 (1.668)	Data 0.001 (0.006)	Accuracy 0.0000 (0.0000)	Loss 0.0834 (0.1105)	
2018-01-29 07:44:21 Epoch: [10][150/507]	Time 1.667 (1.666)	Data 0.001 (0.004)	Accuracy 0.0000 (0.0000)	Loss 0.1137 (0.1109)	
2018-01-29 07:45:44 Epoch: [10][200/507]	Time 1.669 (1.665)	Data 0.001 (0.003)	Accuracy 0.0000 (0.0000)	Loss 0.0854 (0.1117)	
2018-01-29 07:47:07 Epoch: [10][250/507]	Time 1.660 (1.665)	Data 0.001 (0.003)	Accuracy 0.0000 (0.0000)	Loss 0.1139 (0.1128)	
2018-01-29 07:48:30 Epoch: [10][300/507]	Time 1.664 (1.665)	Data 0.001 (0.002)	Accuracy 0.0000 (0.0000)	Loss 0.1254 (0.1126)	
2018-01-29 07:49:53 Epoch: [10][350/507]	Time 1.666 (1.665)	Data 0.001 (0.002)	Accuracy 0.0000 (0.0000)	Loss 0.1110 (0.1124)	
2018-01-29 07:51:17 Epoch: [10][400/507]	Time 1.663 (1.665)	Data 0.001 (0.002)	Accuracy 0.0000 (0.0000)	Loss 0.0909 (0.1125)	
2018-01-29 07:52:40 Epoch: [10][450/507]	Time 1.663 (1.664)	Data 0.001 (0.002)	Accuracy 0.0000 (0.0000)	Loss 0.1260 (0.1123)	
2018-01-29 07:54:03 Epoch: [10][500/507]	Time 1.658 (1.664)	Data 0.001 (0.002)	Accuracy 0.0000 (0.0000)	Loss 0.1391 (0.1120)	
2018-01-29 07:54:12 Epoch: [10][506/507]	Time 1.221 (1.663)	Data 0.000 (0.002)	Accuracy 0.0000 (0.0000)	Loss 0.0825 (0.1120)	
2018-01-29 07:54:12 Validating model
2018-01-29 07:55:16 Test: [126/126]	Time 0.407 (0.504)	Loss 0.09122	F2: 0.86756638712	
2018-01-29 07:55:16 Current model is best by val score 0.09122 < 0.09280
2018-01-29 07:55:16 early_stop_counter: 0
2018-01-29 07:55:18 Epoch 11
2018-01-29 07:56:43 Epoch: [11][50/507]	Time 1.667 (1.673)	Data 0.001 (0.010)	Accuracy 0.0000 (0.0000)	Loss 0.1468 (0.1107)	
2018-01-29 07:58:06 Epoch: [11][100/507]	Time 1.662 (1.668)	Data 0.001 (0.005)	Accuracy 0.0000 (0.0000)	Loss 0.0987 (0.1102)	
2018-01-29 07:59:30 Epoch: [11][150/507]	Time 1.669 (1.667)	Data 0.001 (0.004)	Accuracy 0.0000 (0.0000)	Loss 0.1111 (0.1105)	
2018-01-29 08:00:53 Epoch: [11][200/507]	Time 1.661 (1.666)	Data 0.001 (0.003)	Accuracy 0.0000 (0.0000)	Loss 0.1515 (0.1103)	
2018-01-29 08:02:16 Epoch: [11][250/507]	Time 1.660 (1.665)	Data 0.001 (0.002)	Accuracy 0.0000 (0.0000)	Loss 0.1173 (0.1105)	
2018-01-29 08:03:39 Epoch: [11][300/507]	Time 1.663 (1.665)	Data 0.001 (0.002)	Accuracy 0.0000 (0.0000)	Loss 0.1254 (0.1109)	
2018-01-29 08:05:02 Epoch: [11][350/507]	Time 1.659 (1.664)	Data 0.001 (0.002)	Accuracy 0.0000 (0.0000)	Loss 0.1281 (0.1110)	
2018-01-29 08:06:25 Epoch: [11][400/507]	Time 1.652 (1.664)	Data 0.001 (0.002)	Accuracy 0.0000 (0.0000)	Loss 0.1376 (0.1114)	
2018-01-29 08:07:48 Epoch: [11][450/507]	Time 1.664 (1.664)	Data 0.001 (0.002)	Accuracy 0.0000 (0.0000)	Loss 0.1489 (0.1115)	
2018-01-29 08:09:11 Epoch: [11][500/507]	Time 1.663 (1.663)	Data 0.001 (0.002)	Accuracy 0.0000 (0.0000)	Loss 0.1250 (0.1113)	
2018-01-29 08:09:21 Epoch: [11][506/507]	Time 1.220 (1.663)	Data 0.000 (0.002)	Accuracy 0.0000 (0.0000)	Loss 0.0980 (0.1112)	
2018-01-29 08:09:21 Validating model
2018-01-29 08:10:24 Test: [126/126]	Time 0.409 (0.504)	Loss 0.09231	F2: 0.862939294895	
2018-01-29 08:10:24 early_stop_counter: 1
2018-01-29 08:10:25 Epoch 12
2018-01-29 08:11:51 Epoch: [12][50/507]	Time 1.659 (1.672)	Data 0.001 (0.011)	Accuracy 0.0000 (0.0000)	Loss 0.0928 (0.1102)	
2018-01-29 08:13:14 Epoch: [12][100/507]	Time 1.660 (1.667)	Data 0.001 (0.006)	Accuracy 0.0000 (0.0000)	Loss 0.0946 (0.1092)	
2018-01-29 08:14:37 Epoch: [12][150/507]	Time 1.660 (1.665)	Data 0.001 (0.004)	Accuracy 0.0000 (0.0000)	Loss 0.0963 (0.1096)	
2018-01-29 08:16:00 Epoch: [12][200/507]	Time 1.661 (1.664)	Data 0.001 (0.003)	Accuracy 0.0000 (0.0000)	Loss 0.1158 (0.1102)	
2018-01-29 08:17:23 Epoch: [12][250/507]	Time 1.665 (1.663)	Data 0.001 (0.003)	Accuracy 0.0000 (0.0000)	Loss 0.1204 (0.1095)	
2018-01-29 08:18:46 Epoch: [12][300/507]	Time 1.666 (1.663)	Data 0.001 (0.002)	Accuracy 0.0000 (0.0000)	Loss 0.1062 (0.1101)	
2018-01-29 08:20:09 Epoch: [12][350/507]	Time 1.665 (1.663)	Data 0.001 (0.002)	Accuracy 0.0000 (0.0000)	Loss 0.1094 (0.1100)	
2018-01-29 08:21:32 Epoch: [12][400/507]	Time 1.657 (1.663)	Data 0.001 (0.002)	Accuracy 0.0000 (0.0000)	Loss 0.0827 (0.1103)	
2018-01-29 08:22:55 Epoch: [12][450/507]	Time 1.663 (1.663)	Data 0.001 (0.002)	Accuracy 0.0000 (0.0000)	Loss 0.1094 (0.1107)	
2018-01-29 08:24:18 Epoch: [12][500/507]	Time 1.660 (1.663)	Data 0.001 (0.002)	Accuracy 0.0000 (0.0000)	Loss 0.0981 (0.1107)	
2018-01-29 08:24:28 Epoch: [12][506/507]	Time 1.220 (1.662)	Data 0.000 (0.002)	Accuracy 0.0000 (0.0000)	Loss 0.0690 (0.1106)	
2018-01-29 08:24:28 Validating model
2018-01-29 08:25:32 Test: [126/126]	Time 0.407 (0.504)	Loss 0.09167	F2: 0.867895096429	
2018-01-29 08:25:32 early_stop_counter: 2
2018-01-29 08:25:32 Epoch 13
2018-01-29 08:26:58 Epoch: [13][50/507]	Time 1.664 (1.672)	Data 0.001 (0.011)	Accuracy 0.0000 (0.0000)	Loss 0.1040 (0.1119)	
2018-01-29 08:28:21 Epoch: [13][100/507]	Time 1.657 (1.667)	Data 0.001 (0.006)	Accuracy 0.0000 (0.0000)	Loss 0.0780 (0.1105)	
2018-01-29 08:29:44 Epoch: [13][150/507]	Time 1.665 (1.665)	Data 0.001 (0.004)	Accuracy 0.0000 (0.0000)	Loss 0.1092 (0.1116)	
2018-01-29 08:31:07 Epoch: [13][200/507]	Time 1.664 (1.664)	Data 0.001 (0.003)	Accuracy 0.0000 (0.0000)	Loss 0.1168 (0.1108)	
2018-01-29 08:32:30 Epoch: [13][250/507]	Time 1.661 (1.664)	Data 0.001 (0.003)	Accuracy 0.0000 (0.0000)	Loss 0.1171 (0.1105)	
2018-01-29 08:33:53 Epoch: [13][300/507]	Time 1.660 (1.664)	Data 0.001 (0.002)	Accuracy 0.0000 (0.0000)	Loss 0.1261 (0.1099)	
2018-01-29 08:35:16 Epoch: [13][350/507]	Time 1.667 (1.663)	Data 0.001 (0.002)	Accuracy 0.0000 (0.0000)	Loss 0.1058 (0.1098)	
2018-01-29 08:36:39 Epoch: [13][400/507]	Time 1.661 (1.663)	Data 0.001 (0.002)	Accuracy 0.0000 (0.0000)	Loss 0.1324 (0.1096)	
2018-01-29 08:38:02 Epoch: [13][450/507]	Time 1.656 (1.663)	Data 0.001 (0.002)	Accuracy 0.0000 (0.0000)	Loss 0.0942 (0.1093)	
2018-01-29 08:39:25 Epoch: [13][500/507]	Time 1.660 (1.663)	Data 0.001 (0.002)	Accuracy 0.0000 (0.0000)	Loss 0.1298 (0.1091)	
2018-01-29 08:39:35 Epoch: [13][506/507]	Time 1.215 (1.662)	Data 0.000 (0.002)	Accuracy 0.0000 (0.0000)	Loss 0.0819 (0.1091)	
2018-01-29 08:39:35 Validating model
2018-01-29 08:40:39 Test: [126/126]	Time 0.407 (0.504)	Loss 0.09193	F2: 0.864890176865	
2018-01-29 08:40:39 early_stop_counter: 3
2018-01-29 08:40:39 Setting for group learning rate=0.01000000, epoch=13
2018-01-29 08:40:39 Setting for group learning rate=0.00100000, epoch=13
2018-01-29 08:40:39 Loaded the model from previous best step
2018-01-29 08:40:40 Loaded best model /home/tzaumiaan/deepLearningProject/results/model_best.pth.tar, arch=densenet169_
2018-01-29 08:40:40 Epoch 14
2018-01-29 08:42:05 Epoch: [14][50/507]	Time 1.658 (1.673)	Data 0.001 (0.011)	Accuracy 0.0000 (0.0000)	Loss 0.0903 (0.1060)	
2018-01-29 08:43:28 Epoch: [14][100/507]	Time 1.665 (1.668)	Data 0.001 (0.006)	Accuracy 0.0000 (0.0000)	Loss 0.1247 (0.1081)	
2018-01-29 08:44:51 Epoch: [14][150/507]	Time 1.653 (1.665)	Data 0.001 (0.004)	Accuracy 0.0000 (0.0000)	Loss 0.0926 (0.1086)	
2018-01-29 08:46:14 Epoch: [14][200/507]	Time 1.666 (1.665)	Data 0.001 (0.003)	Accuracy 0.0000 (0.0000)	Loss 0.1074 (0.1085)	
2018-01-29 08:47:37 Epoch: [14][250/507]	Time 1.663 (1.664)	Data 0.001 (0.003)	Accuracy 0.0000 (0.0000)	Loss 0.1159 (0.1075)	
2018-01-29 08:49:01 Epoch: [14][300/507]	Time 1.657 (1.664)	Data 0.001 (0.002)	Accuracy 0.0000 (0.0000)	Loss 0.1170 (0.1075)	
2018-01-29 08:50:24 Epoch: [14][350/507]	Time 1.658 (1.664)	Data 0.001 (0.002)	Accuracy 0.0000 (0.0000)	Loss 0.1114 (0.1070)	
2018-01-29 08:51:47 Epoch: [14][400/507]	Time 1.660 (1.664)	Data 0.001 (0.002)	Accuracy 0.0000 (0.0000)	Loss 0.1427 (0.1070)	
2018-01-29 08:53:10 Epoch: [14][450/507]	Time 1.661 (1.664)	Data 0.001 (0.002)	Accuracy 0.0000 (0.0000)	Loss 0.1160 (0.1070)	
2018-01-29 08:54:33 Epoch: [14][500/507]	Time 1.660 (1.664)	Data 0.001 (0.002)	Accuracy 0.0000 (0.0000)	Loss 0.1041 (0.1071)	
2018-01-29 08:54:43 Epoch: [14][506/507]	Time 1.214 (1.663)	Data 0.001 (0.002)	Accuracy 0.0000 (0.0000)	Loss 0.0817 (0.1069)	
2018-01-29 08:54:43 Validating model
2018-01-29 08:55:46 Test: [126/126]	Time 0.407 (0.505)	Loss 0.08835	F2: 0.870042696295	
2018-01-29 08:55:46 Current model is best by val score 0.08835 < 0.09122
2018-01-29 08:55:46 early_stop_counter: 0
2018-01-29 08:55:48 Epoch 15
2018-01-29 08:57:14 Epoch: [15][50/507]	Time 1.666 (1.672)	Data 0.001 (0.010)	Accuracy 0.0000 (0.0000)	Loss 0.0876 (0.1061)	
2018-01-29 08:58:37 Epoch: [15][100/507]	Time 1.660 (1.667)	Data 0.001 (0.005)	Accuracy 0.0000 (0.0000)	Loss 0.1069 (0.1064)	
2018-01-29 09:00:00 Epoch: [15][150/507]	Time 1.661 (1.666)	Data 0.001 (0.004)	Accuracy 0.0000 (0.0000)	Loss 0.1089 (0.1066)	
2018-01-29 09:01:23 Epoch: [15][200/507]	Time 1.662 (1.665)	Data 0.001 (0.003)	Accuracy 0.0000 (0.0000)	Loss 0.1335 (0.1074)	
2018-01-29 09:02:46 Epoch: [15][250/507]	Time 1.665 (1.665)	Data 0.001 (0.003)	Accuracy 0.0000 (0.0000)	Loss 0.0775 (0.1066)	
2018-01-29 09:04:09 Epoch: [15][300/507]	Time 1.660 (1.664)	Data 0.001 (0.002)	Accuracy 0.0000 (0.0000)	Loss 0.1067 (0.1067)	
2018-01-29 09:05:32 Epoch: [15][350/507]	Time 1.664 (1.664)	Data 0.001 (0.002)	Accuracy 0.0000 (0.0000)	Loss 0.0952 (0.1066)	
2018-01-29 09:06:55 Epoch: [15][400/507]	Time 1.661 (1.663)	Data 0.001 (0.002)	Accuracy 0.0000 (0.0000)	Loss 0.1008 (0.1070)	
2018-01-29 09:08:18 Epoch: [15][450/507]	Time 1.665 (1.663)	Data 0.001 (0.002)	Accuracy 0.0000 (0.0000)	Loss 0.1055 (0.1065)	
2018-01-29 09:09:42 Epoch: [15][500/507]	Time 1.663 (1.663)	Data 0.001 (0.002)	Accuracy 0.0000 (0.0000)	Loss 0.0920 (0.1059)	
2018-01-29 09:09:51 Epoch: [15][506/507]	Time 1.216 (1.662)	Data 0.000 (0.002)	Accuracy 0.0000 (0.0000)	Loss 0.1016 (0.1059)	
2018-01-29 09:09:51 Validating model
2018-01-29 09:10:55 Test: [126/126]	Time 0.408 (0.504)	Loss 0.08840	F2: 0.87164771933	
2018-01-29 09:10:55 early_stop_counter: 1
2018-01-29 09:10:55 Epoch 16
2018-01-29 09:12:21 Epoch: [16][50/507]	Time 1.662 (1.671)	Data 0.001 (0.010)	Accuracy 0.0000 (0.0000)	Loss 0.0956 (0.1090)	
2018-01-29 09:13:44 Epoch: [16][100/507]	Time 1.665 (1.667)	Data 0.001 (0.005)	Accuracy 0.0000 (0.0000)	Loss 0.1194 (0.1067)	
2018-01-29 09:15:07 Epoch: [16][150/507]	Time 1.657 (1.665)	Data 0.001 (0.004)	Accuracy 0.0000 (0.0000)	Loss 0.1002 (0.1083)	
2018-01-29 09:16:30 Epoch: [16][200/507]	Time 1.669 (1.664)	Data 0.001 (0.003)	Accuracy 0.0000 (0.0000)	Loss 0.0887 (0.1074)	
2018-01-29 09:17:53 Epoch: [16][250/507]	Time 1.662 (1.663)	Data 0.001 (0.003)	Accuracy 0.0000 (0.0000)	Loss 0.1111 (0.1073)	
2018-01-29 09:19:16 Epoch: [16][300/507]	Time 1.665 (1.663)	Data 0.001 (0.002)	Accuracy 0.0000 (0.0000)	Loss 0.1286 (0.1069)	
2018-01-29 09:20:39 Epoch: [16][350/507]	Time 1.663 (1.663)	Data 0.001 (0.002)	Accuracy 0.0000 (0.0000)	Loss 0.0923 (0.1065)	
2018-01-29 09:22:02 Epoch: [16][400/507]	Time 1.659 (1.663)	Data 0.001 (0.002)	Accuracy 0.0000 (0.0000)	Loss 0.0910 (0.1068)	
2018-01-29 09:23:25 Epoch: [16][450/507]	Time 1.669 (1.663)	Data 0.001 (0.002)	Accuracy 0.0000 (0.0000)	Loss 0.1269 (0.1064)	
2018-01-29 09:24:49 Epoch: [16][500/507]	Time 1.661 (1.663)	Data 0.001 (0.002)	Accuracy 0.0000 (0.0000)	Loss 0.0872 (0.1060)	
2018-01-29 09:24:58 Epoch: [16][506/507]	Time 1.219 (1.662)	Data 0.000 (0.002)	Accuracy 0.0000 (0.0000)	Loss 0.0887 (0.1058)	
2018-01-29 09:24:58 Validating model
2018-01-29 09:26:02 Test: [126/126]	Time 0.407 (0.504)	Loss 0.08866	F2: 0.87006471899	
2018-01-29 09:26:02 early_stop_counter: 2
2018-01-29 09:26:03 Epoch 17
2018-01-29 09:27:28 Epoch: [17][50/507]	Time 1.672 (1.677)	Data 0.001 (0.014)	Accuracy 0.0000 (0.0000)	Loss 0.1080 (0.1032)	
2018-01-29 09:28:51 Epoch: [17][100/507]	Time 1.659 (1.670)	Data 0.001 (0.008)	Accuracy 0.0000 (0.0000)	Loss 0.1006 (0.1029)	
2018-01-29 09:30:14 Epoch: [17][150/507]	Time 1.662 (1.669)	Data 0.001 (0.005)	Accuracy 0.0000 (0.0000)	Loss 0.0907 (0.1028)	
2018-01-29 09:31:38 Epoch: [17][200/507]	Time 1.664 (1.667)	Data 0.001 (0.004)	Accuracy 0.0000 (0.0000)	Loss 0.1293 (0.1048)	
2018-01-29 09:33:01 Epoch: [17][250/507]	Time 1.667 (1.666)	Data 0.000 (0.003)	Accuracy 0.0000 (0.0000)	Loss 0.1059 (0.1051)	
2018-01-29 09:34:24 Epoch: [17][300/507]	Time 1.660 (1.666)	Data 0.001 (0.003)	Accuracy 0.0000 (0.0000)	Loss 0.1330 (0.1048)	
2018-01-29 09:35:47 Epoch: [17][350/507]	Time 1.664 (1.666)	Data 0.001 (0.003)	Accuracy 0.0000 (0.0000)	Loss 0.1234 (0.1048)	
2018-01-29 09:37:10 Epoch: [17][400/507]	Time 1.665 (1.665)	Data 0.001 (0.002)	Accuracy 0.0000 (0.0000)	Loss 0.0836 (0.1050)	
2018-01-29 09:38:34 Epoch: [17][450/507]	Time 1.668 (1.665)	Data 0.001 (0.002)	Accuracy 0.0000 (0.0000)	Loss 0.1022 (0.1053)	
2018-01-29 09:39:57 Epoch: [17][500/507]	Time 1.663 (1.665)	Data 0.000 (0.002)	Accuracy 0.0000 (0.0000)	Loss 0.1109 (0.1055)	
2018-01-29 09:40:06 Epoch: [17][506/507]	Time 1.218 (1.664)	Data 0.000 (0.002)	Accuracy 0.0000 (0.0000)	Loss 0.0959 (0.1056)	
2018-01-29 09:40:06 Validating model
2018-01-29 09:41:10 Test: [126/126]	Time 0.409 (0.504)	Loss 0.08855	F2: 0.870819194687	
2018-01-29 09:41:10 early_stop_counter: 3
2018-01-29 09:41:10 Setting for group learning rate=0.00100000, epoch=17
2018-01-29 09:41:10 Setting for group learning rate=0.00010000, epoch=17
2018-01-29 09:41:11 Loaded the model from previous best step
2018-01-29 09:41:11 Loaded best model /home/tzaumiaan/deepLearningProject/results/model_best.pth.tar, arch=densenet169_
2018-01-29 09:41:11 Epoch 18
2018-01-29 09:42:36 Epoch: [18][50/507]	Time 1.661 (1.673)	Data 0.001 (0.011)	Accuracy 0.0000 (0.0000)	Loss 0.1374 (0.1071)	
2018-01-29 09:43:59 Epoch: [18][100/507]	Time 1.664 (1.668)	Data 0.001 (0.006)	Accuracy 0.0000 (0.0000)	Loss 0.1014 (0.1060)	
2018-01-29 09:45:23 Epoch: [18][150/507]	Time 1.658 (1.666)	Data 0.001 (0.004)	Accuracy 0.0000 (0.0000)	Loss 0.1553 (0.1055)	
2018-01-29 09:46:46 Epoch: [18][200/507]	Time 1.665 (1.665)	Data 0.001 (0.003)	Accuracy 0.0000 (0.0000)	Loss 0.0832 (0.1057)	
2018-01-29 09:48:09 Epoch: [18][250/507]	Time 1.666 (1.665)	Data 0.001 (0.003)	Accuracy 0.0000 (0.0000)	Loss 0.1074 (0.1070)	
2018-01-29 09:49:32 Epoch: [18][300/507]	Time 1.662 (1.665)	Data 0.001 (0.002)	Accuracy 0.0000 (0.0000)	Loss 0.1123 (0.1066)	
2018-01-29 09:50:55 Epoch: [18][350/507]	Time 1.665 (1.665)	Data 0.001 (0.002)	Accuracy 0.0000 (0.0000)	Loss 0.1099 (0.1069)	
2018-01-29 09:52:18 Epoch: [18][400/507]	Time 1.661 (1.665)	Data 0.001 (0.002)	Accuracy 0.0000 (0.0000)	Loss 0.1148 (0.1067)	
2018-01-29 09:53:42 Epoch: [18][450/507]	Time 1.660 (1.664)	Data 0.001 (0.002)	Accuracy 0.0000 (0.0000)	Loss 0.1188 (0.1066)	
2018-01-29 09:55:05 Epoch: [18][500/507]	Time 1.659 (1.664)	Data 0.001 (0.002)	Accuracy 0.0000 (0.0000)	Loss 0.0938 (0.1057)	
2018-01-29 09:55:14 Epoch: [18][506/507]	Time 1.215 (1.663)	Data 0.000 (0.002)	Accuracy 0.0000 (0.0000)	Loss 0.1218 (0.1058)	
2018-01-29 09:55:14 Validating model
2018-01-29 09:56:18 Test: [126/126]	Time 0.408 (0.504)	Loss 0.08832	F2: 0.870285710741	
2018-01-29 09:56:18 Current model is best by val score 0.08832 < 0.08835
2018-01-29 09:56:18 early_stop_counter: 0
2018-01-29 09:56:20 Epoch 19
2018-01-29 09:57:45 Epoch: [19][50/507]	Time 1.660 (1.673)	Data 0.001 (0.011)	Accuracy 0.0000 (0.0000)	Loss 0.1159 (0.1081)	
2018-01-29 09:59:08 Epoch: [19][100/507]	Time 1.662 (1.668)	Data 0.001 (0.006)	Accuracy 0.0000 (0.0000)	Loss 0.1137 (0.1074)	
2018-01-29 10:00:31 Epoch: [19][150/507]	Time 1.662 (1.667)	Data 0.001 (0.004)	Accuracy 0.0000 (0.0000)	Loss 0.0802 (0.1058)	
2018-01-29 10:01:54 Epoch: [19][200/507]	Time 1.661 (1.666)	Data 0.001 (0.003)	Accuracy 0.0000 (0.0000)	Loss 0.1018 (0.1061)	
2018-01-29 10:03:18 Epoch: [19][250/507]	Time 1.661 (1.665)	Data 0.001 (0.003)	Accuracy 0.0000 (0.0000)	Loss 0.0946 (0.1065)	
2018-01-29 10:04:41 Epoch: [19][300/507]	Time 1.666 (1.665)	Data 0.000 (0.002)	Accuracy 0.0000 (0.0000)	Loss 0.1091 (0.1062)	
2018-01-29 10:06:04 Epoch: [19][350/507]	Time 1.664 (1.665)	Data 0.000 (0.002)	Accuracy 0.0000 (0.0000)	Loss 0.0989 (0.1064)	
2018-01-29 10:07:27 Epoch: [19][400/507]	Time 1.658 (1.665)	Data 0.001 (0.002)	Accuracy 0.0000 (0.0000)	Loss 0.0906 (0.1062)	
2018-01-29 10:08:50 Epoch: [19][450/507]	Time 1.667 (1.664)	Data 0.001 (0.002)	Accuracy 0.0000 (0.0000)	Loss 0.0855 (0.1059)	
2018-01-29 10:10:13 Epoch: [19][500/507]	Time 1.661 (1.664)	Data 0.001 (0.002)	Accuracy 0.0000 (0.0000)	Loss 0.1285 (0.1060)	
2018-01-29 10:10:23 Epoch: [19][506/507]	Time 1.216 (1.663)	Data 0.000 (0.002)	Accuracy 0.0000 (0.0000)	Loss 0.0956 (0.1060)	
2018-01-29 10:10:23 Validating model
2018-01-29 10:11:26 Test: [126/126]	Time 0.407 (0.504)	Loss 0.08834	F2: 0.869812066807	
2018-01-29 10:11:26 early_stop_counter: 1
2018-01-29 10:11:27 Epoch 20
2018-01-29 10:12:53 Epoch: [20][50/507]	Time 1.659 (1.673)	Data 0.001 (0.011)	Accuracy 0.0000 (0.0000)	Loss 0.1099 (0.1049)	
2018-01-29 10:14:16 Epoch: [20][100/507]	Time 1.663 (1.668)	Data 0.001 (0.006)	Accuracy 0.0000 (0.0000)	Loss 0.1149 (0.1055)	
2018-01-29 10:15:39 Epoch: [20][150/507]	Time 1.663 (1.666)	Data 0.001 (0.004)	Accuracy 0.0000 (0.0000)	Loss 0.1344 (0.1047)	
2018-01-29 10:17:02 Epoch: [20][200/507]	Time 1.660 (1.665)	Data 0.001 (0.003)	Accuracy 0.0000 (0.0000)	Loss 0.1364 (0.1057)	
2018-01-29 10:18:25 Epoch: [20][250/507]	Time 1.660 (1.665)	Data 0.001 (0.003)	Accuracy 0.0000 (0.0000)	Loss 0.1482 (0.1054)	
2018-01-29 10:19:48 Epoch: [20][300/507]	Time 1.663 (1.664)	Data 0.001 (0.002)	Accuracy 0.0000 (0.0000)	Loss 0.1051 (0.1055)	
2018-01-29 10:21:11 Epoch: [20][350/507]	Time 1.663 (1.664)	Data 0.001 (0.002)	Accuracy 0.0000 (0.0000)	Loss 0.1177 (0.1058)	
2018-01-29 10:22:34 Epoch: [20][400/507]	Time 1.664 (1.664)	Data 0.000 (0.002)	Accuracy 0.0000 (0.0000)	Loss 0.1512 (0.1060)	
2018-01-29 10:23:58 Epoch: [20][450/507]	Time 1.664 (1.664)	Data 0.001 (0.002)	Accuracy 0.0000 (0.0000)	Loss 0.0892 (0.1062)	
2018-01-29 10:25:21 Epoch: [20][500/507]	Time 1.661 (1.664)	Data 0.001 (0.002)	Accuracy 0.0000 (0.0000)	Loss 0.0766 (0.1063)	
2018-01-29 10:25:30 Epoch: [20][506/507]	Time 1.214 (1.663)	Data 0.001 (0.002)	Accuracy 0.0000 (0.0000)	Loss 0.0811 (0.1063)	
2018-01-29 10:25:30 Validating model
2018-01-29 10:26:34 Test: [126/126]	Time 0.407 (0.505)	Loss 0.08835	F2: 0.868293756535	
2018-01-29 10:26:34 early_stop_counter: 2
2018-01-29 10:26:35 Epoch 21
2018-01-29 10:28:00 Epoch: [21][50/507]	Time 1.663 (1.671)	Data 0.001 (0.010)	Accuracy 0.0000 (0.0000)	Loss 0.1169 (0.1030)	
2018-01-29 10:29:23 Epoch: [21][100/507]	Time 1.662 (1.667)	Data 0.001 (0.006)	Accuracy 0.0000 (0.0000)	Loss 0.1107 (0.1030)	
2018-01-29 10:30:46 Epoch: [21][150/507]	Time 1.663 (1.666)	Data 0.001 (0.004)	Accuracy 0.0000 (0.0000)	Loss 0.1099 (0.1047)	
2018-01-29 10:32:09 Epoch: [21][200/507]	Time 1.665 (1.665)	Data 0.001 (0.003)	Accuracy 0.0000 (0.0000)	Loss 0.1783 (0.1052)	
2018-01-29 10:33:32 Epoch: [21][250/507]	Time 1.659 (1.664)	Data 0.001 (0.003)	Accuracy 0.0000 (0.0000)	Loss 0.1047 (0.1047)	
2018-01-29 10:34:56 Epoch: [21][300/507]	Time 1.664 (1.664)	Data 0.001 (0.002)	Accuracy 0.0000 (0.0000)	Loss 0.1238 (0.1053)	
2018-01-29 10:36:19 Epoch: [21][350/507]	Time 1.664 (1.664)	Data 0.001 (0.002)	Accuracy 0.0000 (0.0000)	Loss 0.1020 (0.1054)	
2018-01-29 10:37:42 Epoch: [21][400/507]	Time 1.656 (1.664)	Data 0.001 (0.002)	Accuracy 0.0000 (0.0000)	Loss 0.0730 (0.1051)	
2018-01-29 10:39:05 Epoch: [21][450/507]	Time 1.662 (1.664)	Data 0.001 (0.002)	Accuracy 0.0000 (0.0000)	Loss 0.1016 (0.1054)	
2018-01-29 10:40:28 Epoch: [21][500/507]	Time 1.665 (1.663)	Data 0.001 (0.002)	Accuracy 0.0000 (0.0000)	Loss 0.0972 (0.1056)	
2018-01-29 10:40:38 Epoch: [21][506/507]	Time 1.219 (1.663)	Data 0.000 (0.002)	Accuracy 0.0000 (0.0000)	Loss 0.0956 (0.1055)	
2018-01-29 10:40:38 Validating model
2018-01-29 10:41:41 Test: [126/126]	Time 0.409 (0.504)	Loss 0.08842	F2: 0.869404937954	
2018-01-29 10:41:41 early_stop_counter: 3
2018-01-29 10:41:41 Setting for group learning rate=0.00010000, epoch=21
2018-01-29 10:41:41 Setting for group learning rate=0.00001000, epoch=21
2018-01-29 10:41:42 Loaded the model from previous best step
2018-01-29 10:41:42 Loaded best model /home/tzaumiaan/deepLearningProject/results/model_best.pth.tar, arch=densenet169_
2018-01-29 10:41:42 Epoch 22
2018-01-29 10:43:07 Epoch: [22][50/507]	Time 1.667 (1.672)	Data 0.001 (0.011)	Accuracy 0.0000 (0.0000)	Loss 0.1041 (0.1046)	
2018-01-29 10:44:31 Epoch: [22][100/507]	Time 1.664 (1.667)	Data 0.001 (0.006)	Accuracy 0.0000 (0.0000)	Loss 0.1341 (0.1077)	
2018-01-29 10:45:54 Epoch: [22][150/507]	Time 1.660 (1.666)	Data 0.001 (0.004)	Accuracy 0.0000 (0.0000)	Loss 0.0884 (0.1056)	
2018-01-29 10:47:17 Epoch: [22][200/507]	Time 1.661 (1.665)	Data 0.001 (0.003)	Accuracy 0.0000 (0.0000)	Loss 0.1346 (0.1064)	
2018-01-29 10:48:40 Epoch: [22][250/507]	Time 1.665 (1.664)	Data 0.001 (0.003)	Accuracy 0.0000 (0.0000)	Loss 0.1059 (0.1062)	
2018-01-29 10:50:03 Epoch: [22][300/507]	Time 1.658 (1.664)	Data 0.001 (0.002)	Accuracy 0.0000 (0.0000)	Loss 0.1318 (0.1067)	
2018-01-29 10:51:26 Epoch: [22][350/507]	Time 1.655 (1.664)	Data 0.001 (0.002)	Accuracy 0.0000 (0.0000)	Loss 0.1016 (0.1065)	
2018-01-29 10:52:49 Epoch: [22][400/507]	Time 1.661 (1.664)	Data 0.001 (0.002)	Accuracy 0.0000 (0.0000)	Loss 0.0841 (0.1064)	
2018-01-29 10:54:12 Epoch: [22][450/507]	Time 1.664 (1.664)	Data 0.001 (0.002)	Accuracy 0.0000 (0.0000)	Loss 0.1275 (0.1065)	
2018-01-29 10:55:36 Epoch: [22][500/507]	Time 1.670 (1.663)	Data 0.001 (0.002)	Accuracy 0.0000 (0.0000)	Loss 0.1222 (0.1064)	
2018-01-29 10:55:45 Epoch: [22][506/507]	Time 1.220 (1.663)	Data 0.001 (0.002)	Accuracy 0.0000 (0.0000)	Loss 0.0958 (0.1062)	
2018-01-29 10:55:45 Validating model
2018-01-29 10:56:49 Test: [126/126]	Time 0.407 (0.504)	Loss 0.08841	F2: 0.870485878154	
2018-01-29 10:56:49 early_stop_counter: 4
2018-01-29 10:56:49 Epoch 23
2018-01-29 10:58:15 Epoch: [23][50/507]	Time 1.665 (1.671)	Data 0.001 (0.010)	Accuracy 0.0000 (0.0000)	Loss 0.1184 (0.1086)	
2018-01-29 10:59:38 Epoch: [23][100/507]	Time 1.664 (1.667)	Data 0.001 (0.005)	Accuracy 0.0000 (0.0000)	Loss 0.1106 (0.1073)	
2018-01-29 11:01:01 Epoch: [23][150/507]	Time 1.658 (1.665)	Data 0.001 (0.004)	Accuracy 0.0000 (0.0000)	Loss 0.0847 (0.1077)	
2018-01-29 11:02:24 Epoch: [23][200/507]	Time 1.664 (1.664)	Data 0.001 (0.003)	Accuracy 0.0000 (0.0000)	Loss 0.0962 (0.1072)	
2018-01-29 11:03:47 Epoch: [23][250/507]	Time 1.665 (1.664)	Data 0.001 (0.003)	Accuracy 0.0000 (0.0000)	Loss 0.1056 (0.1064)	
2018-01-29 11:05:10 Epoch: [23][300/507]	Time 1.661 (1.664)	Data 0.001 (0.002)	Accuracy 0.0000 (0.0000)	Loss 0.0984 (0.1061)	
2018-01-29 11:06:33 Epoch: [23][350/507]	Time 1.663 (1.663)	Data 0.001 (0.002)	Accuracy 0.0000 (0.0000)	Loss 0.1030 (0.1062)	
2018-01-29 11:07:56 Epoch: [23][400/507]	Time 1.666 (1.663)	Data 0.001 (0.002)	Accuracy 0.0000 (0.0000)	Loss 0.0878 (0.1063)	
2018-01-29 11:09:20 Epoch: [23][450/507]	Time 1.660 (1.663)	Data 0.001 (0.002)	Accuracy 0.0000 (0.0000)	Loss 0.1095 (0.1063)	
2018-01-29 11:10:43 Epoch: [23][500/507]	Time 1.660 (1.663)	Data 0.001 (0.002)	Accuracy 0.0000 (0.0000)	Loss 0.1044 (0.1058)	
2018-01-29 11:10:52 Epoch: [23][506/507]	Time 1.213 (1.662)	Data 0.000 (0.002)	Accuracy 0.0000 (0.0000)	Loss 0.1290 (0.1057)	
2018-01-29 11:10:52 Validating model
2018-01-29 11:11:56 Test: [126/126]	Time 0.407 (0.504)	Loss 0.08838	F2: 0.870750163446	
2018-01-29 11:11:56 early_stop_counter: 5
2018-01-29 11:11:56 Epoch 24
2018-01-29 11:13:22 Epoch: [24][50/507]	Time 1.658 (1.671)	Data 0.001 (0.011)	Accuracy 0.0000 (0.0000)	Loss 0.1039 (0.1042)	
2018-01-29 11:14:45 Epoch: [24][100/507]	Time 1.662 (1.666)	Data 0.001 (0.006)	Accuracy 0.0000 (0.0000)	Loss 0.1013 (0.1062)	
2018-01-29 11:16:08 Epoch: [24][150/507]	Time 1.663 (1.665)	Data 0.001 (0.004)	Accuracy 0.0000 (0.0000)	Loss 0.0928 (0.1056)	
2018-01-29 11:17:31 Epoch: [24][200/507]	Time 1.664 (1.665)	Data 0.001 (0.003)	Accuracy 0.0000 (0.0000)	Loss 0.1121 (0.1055)	
2018-01-29 11:18:54 Epoch: [24][250/507]	Time 1.665 (1.665)	Data 0.001 (0.003)	Accuracy 0.0000 (0.0000)	Loss 0.0959 (0.1064)	
2018-01-29 11:20:18 Epoch: [24][300/507]	Time 1.665 (1.665)	Data 0.001 (0.002)	Accuracy 0.0000 (0.0000)	Loss 0.0996 (0.1071)	
2018-01-29 11:21:41 Epoch: [24][350/507]	Time 1.663 (1.665)	Data 0.001 (0.002)	Accuracy 0.0000 (0.0000)	Loss 0.1321 (0.1072)	
2018-01-29 11:23:04 Epoch: [24][400/507]	Time 1.658 (1.665)	Data 0.001 (0.002)	Accuracy 0.0000 (0.0000)	Loss 0.0834 (0.1066)	
2018-01-29 11:24:27 Epoch: [24][450/507]	Time 1.668 (1.665)	Data 0.001 (0.002)	Accuracy 0.0000 (0.0000)	Loss 0.1170 (0.1066)	
2018-01-29 11:25:50 Epoch: [24][500/507]	Time 1.664 (1.665)	Data 0.001 (0.002)	Accuracy 0.0000 (0.0000)	Loss 0.0970 (0.1065)	
2018-01-29 11:26:00 Epoch: [24][506/507]	Time 1.218 (1.664)	Data 0.000 (0.002)	Accuracy 0.0000 (0.0000)	Loss 0.1044 (0.1064)	
2018-01-29 11:26:00 Validating model
2018-01-29 11:27:04 Test: [126/126]	Time 0.408 (0.505)	Loss 0.08835	F2: 0.870170288471	
2018-01-29 11:27:04 Early stopping, regress for 6 iterations
2018-01-29 11:27:04 early_stop_counter: 6
2018-01-29 11:27:04 Setting for group learning rate=0.00001000, epoch=24
2018-01-29 11:27:04 Setting for group learning rate=0.00000100, epoch=24
2018-01-29 11:27:04 Exiting learning process
2018-01-29 11:27:04 Initing model
2018-01-29 11:27:05 Loaded best model /home/tzaumiaan/deepLearningProject/results/model_best.pth.tar, arch=densenet169_
2018-01-29 11:27:05 Estimating thresholds
2018-01-29 11:28:10 	 slice=0, name=agriculture, best_threshold=0.190, metric=0.9227
2018-01-29 11:28:11 	 slice=1, name=artisinal_mine, best_threshold=0.080, metric=0.9228
2018-01-29 11:28:12 	 slice=2, name=bare_ground, best_threshold=0.140, metric=0.9231
2018-01-29 11:28:14 	 slice=3, name=blooming, best_threshold=0.220, metric=0.9232
2018-01-29 11:28:15 	 slice=4, name=blow_down, best_threshold=0.590, metric=0.9233
2018-01-29 11:28:16 	 slice=5, name=clear, best_threshold=0.180, metric=0.9233
2018-01-29 11:28:18 	 slice=6, name=cloudy, best_threshold=0.070, metric=0.9248
2018-01-29 11:28:19 	 slice=7, name=conventional_mine, best_threshold=0.450, metric=0.9248
2018-01-29 11:28:20 	 slice=8, name=cultivation, best_threshold=0.200, metric=0.9248
2018-01-29 11:28:22 	 slice=9, name=habitation, best_threshold=0.200, metric=0.9248
2018-01-29 11:28:23 	 slice=10, name=haze, best_threshold=0.130, metric=0.9252
2018-01-29 11:28:24 	 slice=11, name=partly_cloudy, best_threshold=0.200, metric=0.9252
2018-01-29 11:28:26 	 slice=12, name=primary, best_threshold=0.260, metric=0.9255
2018-01-29 11:28:27 	 slice=13, name=road, best_threshold=0.260, metric=0.9257
2018-01-29 11:28:28 	 slice=14, name=selective_logging, best_threshold=0.160, metric=0.9257
2018-01-29 11:28:30 	 slice=15, name=slash_burn, best_threshold=0.330, metric=0.9257
2018-01-29 11:28:31 	 slice=16, name=water, best_threshold=0.180, metric=0.9259
2018-01-29 11:28:31 Precision/recall for each category
2018-01-29 11:28:31 	 name=agriculture, count=12315, pre=0.7409, recall=0.9401
2018-01-29 11:28:31 	 name=artisinal_mine, count=339, pre=0.6095, recall=0.9014
2018-01-29 11:28:31 	 name=bare_ground, count=862, pre=0.3371, recall=0.4917
2018-01-29 11:28:31 	 name=blooming, count=332, pre=0.3056, recall=0.1719
2018-01-29 11:28:31 	 name=blow_down, count=101, pre=0.6667, recall=0.1250
2018-01-29 11:28:31 	 name=clear, count=28431, pre=0.9174, recall=0.9941
2018-01-29 11:28:31 	 name=cloudy, count=2089, pre=0.6380, recall=0.9680
2018-01-29 11:28:31 	 name=conventional_mine, count=100, pre=0.7647, recall=0.6190
2018-01-29 11:28:31 	 name=cultivation, count=4547, pre=0.4996, recall=0.7169
2018-01-29 11:28:31 	 name=habitation, count=3660, pre=0.5874, recall=0.8345
2018-01-29 11:28:31 	 name=haze, count=2697, pre=0.5458, recall=0.8455
2018-01-29 11:28:31 	 name=partly_cloudy, count=7261, pre=0.8519, recall=0.9628
2018-01-29 11:28:31 	 name=primary, count=37513, pre=0.9685, recall=0.9961
2018-01-29 11:28:31 	 name=road, count=8071, pre=0.7680, recall=0.8986
2018-01-29 11:28:31 	 name=selective_logging, count=340, pre=0.3919, recall=0.3919
2018-01-29 11:28:31 	 name=slash_burn, count=209, pre=1.0000, recall=0.1250
2018-01-29 11:28:31 	 name=water, count=7411, pre=0.6921, recall=0.8576
2018-01-29 11:28:38 F2 score before applying tresholds is 0.896029
2018-01-29 11:28:38 F2 score after applying tresholds is 0.925871
2018-01-29 11:28:38 Testing transformation 1/10
2018-01-29 11:28:38 Testing
2018-01-29 11:29:53 Batch 20
2018-01-29 11:30:42 Batch 40
2018-01-29 11:31:31 Batch 60
2018-01-29 11:32:19 Batch 80
2018-01-29 11:33:08 Batch 100
2018-01-29 11:33:57 Batch 120
2018-01-29 11:34:16 Testing transformation 2/10
2018-01-29 11:34:16 Testing
2018-01-29 11:35:08 Batch 20
2018-01-29 11:35:57 Batch 40
2018-01-29 11:36:46 Batch 60
2018-01-29 11:37:35 Batch 80
2018-01-29 11:38:24 Batch 100
2018-01-29 11:39:13 Batch 120
2018-01-29 11:39:28 Testing transformation 3/10
2018-01-29 11:39:28 Testing
2018-01-29 11:40:20 Batch 20
2018-01-29 11:41:09 Batch 40
2018-01-29 11:41:58 Batch 60
2018-01-29 11:42:47 Batch 80
2018-01-29 11:43:36 Batch 100
2018-01-29 11:44:25 Batch 120
2018-01-29 11:44:40 Testing transformation 4/10
2018-01-29 11:44:40 Testing
2018-01-29 11:45:32 Batch 20
2018-01-29 11:46:21 Batch 40
2018-01-29 11:47:10 Batch 60
2018-01-29 11:47:59 Batch 80
2018-01-29 11:48:48 Batch 100
2018-01-29 11:49:37 Batch 120
2018-01-29 11:49:52 Testing transformation 5/10
2018-01-29 11:49:52 Testing
2018-01-29 11:50:44 Batch 20
2018-01-29 11:51:33 Batch 40
2018-01-29 11:52:22 Batch 60
2018-01-29 11:53:11 Batch 80
2018-01-29 11:54:00 Batch 100
2018-01-29 11:54:49 Batch 120
2018-01-29 11:55:04 Testing transformation 6/10
2018-01-29 11:55:04 Testing
2018-01-29 11:55:56 Batch 20
2018-01-29 11:56:45 Batch 40
2018-01-29 11:57:34 Batch 60
2018-01-29 11:58:23 Batch 80
2018-01-29 11:59:12 Batch 100
2018-01-29 12:00:01 Batch 120
2018-01-29 12:00:16 Testing transformation 7/10
2018-01-29 12:00:16 Testing
2018-01-29 12:01:08 Batch 20
2018-01-29 12:01:57 Batch 40
2018-01-29 12:02:47 Batch 60
2018-01-29 12:03:35 Batch 80
2018-01-29 12:04:24 Batch 100
2018-01-29 12:05:13 Batch 120
2018-01-29 12:05:28 Testing transformation 8/10
2018-01-29 12:05:28 Testing
2018-01-29 12:06:21 Batch 20
2018-01-29 12:07:09 Batch 40
2018-01-29 12:07:58 Batch 60
2018-01-29 12:08:47 Batch 80
2018-01-29 12:09:36 Batch 100
2018-01-29 12:10:25 Batch 120
2018-01-29 12:10:40 Testing transformation 9/10
2018-01-29 12:10:40 Testing
2018-01-29 12:11:33 Batch 20
2018-01-29 12:12:21 Batch 40
2018-01-29 12:13:10 Batch 60
2018-01-29 12:13:59 Batch 80
2018-01-29 12:14:48 Batch 100
2018-01-29 12:15:37 Batch 120
2018-01-29 12:15:52 Testing transformation 10/10
2018-01-29 12:15:52 Testing
2018-01-29 12:16:45 Batch 20
2018-01-29 12:17:33 Batch 40
2018-01-29 12:18:22 Batch 60
2018-01-29 12:19:11 Batch 80
2018-01-29 12:20:00 Batch 100
2018-01-29 12:20:49 Batch 120
2018-01-29 12:21:06 {0: 'agriculture', 1: 'artisinal_mine', 2: 'bare_ground', 3: 'blooming', 4: 'blow_down', 5: 'clear', 6: 'cloudy', 7: 'conventional_mine', 8: 'cultivation', 9: 'habitation', 10: 'haze', 11: 'partly_cloudy', 12: 'primary', 13: 'road', 14: 'selective_logging', 15: 'slash_burn', 16: 'water'}
