2018-01-29 12:21:10 Config: {'folds': 10, 'warm_up_epochs': 2, 'shard': '', 'seed': 0, 'weigh_loss': 0, 'lr_schedule': 'adaptive_best', 'holdout': 0, 'weight_decay': 0.0001, 'from_checkpoint': 0, 'train_percent': 0.8, 'workers': 2, 'test_batch_size': 320, 'transform': 'imagenet_like', 'epoch': 40, 'lr': 0.1, 'momentum': 0.9, 'run_type': 'train', 'optimizer': 'sgd', 'data_type': 'jpg', 'batch_size': 52, 'blacklist': 0, 'max_stops': 3, 'weigh_sample': 0, 'early_stop_n': 6, 'decrease_rate': 0.1, 'model': 'densenet201_'}
2018-01-29 12:21:10 Loading train/val split from file
2018-01-29 12:21:11 Starting learning single model
2018-01-29 12:21:11 Initing model
2018-01-29 12:21:20 Learning exact layers, number=2
2018-01-29 12:21:20 Layer=0, lr=0.10000
2018-01-29 12:21:20 Layer=1, lr=0.01000
2018-01-29 12:21:20 Loss is MultiLabelSoftMarginLoss without weights
2018-01-29 12:21:20 Epoch 0
2018-01-29 12:23:17 Epoch: [0][50/624]	Time 1.825 (2.292)	Data 0.001 (0.009)	Accuracy 0.0000 (0.0000)	Loss 0.1839 (0.2292)	
2018-01-29 12:24:49 Epoch: [0][100/624]	Time 1.827 (2.061)	Data 0.001 (0.005)	Accuracy 0.0000 (0.0000)	Loss 0.1365 (0.1945)	
2018-01-29 12:26:20 Epoch: [0][150/624]	Time 1.827 (1.983)	Data 0.001 (0.004)	Accuracy 0.0000 (0.0000)	Loss 0.1285 (0.1811)	
2018-01-29 12:27:51 Epoch: [0][200/624]	Time 1.827 (1.944)	Data 0.001 (0.003)	Accuracy 0.0000 (0.0000)	Loss 0.1368 (0.1738)	
2018-01-29 12:29:22 Epoch: [0][250/624]	Time 1.826 (1.921)	Data 0.001 (0.002)	Accuracy 0.0000 (0.0000)	Loss 0.1447 (0.1668)	
2018-01-29 12:30:54 Epoch: [0][300/624]	Time 1.827 (1.905)	Data 0.001 (0.002)	Accuracy 0.0000 (0.0000)	Loss 0.1210 (0.1626)	
2018-01-29 12:32:25 Epoch: [0][350/624]	Time 1.828 (1.894)	Data 0.001 (0.002)	Accuracy 0.0000 (0.0000)	Loss 0.1000 (0.1587)	
2018-01-29 12:33:57 Epoch: [0][400/624]	Time 1.829 (1.886)	Data 0.001 (0.002)	Accuracy 0.0000 (0.0000)	Loss 0.1114 (0.1560)	
2018-01-29 12:35:28 Epoch: [0][450/624]	Time 1.829 (1.879)	Data 0.001 (0.002)	Accuracy 0.0000 (0.0000)	Loss 0.1024 (0.1531)	
2018-01-29 12:36:59 Epoch: [0][500/624]	Time 1.833 (1.874)	Data 0.001 (0.002)	Accuracy 0.0000 (0.0000)	Loss 0.1375 (0.1512)	
2018-01-29 12:38:30 Epoch: [0][550/624]	Time 1.820 (1.869)	Data 0.001 (0.002)	Accuracy 0.0000 (0.0000)	Loss 0.1885 (0.1493)	
2018-01-29 12:40:02 Epoch: [0][600/624]	Time 1.823 (1.865)	Data 0.001 (0.001)	Accuracy 0.0000 (0.0000)	Loss 0.1319 (0.1483)	
2018-01-29 12:41:03 Epoch: [0][623/624]	Time 21.836 (1.896)	Data 0.001 (0.001)	Accuracy 0.0000 (0.0000)	Loss 0.1154 (0.1478)	
2018-01-29 12:41:03 Validating model
2018-01-29 12:42:37 Test: [155/155]	Time 8.347 (0.605)	Loss 0.10668	F2: 0.847142101015	
2018-01-29 12:42:37 Current model is best by val score 0.10668 < -1.00000
2018-01-29 12:42:37 early_stop_counter: 0
2018-01-29 12:42:38 Epoch 1
2018-01-29 12:44:12 Epoch: [1][50/624]	Time 1.828 (1.844)	Data 0.001 (0.010)	Accuracy 0.0000 (0.0000)	Loss 0.1391 (0.1345)	
2018-01-29 12:45:43 Epoch: [1][100/624]	Time 1.820 (1.833)	Data 0.001 (0.005)	Accuracy 0.0000 (0.0000)	Loss 0.1323 (0.1328)	
2018-01-29 12:47:14 Epoch: [1][150/624]	Time 1.822 (1.829)	Data 0.001 (0.004)	Accuracy 0.0000 (0.0000)	Loss 0.1303 (0.1312)	
2018-01-29 12:48:46 Epoch: [1][200/624]	Time 1.825 (1.827)	Data 0.001 (0.003)	Accuracy 0.0000 (0.0000)	Loss 0.1548 (0.1301)	
2018-01-29 12:50:17 Epoch: [1][250/624]	Time 1.830 (1.826)	Data 0.001 (0.003)	Accuracy 0.0000 (0.0000)	Loss 0.1129 (0.1293)	
2018-01-29 12:51:48 Epoch: [1][300/624]	Time 1.818 (1.825)	Data 0.001 (0.002)	Accuracy 0.0000 (0.0000)	Loss 0.1549 (0.1301)	
2018-01-29 12:53:19 Epoch: [1][350/624]	Time 1.818 (1.825)	Data 0.001 (0.002)	Accuracy 0.0000 (0.0000)	Loss 0.1223 (0.1306)	
2018-01-29 12:54:50 Epoch: [1][400/624]	Time 1.815 (1.825)	Data 0.001 (0.002)	Accuracy 0.0000 (0.0000)	Loss 0.0928 (0.1298)	
2018-01-29 12:56:21 Epoch: [1][450/624]	Time 1.820 (1.824)	Data 0.001 (0.002)	Accuracy 0.0000 (0.0000)	Loss 0.1276 (0.1296)	
2018-01-29 12:57:52 Epoch: [1][500/624]	Time 1.817 (1.824)	Data 0.001 (0.002)	Accuracy 0.0000 (0.0000)	Loss 0.1328 (0.1291)	
2018-01-29 12:59:23 Epoch: [1][550/624]	Time 1.821 (1.824)	Data 0.001 (0.002)	Accuracy 0.0000 (0.0000)	Loss 0.1126 (0.1289)	
2018-01-29 13:00:54 Epoch: [1][600/624]	Time 1.822 (1.823)	Data 0.001 (0.001)	Accuracy 0.0000 (0.0000)	Loss 0.1192 (0.1285)	
2018-01-29 13:01:35 Epoch: [1][623/624]	Time 1.222 (1.822)	Data 0.000 (0.001)	Accuracy 0.0000 (0.0000)	Loss 0.1673 (0.1285)	
2018-01-29 13:01:35 Validating model
2018-01-29 13:03:01 Test: [155/155]	Time 0.449 (0.555)	Loss 0.10525	F2: 0.849690418243	
2018-01-29 13:03:01 Current model is best by val score 0.10525 < 0.10668
2018-01-29 13:03:01 early_stop_counter: 0
2018-01-29 13:03:04 Epoch 2
2018-01-29 13:04:37 Epoch: [2][50/624]	Time 1.815 (1.831)	Data 0.001 (0.010)	Accuracy 0.0000 (0.0000)	Loss 0.1056 (0.1259)	
2018-01-29 13:06:08 Epoch: [2][100/624]	Time 1.818 (1.825)	Data 0.001 (0.005)	Accuracy 0.0000 (0.0000)	Loss 0.0981 (0.1253)	
2018-01-29 13:07:39 Epoch: [2][150/624]	Time 1.819 (1.823)	Data 0.001 (0.004)	Accuracy 0.0000 (0.0000)	Loss 0.1207 (0.1251)	
2018-01-29 13:09:10 Epoch: [2][200/624]	Time 1.817 (1.822)	Data 0.001 (0.003)	Accuracy 0.0000 (0.0000)	Loss 0.0814 (0.1237)	
2018-01-29 13:10:41 Epoch: [2][250/624]	Time 1.816 (1.822)	Data 0.001 (0.003)	Accuracy 0.0000 (0.0000)	Loss 0.1299 (0.1242)	
2018-01-29 13:12:12 Epoch: [2][300/624]	Time 1.819 (1.821)	Data 0.001 (0.002)	Accuracy 0.0000 (0.0000)	Loss 0.1070 (0.1244)	
2018-01-29 13:13:43 Epoch: [2][350/624]	Time 1.822 (1.821)	Data 0.001 (0.002)	Accuracy 0.0000 (0.0000)	Loss 0.1045 (0.1242)	
2018-01-29 13:15:14 Epoch: [2][400/624]	Time 1.823 (1.821)	Data 0.001 (0.002)	Accuracy 0.0000 (0.0000)	Loss 0.1389 (0.1239)	
2018-01-29 13:16:46 Epoch: [2][450/624]	Time 1.822 (1.822)	Data 0.001 (0.002)	Accuracy 0.0000 (0.0000)	Loss 0.1207 (0.1235)	
2018-01-29 13:18:17 Epoch: [2][500/624]	Time 1.822 (1.822)	Data 0.001 (0.002)	Accuracy 0.0000 (0.0000)	Loss 0.1536 (0.1234)	
2018-01-29 13:19:48 Epoch: [2][550/624]	Time 1.821 (1.822)	Data 0.001 (0.002)	Accuracy 0.0000 (0.0000)	Loss 0.1315 (0.1230)	
2018-01-29 13:21:19 Epoch: [2][600/624]	Time 1.826 (1.822)	Data 0.001 (0.001)	Accuracy 0.0000 (0.0000)	Loss 0.1353 (0.1230)	
2018-01-29 13:22:01 Epoch: [2][623/624]	Time 1.221 (1.821)	Data 0.001 (0.001)	Accuracy 0.0000 (0.0000)	Loss 0.1120 (0.1231)	
2018-01-29 13:22:01 Validating model
2018-01-29 13:23:27 Test: [155/155]	Time 0.446 (0.555)	Loss 0.09752	F2: 0.854011143128	
2018-01-29 13:23:27 Current model is best by val score 0.09752 < 0.10525
2018-01-29 13:23:27 early_stop_counter: 0
2018-01-29 13:23:29 Epoch 3
2018-01-29 13:25:03 Epoch: [3][50/624]	Time 1.821 (1.835)	Data 0.001 (0.010)	Accuracy 0.0000 (0.0000)	Loss 0.1707 (0.1190)	
2018-01-29 13:26:34 Epoch: [3][100/624]	Time 1.827 (1.830)	Data 0.001 (0.005)	Accuracy 0.0000 (0.0000)	Loss 0.1241 (0.1195)	
2018-01-29 13:28:05 Epoch: [3][150/624]	Time 1.824 (1.828)	Data 0.001 (0.004)	Accuracy 0.0000 (0.0000)	Loss 0.1376 (0.1196)	
2018-01-29 13:29:36 Epoch: [3][200/624]	Time 1.824 (1.827)	Data 0.001 (0.003)	Accuracy 0.0000 (0.0000)	Loss 0.1099 (0.1177)	
2018-01-29 13:31:08 Epoch: [3][250/624]	Time 1.829 (1.827)	Data 0.001 (0.003)	Accuracy 0.0000 (0.0000)	Loss 0.1336 (0.1186)	
2018-01-29 13:32:39 Epoch: [3][300/624]	Time 1.830 (1.827)	Data 0.001 (0.002)	Accuracy 0.0000 (0.0000)	Loss 0.1132 (0.1193)	
2018-01-29 13:34:10 Epoch: [3][350/624]	Time 1.829 (1.826)	Data 0.001 (0.002)	Accuracy 0.0000 (0.0000)	Loss 0.1263 (0.1195)	
2018-01-29 13:35:42 Epoch: [3][400/624]	Time 1.824 (1.826)	Data 0.001 (0.002)	Accuracy 0.0000 (0.0000)	Loss 0.1124 (0.1195)	
2018-01-29 13:37:13 Epoch: [3][450/624]	Time 1.823 (1.826)	Data 0.001 (0.002)	Accuracy 0.0000 (0.0000)	Loss 0.1447 (0.1198)	
2018-01-29 13:38:44 Epoch: [3][500/624]	Time 1.831 (1.826)	Data 0.001 (0.002)	Accuracy 0.0000 (0.0000)	Loss 0.0760 (0.1197)	
2018-01-29 13:40:15 Epoch: [3][550/624]	Time 1.822 (1.826)	Data 0.001 (0.002)	Accuracy 0.0000 (0.0000)	Loss 0.1361 (0.1197)	
2018-01-29 13:41:47 Epoch: [3][600/624]	Time 1.823 (1.826)	Data 0.001 (0.002)	Accuracy 0.0000 (0.0000)	Loss 0.1425 (0.1200)	
2018-01-29 13:42:28 Epoch: [3][623/624]	Time 1.229 (1.825)	Data 0.000 (0.001)	Accuracy 0.0000 (0.0000)	Loss 0.1014 (0.1199)	
2018-01-29 13:42:28 Validating model
2018-01-29 13:43:54 Test: [155/155]	Time 0.446 (0.555)	Loss 0.09684	F2: 0.857899127717	
2018-01-29 13:43:54 Current model is best by val score 0.09684 < 0.09752
2018-01-29 13:43:54 early_stop_counter: 0
2018-01-29 13:43:57 Epoch 4
2018-01-29 13:45:30 Epoch: [4][50/624]	Time 1.825 (1.835)	Data 0.001 (0.009)	Accuracy 0.0000 (0.0000)	Loss 0.0885 (0.1156)	
2018-01-29 13:47:02 Epoch: [4][100/624]	Time 1.826 (1.830)	Data 0.001 (0.005)	Accuracy 0.0000 (0.0000)	Loss 0.0988 (0.1186)	
2018-01-29 13:48:33 Epoch: [4][150/624]	Time 1.826 (1.829)	Data 0.001 (0.003)	Accuracy 0.0000 (0.0000)	Loss 0.1320 (0.1188)	
2018-01-29 13:50:04 Epoch: [4][200/624]	Time 1.824 (1.828)	Data 0.001 (0.003)	Accuracy 0.0000 (0.0000)	Loss 0.1611 (0.1194)	
2018-01-29 13:51:35 Epoch: [4][250/624]	Time 1.831 (1.828)	Data 0.001 (0.002)	Accuracy 0.0000 (0.0000)	Loss 0.1035 (0.1194)	
2018-01-29 13:53:07 Epoch: [4][300/624]	Time 1.830 (1.828)	Data 0.001 (0.002)	Accuracy 0.0000 (0.0000)	Loss 0.1196 (0.1191)	
2018-01-29 13:54:38 Epoch: [4][350/624]	Time 1.828 (1.827)	Data 0.001 (0.002)	Accuracy 0.0000 (0.0000)	Loss 0.0992 (0.1185)	
2018-01-29 13:56:09 Epoch: [4][400/624]	Time 1.828 (1.827)	Data 0.001 (0.002)	Accuracy 0.0000 (0.0000)	Loss 0.0943 (0.1183)	
2018-01-29 13:57:41 Epoch: [4][450/624]	Time 1.823 (1.827)	Data 0.001 (0.002)	Accuracy 0.0000 (0.0000)	Loss 0.1148 (0.1184)	
2018-01-29 13:59:12 Epoch: [4][500/624]	Time 1.827 (1.827)	Data 0.001 (0.002)	Accuracy 0.0000 (0.0000)	Loss 0.1566 (0.1181)	
2018-01-29 14:00:43 Epoch: [4][550/624]	Time 1.827 (1.827)	Data 0.001 (0.001)	Accuracy 0.0000 (0.0000)	Loss 0.1021 (0.1180)	
2018-01-29 14:02:15 Epoch: [4][600/624]	Time 1.824 (1.827)	Data 0.001 (0.001)	Accuracy 0.0000 (0.0000)	Loss 0.1195 (0.1180)	
2018-01-29 14:02:56 Epoch: [4][623/624]	Time 1.226 (1.826)	Data 0.001 (0.001)	Accuracy 0.0000 (0.0000)	Loss 0.1454 (0.1180)	
2018-01-29 14:02:56 Validating model
2018-01-29 14:04:22 Test: [155/155]	Time 0.448 (0.555)	Loss 0.09554	F2: 0.858037873781	
2018-01-29 14:04:22 Current model is best by val score 0.09554 < 0.09684
2018-01-29 14:04:22 early_stop_counter: 0
2018-01-29 14:04:25 Epoch 5
2018-01-29 14:05:58 Epoch: [5][50/624]	Time 1.825 (1.836)	Data 0.001 (0.009)	Accuracy 0.0000 (0.0000)	Loss 0.1210 (0.1211)	
2018-01-29 14:07:29 Epoch: [5][100/624]	Time 1.825 (1.830)	Data 0.001 (0.005)	Accuracy 0.0000 (0.0000)	Loss 0.1022 (0.1187)	
2018-01-29 14:09:01 Epoch: [5][150/624]	Time 1.826 (1.827)	Data 0.001 (0.003)	Accuracy 0.0000 (0.0000)	Loss 0.0934 (0.1183)	
2018-01-29 14:10:32 Epoch: [5][200/624]	Time 1.828 (1.827)	Data 0.001 (0.003)	Accuracy 0.0000 (0.0000)	Loss 0.1106 (0.1183)	
2018-01-29 14:12:03 Epoch: [5][250/624]	Time 1.828 (1.827)	Data 0.001 (0.002)	Accuracy 0.0000 (0.0000)	Loss 0.0994 (0.1184)	
2018-01-29 14:13:34 Epoch: [5][300/624]	Time 1.827 (1.827)	Data 0.001 (0.002)	Accuracy 0.0000 (0.0000)	Loss 0.1135 (0.1185)	
2018-01-29 14:15:06 Epoch: [5][350/624]	Time 1.820 (1.826)	Data 0.001 (0.002)	Accuracy 0.0000 (0.0000)	Loss 0.0859 (0.1187)	
2018-01-29 14:16:37 Epoch: [5][400/624]	Time 1.826 (1.826)	Data 0.001 (0.002)	Accuracy 0.0000 (0.0000)	Loss 0.1160 (0.1187)	
2018-01-29 14:18:08 Epoch: [5][450/624]	Time 1.825 (1.826)	Data 0.001 (0.002)	Accuracy 0.0000 (0.0000)	Loss 0.1646 (0.1181)	
2018-01-29 14:19:39 Epoch: [5][500/624]	Time 1.819 (1.825)	Data 0.001 (0.002)	Accuracy 0.0000 (0.0000)	Loss 0.1158 (0.1178)	
2018-01-29 14:21:10 Epoch: [5][550/624]	Time 1.827 (1.825)	Data 0.001 (0.001)	Accuracy 0.0000 (0.0000)	Loss 0.1190 (0.1176)	
2018-01-29 14:22:42 Epoch: [5][600/624]	Time 1.829 (1.825)	Data 0.001 (0.001)	Accuracy 0.0000 (0.0000)	Loss 0.1166 (0.1174)	
2018-01-29 14:23:23 Epoch: [5][623/624]	Time 1.229 (1.824)	Data 0.001 (0.001)	Accuracy 0.0000 (0.0000)	Loss 0.1145 (0.1175)	
2018-01-29 14:23:23 Validating model
2018-01-29 14:24:49 Test: [155/155]	Time 0.448 (0.555)	Loss 0.09622	F2: 0.855819079269	
2018-01-29 14:24:49 early_stop_counter: 1
2018-01-29 14:24:50 Epoch 6
2018-01-29 14:26:24 Epoch: [6][50/624]	Time 1.819 (1.833)	Data 0.001 (0.009)	Accuracy 0.0000 (0.0000)	Loss 0.0942 (0.1165)	
2018-01-29 14:27:55 Epoch: [6][100/624]	Time 1.823 (1.829)	Data 0.001 (0.005)	Accuracy 0.0000 (0.0000)	Loss 0.1210 (0.1152)	
2018-01-29 14:29:26 Epoch: [6][150/624]	Time 1.828 (1.828)	Data 0.001 (0.004)	Accuracy 0.0000 (0.0000)	Loss 0.0850 (0.1152)	
2018-01-29 14:30:58 Epoch: [6][200/624]	Time 1.823 (1.827)	Data 0.001 (0.003)	Accuracy 0.0000 (0.0000)	Loss 0.1212 (0.1148)	
2018-01-29 14:32:29 Epoch: [6][250/624]	Time 1.822 (1.827)	Data 0.001 (0.002)	Accuracy 0.0000 (0.0000)	Loss 0.1140 (0.1154)	
2018-01-29 14:34:00 Epoch: [6][300/624]	Time 1.825 (1.827)	Data 0.001 (0.002)	Accuracy 0.0000 (0.0000)	Loss 0.1101 (0.1154)	
2018-01-29 14:35:32 Epoch: [6][350/624]	Time 1.822 (1.827)	Data 0.001 (0.002)	Accuracy 0.0000 (0.0000)	Loss 0.1540 (0.1159)	
2018-01-29 14:37:03 Epoch: [6][400/624]	Time 1.822 (1.827)	Data 0.001 (0.002)	Accuracy 0.0000 (0.0000)	Loss 0.1142 (0.1164)	
2018-01-29 14:38:34 Epoch: [6][450/624]	Time 1.829 (1.826)	Data 0.001 (0.002)	Accuracy 0.0000 (0.0000)	Loss 0.1148 (0.1162)	
2018-01-29 14:40:05 Epoch: [6][500/624]	Time 1.830 (1.826)	Data 0.001 (0.002)	Accuracy 0.0000 (0.0000)	Loss 0.1039 (0.1159)	
2018-01-29 14:41:37 Epoch: [6][550/624]	Time 1.823 (1.826)	Data 0.001 (0.002)	Accuracy 0.0000 (0.0000)	Loss 0.0830 (0.1155)	
2018-01-29 14:43:08 Epoch: [6][600/624]	Time 1.821 (1.826)	Data 0.001 (0.001)	Accuracy 0.0000 (0.0000)	Loss 0.1375 (0.1157)	
2018-01-29 14:43:49 Epoch: [6][623/624]	Time 1.224 (1.825)	Data 0.001 (0.001)	Accuracy 0.0000 (0.0000)	Loss 0.1323 (0.1158)	
2018-01-29 14:43:49 Validating model
2018-01-29 14:45:15 Test: [155/155]	Time 0.445 (0.555)	Loss 0.09523	F2: 0.860303054419	
2018-01-29 14:45:15 Current model is best by val score 0.09523 < 0.09554
2018-01-29 14:45:15 early_stop_counter: 0
2018-01-29 14:45:18 Epoch 7
2018-01-29 14:46:52 Epoch: [7][50/624]	Time 1.828 (1.837)	Data 0.001 (0.009)	Accuracy 0.0000 (0.0000)	Loss 0.1097 (0.1134)	
2018-01-29 14:48:23 Epoch: [7][100/624]	Time 1.825 (1.831)	Data 0.001 (0.005)	Accuracy 0.0000 (0.0000)	Loss 0.1537 (0.1123)	
2018-01-29 14:49:54 Epoch: [7][150/624]	Time 1.826 (1.829)	Data 0.001 (0.003)	Accuracy 0.0000 (0.0000)	Loss 0.1223 (0.1119)	
2018-01-29 14:51:25 Epoch: [7][200/624]	Time 1.830 (1.828)	Data 0.001 (0.003)	Accuracy 0.0000 (0.0000)	Loss 0.1338 (0.1127)	
2018-01-29 14:52:57 Epoch: [7][250/624]	Time 1.828 (1.828)	Data 0.001 (0.002)	Accuracy 0.0000 (0.0000)	Loss 0.1111 (0.1136)	
2018-01-29 14:54:28 Epoch: [7][300/624]	Time 1.831 (1.828)	Data 0.001 (0.002)	Accuracy 0.0000 (0.0000)	Loss 0.0989 (0.1134)	
2018-01-29 14:55:59 Epoch: [7][350/624]	Time 1.826 (1.827)	Data 0.001 (0.002)	Accuracy 0.0000 (0.0000)	Loss 0.0903 (0.1132)	
2018-01-29 14:57:31 Epoch: [7][400/624]	Time 1.821 (1.827)	Data 0.001 (0.002)	Accuracy 0.0000 (0.0000)	Loss 0.1181 (0.1134)	
2018-01-29 14:59:02 Epoch: [7][450/624]	Time 1.822 (1.827)	Data 0.001 (0.002)	Accuracy 0.0000 (0.0000)	Loss 0.1066 (0.1136)	
2018-01-29 15:00:33 Epoch: [7][500/624]	Time 1.828 (1.827)	Data 0.001 (0.002)	Accuracy 0.0000 (0.0000)	Loss 0.1114 (0.1134)	
2018-01-29 15:02:05 Epoch: [7][550/624]	Time 1.827 (1.827)	Data 0.001 (0.001)	Accuracy 0.0000 (0.0000)	Loss 0.0778 (0.1133)	
2018-01-29 15:03:36 Epoch: [7][600/624]	Time 1.834 (1.827)	Data 0.001 (0.001)	Accuracy 0.0000 (0.0000)	Loss 0.1267 (0.1139)	
2018-01-29 15:04:17 Epoch: [7][623/624]	Time 1.227 (1.826)	Data 0.000 (0.001)	Accuracy 0.0000 (0.0000)	Loss 0.1577 (0.1141)	
2018-01-29 15:04:17 Validating model
2018-01-29 15:05:43 Test: [155/155]	Time 0.445 (0.555)	Loss 0.09471	F2: 0.857592644425	
2018-01-29 15:05:43 Current model is best by val score 0.09471 < 0.09523
2018-01-29 15:05:43 early_stop_counter: 0
2018-01-29 15:05:46 Epoch 8
2018-01-29 15:07:20 Epoch: [8][50/624]	Time 1.815 (1.836)	Data 0.001 (0.009)	Accuracy 0.0000 (0.0000)	Loss 0.0843 (0.1141)	
2018-01-29 15:08:51 Epoch: [8][100/624]	Time 1.822 (1.830)	Data 0.001 (0.005)	Accuracy 0.0000 (0.0000)	Loss 0.1243 (0.1132)	
2018-01-29 15:10:22 Epoch: [8][150/624]	Time 1.827 (1.829)	Data 0.001 (0.004)	Accuracy 0.0000 (0.0000)	Loss 0.1029 (0.1128)	
2018-01-29 15:11:53 Epoch: [8][200/624]	Time 1.823 (1.828)	Data 0.001 (0.003)	Accuracy 0.0000 (0.0000)	Loss 0.0958 (0.1122)	
2018-01-29 15:13:25 Epoch: [8][250/624]	Time 1.822 (1.827)	Data 0.001 (0.002)	Accuracy 0.0000 (0.0000)	Loss 0.1361 (0.1127)	
2018-01-29 15:14:56 Epoch: [8][300/624]	Time 1.825 (1.826)	Data 0.001 (0.002)	Accuracy 0.0000 (0.0000)	Loss 0.1016 (0.1127)	
2018-01-29 15:16:27 Epoch: [8][350/624]	Time 1.822 (1.826)	Data 0.001 (0.002)	Accuracy 0.0000 (0.0000)	Loss 0.1441 (0.1128)	
2018-01-29 15:17:58 Epoch: [8][400/624]	Time 1.825 (1.826)	Data 0.001 (0.002)	Accuracy 0.0000 (0.0000)	Loss 0.1000 (0.1133)	
2018-01-29 15:19:29 Epoch: [8][450/624]	Time 1.825 (1.826)	Data 0.001 (0.002)	Accuracy 0.0000 (0.0000)	Loss 0.0975 (0.1129)	
2018-01-29 15:21:01 Epoch: [8][500/624]	Time 1.827 (1.826)	Data 0.001 (0.002)	Accuracy 0.0000 (0.0000)	Loss 0.0928 (0.1128)	
2018-01-29 15:22:32 Epoch: [8][550/624]	Time 1.823 (1.825)	Data 0.001 (0.002)	Accuracy 0.0000 (0.0000)	Loss 0.1083 (0.1126)	
2018-01-29 15:24:03 Epoch: [8][600/624]	Time 1.828 (1.825)	Data 0.001 (0.001)	Accuracy 0.0000 (0.0000)	Loss 0.1234 (0.1126)	
2018-01-29 15:24:45 Epoch: [8][623/624]	Time 1.233 (1.825)	Data 0.001 (0.001)	Accuracy 0.0000 (0.0000)	Loss 0.1346 (0.1127)	
2018-01-29 15:24:45 Validating model
2018-01-29 15:26:11 Test: [155/155]	Time 0.448 (0.555)	Loss 0.09347	F2: 0.863992579309	
2018-01-29 15:26:11 Current model is best by val score 0.09347 < 0.09471
2018-01-29 15:26:11 early_stop_counter: 0
2018-01-29 15:26:13 Epoch 9
2018-01-29 15:27:47 Epoch: [9][50/624]	Time 1.825 (1.835)	Data 0.001 (0.009)	Accuracy 0.0000 (0.0000)	Loss 0.1041 (0.1104)	
2018-01-29 15:29:18 Epoch: [9][100/624]	Time 1.818 (1.830)	Data 0.001 (0.005)	Accuracy 0.0000 (0.0000)	Loss 0.1444 (0.1103)	
2018-01-29 15:30:50 Epoch: [9][150/624]	Time 1.826 (1.828)	Data 0.001 (0.003)	Accuracy 0.0000 (0.0000)	Loss 0.1189 (0.1103)	
2018-01-29 15:32:21 Epoch: [9][200/624]	Time 1.826 (1.828)	Data 0.001 (0.003)	Accuracy 0.0000 (0.0000)	Loss 0.1280 (0.1111)	
2018-01-29 15:33:52 Epoch: [9][250/624]	Time 1.819 (1.827)	Data 0.001 (0.002)	Accuracy 0.0000 (0.0000)	Loss 0.0859 (0.1112)	
2018-01-29 15:35:23 Epoch: [9][300/624]	Time 1.834 (1.827)	Data 0.001 (0.002)	Accuracy 0.0000 (0.0000)	Loss 0.1286 (0.1107)	
2018-01-29 15:36:55 Epoch: [9][350/624]	Time 1.826 (1.827)	Data 0.001 (0.002)	Accuracy 0.0000 (0.0000)	Loss 0.1255 (0.1116)	
2018-01-29 15:38:26 Epoch: [9][400/624]	Time 1.829 (1.827)	Data 0.001 (0.002)	Accuracy 0.0000 (0.0000)	Loss 0.0900 (0.1116)	
2018-01-29 15:39:57 Epoch: [9][450/624]	Time 1.825 (1.827)	Data 0.001 (0.002)	Accuracy 0.0000 (0.0000)	Loss 0.0885 (0.1119)	
2018-01-29 15:41:29 Epoch: [9][500/624]	Time 1.825 (1.827)	Data 0.001 (0.002)	Accuracy 0.0000 (0.0000)	Loss 0.1347 (0.1118)	
2018-01-29 15:43:00 Epoch: [9][550/624]	Time 1.827 (1.827)	Data 0.001 (0.001)	Accuracy 0.0000 (0.0000)	Loss 0.1280 (0.1122)	
2018-01-29 15:44:31 Epoch: [9][600/624]	Time 1.834 (1.827)	Data 0.001 (0.001)	Accuracy 0.0000 (0.0000)	Loss 0.1154 (0.1121)	
2018-01-29 15:45:13 Epoch: [9][623/624]	Time 1.226 (1.826)	Data 0.000 (0.001)	Accuracy 0.0000 (0.0000)	Loss 0.1518 (0.1120)	
2018-01-29 15:45:13 Validating model
2018-01-29 15:46:39 Test: [155/155]	Time 0.446 (0.555)	Loss 0.09495	F2: 0.856659136722	
2018-01-29 15:46:39 early_stop_counter: 1
2018-01-29 15:46:40 Epoch 10
2018-01-29 15:48:13 Epoch: [10][50/624]	Time 1.824 (1.831)	Data 0.001 (0.009)	Accuracy 0.0000 (0.0000)	Loss 0.1250 (0.1067)	
2018-01-29 15:49:45 Epoch: [10][100/624]	Time 1.824 (1.828)	Data 0.001 (0.005)	Accuracy 0.0000 (0.0000)	Loss 0.1003 (0.1093)	
2018-01-29 15:51:16 Epoch: [10][150/624]	Time 1.823 (1.827)	Data 0.001 (0.003)	Accuracy 0.0000 (0.0000)	Loss 0.0739 (0.1089)	
2018-01-29 15:52:47 Epoch: [10][200/624]	Time 1.822 (1.826)	Data 0.001 (0.003)	Accuracy 0.0000 (0.0000)	Loss 0.1066 (0.1084)	
2018-01-29 15:54:18 Epoch: [10][250/624]	Time 1.828 (1.826)	Data 0.001 (0.002)	Accuracy 0.0000 (0.0000)	Loss 0.0826 (0.1090)	
2018-01-29 15:55:50 Epoch: [10][300/624]	Time 1.826 (1.826)	Data 0.001 (0.002)	Accuracy 0.0000 (0.0000)	Loss 0.1561 (0.1101)	
2018-01-29 15:57:21 Epoch: [10][350/624]	Time 1.824 (1.826)	Data 0.001 (0.002)	Accuracy 0.0000 (0.0000)	Loss 0.1084 (0.1104)	
2018-01-29 15:58:52 Epoch: [10][400/624]	Time 1.825 (1.826)	Data 0.001 (0.002)	Accuracy 0.0000 (0.0000)	Loss 0.0936 (0.1103)	
2018-01-29 16:00:23 Epoch: [10][450/624]	Time 1.823 (1.826)	Data 0.001 (0.002)	Accuracy 0.0000 (0.0000)	Loss 0.1015 (0.1102)	
2018-01-29 16:01:55 Epoch: [10][500/624]	Time 1.824 (1.826)	Data 0.001 (0.002)	Accuracy 0.0000 (0.0000)	Loss 0.0900 (0.1105)	
2018-01-29 16:03:26 Epoch: [10][550/624]	Time 1.827 (1.826)	Data 0.001 (0.001)	Accuracy 0.0000 (0.0000)	Loss 0.1277 (0.1102)	
2018-01-29 16:04:57 Epoch: [10][600/624]	Time 1.822 (1.826)	Data 0.001 (0.001)	Accuracy 0.0000 (0.0000)	Loss 0.1194 (0.1103)	
2018-01-29 16:05:39 Epoch: [10][623/624]	Time 1.228 (1.825)	Data 0.001 (0.001)	Accuracy 0.0000 (0.0000)	Loss 0.0736 (0.1103)	
2018-01-29 16:05:39 Validating model
2018-01-29 16:07:05 Test: [155/155]	Time 0.450 (0.555)	Loss 0.09279	F2: 0.857199342917	
2018-01-29 16:07:05 Current model is best by val score 0.09279 < 0.09347
2018-01-29 16:07:05 early_stop_counter: 0
2018-01-29 16:07:08 Epoch 11
2018-01-29 16:08:41 Epoch: [11][50/624]	Time 1.823 (1.833)	Data 0.001 (0.009)	Accuracy 0.0000 (0.0000)	Loss 0.0882 (0.1094)	
2018-01-29 16:10:12 Epoch: [11][100/624]	Time 1.820 (1.827)	Data 0.001 (0.005)	Accuracy 0.0000 (0.0000)	Loss 0.0915 (0.1119)	
2018-01-29 16:11:43 Epoch: [11][150/624]	Time 1.830 (1.826)	Data 0.001 (0.003)	Accuracy 0.0000 (0.0000)	Loss 0.0987 (0.1110)	
2018-01-29 16:13:14 Epoch: [11][200/624]	Time 1.823 (1.825)	Data 0.001 (0.003)	Accuracy 0.0000 (0.0000)	Loss 0.0961 (0.1103)	
2018-01-29 16:14:46 Epoch: [11][250/624]	Time 1.823 (1.825)	Data 0.001 (0.002)	Accuracy 0.0000 (0.0000)	Loss 0.0797 (0.1098)	
2018-01-29 16:16:17 Epoch: [11][300/624]	Time 1.832 (1.825)	Data 0.001 (0.002)	Accuracy 0.0000 (0.0000)	Loss 0.1191 (0.1099)	
2018-01-29 16:17:48 Epoch: [11][350/624]	Time 1.828 (1.825)	Data 0.001 (0.002)	Accuracy 0.0000 (0.0000)	Loss 0.1014 (0.1099)	
2018-01-29 16:19:19 Epoch: [11][400/624]	Time 1.824 (1.825)	Data 0.001 (0.002)	Accuracy 0.0000 (0.0000)	Loss 0.1141 (0.1094)	
2018-01-29 16:20:51 Epoch: [11][450/624]	Time 1.820 (1.825)	Data 0.001 (0.002)	Accuracy 0.0000 (0.0000)	Loss 0.1117 (0.1103)	
2018-01-29 16:22:22 Epoch: [11][500/624]	Time 1.823 (1.825)	Data 0.001 (0.002)	Accuracy 0.0000 (0.0000)	Loss 0.1003 (0.1101)	
2018-01-29 16:23:53 Epoch: [11][550/624]	Time 1.828 (1.825)	Data 0.001 (0.001)	Accuracy 0.0000 (0.0000)	Loss 0.1439 (0.1105)	
2018-01-29 16:25:24 Epoch: [11][600/624]	Time 1.829 (1.825)	Data 0.001 (0.001)	Accuracy 0.0000 (0.0000)	Loss 0.1186 (0.1103)	
2018-01-29 16:26:06 Epoch: [11][623/624]	Time 1.230 (1.824)	Data 0.001 (0.001)	Accuracy 0.0000 (0.0000)	Loss 0.1182 (0.1104)	
2018-01-29 16:26:06 Validating model
2018-01-29 16:27:32 Test: [155/155]	Time 0.448 (0.555)	Loss 0.09073	F2: 0.868432331026	
2018-01-29 16:27:32 Current model is best by val score 0.09073 < 0.09279
2018-01-29 16:27:32 early_stop_counter: 0
2018-01-29 16:27:35 Epoch 12
2018-01-29 16:29:08 Epoch: [12][50/624]	Time 1.823 (1.835)	Data 0.001 (0.009)	Accuracy 0.0000 (0.0000)	Loss 0.0987 (0.1109)	
2018-01-29 16:30:39 Epoch: [12][100/624]	Time 1.825 (1.831)	Data 0.001 (0.005)	Accuracy 0.0000 (0.0000)	Loss 0.0834 (0.1086)	
2018-01-29 16:32:11 Epoch: [12][150/624]	Time 1.826 (1.829)	Data 0.001 (0.003)	Accuracy 0.0000 (0.0000)	Loss 0.1218 (0.1088)	
2018-01-29 16:33:42 Epoch: [12][200/624]	Time 1.824 (1.828)	Data 0.001 (0.003)	Accuracy 0.0000 (0.0000)	Loss 0.1135 (0.1075)	
2018-01-29 16:35:13 Epoch: [12][250/624]	Time 1.824 (1.827)	Data 0.001 (0.002)	Accuracy 0.0000 (0.0000)	Loss 0.1286 (0.1087)	
2018-01-29 16:36:44 Epoch: [12][300/624]	Time 1.825 (1.827)	Data 0.001 (0.002)	Accuracy 0.0000 (0.0000)	Loss 0.1478 (0.1105)	
2018-01-29 16:38:16 Epoch: [12][350/624]	Time 1.829 (1.826)	Data 0.001 (0.002)	Accuracy 0.0000 (0.0000)	Loss 0.1345 (0.1102)	
2018-01-29 16:39:47 Epoch: [12][400/624]	Time 1.828 (1.826)	Data 0.001 (0.002)	Accuracy 0.0000 (0.0000)	Loss 0.0802 (0.1106)	
2018-01-29 16:41:18 Epoch: [12][450/624]	Time 1.827 (1.826)	Data 0.001 (0.002)	Accuracy 0.0000 (0.0000)	Loss 0.0928 (0.1104)	
2018-01-29 16:42:50 Epoch: [12][500/624]	Time 1.826 (1.826)	Data 0.001 (0.002)	Accuracy 0.0000 (0.0000)	Loss 0.0939 (0.1103)	
2018-01-29 16:44:21 Epoch: [12][550/624]	Time 1.827 (1.826)	Data 0.001 (0.001)	Accuracy 0.0000 (0.0000)	Loss 0.1142 (0.1101)	
2018-01-29 16:45:52 Epoch: [12][600/624]	Time 1.826 (1.826)	Data 0.001 (0.001)	Accuracy 0.0000 (0.0000)	Loss 0.1053 (0.1101)	
2018-01-29 16:46:34 Epoch: [12][623/624]	Time 1.224 (1.825)	Data 0.001 (0.001)	Accuracy 0.0000 (0.0000)	Loss 0.1131 (0.1101)	
2018-01-29 16:46:34 Validating model
2018-01-29 16:48:00 Test: [155/155]	Time 0.447 (0.555)	Loss 0.09239	F2: 0.866069157494	
2018-01-29 16:48:00 early_stop_counter: 1
2018-01-29 16:48:01 Epoch 13
2018-01-29 16:49:35 Epoch: [13][50/624]	Time 1.825 (1.834)	Data 0.001 (0.009)	Accuracy 0.0000 (0.0000)	Loss 0.1043 (0.1082)	
2018-01-29 16:51:06 Epoch: [13][100/624]	Time 1.822 (1.830)	Data 0.001 (0.005)	Accuracy 0.0000 (0.0000)	Loss 0.1140 (0.1085)	
2018-01-29 16:52:37 Epoch: [13][150/624]	Time 1.825 (1.828)	Data 0.001 (0.004)	Accuracy 0.0000 (0.0000)	Loss 0.0834 (0.1082)	
2018-01-29 16:54:08 Epoch: [13][200/624]	Time 1.827 (1.828)	Data 0.001 (0.003)	Accuracy 0.0000 (0.0000)	Loss 0.1149 (0.1079)	
2018-01-29 16:55:40 Epoch: [13][250/624]	Time 1.828 (1.827)	Data 0.001 (0.002)	Accuracy 0.0000 (0.0000)	Loss 0.1245 (0.1087)	
2018-01-29 16:57:11 Epoch: [13][300/624]	Time 1.825 (1.827)	Data 0.001 (0.002)	Accuracy 0.0000 (0.0000)	Loss 0.0925 (0.1089)	
2018-01-29 16:58:42 Epoch: [13][350/624]	Time 1.830 (1.827)	Data 0.001 (0.002)	Accuracy 0.0000 (0.0000)	Loss 0.0910 (0.1087)	
2018-01-29 17:00:14 Epoch: [13][400/624]	Time 1.823 (1.827)	Data 0.001 (0.002)	Accuracy 0.0000 (0.0000)	Loss 0.0888 (0.1092)	
2018-01-29 17:01:45 Epoch: [13][450/624]	Time 1.828 (1.827)	Data 0.001 (0.002)	Accuracy 0.0000 (0.0000)	Loss 0.0984 (0.1088)	
2018-01-29 17:03:16 Epoch: [13][500/624]	Time 1.827 (1.827)	Data 0.001 (0.002)	Accuracy 0.0000 (0.0000)	Loss 0.1023 (0.1091)	
2018-01-29 17:04:47 Epoch: [13][550/624]	Time 1.824 (1.827)	Data 0.001 (0.002)	Accuracy 0.0000 (0.0000)	Loss 0.0896 (0.1089)	
2018-01-29 17:06:19 Epoch: [13][600/624]	Time 1.821 (1.826)	Data 0.001 (0.001)	Accuracy 0.0000 (0.0000)	Loss 0.0884 (0.1091)	
2018-01-29 17:07:00 Epoch: [13][623/624]	Time 1.224 (1.825)	Data 0.000 (0.001)	Accuracy 0.0000 (0.0000)	Loss 0.1194 (0.1091)	
2018-01-29 17:07:00 Validating model
2018-01-29 17:08:26 Test: [155/155]	Time 0.446 (0.555)	Loss 0.09434	F2: 0.866960508364	
2018-01-29 17:08:26 early_stop_counter: 2
2018-01-29 17:08:28 Epoch 14
2018-01-29 17:10:01 Epoch: [14][50/624]	Time 1.818 (1.832)	Data 0.001 (0.010)	Accuracy 0.0000 (0.0000)	Loss 0.1195 (0.1111)	
2018-01-29 17:11:32 Epoch: [14][100/624]	Time 1.826 (1.827)	Data 0.001 (0.005)	Accuracy 0.0000 (0.0000)	Loss 0.1207 (0.1107)	
2018-01-29 17:13:03 Epoch: [14][150/624]	Time 1.824 (1.826)	Data 0.001 (0.004)	Accuracy 0.0000 (0.0000)	Loss 0.1162 (0.1086)	
2018-01-29 17:14:34 Epoch: [14][200/624]	Time 1.825 (1.825)	Data 0.001 (0.003)	Accuracy 0.0000 (0.0000)	Loss 0.0961 (0.1094)	
2018-01-29 17:16:06 Epoch: [14][250/624]	Time 1.820 (1.825)	Data 0.001 (0.003)	Accuracy 0.0000 (0.0000)	Loss 0.1361 (0.1094)	
2018-01-29 17:17:37 Epoch: [14][300/624]	Time 1.825 (1.824)	Data 0.001 (0.002)	Accuracy 0.0000 (0.0000)	Loss 0.1060 (0.1085)	
2018-01-29 17:19:08 Epoch: [14][350/624]	Time 1.824 (1.824)	Data 0.001 (0.002)	Accuracy 0.0000 (0.0000)	Loss 0.0786 (0.1084)	
2018-01-29 17:20:39 Epoch: [14][400/624]	Time 1.820 (1.824)	Data 0.001 (0.002)	Accuracy 0.0000 (0.0000)	Loss 0.1321 (0.1089)	
2018-01-29 17:22:10 Epoch: [14][450/624]	Time 1.825 (1.824)	Data 0.001 (0.002)	Accuracy 0.0000 (0.0000)	Loss 0.1231 (0.1086)	
2018-01-29 17:23:41 Epoch: [14][500/624]	Time 1.825 (1.824)	Data 0.001 (0.002)	Accuracy 0.0000 (0.0000)	Loss 0.1117 (0.1084)	
2018-01-29 17:25:12 Epoch: [14][550/624]	Time 1.821 (1.824)	Data 0.001 (0.002)	Accuracy 0.0000 (0.0000)	Loss 0.1075 (0.1085)	
2018-01-29 17:26:43 Epoch: [14][600/624]	Time 1.817 (1.824)	Data 0.001 (0.001)	Accuracy 0.0000 (0.0000)	Loss 0.0913 (0.1085)	
2018-01-29 17:27:25 Epoch: [14][623/624]	Time 1.228 (1.823)	Data 0.001 (0.001)	Accuracy 0.0000 (0.0000)	Loss 0.1488 (0.1086)	
2018-01-29 17:27:25 Validating model
2018-01-29 17:28:51 Test: [155/155]	Time 0.451 (0.555)	Loss 0.09154	F2: 0.86481677199	
2018-01-29 17:28:51 early_stop_counter: 3
2018-01-29 17:28:51 Setting for group learning rate=0.01000000, epoch=14
2018-01-29 17:28:51 Setting for group learning rate=0.00100000, epoch=14
2018-01-29 17:28:52 Loaded the model from previous best step
2018-01-29 17:28:54 Loaded best model /home/tzaumiaan/deepLearningProject/results/model_best.pth.tar, arch=densenet201_
2018-01-29 17:28:54 Epoch 15
2018-01-29 17:30:28 Epoch: [15][50/624]	Time 1.824 (1.846)	Data 0.001 (0.009)	Accuracy 0.0000 (0.0000)	Loss 0.0948 (0.1073)	
2018-01-29 17:31:59 Epoch: [15][100/624]	Time 1.820 (1.835)	Data 0.001 (0.005)	Accuracy 0.0000 (0.0000)	Loss 0.1318 (0.1051)	
2018-01-29 17:33:30 Epoch: [15][150/624]	Time 1.823 (1.831)	Data 0.001 (0.004)	Accuracy 0.0000 (0.0000)	Loss 0.1113 (0.1039)	
2018-01-29 17:35:01 Epoch: [15][200/624]	Time 1.825 (1.830)	Data 0.001 (0.003)	Accuracy 0.0000 (0.0000)	Loss 0.1214 (0.1045)	
2018-01-29 17:36:33 Epoch: [15][250/624]	Time 1.828 (1.829)	Data 0.001 (0.002)	Accuracy 0.0000 (0.0000)	Loss 0.1300 (0.1045)	
2018-01-29 17:38:04 Epoch: [15][300/624]	Time 1.821 (1.828)	Data 0.001 (0.002)	Accuracy 0.0000 (0.0000)	Loss 0.0955 (0.1051)	
2018-01-29 17:39:35 Epoch: [15][350/624]	Time 1.827 (1.827)	Data 0.001 (0.002)	Accuracy 0.0000 (0.0000)	Loss 0.0912 (0.1047)	
2018-01-29 17:41:06 Epoch: [15][400/624]	Time 1.822 (1.827)	Data 0.001 (0.002)	Accuracy 0.0000 (0.0000)	Loss 0.0953 (0.1049)	
2018-01-29 17:42:37 Epoch: [15][450/624]	Time 1.831 (1.827)	Data 0.001 (0.002)	Accuracy 0.0000 (0.0000)	Loss 0.1274 (0.1053)	
2018-01-29 17:44:09 Epoch: [15][500/624]	Time 1.823 (1.826)	Data 0.001 (0.002)	Accuracy 0.0000 (0.0000)	Loss 0.1341 (0.1053)	
2018-01-29 17:45:40 Epoch: [15][550/624]	Time 1.824 (1.826)	Data 0.001 (0.001)	Accuracy 0.0000 (0.0000)	Loss 0.1211 (0.1058)	
2018-01-29 17:47:11 Epoch: [15][600/624]	Time 1.826 (1.826)	Data 0.001 (0.001)	Accuracy 0.0000 (0.0000)	Loss 0.0905 (0.1054)	
2018-01-29 17:47:52 Epoch: [15][623/624]	Time 1.224 (1.825)	Data 0.000 (0.001)	Accuracy 0.0000 (0.0000)	Loss 0.1235 (0.1054)	
2018-01-29 17:47:52 Validating model
2018-01-29 17:49:18 Test: [155/155]	Time 0.448 (0.555)	Loss 0.08887	F2: 0.870471852137	
2018-01-29 17:49:18 Current model is best by val score 0.08887 < 0.09073
2018-01-29 17:49:18 early_stop_counter: 0
2018-01-29 17:49:21 Epoch 16
2018-01-29 17:50:55 Epoch: [16][50/624]	Time 1.824 (1.832)	Data 0.001 (0.009)	Accuracy 0.0000 (0.0000)	Loss 0.0924 (0.1046)	
2018-01-29 17:52:26 Epoch: [16][100/624]	Time 1.824 (1.828)	Data 0.001 (0.005)	Accuracy 0.0000 (0.0000)	Loss 0.1076 (0.1051)	
2018-01-29 17:53:57 Epoch: [16][150/624]	Time 1.825 (1.826)	Data 0.001 (0.004)	Accuracy 0.0000 (0.0000)	Loss 0.1095 (0.1041)	
2018-01-29 17:55:28 Epoch: [16][200/624]	Time 1.819 (1.825)	Data 0.001 (0.003)	Accuracy 0.0000 (0.0000)	Loss 0.0933 (0.1043)	
2018-01-29 17:56:59 Epoch: [16][250/624]	Time 1.824 (1.825)	Data 0.001 (0.002)	Accuracy 0.0000 (0.0000)	Loss 0.1121 (0.1041)	
2018-01-29 17:58:30 Epoch: [16][300/624]	Time 1.826 (1.825)	Data 0.001 (0.002)	Accuracy 0.0000 (0.0000)	Loss 0.1206 (0.1044)	
2018-01-29 18:00:02 Epoch: [16][350/624]	Time 1.821 (1.824)	Data 0.001 (0.002)	Accuracy 0.0000 (0.0000)	Loss 0.0990 (0.1047)	
2018-01-29 18:01:33 Epoch: [16][400/624]	Time 1.823 (1.824)	Data 0.001 (0.002)	Accuracy 0.0000 (0.0000)	Loss 0.1000 (0.1047)	
2018-01-29 18:03:04 Epoch: [16][450/624]	Time 1.831 (1.824)	Data 0.001 (0.002)	Accuracy 0.0000 (0.0000)	Loss 0.0900 (0.1046)	
2018-01-29 18:04:35 Epoch: [16][500/624]	Time 1.816 (1.824)	Data 0.001 (0.002)	Accuracy 0.0000 (0.0000)	Loss 0.1107 (0.1045)	
2018-01-29 18:06:06 Epoch: [16][550/624]	Time 1.825 (1.824)	Data 0.001 (0.002)	Accuracy 0.0000 (0.0000)	Loss 0.1109 (0.1045)	
2018-01-29 18:07:37 Epoch: [16][600/624]	Time 1.827 (1.824)	Data 0.001 (0.001)	Accuracy 0.0000 (0.0000)	Loss 0.0997 (0.1043)	
2018-01-29 18:08:19 Epoch: [16][623/624]	Time 1.226 (1.823)	Data 0.001 (0.001)	Accuracy 0.0000 (0.0000)	Loss 0.0917 (0.1043)	
2018-01-29 18:08:19 Validating model
2018-01-29 18:09:45 Test: [155/155]	Time 0.448 (0.555)	Loss 0.08863	F2: 0.869825083173	
2018-01-29 18:09:45 Current model is best by val score 0.08863 < 0.08887
2018-01-29 18:09:45 early_stop_counter: 0
2018-01-29 18:09:48 Epoch 17
2018-01-29 18:11:21 Epoch: [17][50/624]	Time 1.822 (1.831)	Data 0.001 (0.009)	Accuracy 0.0000 (0.0000)	Loss 0.1169 (0.1017)	
2018-01-29 18:12:52 Epoch: [17][100/624]	Time 1.822 (1.826)	Data 0.001 (0.005)	Accuracy 0.0000 (0.0000)	Loss 0.1093 (0.1039)	
2018-01-29 18:14:23 Epoch: [17][150/624]	Time 1.821 (1.824)	Data 0.001 (0.003)	Accuracy 0.0000 (0.0000)	Loss 0.0789 (0.1041)	
2018-01-29 18:15:54 Epoch: [17][200/624]	Time 1.823 (1.824)	Data 0.001 (0.003)	Accuracy 0.0000 (0.0000)	Loss 0.0974 (0.1040)	
2018-01-29 18:17:25 Epoch: [17][250/624]	Time 1.824 (1.823)	Data 0.001 (0.002)	Accuracy 0.0000 (0.0000)	Loss 0.1073 (0.1044)	
2018-01-29 18:18:56 Epoch: [17][300/624]	Time 1.824 (1.823)	Data 0.001 (0.002)	Accuracy 0.0000 (0.0000)	Loss 0.0981 (0.1033)	
2018-01-29 18:20:28 Epoch: [17][350/624]	Time 1.819 (1.823)	Data 0.001 (0.002)	Accuracy 0.0000 (0.0000)	Loss 0.1130 (0.1037)	
2018-01-29 18:21:59 Epoch: [17][400/624]	Time 1.825 (1.823)	Data 0.001 (0.002)	Accuracy 0.0000 (0.0000)	Loss 0.1184 (0.1039)	
2018-01-29 18:23:30 Epoch: [17][450/624]	Time 1.821 (1.823)	Data 0.001 (0.002)	Accuracy 0.0000 (0.0000)	Loss 0.0984 (0.1043)	
2018-01-29 18:25:01 Epoch: [17][500/624]	Time 1.820 (1.823)	Data 0.001 (0.002)	Accuracy 0.0000 (0.0000)	Loss 0.0609 (0.1045)	
2018-01-29 18:26:32 Epoch: [17][550/624]	Time 1.821 (1.823)	Data 0.001 (0.002)	Accuracy 0.0000 (0.0000)	Loss 0.1110 (0.1046)	
2018-01-29 18:28:03 Epoch: [17][600/624]	Time 1.822 (1.823)	Data 0.001 (0.001)	Accuracy 0.0000 (0.0000)	Loss 0.1184 (0.1044)	
2018-01-29 18:28:45 Epoch: [17][623/624]	Time 1.224 (1.822)	Data 0.001 (0.001)	Accuracy 0.0000 (0.0000)	Loss 0.1268 (0.1043)	
2018-01-29 18:28:45 Validating model
2018-01-29 18:30:11 Test: [155/155]	Time 0.449 (0.555)	Loss 0.08810	F2: 0.869627724094	
2018-01-29 18:30:11 Current model is best by val score 0.08810 < 0.08863
2018-01-29 18:30:11 early_stop_counter: 0
2018-01-29 18:30:13 Epoch 18
2018-01-29 18:31:47 Epoch: [18][50/624]	Time 1.816 (1.830)	Data 0.001 (0.009)	Accuracy 0.0000 (0.0000)	Loss 0.1093 (0.1048)	
2018-01-29 18:33:18 Epoch: [18][100/624]	Time 1.824 (1.826)	Data 0.001 (0.005)	Accuracy 0.0000 (0.0000)	Loss 0.0932 (0.1034)	
2018-01-29 18:34:49 Epoch: [18][150/624]	Time 1.822 (1.824)	Data 0.001 (0.004)	Accuracy 0.0000 (0.0000)	Loss 0.1029 (0.1034)	
2018-01-29 18:36:20 Epoch: [18][200/624]	Time 1.820 (1.823)	Data 0.001 (0.003)	Accuracy 0.0000 (0.0000)	Loss 0.0943 (0.1035)	
2018-01-29 18:37:51 Epoch: [18][250/624]	Time 1.823 (1.823)	Data 0.001 (0.002)	Accuracy 0.0000 (0.0000)	Loss 0.0971 (0.1030)	
2018-01-29 18:39:22 Epoch: [18][300/624]	Time 1.820 (1.822)	Data 0.001 (0.002)	Accuracy 0.0000 (0.0000)	Loss 0.1043 (0.1031)	
2018-01-29 18:40:53 Epoch: [18][350/624]	Time 1.818 (1.822)	Data 0.001 (0.002)	Accuracy 0.0000 (0.0000)	Loss 0.1265 (0.1031)	
2018-01-29 18:42:24 Epoch: [18][400/624]	Time 1.825 (1.822)	Data 0.001 (0.002)	Accuracy 0.0000 (0.0000)	Loss 0.1306 (0.1029)	
2018-01-29 18:43:55 Epoch: [18][450/624]	Time 1.817 (1.822)	Data 0.001 (0.002)	Accuracy 0.0000 (0.0000)	Loss 0.0769 (0.1032)	
2018-01-29 18:45:26 Epoch: [18][500/624]	Time 1.822 (1.822)	Data 0.001 (0.002)	Accuracy 0.0000 (0.0000)	Loss 0.1029 (0.1035)	
2018-01-29 18:46:57 Epoch: [18][550/624]	Time 1.823 (1.821)	Data 0.001 (0.002)	Accuracy 0.0000 (0.0000)	Loss 0.0990 (0.1034)	
2018-01-29 18:48:28 Epoch: [18][600/624]	Time 1.818 (1.821)	Data 0.001 (0.001)	Accuracy 0.0000 (0.0000)	Loss 0.1312 (0.1036)	
2018-01-29 18:49:09 Epoch: [18][623/624]	Time 1.227 (1.820)	Data 0.001 (0.001)	Accuracy 0.0000 (0.0000)	Loss 0.1274 (0.1035)	
2018-01-29 18:49:09 Validating model
2018-01-29 18:50:35 Test: [155/155]	Time 0.446 (0.554)	Loss 0.08825	F2: 0.872402915199	
2018-01-29 18:50:35 early_stop_counter: 1
2018-01-29 18:50:37 Epoch 19
2018-01-29 18:52:10 Epoch: [19][50/624]	Time 1.817 (1.828)	Data 0.001 (0.009)	Accuracy 0.0000 (0.0000)	Loss 0.0678 (0.1061)	
2018-01-29 18:53:41 Epoch: [19][100/624]	Time 1.823 (1.825)	Data 0.001 (0.005)	Accuracy 0.0000 (0.0000)	Loss 0.1051 (0.1032)	
2018-01-29 18:55:12 Epoch: [19][150/624]	Time 1.825 (1.824)	Data 0.001 (0.003)	Accuracy 0.0000 (0.0000)	Loss 0.1538 (0.1035)	
2018-01-29 18:56:43 Epoch: [19][200/624]	Time 1.820 (1.824)	Data 0.001 (0.003)	Accuracy 0.0000 (0.0000)	Loss 0.1036 (0.1032)	
2018-01-29 18:58:14 Epoch: [19][250/624]	Time 1.825 (1.824)	Data 0.001 (0.002)	Accuracy 0.0000 (0.0000)	Loss 0.0943 (0.1031)	
2018-01-29 18:59:46 Epoch: [19][300/624]	Time 1.820 (1.824)	Data 0.001 (0.002)	Accuracy 0.0000 (0.0000)	Loss 0.1064 (0.1028)	
2018-01-29 19:01:17 Epoch: [19][350/624]	Time 1.822 (1.824)	Data 0.001 (0.002)	Accuracy 0.0000 (0.0000)	Loss 0.0884 (0.1029)	
2018-01-29 19:02:48 Epoch: [19][400/624]	Time 1.826 (1.824)	Data 0.001 (0.002)	Accuracy 0.0000 (0.0000)	Loss 0.1111 (0.1028)	
2018-01-29 19:04:19 Epoch: [19][450/624]	Time 1.823 (1.824)	Data 0.001 (0.002)	Accuracy 0.0000 (0.0000)	Loss 0.0929 (0.1026)	
2018-01-29 19:05:50 Epoch: [19][500/624]	Time 1.822 (1.824)	Data 0.001 (0.002)	Accuracy 0.0000 (0.0000)	Loss 0.0961 (0.1025)	
2018-01-29 19:07:22 Epoch: [19][550/624]	Time 1.825 (1.824)	Data 0.001 (0.002)	Accuracy 0.0000 (0.0000)	Loss 0.0980 (0.1027)	
2018-01-29 19:08:53 Epoch: [19][600/624]	Time 1.822 (1.824)	Data 0.001 (0.001)	Accuracy 0.0000 (0.0000)	Loss 0.0981 (0.1025)	
2018-01-29 19:09:34 Epoch: [19][623/624]	Time 1.229 (1.823)	Data 0.001 (0.001)	Accuracy 0.0000 (0.0000)	Loss 0.0636 (0.1026)	
2018-01-29 19:09:34 Validating model
2018-01-29 19:11:00 Test: [155/155]	Time 0.448 (0.555)	Loss 0.08854	F2: 0.872372395119	
2018-01-29 19:11:00 early_stop_counter: 2
2018-01-29 19:11:02 Epoch 20
2018-01-29 19:12:35 Epoch: [20][50/624]	Time 1.826 (1.831)	Data 0.001 (0.009)	Accuracy 0.0000 (0.0000)	Loss 0.0726 (0.1001)	
2018-01-29 19:14:06 Epoch: [20][100/624]	Time 1.826 (1.828)	Data 0.001 (0.005)	Accuracy 0.0000 (0.0000)	Loss 0.0866 (0.1022)	
2018-01-29 19:15:37 Epoch: [20][150/624]	Time 1.823 (1.827)	Data 0.001 (0.004)	Accuracy 0.0000 (0.0000)	Loss 0.1033 (0.1016)	
2018-01-29 19:17:09 Epoch: [20][200/624]	Time 1.823 (1.826)	Data 0.001 (0.003)	Accuracy 0.0000 (0.0000)	Loss 0.0999 (0.1029)	
2018-01-29 19:18:40 Epoch: [20][250/624]	Time 1.820 (1.825)	Data 0.001 (0.002)	Accuracy 0.0000 (0.0000)	Loss 0.0921 (0.1029)	
2018-01-29 19:20:11 Epoch: [20][300/624]	Time 1.825 (1.824)	Data 0.001 (0.002)	Accuracy 0.0000 (0.0000)	Loss 0.1332 (0.1028)	
2018-01-29 19:21:42 Epoch: [20][350/624]	Time 1.823 (1.824)	Data 0.001 (0.002)	Accuracy 0.0000 (0.0000)	Loss 0.1101 (0.1030)	
2018-01-29 19:23:13 Epoch: [20][400/624]	Time 1.824 (1.824)	Data 0.001 (0.002)	Accuracy 0.0000 (0.0000)	Loss 0.0789 (0.1027)	
2018-01-29 19:24:44 Epoch: [20][450/624]	Time 1.824 (1.824)	Data 0.001 (0.002)	Accuracy 0.0000 (0.0000)	Loss 0.1013 (0.1027)	
2018-01-29 19:26:15 Epoch: [20][500/624]	Time 1.822 (1.824)	Data 0.001 (0.002)	Accuracy 0.0000 (0.0000)	Loss 0.1052 (0.1027)	
2018-01-29 19:27:47 Epoch: [20][550/624]	Time 1.824 (1.824)	Data 0.001 (0.002)	Accuracy 0.0000 (0.0000)	Loss 0.0923 (0.1025)	
2018-01-29 19:29:18 Epoch: [20][600/624]	Time 1.827 (1.824)	Data 0.001 (0.001)	Accuracy 0.0000 (0.0000)	Loss 0.1094 (0.1026)	
2018-01-29 19:29:59 Epoch: [20][623/624]	Time 1.227 (1.823)	Data 0.000 (0.001)	Accuracy 0.0000 (0.0000)	Loss 0.1047 (0.1030)	
2018-01-29 19:29:59 Validating model
2018-01-29 19:31:25 Test: [155/155]	Time 0.447 (0.555)	Loss 0.08831	F2: 0.870409445096	
2018-01-29 19:31:25 early_stop_counter: 3
2018-01-29 19:31:25 Setting for group learning rate=0.00100000, epoch=20
2018-01-29 19:31:25 Setting for group learning rate=0.00010000, epoch=20
2018-01-29 19:31:26 Loaded the model from previous best step
2018-01-29 19:31:27 Loaded best model /home/tzaumiaan/deepLearningProject/results/model_best.pth.tar, arch=densenet201_
2018-01-29 19:31:27 Epoch 21
2018-01-29 19:33:00 Epoch: [21][50/624]	Time 1.819 (1.832)	Data 0.001 (0.009)	Accuracy 0.0000 (0.0000)	Loss 0.1039 (0.1079)	
2018-01-29 19:34:31 Epoch: [21][100/624]	Time 1.822 (1.828)	Data 0.001 (0.005)	Accuracy 0.0000 (0.0000)	Loss 0.0835 (0.1063)	
2018-01-29 19:36:03 Epoch: [21][150/624]	Time 1.823 (1.827)	Data 0.001 (0.004)	Accuracy 0.0000 (0.0000)	Loss 0.1221 (0.1056)	
2018-01-29 19:37:34 Epoch: [21][200/624]	Time 1.825 (1.826)	Data 0.001 (0.003)	Accuracy 0.0000 (0.0000)	Loss 0.1178 (0.1046)	
2018-01-29 19:39:05 Epoch: [21][250/624]	Time 1.821 (1.825)	Data 0.001 (0.002)	Accuracy 0.0000 (0.0000)	Loss 0.1135 (0.1045)	
2018-01-29 19:40:36 Epoch: [21][300/624]	Time 1.825 (1.825)	Data 0.001 (0.002)	Accuracy 0.0000 (0.0000)	Loss 0.1185 (0.1050)	
2018-01-29 19:42:07 Epoch: [21][350/624]	Time 1.821 (1.825)	Data 0.001 (0.002)	Accuracy 0.0000 (0.0000)	Loss 0.0932 (0.1049)	
2018-01-29 19:43:39 Epoch: [21][400/624]	Time 1.824 (1.825)	Data 0.001 (0.002)	Accuracy 0.0000 (0.0000)	Loss 0.0906 (0.1048)	
2018-01-29 19:45:10 Epoch: [21][450/624]	Time 1.822 (1.825)	Data 0.001 (0.002)	Accuracy 0.0000 (0.0000)	Loss 0.1089 (0.1044)	
2018-01-29 19:46:41 Epoch: [21][500/624]	Time 1.824 (1.825)	Data 0.001 (0.002)	Accuracy 0.0000 (0.0000)	Loss 0.0830 (0.1037)	
2018-01-29 19:48:12 Epoch: [21][550/624]	Time 1.826 (1.825)	Data 0.001 (0.002)	Accuracy 0.0000 (0.0000)	Loss 0.1625 (0.1037)	
2018-01-29 19:49:43 Epoch: [21][600/624]	Time 1.824 (1.825)	Data 0.001 (0.001)	Accuracy 0.0000 (0.0000)	Loss 0.1143 (0.1033)	
2018-01-29 19:50:25 Epoch: [21][623/624]	Time 1.223 (1.824)	Data 0.001 (0.001)	Accuracy 0.0000 (0.0000)	Loss 0.1039 (0.1033)	
2018-01-29 19:50:25 Validating model
2018-01-29 19:51:51 Test: [155/155]	Time 0.447 (0.555)	Loss 0.08830	F2: 0.870842498045	
2018-01-29 19:51:51 early_stop_counter: 4
2018-01-29 19:51:52 Epoch 22
2018-01-29 19:53:25 Epoch: [22][50/624]	Time 1.827 (1.831)	Data 0.001 (0.009)	Accuracy 0.0000 (0.0000)	Loss 0.1281 (0.1031)	
2018-01-29 19:54:57 Epoch: [22][100/624]	Time 1.825 (1.828)	Data 0.001 (0.005)	Accuracy 0.0000 (0.0000)	Loss 0.1079 (0.1021)	
2018-01-29 19:56:28 Epoch: [22][150/624]	Time 1.822 (1.827)	Data 0.001 (0.004)	Accuracy 0.0000 (0.0000)	Loss 0.0798 (0.1025)	
2018-01-29 19:57:59 Epoch: [22][200/624]	Time 1.827 (1.826)	Data 0.001 (0.003)	Accuracy 0.0000 (0.0000)	Loss 0.1079 (0.1016)	
2018-01-29 19:59:30 Epoch: [22][250/624]	Time 1.828 (1.826)	Data 0.001 (0.002)	Accuracy 0.0000 (0.0000)	Loss 0.1117 (0.1022)	
2018-01-29 20:01:02 Epoch: [22][300/624]	Time 1.824 (1.826)	Data 0.001 (0.002)	Accuracy 0.0000 (0.0000)	Loss 0.1161 (0.1025)	
2018-01-29 20:02:33 Epoch: [22][350/624]	Time 1.823 (1.825)	Data 0.001 (0.002)	Accuracy 0.0000 (0.0000)	Loss 0.1013 (0.1023)	
2018-01-29 20:04:04 Epoch: [22][400/624]	Time 1.825 (1.825)	Data 0.001 (0.002)	Accuracy 0.0000 (0.0000)	Loss 0.0892 (0.1023)	
2018-01-29 20:05:35 Epoch: [22][450/624]	Time 1.823 (1.825)	Data 0.001 (0.002)	Accuracy 0.0000 (0.0000)	Loss 0.1257 (0.1028)	
2018-01-29 20:07:07 Epoch: [22][500/624]	Time 1.823 (1.825)	Data 0.001 (0.002)	Accuracy 0.0000 (0.0000)	Loss 0.1017 (0.1026)	
2018-01-29 20:08:38 Epoch: [22][550/624]	Time 1.824 (1.825)	Data 0.001 (0.002)	Accuracy 0.0000 (0.0000)	Loss 0.1644 (0.1030)	
2018-01-29 20:10:09 Epoch: [22][600/624]	Time 1.823 (1.825)	Data 0.001 (0.001)	Accuracy 0.0000 (0.0000)	Loss 0.0948 (0.1031)	
2018-01-29 20:10:50 Epoch: [22][623/624]	Time 1.227 (1.824)	Data 0.000 (0.001)	Accuracy 0.0000 (0.0000)	Loss 0.0741 (0.1032)	
2018-01-29 20:10:50 Validating model
2018-01-29 20:12:16 Test: [155/155]	Time 0.446 (0.555)	Loss 0.08804	F2: 0.870858553952	
2018-01-29 20:12:17 Current model is best by val score 0.08804 < 0.08810
2018-01-29 20:12:17 early_stop_counter: 0
2018-01-29 20:12:19 Epoch 23
2018-01-29 20:13:53 Epoch: [23][50/624]	Time 1.820 (1.832)	Data 0.001 (0.009)	Accuracy 0.0000 (0.0000)	Loss 0.0875 (0.0994)	
2018-01-29 20:15:24 Epoch: [23][100/624]	Time 1.827 (1.827)	Data 0.001 (0.005)	Accuracy 0.0000 (0.0000)	Loss 0.0864 (0.1017)	
2018-01-29 20:16:55 Epoch: [23][150/624]	Time 1.824 (1.825)	Data 0.001 (0.004)	Accuracy 0.0000 (0.0000)	Loss 0.0908 (0.1019)	
2018-01-29 20:18:26 Epoch: [23][200/624]	Time 1.824 (1.825)	Data 0.001 (0.003)	Accuracy 0.0000 (0.0000)	Loss 0.1021 (0.1019)	
2018-01-29 20:19:57 Epoch: [23][250/624]	Time 1.822 (1.825)	Data 0.001 (0.002)	Accuracy 0.0000 (0.0000)	Loss 0.0929 (0.1017)	
2018-01-29 20:21:29 Epoch: [23][300/624]	Time 1.826 (1.825)	Data 0.001 (0.002)	Accuracy 0.0000 (0.0000)	Loss 0.0951 (0.1019)	
2018-01-29 20:23:00 Epoch: [23][350/624]	Time 1.822 (1.825)	Data 0.001 (0.002)	Accuracy 0.0000 (0.0000)	Loss 0.0972 (0.1023)	
2018-01-29 20:24:31 Epoch: [23][400/624]	Time 1.825 (1.825)	Data 0.001 (0.002)	Accuracy 0.0000 (0.0000)	Loss 0.0927 (0.1021)	
2018-01-29 20:26:02 Epoch: [23][450/624]	Time 1.823 (1.825)	Data 0.001 (0.002)	Accuracy 0.0000 (0.0000)	Loss 0.1385 (0.1026)	
2018-01-29 20:27:34 Epoch: [23][500/624]	Time 1.828 (1.825)	Data 0.001 (0.002)	Accuracy 0.0000 (0.0000)	Loss 0.0988 (0.1026)	
2018-01-29 20:29:05 Epoch: [23][550/624]	Time 1.825 (1.825)	Data 0.001 (0.002)	Accuracy 0.0000 (0.0000)	Loss 0.1356 (0.1029)	
2018-01-29 20:30:36 Epoch: [23][600/624]	Time 1.823 (1.825)	Data 0.001 (0.001)	Accuracy 0.0000 (0.0000)	Loss 0.1234 (0.1028)	
2018-01-29 20:31:18 Epoch: [23][623/624]	Time 1.228 (1.824)	Data 0.001 (0.001)	Accuracy 0.0000 (0.0000)	Loss 0.1526 (0.1029)	
2018-01-29 20:31:18 Validating model
2018-01-29 20:32:44 Test: [155/155]	Time 0.447 (0.555)	Loss 0.08837	F2: 0.872134381436	
2018-01-29 20:32:44 early_stop_counter: 1
2018-01-29 20:32:45 Epoch 24
2018-01-29 20:34:19 Epoch: [24][50/624]	Time 1.826 (1.834)	Data 0.001 (0.009)	Accuracy 0.0000 (0.0000)	Loss 0.1038 (0.0972)	
2018-01-29 20:35:50 Epoch: [24][100/624]	Time 1.824 (1.830)	Data 0.001 (0.005)	Accuracy 0.0000 (0.0000)	Loss 0.1068 (0.0999)	
2018-01-29 20:37:21 Epoch: [24][150/624]	Time 1.828 (1.828)	Data 0.001 (0.004)	Accuracy 0.0000 (0.0000)	Loss 0.1277 (0.1022)	
2018-01-29 20:38:52 Epoch: [24][200/624]	Time 1.828 (1.828)	Data 0.001 (0.003)	Accuracy 0.0000 (0.0000)	Loss 0.0856 (0.1026)	
2018-01-29 20:40:24 Epoch: [24][250/624]	Time 1.826 (1.827)	Data 0.001 (0.002)	Accuracy 0.0000 (0.0000)	Loss 0.1341 (0.1031)	
2018-01-29 20:41:55 Epoch: [24][300/624]	Time 1.826 (1.827)	Data 0.001 (0.002)	Accuracy 0.0000 (0.0000)	Loss 0.0885 (0.1033)	
2018-01-29 20:43:26 Epoch: [24][350/624]	Time 1.820 (1.826)	Data 0.001 (0.002)	Accuracy 0.0000 (0.0000)	Loss 0.1062 (0.1036)	
2018-01-29 20:44:57 Epoch: [24][400/624]	Time 1.825 (1.826)	Data 0.001 (0.002)	Accuracy 0.0000 (0.0000)	Loss 0.1051 (0.1033)	
2018-01-29 20:46:29 Epoch: [24][450/624]	Time 1.826 (1.826)	Data 0.001 (0.002)	Accuracy 0.0000 (0.0000)	Loss 0.1408 (0.1033)	
2018-01-29 20:48:00 Epoch: [24][500/624]	Time 1.823 (1.826)	Data 0.001 (0.002)	Accuracy 0.0000 (0.0000)	Loss 0.1031 (0.1035)	
2018-01-29 20:49:31 Epoch: [24][550/624]	Time 1.822 (1.826)	Data 0.001 (0.001)	Accuracy 0.0000 (0.0000)	Loss 0.0712 (0.1034)	
2018-01-29 20:51:02 Epoch: [24][600/624]	Time 1.822 (1.826)	Data 0.001 (0.001)	Accuracy 0.0000 (0.0000)	Loss 0.0808 (0.1031)	
2018-01-29 20:51:44 Epoch: [24][623/624]	Time 1.225 (1.825)	Data 0.000 (0.001)	Accuracy 0.0000 (0.0000)	Loss 0.0823 (0.1031)	
2018-01-29 20:51:44 Validating model
2018-01-29 20:53:10 Test: [155/155]	Time 0.449 (0.555)	Loss 0.08840	F2: 0.870733146564	
2018-01-29 20:53:10 early_stop_counter: 2
2018-01-29 20:53:11 Epoch 25
2018-01-29 20:54:45 Epoch: [25][50/624]	Time 1.826 (1.833)	Data 0.001 (0.009)	Accuracy 0.0000 (0.0000)	Loss 0.1222 (0.1021)	
2018-01-29 20:56:16 Epoch: [25][100/624]	Time 1.823 (1.828)	Data 0.001 (0.005)	Accuracy 0.0000 (0.0000)	Loss 0.0717 (0.1024)	
2018-01-29 20:57:47 Epoch: [25][150/624]	Time 1.824 (1.826)	Data 0.001 (0.004)	Accuracy 0.0000 (0.0000)	Loss 0.1085 (0.1028)	
2018-01-29 20:59:18 Epoch: [25][200/624]	Time 1.817 (1.825)	Data 0.001 (0.003)	Accuracy 0.0000 (0.0000)	Loss 0.0854 (0.1024)	
2018-01-29 21:00:49 Epoch: [25][250/624]	Time 1.822 (1.825)	Data 0.001 (0.002)	Accuracy 0.0000 (0.0000)	Loss 0.0665 (0.1018)	
2018-01-29 21:02:20 Epoch: [25][300/624]	Time 1.828 (1.825)	Data 0.001 (0.002)	Accuracy 0.0000 (0.0000)	Loss 0.1095 (0.1023)	
2018-01-29 21:03:51 Epoch: [25][350/624]	Time 1.822 (1.824)	Data 0.001 (0.002)	Accuracy 0.0000 (0.0000)	Loss 0.1029 (0.1025)	
2018-01-29 21:05:23 Epoch: [25][400/624]	Time 1.819 (1.824)	Data 0.001 (0.002)	Accuracy 0.0000 (0.0000)	Loss 0.0966 (0.1026)	
2018-01-29 21:06:54 Epoch: [25][450/624]	Time 1.828 (1.824)	Data 0.001 (0.002)	Accuracy 0.0000 (0.0000)	Loss 0.1023 (0.1027)	
2018-01-29 21:08:25 Epoch: [25][500/624]	Time 1.818 (1.824)	Data 0.001 (0.002)	Accuracy 0.0000 (0.0000)	Loss 0.1053 (0.1026)	
2018-01-29 21:09:56 Epoch: [25][550/624]	Time 1.823 (1.824)	Data 0.001 (0.001)	Accuracy 0.0000 (0.0000)	Loss 0.0711 (0.1028)	
2018-01-29 21:11:27 Epoch: [25][600/624]	Time 1.828 (1.824)	Data 0.001 (0.001)	Accuracy 0.0000 (0.0000)	Loss 0.0946 (0.1027)	
2018-01-29 21:12:09 Epoch: [25][623/624]	Time 1.222 (1.823)	Data 0.000 (0.001)	Accuracy 0.0000 (0.0000)	Loss 0.0910 (0.1027)	
2018-01-29 21:12:09 Validating model
2018-01-29 21:13:35 Test: [155/155]	Time 0.448 (0.555)	Loss 0.08803	F2: 0.869983956355	
2018-01-29 21:13:35 Current model is best by val score 0.08803 < 0.08804
2018-01-29 21:13:35 early_stop_counter: 0
2018-01-29 21:13:38 Epoch 26
2018-01-29 21:15:11 Epoch: [26][50/624]	Time 1.820 (1.832)	Data 0.001 (0.009)	Accuracy 0.0000 (0.0000)	Loss 0.0952 (0.1021)	
2018-01-29 21:16:42 Epoch: [26][100/624]	Time 1.826 (1.828)	Data 0.001 (0.005)	Accuracy 0.0000 (0.0000)	Loss 0.1043 (0.1030)	
2018-01-29 21:18:13 Epoch: [26][150/624]	Time 1.824 (1.826)	Data 0.001 (0.004)	Accuracy 0.0000 (0.0000)	Loss 0.1462 (0.1034)	
2018-01-29 21:19:44 Epoch: [26][200/624]	Time 1.825 (1.825)	Data 0.001 (0.003)	Accuracy 0.0000 (0.0000)	Loss 0.1177 (0.1036)	
2018-01-29 21:21:15 Epoch: [26][250/624]	Time 1.821 (1.824)	Data 0.001 (0.002)	Accuracy 0.0000 (0.0000)	Loss 0.1005 (0.1035)	
2018-01-29 21:22:47 Epoch: [26][300/624]	Time 1.817 (1.824)	Data 0.001 (0.002)	Accuracy 0.0000 (0.0000)	Loss 0.1203 (0.1034)	
2018-01-29 21:24:18 Epoch: [26][350/624]	Time 1.823 (1.824)	Data 0.001 (0.002)	Accuracy 0.0000 (0.0000)	Loss 0.1087 (0.1034)	
2018-01-29 21:25:49 Epoch: [26][400/624]	Time 1.828 (1.824)	Data 0.001 (0.002)	Accuracy 0.0000 (0.0000)	Loss 0.1276 (0.1038)	
2018-01-29 21:27:20 Epoch: [26][450/624]	Time 1.823 (1.824)	Data 0.001 (0.002)	Accuracy 0.0000 (0.0000)	Loss 0.0760 (0.1034)	
2018-01-29 21:28:51 Epoch: [26][500/624]	Time 1.822 (1.824)	Data 0.001 (0.002)	Accuracy 0.0000 (0.0000)	Loss 0.0981 (0.1034)	
2018-01-29 21:30:22 Epoch: [26][550/624]	Time 1.826 (1.824)	Data 0.001 (0.002)	Accuracy 0.0000 (0.0000)	Loss 0.0930 (0.1028)	
2018-01-29 21:31:53 Epoch: [26][600/624]	Time 1.826 (1.823)	Data 0.001 (0.001)	Accuracy 0.0000 (0.0000)	Loss 0.0968 (0.1032)	
2018-01-29 21:32:35 Epoch: [26][623/624]	Time 1.230 (1.822)	Data 0.000 (0.001)	Accuracy 0.0000 (0.0000)	Loss 0.0838 (0.1030)	
2018-01-29 21:32:35 Validating model
2018-01-29 21:34:01 Test: [155/155]	Time 0.447 (0.555)	Loss 0.08799	F2: 0.870193351292	
2018-01-29 21:34:01 Current model is best by val score 0.08799 < 0.08803
2018-01-29 21:34:01 early_stop_counter: 0
2018-01-29 21:34:04 Epoch 27
2018-01-29 21:35:37 Epoch: [27][50/624]	Time 1.825 (1.834)	Data 0.001 (0.010)	Accuracy 0.0000 (0.0000)	Loss 0.1181 (0.1026)	
2018-01-29 21:37:08 Epoch: [27][100/624]	Time 1.825 (1.829)	Data 0.001 (0.005)	Accuracy 0.0000 (0.0000)	Loss 0.1035 (0.1040)	
2018-01-29 21:38:39 Epoch: [27][150/624]	Time 1.820 (1.827)	Data 0.001 (0.004)	Accuracy 0.0000 (0.0000)	Loss 0.1069 (0.1041)	
2018-01-29 21:40:11 Epoch: [27][200/624]	Time 1.830 (1.827)	Data 0.001 (0.003)	Accuracy 0.0000 (0.0000)	Loss 0.1166 (0.1034)	
2018-01-29 21:41:42 Epoch: [27][250/624]	Time 1.826 (1.826)	Data 0.001 (0.003)	Accuracy 0.0000 (0.0000)	Loss 0.1127 (0.1039)	
2018-01-29 21:43:13 Epoch: [27][300/624]	Time 1.824 (1.825)	Data 0.001 (0.002)	Accuracy 0.0000 (0.0000)	Loss 0.1204 (0.1038)	
2018-01-29 21:44:44 Epoch: [27][350/624]	Time 1.824 (1.825)	Data 0.001 (0.002)	Accuracy 0.0000 (0.0000)	Loss 0.0782 (0.1032)	
2018-01-29 21:46:15 Epoch: [27][400/624]	Time 1.824 (1.825)	Data 0.001 (0.002)	Accuracy 0.0000 (0.0000)	Loss 0.1245 (0.1030)	
2018-01-29 21:47:47 Epoch: [27][450/624]	Time 1.824 (1.825)	Data 0.001 (0.002)	Accuracy 0.0000 (0.0000)	Loss 0.1103 (0.1028)	
2018-01-29 21:49:18 Epoch: [27][500/624]	Time 1.822 (1.825)	Data 0.001 (0.002)	Accuracy 0.0000 (0.0000)	Loss 0.1154 (0.1031)	
2018-01-29 21:50:49 Epoch: [27][550/624]	Time 1.827 (1.825)	Data 0.001 (0.002)	Accuracy 0.0000 (0.0000)	Loss 0.0725 (0.1032)	
2018-01-29 21:52:20 Epoch: [27][600/624]	Time 1.823 (1.824)	Data 0.001 (0.002)	Accuracy 0.0000 (0.0000)	Loss 0.1039 (0.1031)	
2018-01-29 21:53:01 Epoch: [27][623/624]	Time 1.220 (1.823)	Data 0.001 (0.001)	Accuracy 0.0000 (0.0000)	Loss 0.1348 (0.1033)	
2018-01-29 21:53:01 Validating model
2018-01-29 21:54:27 Test: [155/155]	Time 0.447 (0.555)	Loss 0.08798	F2: 0.870697483335	
2018-01-29 21:54:27 Current model is best by val score 0.08798 < 0.08799
2018-01-29 21:54:27 early_stop_counter: 0
2018-01-29 21:54:30 Epoch 28
2018-01-29 21:56:04 Epoch: [28][50/624]	Time 1.824 (1.833)	Data 0.001 (0.009)	Accuracy 0.0000 (0.0000)	Loss 0.1056 (0.1038)	
2018-01-29 21:57:35 Epoch: [28][100/624]	Time 1.823 (1.829)	Data 0.001 (0.005)	Accuracy 0.0000 (0.0000)	Loss 0.1143 (0.1028)	
2018-01-29 21:59:06 Epoch: [28][150/624]	Time 1.824 (1.827)	Data 0.001 (0.004)	Accuracy 0.0000 (0.0000)	Loss 0.1391 (0.1034)	
2018-01-29 22:00:37 Epoch: [28][200/624]	Time 1.829 (1.826)	Data 0.001 (0.003)	Accuracy 0.0000 (0.0000)	Loss 0.1490 (0.1045)	
2018-01-29 22:02:08 Epoch: [28][250/624]	Time 1.822 (1.826)	Data 0.001 (0.002)	Accuracy 0.0000 (0.0000)	Loss 0.0966 (0.1046)	
2018-01-29 22:03:40 Epoch: [28][300/624]	Time 1.822 (1.826)	Data 0.001 (0.002)	Accuracy 0.0000 (0.0000)	Loss 0.1057 (0.1047)	
2018-01-29 22:05:11 Epoch: [28][350/624]	Time 1.828 (1.825)	Data 0.001 (0.002)	Accuracy 0.0000 (0.0000)	Loss 0.1027 (0.1041)	
2018-01-29 22:06:42 Epoch: [28][400/624]	Time 1.824 (1.825)	Data 0.001 (0.002)	Accuracy 0.0000 (0.0000)	Loss 0.1120 (0.1042)	
2018-01-29 22:08:13 Epoch: [28][450/624]	Time 1.822 (1.825)	Data 0.001 (0.002)	Accuracy 0.0000 (0.0000)	Loss 0.0826 (0.1039)	
2018-01-29 22:09:44 Epoch: [28][500/624]	Time 1.822 (1.825)	Data 0.001 (0.002)	Accuracy 0.0000 (0.0000)	Loss 0.1068 (0.1036)	
2018-01-29 22:11:15 Epoch: [28][550/624]	Time 1.826 (1.824)	Data 0.001 (0.002)	Accuracy 0.0000 (0.0000)	Loss 0.1266 (0.1034)	
2018-01-29 22:12:47 Epoch: [28][600/624]	Time 1.817 (1.824)	Data 0.001 (0.001)	Accuracy 0.0000 (0.0000)	Loss 0.0753 (0.1033)	
2018-01-29 22:13:28 Epoch: [28][623/624]	Time 1.220 (1.823)	Data 0.001 (0.001)	Accuracy 0.0000 (0.0000)	Loss 0.1168 (0.1034)	
2018-01-29 22:13:28 Validating model
2018-01-29 22:14:54 Test: [155/155]	Time 0.447 (0.555)	Loss 0.08821	F2: 0.871144462446	
2018-01-29 22:14:54 early_stop_counter: 1
2018-01-29 22:14:55 Epoch 29
2018-01-29 22:16:29 Epoch: [29][50/624]	Time 1.823 (1.829)	Data 0.001 (0.009)	Accuracy 0.0000 (0.0000)	Loss 0.1402 (0.1067)	
2018-01-29 22:18:00 Epoch: [29][100/624]	Time 1.818 (1.825)	Data 0.001 (0.005)	Accuracy 0.0000 (0.0000)	Loss 0.0822 (0.1041)	
2018-01-29 22:19:31 Epoch: [29][150/624]	Time 1.828 (1.825)	Data 0.001 (0.004)	Accuracy 0.0000 (0.0000)	Loss 0.1287 (0.1043)	
2018-01-29 22:21:02 Epoch: [29][200/624]	Time 1.826 (1.825)	Data 0.001 (0.003)	Accuracy 0.0000 (0.0000)	Loss 0.1054 (0.1046)	
2018-01-29 22:22:33 Epoch: [29][250/624]	Time 1.823 (1.824)	Data 0.001 (0.002)	Accuracy 0.0000 (0.0000)	Loss 0.0777 (0.1038)	
2018-01-29 22:24:05 Epoch: [29][300/624]	Time 1.826 (1.824)	Data 0.001 (0.002)	Accuracy 0.0000 (0.0000)	Loss 0.0983 (0.1039)	
2018-01-29 22:25:36 Epoch: [29][350/624]	Time 1.825 (1.824)	Data 0.001 (0.002)	Accuracy 0.0000 (0.0000)	Loss 0.1139 (0.1036)	
2018-01-29 22:27:07 Epoch: [29][400/624]	Time 1.819 (1.824)	Data 0.001 (0.002)	Accuracy 0.0000 (0.0000)	Loss 0.0890 (0.1034)	
2018-01-29 22:28:38 Epoch: [29][450/624]	Time 1.825 (1.824)	Data 0.001 (0.002)	Accuracy 0.0000 (0.0000)	Loss 0.1142 (0.1034)	
2018-01-29 22:30:09 Epoch: [29][500/624]	Time 1.822 (1.824)	Data 0.001 (0.002)	Accuracy 0.0000 (0.0000)	Loss 0.0898 (0.1029)	
2018-01-29 22:31:41 Epoch: [29][550/624]	Time 1.830 (1.824)	Data 0.001 (0.001)	Accuracy 0.0000 (0.0000)	Loss 0.1009 (0.1029)	
2018-01-29 22:33:12 Epoch: [29][600/624]	Time 1.821 (1.824)	Data 0.001 (0.001)	Accuracy 0.0000 (0.0000)	Loss 0.0978 (0.1030)	
2018-01-29 22:33:53 Epoch: [29][623/624]	Time 1.227 (1.823)	Data 0.000 (0.001)	Accuracy 0.0000 (0.0000)	Loss 0.1017 (0.1032)	
2018-01-29 22:33:53 Validating model
2018-01-29 22:35:19 Test: [155/155]	Time 0.446 (0.555)	Loss 0.08814	F2: 0.871064278576	
2018-01-29 22:35:19 early_stop_counter: 2
2018-01-29 22:35:20 Epoch 30
2018-01-29 22:36:54 Epoch: [30][50/624]	Time 1.823 (1.832)	Data 0.001 (0.009)	Accuracy 0.0000 (0.0000)	Loss 0.1008 (0.1014)	
2018-01-29 22:38:25 Epoch: [30][100/624]	Time 1.825 (1.828)	Data 0.001 (0.005)	Accuracy 0.0000 (0.0000)	Loss 0.1042 (0.1021)	
2018-01-29 22:39:57 Epoch: [30][150/624]	Time 1.830 (1.828)	Data 0.001 (0.004)	Accuracy 0.0000 (0.0000)	Loss 0.1164 (0.1038)	
2018-01-29 22:41:28 Epoch: [30][200/624]	Time 1.826 (1.827)	Data 0.001 (0.003)	Accuracy 0.0000 (0.0000)	Loss 0.0875 (0.1036)	
2018-01-29 22:42:59 Epoch: [30][250/624]	Time 1.822 (1.826)	Data 0.001 (0.002)	Accuracy 0.0000 (0.0000)	Loss 0.1209 (0.1027)	
2018-01-29 22:44:30 Epoch: [30][300/624]	Time 1.828 (1.826)	Data 0.001 (0.002)	Accuracy 0.0000 (0.0000)	Loss 0.1075 (0.1027)	
2018-01-29 22:46:02 Epoch: [30][350/624]	Time 1.828 (1.826)	Data 0.001 (0.002)	Accuracy 0.0000 (0.0000)	Loss 0.1034 (0.1031)	
2018-01-29 22:47:33 Epoch: [30][400/624]	Time 1.826 (1.826)	Data 0.001 (0.002)	Accuracy 0.0000 (0.0000)	Loss 0.1209 (0.1028)	
2018-01-29 22:49:04 Epoch: [30][450/624]	Time 1.826 (1.826)	Data 0.001 (0.002)	Accuracy 0.0000 (0.0000)	Loss 0.1070 (0.1028)	
2018-01-29 22:50:35 Epoch: [30][500/624]	Time 1.828 (1.825)	Data 0.001 (0.002)	Accuracy 0.0000 (0.0000)	Loss 0.0844 (0.1027)	
2018-01-29 22:52:06 Epoch: [30][550/624]	Time 1.823 (1.825)	Data 0.001 (0.002)	Accuracy 0.0000 (0.0000)	Loss 0.1050 (0.1026)	
2018-01-29 22:53:38 Epoch: [30][600/624]	Time 1.824 (1.825)	Data 0.001 (0.001)	Accuracy 0.0000 (0.0000)	Loss 0.1286 (0.1028)	
2018-01-29 22:54:19 Epoch: [30][623/624]	Time 1.232 (1.824)	Data 0.000 (0.001)	Accuracy 0.0000 (0.0000)	Loss 0.1238 (0.1028)	
2018-01-29 22:54:19 Validating model
2018-01-29 22:55:45 Test: [155/155]	Time 0.445 (0.555)	Loss 0.08809	F2: 0.870696403669	
2018-01-29 22:55:45 early_stop_counter: 3
2018-01-29 22:55:45 Setting for group learning rate=0.00010000, epoch=30
2018-01-29 22:55:45 Setting for group learning rate=0.00001000, epoch=30
2018-01-29 22:55:46 Loaded the model from previous best step
2018-01-29 22:55:47 Loaded best model /home/tzaumiaan/deepLearningProject/results/model_best.pth.tar, arch=densenet201_
2018-01-29 22:55:47 Epoch 31
2018-01-29 22:57:20 Epoch: [31][50/624]	Time 1.828 (1.834)	Data 0.001 (0.009)	Accuracy 0.0000 (0.0000)	Loss 0.0868 (0.1014)	
2018-01-29 22:58:51 Epoch: [31][100/624]	Time 1.825 (1.830)	Data 0.001 (0.005)	Accuracy 0.0000 (0.0000)	Loss 0.1211 (0.1046)	
2018-01-29 23:00:23 Epoch: [31][150/624]	Time 1.822 (1.829)	Data 0.001 (0.004)	Accuracy 0.0000 (0.0000)	Loss 0.1268 (0.1043)	
2018-01-29 23:01:54 Epoch: [31][200/624]	Time 1.819 (1.827)	Data 0.001 (0.003)	Accuracy 0.0000 (0.0000)	Loss 0.1079 (0.1037)	
2018-01-29 23:03:25 Epoch: [31][250/624]	Time 1.825 (1.826)	Data 0.001 (0.002)	Accuracy 0.0000 (0.0000)	Loss 0.1133 (0.1042)	
2018-01-29 23:04:56 Epoch: [31][300/624]	Time 1.827 (1.826)	Data 0.001 (0.002)	Accuracy 0.0000 (0.0000)	Loss 0.0954 (0.1040)	
2018-01-29 23:06:28 Epoch: [31][350/624]	Time 1.821 (1.826)	Data 0.001 (0.002)	Accuracy 0.0000 (0.0000)	Loss 0.1003 (0.1036)	
2018-01-29 23:07:59 Epoch: [31][400/624]	Time 1.826 (1.826)	Data 0.001 (0.002)	Accuracy 0.0000 (0.0000)	Loss 0.0989 (0.1037)	
2018-01-29 23:09:30 Epoch: [31][450/624]	Time 1.820 (1.825)	Data 0.001 (0.002)	Accuracy 0.0000 (0.0000)	Loss 0.0881 (0.1032)	
2018-01-29 23:11:01 Epoch: [31][500/624]	Time 1.826 (1.825)	Data 0.001 (0.002)	Accuracy 0.0000 (0.0000)	Loss 0.0945 (0.1030)	
2018-01-29 23:12:32 Epoch: [31][550/624]	Time 1.825 (1.825)	Data 0.001 (0.002)	Accuracy 0.0000 (0.0000)	Loss 0.0922 (0.1032)	
2018-01-29 23:14:04 Epoch: [31][600/624]	Time 1.824 (1.825)	Data 0.001 (0.001)	Accuracy 0.0000 (0.0000)	Loss 0.1426 (0.1031)	
2018-01-29 23:14:45 Epoch: [31][623/624]	Time 1.226 (1.824)	Data 0.001 (0.001)	Accuracy 0.0000 (0.0000)	Loss 0.1017 (0.1034)	
2018-01-29 23:14:45 Validating model
2018-01-29 23:16:11 Test: [155/155]	Time 0.447 (0.555)	Loss 0.08828	F2: 0.871420055102	
2018-01-29 23:16:11 early_stop_counter: 4
2018-01-29 23:16:12 Epoch 32
2018-01-29 23:17:46 Epoch: [32][50/624]	Time 1.821 (1.832)	Data 0.001 (0.010)	Accuracy 0.0000 (0.0000)	Loss 0.0652 (0.1007)	
2018-01-29 23:19:17 Epoch: [32][100/624]	Time 1.821 (1.827)	Data 0.001 (0.005)	Accuracy 0.0000 (0.0000)	Loss 0.0724 (0.1010)	
2018-01-29 23:20:48 Epoch: [32][150/624]	Time 1.824 (1.825)	Data 0.001 (0.004)	Accuracy 0.0000 (0.0000)	Loss 0.0948 (0.1017)	
2018-01-29 23:22:19 Epoch: [32][200/624]	Time 1.815 (1.824)	Data 0.001 (0.003)	Accuracy 0.0000 (0.0000)	Loss 0.0972 (0.1023)	
2018-01-29 23:23:50 Epoch: [32][250/624]	Time 1.826 (1.824)	Data 0.001 (0.003)	Accuracy 0.0000 (0.0000)	Loss 0.0890 (0.1026)	
2018-01-29 23:25:21 Epoch: [32][300/624]	Time 1.819 (1.824)	Data 0.001 (0.002)	Accuracy 0.0000 (0.0000)	Loss 0.0775 (0.1026)	
2018-01-29 23:26:52 Epoch: [32][350/624]	Time 1.824 (1.824)	Data 0.001 (0.002)	Accuracy 0.0000 (0.0000)	Loss 0.0731 (0.1026)	
2018-01-29 23:28:24 Epoch: [32][400/624]	Time 1.817 (1.824)	Data 0.001 (0.002)	Accuracy 0.0000 (0.0000)	Loss 0.1017 (0.1028)	
2018-01-29 23:29:55 Epoch: [32][450/624]	Time 1.820 (1.824)	Data 0.001 (0.002)	Accuracy 0.0000 (0.0000)	Loss 0.0862 (0.1028)	
2018-01-29 23:31:26 Epoch: [32][500/624]	Time 1.822 (1.824)	Data 0.001 (0.002)	Accuracy 0.0000 (0.0000)	Loss 0.1017 (0.1030)	
2018-01-29 23:32:57 Epoch: [32][550/624]	Time 1.822 (1.824)	Data 0.001 (0.002)	Accuracy 0.0000 (0.0000)	Loss 0.1401 (0.1030)	
2018-01-29 23:34:28 Epoch: [32][600/624]	Time 1.825 (1.824)	Data 0.001 (0.002)	Accuracy 0.0000 (0.0000)	Loss 0.0992 (0.1028)	
2018-01-29 23:35:10 Epoch: [32][623/624]	Time 1.224 (1.823)	Data 0.001 (0.001)	Accuracy 0.0000 (0.0000)	Loss 0.1061 (0.1030)	
2018-01-29 23:35:10 Validating model
2018-01-29 23:36:36 Test: [155/155]	Time 0.447 (0.555)	Loss 0.08808	F2: 0.870684955846	
2018-01-29 23:36:36 early_stop_counter: 5
2018-01-29 23:36:37 Epoch 33
2018-01-29 23:38:11 Epoch: [33][50/624]	Time 1.821 (1.831)	Data 0.001 (0.009)	Accuracy 0.0000 (0.0000)	Loss 0.0883 (0.1045)	
2018-01-29 23:39:42 Epoch: [33][100/624]	Time 1.824 (1.828)	Data 0.001 (0.005)	Accuracy 0.0000 (0.0000)	Loss 0.1205 (0.1050)	
2018-01-29 23:41:13 Epoch: [33][150/624]	Time 1.827 (1.827)	Data 0.001 (0.004)	Accuracy 0.0000 (0.0000)	Loss 0.0814 (0.1045)	
2018-01-29 23:42:44 Epoch: [33][200/624]	Time 1.820 (1.826)	Data 0.001 (0.003)	Accuracy 0.0000 (0.0000)	Loss 0.0901 (0.1036)	
2018-01-29 23:44:15 Epoch: [33][250/624]	Time 1.829 (1.825)	Data 0.001 (0.002)	Accuracy 0.0000 (0.0000)	Loss 0.0931 (0.1025)	
2018-01-29 23:45:46 Epoch: [33][300/624]	Time 1.825 (1.825)	Data 0.001 (0.002)	Accuracy 0.0000 (0.0000)	Loss 0.0970 (0.1028)	
2018-01-29 23:47:18 Epoch: [33][350/624]	Time 1.827 (1.825)	Data 0.001 (0.002)	Accuracy 0.0000 (0.0000)	Loss 0.0910 (0.1033)	
2018-01-29 23:48:49 Epoch: [33][400/624]	Time 1.823 (1.825)	Data 0.001 (0.002)	Accuracy 0.0000 (0.0000)	Loss 0.0935 (0.1029)	
2018-01-29 23:50:20 Epoch: [33][450/624]	Time 1.824 (1.824)	Data 0.001 (0.002)	Accuracy 0.0000 (0.0000)	Loss 0.0757 (0.1029)	
2018-01-29 23:51:51 Epoch: [33][500/624]	Time 1.827 (1.824)	Data 0.001 (0.002)	Accuracy 0.0000 (0.0000)	Loss 0.0989 (0.1030)	
2018-01-29 23:53:22 Epoch: [33][550/624]	Time 1.825 (1.824)	Data 0.001 (0.002)	Accuracy 0.0000 (0.0000)	Loss 0.0880 (0.1033)	
2018-01-29 23:54:53 Epoch: [33][600/624]	Time 1.819 (1.824)	Data 0.001 (0.001)	Accuracy 0.0000 (0.0000)	Loss 0.0952 (0.1032)	
2018-01-29 23:55:35 Epoch: [33][623/624]	Time 1.223 (1.823)	Data 0.001 (0.001)	Accuracy 0.0000 (0.0000)	Loss 0.1390 (0.1031)	
2018-01-29 23:55:35 Validating model
2018-01-29 23:57:01 Test: [155/155]	Time 0.448 (0.555)	Loss 0.08822	F2: 0.870932213505	
2018-01-29 23:57:01 Early stopping, regress for 6 iterations
2018-01-29 23:57:01 early_stop_counter: 6
2018-01-29 23:57:01 Setting for group learning rate=0.00001000, epoch=33
2018-01-29 23:57:01 Setting for group learning rate=0.00000100, epoch=33
2018-01-29 23:57:02 Exiting learning process
2018-01-29 23:57:02 Initing model
2018-01-29 23:57:03 Loaded best model /home/tzaumiaan/deepLearningProject/results/model_best.pth.tar, arch=densenet201_
2018-01-29 23:57:03 Estimating thresholds
2018-01-29 23:58:30 	 slice=0, name=agriculture, best_threshold=0.190, metric=0.9234
2018-01-29 23:58:32 	 slice=1, name=artisinal_mine, best_threshold=0.130, metric=0.9235
2018-01-29 23:58:33 	 slice=2, name=bare_ground, best_threshold=0.150, metric=0.9237
2018-01-29 23:58:34 	 slice=3, name=blooming, best_threshold=0.270, metric=0.9237
2018-01-29 23:58:35 	 slice=4, name=blow_down, best_threshold=0.920, metric=0.9238
2018-01-29 23:58:37 	 slice=5, name=clear, best_threshold=0.140, metric=0.9241
2018-01-29 23:58:38 	 slice=6, name=cloudy, best_threshold=0.070, metric=0.9254
2018-01-29 23:58:39 	 slice=7, name=conventional_mine, best_threshold=0.830, metric=0.9254
2018-01-29 23:58:40 	 slice=8, name=cultivation, best_threshold=0.200, metric=0.9254
2018-01-29 23:58:42 	 slice=9, name=habitation, best_threshold=0.190, metric=0.9255
2018-01-29 23:58:43 	 slice=10, name=haze, best_threshold=0.210, metric=0.9255
2018-01-29 23:58:44 	 slice=11, name=partly_cloudy, best_threshold=0.200, metric=0.9255
2018-01-29 23:58:46 	 slice=12, name=primary, best_threshold=0.280, metric=0.9257
2018-01-29 23:58:47 	 slice=13, name=road, best_threshold=0.240, metric=0.9258
2018-01-29 23:58:48 	 slice=14, name=selective_logging, best_threshold=0.070, metric=0.9259
2018-01-29 23:58:49 	 slice=15, name=slash_burn, best_threshold=0.260, metric=0.9260
2018-01-29 23:58:51 	 slice=16, name=water, best_threshold=0.230, metric=0.9260
2018-01-29 23:58:51 Precision/recall for each category
2018-01-29 23:58:51 	 name=agriculture, count=12315, pre=0.7410, recall=0.9397
2018-01-29 23:58:51 	 name=artisinal_mine, count=339, pre=0.7241, recall=0.8873
2018-01-29 23:58:51 	 name=bare_ground, count=862, pre=0.3175, recall=0.4807
2018-01-29 23:58:51 	 name=blooming, count=332, pre=0.3846, recall=0.1562
2018-01-29 23:58:51 	 name=blow_down, count=101, pre=1.0000, recall=0.1250
2018-01-29 23:58:51 	 name=clear, count=28431, pre=0.9090, recall=0.9952
2018-01-29 23:58:51 	 name=cloudy, count=2089, pre=0.6572, recall=0.9729
2018-01-29 23:58:51 	 name=conventional_mine, count=100, pre=0.7222, recall=0.6190
2018-01-29 23:58:51 	 name=cultivation, count=4547, pre=0.5041, recall=0.7010
2018-01-29 23:58:51 	 name=habitation, count=3660, pre=0.6264, recall=0.8234
2018-01-29 23:58:51 	 name=haze, count=2697, pre=0.6420, recall=0.7891
2018-01-29 23:58:51 	 name=partly_cloudy, count=7261, pre=0.8539, recall=0.9580
2018-01-29 23:58:51 	 name=primary, count=37513, pre=0.9701, recall=0.9960
2018-01-29 23:58:51 	 name=road, count=8071, pre=0.7589, recall=0.8999
2018-01-29 23:58:51 	 name=selective_logging, count=340, pre=0.3061, recall=0.6081
2018-01-29 23:58:51 	 name=slash_burn, count=209, pre=0.4118, recall=0.1750
2018-01-29 23:58:51 	 name=water, count=7411, pre=0.7296, recall=0.8411
2018-01-29 23:58:58 F2 score before applying tresholds is 0.898828
2018-01-29 23:58:58 F2 score after applying tresholds is 0.926030
2018-01-29 23:58:58 Testing transformation 1/10
2018-01-29 23:58:58 Testing
2018-01-30 00:00:36 Batch 20
2018-01-30 00:01:40 Batch 40
2018-01-30 00:02:43 Batch 60
2018-01-30 00:03:47 Batch 80
2018-01-30 00:04:50 Batch 100
2018-01-30 00:05:54 Batch 120
2018-01-30 00:06:19 Testing transformation 2/10
2018-01-30 00:06:19 Testing
2018-01-30 00:07:27 Batch 20
2018-01-30 00:08:30 Batch 40
2018-01-30 00:09:34 Batch 60
2018-01-30 00:10:37 Batch 80
2018-01-30 00:11:41 Batch 100
2018-01-30 00:12:44 Batch 120
2018-01-30 00:13:03 Testing transformation 3/10
2018-01-30 00:13:03 Testing
2018-01-30 00:14:11 Batch 20
2018-01-30 00:15:15 Batch 40
2018-01-30 00:16:18 Batch 60
2018-01-30 00:17:22 Batch 80
2018-01-30 00:18:25 Batch 100
2018-01-30 00:19:29 Batch 120
2018-01-30 00:19:48 Testing transformation 4/10
2018-01-30 00:19:48 Testing
2018-01-30 00:20:56 Batch 20
2018-01-30 00:22:00 Batch 40
2018-01-30 00:23:03 Batch 60
2018-01-30 00:24:07 Batch 80
2018-01-30 00:25:10 Batch 100
2018-01-30 00:26:14 Batch 120
2018-01-30 00:26:33 Testing transformation 5/10
2018-01-30 00:26:33 Testing
2018-01-30 00:27:41 Batch 20
2018-01-30 00:28:45 Batch 40
2018-01-30 00:29:48 Batch 60
2018-01-30 00:30:52 Batch 80
2018-01-30 00:31:55 Batch 100
2018-01-30 00:32:59 Batch 120
2018-01-30 00:33:18 Testing transformation 6/10
2018-01-30 00:33:18 Testing
2018-01-30 00:34:26 Batch 20
2018-01-30 00:35:29 Batch 40
2018-01-30 00:36:33 Batch 60
2018-01-30 00:37:36 Batch 80
2018-01-30 00:38:40 Batch 100
2018-01-30 00:39:43 Batch 120
2018-01-30 00:40:03 Testing transformation 7/10
2018-01-30 00:40:03 Testing
2018-01-30 00:41:11 Batch 20
2018-01-30 00:42:14 Batch 40
2018-01-30 00:43:18 Batch 60
2018-01-30 00:44:21 Batch 80
2018-01-30 00:45:25 Batch 100
2018-01-30 00:46:28 Batch 120
2018-01-30 00:46:48 Testing transformation 8/10
2018-01-30 00:46:48 Testing
2018-01-30 00:47:56 Batch 20
2018-01-30 00:48:59 Batch 40
2018-01-30 00:50:03 Batch 60
2018-01-30 00:51:06 Batch 80
2018-01-30 00:52:10 Batch 100
2018-01-30 00:53:13 Batch 120
2018-01-30 00:53:33 Testing transformation 9/10
2018-01-30 00:53:33 Testing
2018-01-30 00:54:41 Batch 20
2018-01-30 00:55:44 Batch 40
2018-01-30 00:56:52 Batch 60
2018-01-30 00:57:56 Batch 80
2018-01-30 00:59:04 Batch 100
2018-01-30 01:00:08 Batch 120
2018-01-30 01:00:27 Testing transformation 10/10
2018-01-30 01:00:27 Testing
2018-01-30 01:01:35 Batch 20
2018-01-30 01:02:39 Batch 40
2018-01-30 01:03:42 Batch 60
2018-01-30 01:04:45 Batch 80
2018-01-30 01:05:49 Batch 100
2018-01-30 01:06:52 Batch 120
2018-01-30 01:07:14 {0: 'agriculture', 1: 'artisinal_mine', 2: 'bare_ground', 3: 'blooming', 4: 'blow_down', 5: 'clear', 6: 'cloudy', 7: 'conventional_mine', 8: 'cultivation', 9: 'habitation', 10: 'haze', 11: 'partly_cloudy', 12: 'primary', 13: 'road', 14: 'selective_logging', 15: 'slash_burn', 16: 'water'}
