2018-01-28 21:51:39 Config: {'folds': 10, 'warm_up_epochs': 2, 'shard': '', 'seed': 0, 'weigh_loss': 0, 'lr_schedule': 'adaptive_best', 'holdout': 0, 'weight_decay': 0.0001, 'from_checkpoint': 0, 'train_percent': 0.8, 'workers': 2, 'test_batch_size': 320, 'transform': 'imagenet_like', 'epoch': 40, 'lr': 0.1, 'momentum': 0.9, 'run_type': 'train', 'optimizer': 'sgd', 'data_type': 'jpg', 'batch_size': 80, 'blacklist': 0, 'max_stops': 3, 'weigh_sample': 0, 'early_stop_n': 6, 'decrease_rate': 0.1, 'model': 'densenet121_'}
2018-01-28 21:51:39 Loading train/val split from file
2018-01-28 21:51:40 Starting learning single model
2018-01-28 21:51:40 Initing model
2018-01-28 21:51:43 Learning exact layers, number=2
2018-01-28 21:51:43 Layer=0, lr=0.10000
2018-01-28 21:51:43 Layer=1, lr=0.01000
2018-01-28 21:51:43 Loss is MultiLabelSoftMarginLoss without weights
2018-01-28 21:51:43 Epoch 0
2018-01-28 21:53:25 Epoch: [0][50/406]	Time 1.670 (1.995)	Data 0.000 (0.012)	Accuracy 0.0000 (0.0000)	Loss 0.1876 (0.2452)	
2018-01-28 21:54:49 Epoch: [0][100/406]	Time 1.669 (1.835)	Data 0.001 (0.007)	Accuracy 0.0000 (0.0000)	Loss 0.1488 (0.2047)	
2018-01-28 21:56:12 Epoch: [0][150/406]	Time 1.672 (1.781)	Data 0.000 (0.005)	Accuracy 0.0000 (0.0000)	Loss 0.1676 (0.1880)	
2018-01-28 21:57:36 Epoch: [0][200/406]	Time 1.672 (1.754)	Data 0.001 (0.004)	Accuracy 0.0000 (0.0000)	Loss 0.1376 (0.1771)	
2018-01-28 21:58:59 Epoch: [0][250/406]	Time 1.670 (1.738)	Data 0.001 (0.003)	Accuracy 0.0000 (0.0000)	Loss 0.1509 (0.1696)	
2018-01-28 22:00:23 Epoch: [0][300/406]	Time 1.673 (1.727)	Data 0.001 (0.003)	Accuracy 0.0000 (0.0000)	Loss 0.1263 (0.1640)	
2018-01-28 22:01:47 Epoch: [0][350/406]	Time 1.670 (1.719)	Data 0.001 (0.002)	Accuracy 0.0000 (0.0000)	Loss 0.1385 (0.1603)	
2018-01-28 22:03:10 Epoch: [0][400/406]	Time 1.667 (1.713)	Data 0.001 (0.002)	Accuracy 0.0000 (0.0000)	Loss 0.1076 (0.1573)	
2018-01-28 22:03:28 Epoch: [0][405/406]	Time 10.667 (1.735)	Data 0.000 (0.002)	Accuracy 0.0000 (0.0000)	Loss 0.1346 (0.1570)	
2018-01-28 22:03:28 Validating model
2018-01-28 22:04:23 Test: [101/101]	Time 4.542 (0.551)	Loss 0.11137	F2: 0.842095095104	
2018-01-28 22:04:23 Current model is best by val score 0.11137 < -1.00000
2018-01-28 22:04:23 early_stop_counter: 0
2018-01-28 22:04:23 Epoch 1
2018-01-28 22:05:50 Epoch: [1][50/406]	Time 1.674 (1.695)	Data 0.001 (0.012)	Accuracy 0.0000 (0.0000)	Loss 0.1361 (0.1345)	
2018-01-28 22:07:14 Epoch: [1][100/406]	Time 1.677 (1.684)	Data 0.001 (0.006)	Accuracy 0.0000 (0.0000)	Loss 0.1553 (0.1339)	
2018-01-28 22:08:37 Epoch: [1][150/406]	Time 1.671 (1.680)	Data 0.001 (0.004)	Accuracy 0.0000 (0.0000)	Loss 0.1159 (0.1332)	
2018-01-28 22:10:01 Epoch: [1][200/406]	Time 1.671 (1.679)	Data 0.001 (0.003)	Accuracy 0.0000 (0.0000)	Loss 0.1602 (0.1322)	
2018-01-28 22:11:24 Epoch: [1][250/406]	Time 1.675 (1.677)	Data 0.001 (0.003)	Accuracy 0.0000 (0.0000)	Loss 0.0964 (0.1312)	
2018-01-28 22:12:48 Epoch: [1][300/406]	Time 1.671 (1.677)	Data 0.001 (0.003)	Accuracy 0.0000 (0.0000)	Loss 0.1417 (0.1314)	
2018-01-28 22:14:12 Epoch: [1][350/406]	Time 1.669 (1.676)	Data 0.001 (0.002)	Accuracy 0.0000 (0.0000)	Loss 0.1178 (0.1313)	
2018-01-28 22:15:35 Epoch: [1][400/406]	Time 1.673 (1.675)	Data 0.000 (0.002)	Accuracy 0.0000 (0.0000)	Loss 0.1333 (0.1310)	
2018-01-28 22:15:43 Epoch: [1][405/406]	Time 0.664 (1.673)	Data 0.000 (0.002)	Accuracy 0.0000 (0.0000)	Loss 0.1401 (0.1311)	
2018-01-28 22:15:43 Validating model
2018-01-28 22:16:34 Test: [101/101]	Time 0.333 (0.510)	Loss 0.10469	F2: 0.84566685761	
2018-01-28 22:16:34 Current model is best by val score 0.10469 < 0.11137
2018-01-28 22:16:34 early_stop_counter: 0
2018-01-28 22:16:35 Epoch 2
2018-01-28 22:18:01 Epoch: [2][50/406]	Time 1.675 (1.685)	Data 0.001 (0.013)	Accuracy 0.0000 (0.0000)	Loss 0.1405 (0.1268)	
2018-01-28 22:19:25 Epoch: [2][100/406]	Time 1.673 (1.680)	Data 0.000 (0.007)	Accuracy 0.0000 (0.0000)	Loss 0.1346 (0.1250)	
2018-01-28 22:20:48 Epoch: [2][150/406]	Time 1.673 (1.678)	Data 0.001 (0.005)	Accuracy 0.0000 (0.0000)	Loss 0.1499 (0.1250)	
2018-01-28 22:22:12 Epoch: [2][200/406]	Time 1.674 (1.677)	Data 0.001 (0.004)	Accuracy 0.0000 (0.0000)	Loss 0.1369 (0.1253)	
2018-01-28 22:23:36 Epoch: [2][250/406]	Time 1.673 (1.677)	Data 0.001 (0.003)	Accuracy 0.0000 (0.0000)	Loss 0.1112 (0.1254)	
2018-01-28 22:25:00 Epoch: [2][300/406]	Time 1.672 (1.676)	Data 0.000 (0.003)	Accuracy 0.0000 (0.0000)	Loss 0.1384 (0.1256)	
2018-01-28 22:26:23 Epoch: [2][350/406]	Time 1.674 (1.676)	Data 0.000 (0.002)	Accuracy 0.0000 (0.0000)	Loss 0.1226 (0.1257)	
2018-01-28 22:27:47 Epoch: [2][400/406]	Time 1.673 (1.676)	Data 0.000 (0.002)	Accuracy 0.0000 (0.0000)	Loss 0.1210 (0.1254)	
2018-01-28 22:27:54 Epoch: [2][405/406]	Time 0.664 (1.673)	Data 0.000 (0.002)	Accuracy 0.0000 (0.0000)	Loss 0.1435 (0.1254)	
2018-01-28 22:27:54 Validating model
2018-01-28 22:28:46 Test: [101/101]	Time 0.333 (0.510)	Loss 0.10039	F2: 0.842546245919	
2018-01-28 22:28:46 Current model is best by val score 0.10039 < 0.10469
2018-01-28 22:28:46 early_stop_counter: 0
2018-01-28 22:28:47 Epoch 3
2018-01-28 22:30:13 Epoch: [3][50/406]	Time 1.676 (1.685)	Data 0.000 (0.011)	Accuracy 0.0000 (0.0000)	Loss 0.1146 (0.1238)	
2018-01-28 22:31:37 Epoch: [3][100/406]	Time 1.672 (1.679)	Data 0.001 (0.006)	Accuracy 0.0000 (0.0000)	Loss 0.1228 (0.1237)	
2018-01-28 22:33:00 Epoch: [3][150/406]	Time 1.672 (1.678)	Data 0.001 (0.004)	Accuracy 0.0000 (0.0000)	Loss 0.0973 (0.1228)	
2018-01-28 22:34:24 Epoch: [3][200/406]	Time 1.672 (1.677)	Data 0.001 (0.003)	Accuracy 0.0000 (0.0000)	Loss 0.1225 (0.1223)	
2018-01-28 22:35:48 Epoch: [3][250/406]	Time 1.677 (1.676)	Data 0.000 (0.003)	Accuracy 0.0000 (0.0000)	Loss 0.1258 (0.1223)	
2018-01-28 22:37:12 Epoch: [3][300/406]	Time 1.677 (1.676)	Data 0.001 (0.002)	Accuracy 0.0000 (0.0000)	Loss 0.1471 (0.1217)	
2018-01-28 22:38:35 Epoch: [3][350/406]	Time 1.675 (1.676)	Data 0.001 (0.002)	Accuracy 0.0000 (0.0000)	Loss 0.1198 (0.1220)	
2018-01-28 22:39:59 Epoch: [3][400/406]	Time 1.675 (1.676)	Data 0.001 (0.002)	Accuracy 0.0000 (0.0000)	Loss 0.1478 (0.1220)	
2018-01-28 22:40:06 Epoch: [3][405/406]	Time 0.665 (1.673)	Data 0.000 (0.002)	Accuracy 0.0000 (0.0000)	Loss 0.1382 (0.1219)	
2018-01-28 22:40:06 Validating model
2018-01-28 22:40:58 Test: [101/101]	Time 0.332 (0.510)	Loss 0.10042	F2: 0.85277454394	
2018-01-28 22:40:58 early_stop_counter: 1
2018-01-28 22:40:58 Epoch 4
2018-01-28 22:42:24 Epoch: [4][50/406]	Time 1.677 (1.687)	Data 0.000 (0.012)	Accuracy 0.0000 (0.0000)	Loss 0.1181 (0.1190)	
2018-01-28 22:43:48 Epoch: [4][100/406]	Time 1.677 (1.681)	Data 0.000 (0.006)	Accuracy 0.0000 (0.0000)	Loss 0.1272 (0.1228)	
2018-01-28 22:45:12 Epoch: [4][150/406]	Time 1.672 (1.679)	Data 0.001 (0.004)	Accuracy 0.0000 (0.0000)	Loss 0.1145 (0.1216)	
2018-01-28 22:46:36 Epoch: [4][200/406]	Time 1.676 (1.678)	Data 0.000 (0.003)	Accuracy 0.0000 (0.0000)	Loss 0.1152 (0.1203)	
2018-01-28 22:47:59 Epoch: [4][250/406]	Time 1.672 (1.677)	Data 0.001 (0.003)	Accuracy 0.0000 (0.0000)	Loss 0.0998 (0.1210)	
2018-01-28 22:49:23 Epoch: [4][300/406]	Time 1.677 (1.677)	Data 0.000 (0.002)	Accuracy 0.0000 (0.0000)	Loss 0.1013 (0.1212)	
2018-01-28 22:50:47 Epoch: [4][350/406]	Time 1.679 (1.677)	Data 0.001 (0.002)	Accuracy 0.0000 (0.0000)	Loss 0.1538 (0.1209)	
2018-01-28 22:52:10 Epoch: [4][400/406]	Time 1.674 (1.676)	Data 0.000 (0.002)	Accuracy 0.0000 (0.0000)	Loss 0.1113 (0.1204)	
2018-01-28 22:52:18 Epoch: [4][405/406]	Time 0.664 (1.674)	Data 0.000 (0.002)	Accuracy 0.0000 (0.0000)	Loss 0.1419 (0.1204)	
2018-01-28 22:52:18 Validating model
2018-01-28 22:53:09 Test: [101/101]	Time 0.332 (0.510)	Loss 0.09804	F2: 0.848238528737	
2018-01-28 22:53:09 Current model is best by val score 0.09804 < 0.10039
2018-01-28 22:53:09 early_stop_counter: 0
2018-01-28 22:53:10 Epoch 5
2018-01-28 22:54:36 Epoch: [5][50/406]	Time 1.674 (1.687)	Data 0.001 (0.012)	Accuracy 0.0000 (0.0000)	Loss 0.1418 (0.1185)	
2018-01-28 22:56:00 Epoch: [5][100/406]	Time 1.675 (1.681)	Data 0.000 (0.007)	Accuracy 0.0000 (0.0000)	Loss 0.1069 (0.1182)	
2018-01-28 22:57:24 Epoch: [5][150/406]	Time 1.674 (1.679)	Data 0.000 (0.005)	Accuracy 0.0000 (0.0000)	Loss 0.1216 (0.1197)	
2018-01-28 22:58:47 Epoch: [5][200/406]	Time 1.674 (1.678)	Data 0.001 (0.004)	Accuracy 0.0000 (0.0000)	Loss 0.1196 (0.1199)	
2018-01-28 23:00:11 Epoch: [5][250/406]	Time 1.676 (1.678)	Data 0.000 (0.003)	Accuracy 0.0000 (0.0000)	Loss 0.1055 (0.1196)	
2018-01-28 23:01:35 Epoch: [5][300/406]	Time 1.675 (1.677)	Data 0.001 (0.003)	Accuracy 0.0000 (0.0000)	Loss 0.1187 (0.1198)	
2018-01-28 23:02:59 Epoch: [5][350/406]	Time 1.673 (1.677)	Data 0.000 (0.002)	Accuracy 0.0000 (0.0000)	Loss 0.1273 (0.1192)	
2018-01-28 23:04:23 Epoch: [5][400/406]	Time 1.671 (1.677)	Data 0.001 (0.002)	Accuracy 0.0000 (0.0000)	Loss 0.1252 (0.1188)	
2018-01-28 23:04:30 Epoch: [5][405/406]	Time 0.669 (1.674)	Data 0.000 (0.002)	Accuracy 0.0000 (0.0000)	Loss 0.1166 (0.1187)	
2018-01-28 23:04:30 Validating model
2018-01-28 23:05:21 Test: [101/101]	Time 0.335 (0.509)	Loss 0.09843	F2: 0.852667071138	
2018-01-28 23:05:21 early_stop_counter: 1
2018-01-28 23:05:22 Epoch 6
2018-01-28 23:06:48 Epoch: [6][50/406]	Time 1.674 (1.685)	Data 0.001 (0.012)	Accuracy 0.0000 (0.0000)	Loss 0.0956 (0.1153)	
2018-01-28 23:08:11 Epoch: [6][100/406]	Time 1.678 (1.680)	Data 0.001 (0.007)	Accuracy 0.0000 (0.0000)	Loss 0.1133 (0.1172)	
2018-01-28 23:09:35 Epoch: [6][150/406]	Time 1.674 (1.678)	Data 0.001 (0.005)	Accuracy 0.0000 (0.0000)	Loss 0.1114 (0.1172)	
2018-01-28 23:10:59 Epoch: [6][200/406]	Time 1.679 (1.677)	Data 0.001 (0.004)	Accuracy 0.0000 (0.0000)	Loss 0.1324 (0.1177)	
2018-01-28 23:12:23 Epoch: [6][250/406]	Time 1.671 (1.676)	Data 0.001 (0.003)	Accuracy 0.0000 (0.0000)	Loss 0.1276 (0.1182)	
2018-01-28 23:13:46 Epoch: [6][300/406]	Time 1.671 (1.676)	Data 0.001 (0.003)	Accuracy 0.0000 (0.0000)	Loss 0.1295 (0.1184)	
2018-01-28 23:15:10 Epoch: [6][350/406]	Time 1.671 (1.676)	Data 0.001 (0.002)	Accuracy 0.0000 (0.0000)	Loss 0.1068 (0.1178)	
2018-01-28 23:16:34 Epoch: [6][400/406]	Time 1.672 (1.676)	Data 0.000 (0.002)	Accuracy 0.0000 (0.0000)	Loss 0.1057 (0.1178)	
2018-01-28 23:16:41 Epoch: [6][405/406]	Time 0.666 (1.673)	Data 0.000 (0.002)	Accuracy 0.0000 (0.0000)	Loss 0.1144 (0.1177)	
2018-01-28 23:16:41 Validating model
2018-01-28 23:17:33 Test: [101/101]	Time 0.333 (0.510)	Loss 0.09733	F2: 0.84782164467	
2018-01-28 23:17:33 Current model is best by val score 0.09733 < 0.09804
2018-01-28 23:17:33 early_stop_counter: 0
2018-01-28 23:17:34 Epoch 7
2018-01-28 23:18:59 Epoch: [7][50/406]	Time 1.671 (1.684)	Data 0.001 (0.013)	Accuracy 0.0000 (0.0000)	Loss 0.0987 (0.1190)	
2018-01-28 23:20:23 Epoch: [7][100/406]	Time 1.674 (1.678)	Data 0.000 (0.007)	Accuracy 0.0000 (0.0000)	Loss 0.1205 (0.1206)	
2018-01-28 23:21:47 Epoch: [7][150/406]	Time 1.673 (1.677)	Data 0.001 (0.005)	Accuracy 0.0000 (0.0000)	Loss 0.1326 (0.1184)	
2018-01-28 23:23:10 Epoch: [7][200/406]	Time 1.678 (1.676)	Data 0.001 (0.004)	Accuracy 0.0000 (0.0000)	Loss 0.0973 (0.1183)	
2018-01-28 23:24:34 Epoch: [7][250/406]	Time 1.676 (1.676)	Data 0.001 (0.003)	Accuracy 0.0000 (0.0000)	Loss 0.1121 (0.1182)	
2018-01-28 23:25:58 Epoch: [7][300/406]	Time 1.672 (1.675)	Data 0.000 (0.003)	Accuracy 0.0000 (0.0000)	Loss 0.1402 (0.1177)	
2018-01-28 23:27:22 Epoch: [7][350/406]	Time 1.671 (1.675)	Data 0.001 (0.002)	Accuracy 0.0000 (0.0000)	Loss 0.1335 (0.1172)	
2018-01-28 23:28:45 Epoch: [7][400/406]	Time 1.672 (1.675)	Data 0.001 (0.002)	Accuracy 0.0000 (0.0000)	Loss 0.1154 (0.1172)	
2018-01-28 23:28:53 Epoch: [7][405/406]	Time 0.665 (1.673)	Data 0.000 (0.002)	Accuracy 0.0000 (0.0000)	Loss 0.1386 (0.1170)	
2018-01-28 23:28:53 Validating model
2018-01-28 23:29:44 Test: [101/101]	Time 0.333 (0.510)	Loss 0.09714	F2: 0.852356521757	
2018-01-28 23:29:44 Current model is best by val score 0.09714 < 0.09733
2018-01-28 23:29:44 early_stop_counter: 0
2018-01-28 23:29:45 Epoch 8
2018-01-28 23:31:11 Epoch: [8][50/406]	Time 1.674 (1.686)	Data 0.001 (0.012)	Accuracy 0.0000 (0.0000)	Loss 0.1253 (0.1152)	
2018-01-28 23:32:35 Epoch: [8][100/406]	Time 1.673 (1.680)	Data 0.001 (0.006)	Accuracy 0.0000 (0.0000)	Loss 0.1319 (0.1176)	
2018-01-28 23:33:58 Epoch: [8][150/406]	Time 1.674 (1.678)	Data 0.001 (0.005)	Accuracy 0.0000 (0.0000)	Loss 0.1581 (0.1181)	
2018-01-28 23:35:22 Epoch: [8][200/406]	Time 1.674 (1.677)	Data 0.001 (0.004)	Accuracy 0.0000 (0.0000)	Loss 0.1091 (0.1174)	
2018-01-28 23:36:46 Epoch: [8][250/406]	Time 1.677 (1.676)	Data 0.001 (0.003)	Accuracy 0.0000 (0.0000)	Loss 0.1070 (0.1167)	
2018-01-28 23:38:10 Epoch: [8][300/406]	Time 1.674 (1.676)	Data 0.000 (0.003)	Accuracy 0.0000 (0.0000)	Loss 0.1368 (0.1166)	
2018-01-28 23:39:33 Epoch: [8][350/406]	Time 1.672 (1.676)	Data 0.001 (0.002)	Accuracy 0.0000 (0.0000)	Loss 0.1005 (0.1160)	
2018-01-28 23:40:57 Epoch: [8][400/406]	Time 1.674 (1.676)	Data 0.000 (0.002)	Accuracy 0.0000 (0.0000)	Loss 0.1127 (0.1160)	
2018-01-28 23:41:04 Epoch: [8][405/406]	Time 0.666 (1.673)	Data 0.000 (0.002)	Accuracy 0.0000 (0.0000)	Loss 0.1051 (0.1161)	
2018-01-28 23:41:04 Validating model
2018-01-28 23:41:56 Test: [101/101]	Time 0.333 (0.510)	Loss 0.09553	F2: 0.859259873888	
2018-01-28 23:41:56 Current model is best by val score 0.09553 < 0.09714
2018-01-28 23:41:56 early_stop_counter: 0
2018-01-28 23:41:57 Epoch 9
2018-01-28 23:43:23 Epoch: [9][50/406]	Time 1.670 (1.684)	Data 0.001 (0.012)	Accuracy 0.0000 (0.0000)	Loss 0.1249 (0.1163)	
2018-01-28 23:44:46 Epoch: [9][100/406]	Time 1.674 (1.679)	Data 0.001 (0.006)	Accuracy 0.0000 (0.0000)	Loss 0.1058 (0.1144)	
2018-01-28 23:46:10 Epoch: [9][150/406]	Time 1.673 (1.677)	Data 0.000 (0.004)	Accuracy 0.0000 (0.0000)	Loss 0.1082 (0.1150)	
2018-01-28 23:47:34 Epoch: [9][200/406]	Time 1.674 (1.676)	Data 0.001 (0.004)	Accuracy 0.0000 (0.0000)	Loss 0.1024 (0.1148)	
2018-01-28 23:48:57 Epoch: [9][250/406]	Time 1.675 (1.676)	Data 0.001 (0.003)	Accuracy 0.0000 (0.0000)	Loss 0.1134 (0.1147)	
2018-01-28 23:50:21 Epoch: [9][300/406]	Time 1.670 (1.675)	Data 0.001 (0.003)	Accuracy 0.0000 (0.0000)	Loss 0.1374 (0.1143)	
2018-01-28 23:51:45 Epoch: [9][350/406]	Time 1.676 (1.675)	Data 0.000 (0.002)	Accuracy 0.0000 (0.0000)	Loss 0.1502 (0.1148)	
2018-01-28 23:53:09 Epoch: [9][400/406]	Time 1.672 (1.675)	Data 0.001 (0.002)	Accuracy 0.0000 (0.0000)	Loss 0.1174 (0.1151)	
2018-01-28 23:53:16 Epoch: [9][405/406]	Time 0.668 (1.673)	Data 0.000 (0.002)	Accuracy 0.0000 (0.0000)	Loss 0.1224 (0.1150)	
2018-01-28 23:53:16 Validating model
2018-01-28 23:54:07 Test: [101/101]	Time 0.333 (0.510)	Loss 0.09369	F2: 0.859209050821	
2018-01-28 23:54:07 Current model is best by val score 0.09369 < 0.09553
2018-01-28 23:54:07 early_stop_counter: 0
2018-01-28 23:54:08 Epoch 10
2018-01-28 23:55:34 Epoch: [10][50/406]	Time 1.673 (1.685)	Data 0.001 (0.013)	Accuracy 0.0000 (0.0000)	Loss 0.1370 (0.1128)	
2018-01-28 23:56:58 Epoch: [10][100/406]	Time 1.677 (1.679)	Data 0.001 (0.007)	Accuracy 0.0000 (0.0000)	Loss 0.0989 (0.1160)	
2018-01-28 23:58:22 Epoch: [10][150/406]	Time 1.672 (1.677)	Data 0.001 (0.005)	Accuracy 0.0000 (0.0000)	Loss 0.0928 (0.1140)	
2018-01-28 23:59:45 Epoch: [10][200/406]	Time 1.674 (1.676)	Data 0.001 (0.004)	Accuracy 0.0000 (0.0000)	Loss 0.1112 (0.1144)	
2018-01-29 00:01:09 Epoch: [10][250/406]	Time 1.675 (1.676)	Data 0.000 (0.003)	Accuracy 0.0000 (0.0000)	Loss 0.1094 (0.1143)	
2018-01-29 00:02:33 Epoch: [10][300/406]	Time 1.671 (1.675)	Data 0.001 (0.003)	Accuracy 0.0000 (0.0000)	Loss 0.1224 (0.1138)	
2018-01-29 00:03:56 Epoch: [10][350/406]	Time 1.674 (1.675)	Data 0.001 (0.002)	Accuracy 0.0000 (0.0000)	Loss 0.1374 (0.1138)	
2018-01-29 00:05:20 Epoch: [10][400/406]	Time 1.670 (1.675)	Data 0.001 (0.002)	Accuracy 0.0000 (0.0000)	Loss 0.1030 (0.1139)	
2018-01-29 00:05:27 Epoch: [10][405/406]	Time 0.665 (1.672)	Data 0.000 (0.002)	Accuracy 0.0000 (0.0000)	Loss 0.1008 (0.1139)	
2018-01-29 00:05:27 Validating model
2018-01-29 00:06:19 Test: [101/101]	Time 0.333 (0.509)	Loss 0.09663	F2: 0.860243497576	
2018-01-29 00:06:19 early_stop_counter: 1
2018-01-29 00:06:19 Epoch 11
2018-01-29 00:07:45 Epoch: [11][50/406]	Time 1.678 (1.687)	Data 0.001 (0.013)	Accuracy 0.0000 (0.0000)	Loss 0.1238 (0.1127)	
2018-01-29 00:09:09 Epoch: [11][100/406]	Time 1.675 (1.680)	Data 0.001 (0.007)	Accuracy 0.0000 (0.0000)	Loss 0.1102 (0.1132)	
2018-01-29 00:10:33 Epoch: [11][150/406]	Time 1.672 (1.678)	Data 0.001 (0.005)	Accuracy 0.0000 (0.0000)	Loss 0.1159 (0.1140)	
2018-01-29 00:11:56 Epoch: [11][200/406]	Time 1.672 (1.677)	Data 0.000 (0.004)	Accuracy 0.0000 (0.0000)	Loss 0.1076 (0.1137)	
2018-01-29 00:13:20 Epoch: [11][250/406]	Time 1.673 (1.676)	Data 0.001 (0.003)	Accuracy 0.0000 (0.0000)	Loss 0.1144 (0.1136)	
2018-01-29 00:14:43 Epoch: [11][300/406]	Time 1.674 (1.675)	Data 0.001 (0.003)	Accuracy 0.0000 (0.0000)	Loss 0.0998 (0.1145)	
2018-01-29 00:16:07 Epoch: [11][350/406]	Time 1.674 (1.675)	Data 0.001 (0.002)	Accuracy 0.0000 (0.0000)	Loss 0.1124 (0.1146)	
2018-01-29 00:17:31 Epoch: [11][400/406]	Time 1.674 (1.674)	Data 0.000 (0.002)	Accuracy 0.0000 (0.0000)	Loss 0.1043 (0.1142)	
2018-01-29 00:17:38 Epoch: [11][405/406]	Time 0.665 (1.672)	Data 0.000 (0.002)	Accuracy 0.0000 (0.0000)	Loss 0.1186 (0.1141)	
2018-01-29 00:17:38 Validating model
2018-01-29 00:18:30 Test: [101/101]	Time 0.332 (0.510)	Loss 0.09315	F2: 0.860966929516	
2018-01-29 00:18:30 Current model is best by val score 0.09315 < 0.09369
2018-01-29 00:18:30 early_stop_counter: 0
2018-01-29 00:18:31 Epoch 12
2018-01-29 00:19:56 Epoch: [12][50/406]	Time 1.671 (1.684)	Data 0.000 (0.013)	Accuracy 0.0000 (0.0000)	Loss 0.1132 (0.1136)	
2018-01-29 00:21:20 Epoch: [12][100/406]	Time 1.675 (1.679)	Data 0.001 (0.007)	Accuracy 0.0000 (0.0000)	Loss 0.1085 (0.1137)	
2018-01-29 00:22:44 Epoch: [12][150/406]	Time 1.674 (1.677)	Data 0.000 (0.005)	Accuracy 0.0000 (0.0000)	Loss 0.1632 (0.1125)	
2018-01-29 00:24:08 Epoch: [12][200/406]	Time 1.674 (1.677)	Data 0.001 (0.004)	Accuracy 0.0000 (0.0000)	Loss 0.1215 (0.1125)	
2018-01-29 00:25:31 Epoch: [12][250/406]	Time 1.675 (1.676)	Data 0.001 (0.003)	Accuracy 0.0000 (0.0000)	Loss 0.0906 (0.1126)	
2018-01-29 00:26:55 Epoch: [12][300/406]	Time 1.676 (1.676)	Data 0.001 (0.003)	Accuracy 0.0000 (0.0000)	Loss 0.1002 (0.1123)	
2018-01-29 00:28:19 Epoch: [12][350/406]	Time 1.683 (1.676)	Data 0.000 (0.002)	Accuracy 0.0000 (0.0000)	Loss 0.1008 (0.1122)	
2018-01-29 00:29:42 Epoch: [12][400/406]	Time 1.676 (1.675)	Data 0.000 (0.002)	Accuracy 0.0000 (0.0000)	Loss 0.1194 (0.1123)	
2018-01-29 00:29:50 Epoch: [12][405/406]	Time 0.666 (1.673)	Data 0.000 (0.002)	Accuracy 0.0000 (0.0000)	Loss 0.1003 (0.1123)	
2018-01-29 00:29:50 Validating model
2018-01-29 00:30:41 Test: [101/101]	Time 0.333 (0.510)	Loss 0.09586	F2: 0.854775357987	
2018-01-29 00:30:41 early_stop_counter: 1
2018-01-29 00:30:42 Epoch 13
2018-01-29 00:32:08 Epoch: [13][50/406]	Time 1.677 (1.686)	Data 0.001 (0.012)	Accuracy 0.0000 (0.0000)	Loss 0.0995 (0.1109)	
2018-01-29 00:33:31 Epoch: [13][100/406]	Time 1.679 (1.681)	Data 0.001 (0.006)	Accuracy 0.0000 (0.0000)	Loss 0.1036 (0.1092)	
2018-01-29 00:34:55 Epoch: [13][150/406]	Time 1.674 (1.679)	Data 0.000 (0.005)	Accuracy 0.0000 (0.0000)	Loss 0.1324 (0.1097)	
2018-01-29 00:36:19 Epoch: [13][200/406]	Time 1.671 (1.678)	Data 0.001 (0.004)	Accuracy 0.0000 (0.0000)	Loss 0.1195 (0.1104)	
2018-01-29 00:37:43 Epoch: [13][250/406]	Time 1.676 (1.677)	Data 0.001 (0.003)	Accuracy 0.0000 (0.0000)	Loss 0.1097 (0.1106)	
2018-01-29 00:39:06 Epoch: [13][300/406]	Time 1.670 (1.677)	Data 0.001 (0.003)	Accuracy 0.0000 (0.0000)	Loss 0.1083 (0.1114)	
2018-01-29 00:40:30 Epoch: [13][350/406]	Time 1.677 (1.677)	Data 0.001 (0.002)	Accuracy 0.0000 (0.0000)	Loss 0.1572 (0.1115)	
2018-01-29 00:41:54 Epoch: [13][400/406]	Time 1.675 (1.676)	Data 0.001 (0.002)	Accuracy 0.0000 (0.0000)	Loss 0.1158 (0.1118)	
2018-01-29 00:42:01 Epoch: [13][405/406]	Time 0.669 (1.674)	Data 0.000 (0.002)	Accuracy 0.0000 (0.0000)	Loss 0.1195 (0.1117)	
2018-01-29 00:42:01 Validating model
2018-01-29 00:42:53 Test: [101/101]	Time 0.334 (0.510)	Loss 0.09337	F2: 0.860459213449	
2018-01-29 00:42:53 early_stop_counter: 2
2018-01-29 00:42:53 Epoch 14
2018-01-29 00:44:19 Epoch: [14][50/406]	Time 1.671 (1.685)	Data 0.001 (0.012)	Accuracy 0.0000 (0.0000)	Loss 0.0842 (0.1110)	
2018-01-29 00:45:43 Epoch: [14][100/406]	Time 1.676 (1.680)	Data 0.001 (0.006)	Accuracy 0.0000 (0.0000)	Loss 0.1073 (0.1111)	
2018-01-29 00:47:07 Epoch: [14][150/406]	Time 1.678 (1.678)	Data 0.001 (0.004)	Accuracy 0.0000 (0.0000)	Loss 0.1011 (0.1107)	
2018-01-29 00:48:30 Epoch: [14][200/406]	Time 1.679 (1.677)	Data 0.001 (0.003)	Accuracy 0.0000 (0.0000)	Loss 0.0821 (0.1109)	
2018-01-29 00:49:54 Epoch: [14][250/406]	Time 1.675 (1.677)	Data 0.000 (0.003)	Accuracy 0.0000 (0.0000)	Loss 0.1280 (0.1118)	
2018-01-29 00:51:18 Epoch: [14][300/406]	Time 1.677 (1.676)	Data 0.001 (0.003)	Accuracy 0.0000 (0.0000)	Loss 0.1234 (0.1120)	
2018-01-29 00:52:42 Epoch: [14][350/406]	Time 1.674 (1.676)	Data 0.000 (0.002)	Accuracy 0.0000 (0.0000)	Loss 0.1014 (0.1120)	
2018-01-29 00:54:05 Epoch: [14][400/406]	Time 1.675 (1.676)	Data 0.001 (0.002)	Accuracy 0.0000 (0.0000)	Loss 0.1222 (0.1124)	
2018-01-29 00:54:13 Epoch: [14][405/406]	Time 0.668 (1.674)	Data 0.000 (0.002)	Accuracy 0.0000 (0.0000)	Loss 0.1270 (0.1124)	
2018-01-29 00:54:13 Validating model
2018-01-29 00:55:04 Test: [101/101]	Time 0.333 (0.510)	Loss 0.09319	F2: 0.862084480842	
2018-01-29 00:55:04 early_stop_counter: 3
2018-01-29 00:55:04 Setting for group learning rate=0.01000000, epoch=14
2018-01-29 00:55:04 Setting for group learning rate=0.00100000, epoch=14
2018-01-29 00:55:05 Loaded the model from previous best step
2018-01-29 00:55:05 Loaded best model /home/tzaumiaan/deepLearningProject/results/model_best.pth.tar, arch=densenet121_
2018-01-29 00:55:05 Epoch 15
2018-01-29 00:56:31 Epoch: [15][50/406]	Time 1.677 (1.684)	Data 0.001 (0.012)	Accuracy 0.0000 (0.0000)	Loss 0.1018 (0.1149)	
2018-01-29 00:57:55 Epoch: [15][100/406]	Time 1.679 (1.680)	Data 0.001 (0.006)	Accuracy 0.0000 (0.0000)	Loss 0.1027 (0.1123)	
2018-01-29 00:59:18 Epoch: [15][150/406]	Time 1.678 (1.678)	Data 0.000 (0.004)	Accuracy 0.0000 (0.0000)	Loss 0.1392 (0.1121)	
2018-01-29 01:00:42 Epoch: [15][200/406]	Time 1.676 (1.677)	Data 0.001 (0.003)	Accuracy 0.0000 (0.0000)	Loss 0.1126 (0.1104)	
2018-01-29 01:02:06 Epoch: [15][250/406]	Time 1.677 (1.677)	Data 0.000 (0.003)	Accuracy 0.0000 (0.0000)	Loss 0.1209 (0.1103)	
2018-01-29 01:03:30 Epoch: [15][300/406]	Time 1.677 (1.677)	Data 0.001 (0.002)	Accuracy 0.0000 (0.0000)	Loss 0.1162 (0.1100)	
2018-01-29 01:04:53 Epoch: [15][350/406]	Time 1.673 (1.676)	Data 0.001 (0.002)	Accuracy 0.0000 (0.0000)	Loss 0.0864 (0.1099)	
2018-01-29 01:06:17 Epoch: [15][400/406]	Time 1.673 (1.676)	Data 0.001 (0.002)	Accuracy 0.0000 (0.0000)	Loss 0.0941 (0.1097)	
2018-01-29 01:06:24 Epoch: [15][405/406]	Time 0.667 (1.674)	Data 0.000 (0.002)	Accuracy 0.0000 (0.0000)	Loss 0.0726 (0.1096)	
2018-01-29 01:06:24 Validating model
2018-01-29 01:07:16 Test: [101/101]	Time 0.331 (0.510)	Loss 0.09045	F2: 0.865770203505	
2018-01-29 01:07:16 Current model is best by val score 0.09045 < 0.09315
2018-01-29 01:07:16 early_stop_counter: 0
2018-01-29 01:07:17 Epoch 16
2018-01-29 01:08:43 Epoch: [16][50/406]	Time 1.672 (1.686)	Data 0.001 (0.013)	Accuracy 0.0000 (0.0000)	Loss 0.1179 (0.1102)	
2018-01-29 01:10:07 Epoch: [16][100/406]	Time 1.679 (1.680)	Data 0.001 (0.007)	Accuracy 0.0000 (0.0000)	Loss 0.1343 (0.1104)	
2018-01-29 01:11:30 Epoch: [16][150/406]	Time 1.675 (1.678)	Data 0.001 (0.005)	Accuracy 0.0000 (0.0000)	Loss 0.1008 (0.1095)	
2018-01-29 01:12:54 Epoch: [16][200/406]	Time 1.671 (1.677)	Data 0.001 (0.004)	Accuracy 0.0000 (0.0000)	Loss 0.1137 (0.1095)	
2018-01-29 01:14:18 Epoch: [16][250/406]	Time 1.675 (1.677)	Data 0.001 (0.003)	Accuracy 0.0000 (0.0000)	Loss 0.1120 (0.1091)	
2018-01-29 01:15:41 Epoch: [16][300/406]	Time 1.672 (1.676)	Data 0.001 (0.003)	Accuracy 0.0000 (0.0000)	Loss 0.0841 (0.1081)	
2018-01-29 01:17:05 Epoch: [16][350/406]	Time 1.674 (1.676)	Data 0.000 (0.002)	Accuracy 0.0000 (0.0000)	Loss 0.1168 (0.1080)	
2018-01-29 01:18:29 Epoch: [16][400/406]	Time 1.675 (1.675)	Data 0.001 (0.002)	Accuracy 0.0000 (0.0000)	Loss 0.1134 (0.1081)	
2018-01-29 01:18:36 Epoch: [16][405/406]	Time 0.668 (1.673)	Data 0.000 (0.002)	Accuracy 0.0000 (0.0000)	Loss 0.0839 (0.1081)	
2018-01-29 01:18:36 Validating model
2018-01-29 01:19:28 Test: [101/101]	Time 0.335 (0.510)	Loss 0.09076	F2: 0.864338188438	
2018-01-29 01:19:28 early_stop_counter: 1
2018-01-29 01:19:28 Epoch 17
2018-01-29 01:20:54 Epoch: [17][50/406]	Time 1.671 (1.682)	Data 0.000 (0.013)	Accuracy 0.0000 (0.0000)	Loss 0.1008 (0.1094)	
2018-01-29 01:22:18 Epoch: [17][100/406]	Time 1.674 (1.678)	Data 0.001 (0.007)	Accuracy 0.0000 (0.0000)	Loss 0.0775 (0.1086)	
2018-01-29 01:23:41 Epoch: [17][150/406]	Time 1.675 (1.677)	Data 0.001 (0.005)	Accuracy 0.0000 (0.0000)	Loss 0.0964 (0.1080)	
2018-01-29 01:25:05 Epoch: [17][200/406]	Time 1.675 (1.676)	Data 0.000 (0.004)	Accuracy 0.0000 (0.0000)	Loss 0.1073 (0.1082)	
2018-01-29 01:26:29 Epoch: [17][250/406]	Time 1.677 (1.676)	Data 0.000 (0.003)	Accuracy 0.0000 (0.0000)	Loss 0.0962 (0.1079)	
2018-01-29 01:27:53 Epoch: [17][300/406]	Time 1.678 (1.676)	Data 0.001 (0.003)	Accuracy 0.0000 (0.0000)	Loss 0.1303 (0.1077)	
2018-01-29 01:29:16 Epoch: [17][350/406]	Time 1.678 (1.676)	Data 0.001 (0.002)	Accuracy 0.0000 (0.0000)	Loss 0.1176 (0.1080)	
2018-01-29 01:30:40 Epoch: [17][400/406]	Time 1.672 (1.675)	Data 0.001 (0.002)	Accuracy 0.0000 (0.0000)	Loss 0.0862 (0.1083)	
2018-01-29 01:30:47 Epoch: [17][405/406]	Time 0.667 (1.673)	Data 0.000 (0.002)	Accuracy 0.0000 (0.0000)	Loss 0.1315 (0.1082)	
2018-01-29 01:30:47 Validating model
2018-01-29 01:31:39 Test: [101/101]	Time 0.335 (0.510)	Loss 0.09016	F2: 0.864208070092	
2018-01-29 01:31:39 Current model is best by val score 0.09016 < 0.09045
2018-01-29 01:31:39 early_stop_counter: 0
2018-01-29 01:31:40 Epoch 18
2018-01-29 01:33:06 Epoch: [18][50/406]	Time 1.676 (1.687)	Data 0.001 (0.012)	Accuracy 0.0000 (0.0000)	Loss 0.0911 (0.1061)	
2018-01-29 01:34:30 Epoch: [18][100/406]	Time 1.677 (1.681)	Data 0.000 (0.006)	Accuracy 0.0000 (0.0000)	Loss 0.0990 (0.1080)	
2018-01-29 01:35:53 Epoch: [18][150/406]	Time 1.674 (1.679)	Data 0.001 (0.004)	Accuracy 0.0000 (0.0000)	Loss 0.1142 (0.1077)	
2018-01-29 01:37:17 Epoch: [18][200/406]	Time 1.678 (1.677)	Data 0.000 (0.003)	Accuracy 0.0000 (0.0000)	Loss 0.1357 (0.1082)	
2018-01-29 01:38:41 Epoch: [18][250/406]	Time 1.674 (1.677)	Data 0.001 (0.003)	Accuracy 0.0000 (0.0000)	Loss 0.1094 (0.1077)	
2018-01-29 01:40:04 Epoch: [18][300/406]	Time 1.673 (1.676)	Data 0.001 (0.003)	Accuracy 0.0000 (0.0000)	Loss 0.1072 (0.1081)	
2018-01-29 01:41:28 Epoch: [18][350/406]	Time 1.672 (1.676)	Data 0.001 (0.002)	Accuracy 0.0000 (0.0000)	Loss 0.1168 (0.1080)	
2018-01-29 01:42:52 Epoch: [18][400/406]	Time 1.675 (1.676)	Data 0.001 (0.002)	Accuracy 0.0000 (0.0000)	Loss 0.0891 (0.1079)	
2018-01-29 01:42:59 Epoch: [18][405/406]	Time 0.669 (1.673)	Data 0.000 (0.002)	Accuracy 0.0000 (0.0000)	Loss 0.0791 (0.1079)	
2018-01-29 01:42:59 Validating model
2018-01-29 01:43:51 Test: [101/101]	Time 0.332 (0.510)	Loss 0.08997	F2: 0.863189666316	
2018-01-29 01:43:51 Current model is best by val score 0.08997 < 0.09016
2018-01-29 01:43:51 early_stop_counter: 0
2018-01-29 01:43:52 Epoch 19
2018-01-29 01:45:18 Epoch: [19][50/406]	Time 1.673 (1.685)	Data 0.001 (0.011)	Accuracy 0.0000 (0.0000)	Loss 0.1115 (0.1079)	
2018-01-29 01:46:41 Epoch: [19][100/406]	Time 1.673 (1.680)	Data 0.001 (0.006)	Accuracy 0.0000 (0.0000)	Loss 0.1170 (0.1068)	
2018-01-29 01:48:05 Epoch: [19][150/406]	Time 1.676 (1.678)	Data 0.001 (0.004)	Accuracy 0.0000 (0.0000)	Loss 0.1110 (0.1070)	
2018-01-29 01:49:29 Epoch: [19][200/406]	Time 1.677 (1.677)	Data 0.001 (0.003)	Accuracy 0.0000 (0.0000)	Loss 0.1081 (0.1074)	
2018-01-29 01:50:52 Epoch: [19][250/406]	Time 1.675 (1.676)	Data 0.001 (0.003)	Accuracy 0.0000 (0.0000)	Loss 0.1021 (0.1071)	
2018-01-29 01:52:16 Epoch: [19][300/406]	Time 1.676 (1.676)	Data 0.001 (0.002)	Accuracy 0.0000 (0.0000)	Loss 0.0999 (0.1075)	
2018-01-29 01:53:40 Epoch: [19][350/406]	Time 1.674 (1.675)	Data 0.001 (0.002)	Accuracy 0.0000 (0.0000)	Loss 0.1132 (0.1074)	
2018-01-29 01:55:03 Epoch: [19][400/406]	Time 1.675 (1.675)	Data 0.001 (0.002)	Accuracy 0.0000 (0.0000)	Loss 0.0842 (0.1077)	
2018-01-29 01:55:11 Epoch: [19][405/406]	Time 0.666 (1.673)	Data 0.000 (0.002)	Accuracy 0.0000 (0.0000)	Loss 0.0937 (0.1076)	
2018-01-29 01:55:11 Validating model
2018-01-29 01:56:02 Test: [101/101]	Time 0.334 (0.509)	Loss 0.08985	F2: 0.865336788145	
2018-01-29 01:56:02 Current model is best by val score 0.08985 < 0.08997
2018-01-29 01:56:02 early_stop_counter: 0
2018-01-29 01:56:03 Epoch 20
2018-01-29 01:57:29 Epoch: [20][50/406]	Time 1.671 (1.685)	Data 0.000 (0.013)	Accuracy 0.0000 (0.0000)	Loss 0.0963 (0.1089)	
2018-01-29 01:58:53 Epoch: [20][100/406]	Time 1.673 (1.679)	Data 0.001 (0.007)	Accuracy 0.0000 (0.0000)	Loss 0.1020 (0.1089)	
2018-01-29 02:00:17 Epoch: [20][150/406]	Time 1.675 (1.678)	Data 0.001 (0.005)	Accuracy 0.0000 (0.0000)	Loss 0.0914 (0.1092)	
2018-01-29 02:01:40 Epoch: [20][200/406]	Time 1.678 (1.677)	Data 0.001 (0.004)	Accuracy 0.0000 (0.0000)	Loss 0.0981 (0.1082)	
2018-01-29 02:03:04 Epoch: [20][250/406]	Time 1.673 (1.677)	Data 0.001 (0.003)	Accuracy 0.0000 (0.0000)	Loss 0.1001 (0.1079)	
2018-01-29 02:04:28 Epoch: [20][300/406]	Time 1.672 (1.676)	Data 0.001 (0.003)	Accuracy 0.0000 (0.0000)	Loss 0.1129 (0.1077)	
2018-01-29 02:05:51 Epoch: [20][350/406]	Time 1.670 (1.675)	Data 0.001 (0.002)	Accuracy 0.0000 (0.0000)	Loss 0.1038 (0.1080)	
2018-01-29 02:07:15 Epoch: [20][400/406]	Time 1.674 (1.675)	Data 0.001 (0.002)	Accuracy 0.0000 (0.0000)	Loss 0.1074 (0.1075)	
2018-01-29 02:07:22 Epoch: [20][405/406]	Time 0.662 (1.673)	Data 0.000 (0.002)	Accuracy 0.0000 (0.0000)	Loss 0.1807 (0.1076)	
2018-01-29 02:07:22 Validating model
2018-01-29 02:08:14 Test: [101/101]	Time 0.331 (0.509)	Loss 0.08981	F2: 0.864507641407	
2018-01-29 02:08:14 Current model is best by val score 0.08981 < 0.08985
2018-01-29 02:08:14 early_stop_counter: 0
2018-01-29 02:08:15 Epoch 21
2018-01-29 02:09:41 Epoch: [21][50/406]	Time 1.670 (1.683)	Data 0.001 (0.012)	Accuracy 0.0000 (0.0000)	Loss 0.1027 (0.1044)	
2018-01-29 02:11:04 Epoch: [21][100/406]	Time 1.672 (1.678)	Data 0.001 (0.006)	Accuracy 0.0000 (0.0000)	Loss 0.1097 (0.1071)	
2018-01-29 02:12:28 Epoch: [21][150/406]	Time 1.676 (1.676)	Data 0.001 (0.004)	Accuracy 0.0000 (0.0000)	Loss 0.1002 (0.1078)	
2018-01-29 02:13:52 Epoch: [21][200/406]	Time 1.673 (1.676)	Data 0.001 (0.003)	Accuracy 0.0000 (0.0000)	Loss 0.1267 (0.1077)	
2018-01-29 02:15:15 Epoch: [21][250/406]	Time 1.675 (1.675)	Data 0.001 (0.003)	Accuracy 0.0000 (0.0000)	Loss 0.0792 (0.1071)	
2018-01-29 02:16:39 Epoch: [21][300/406]	Time 1.672 (1.674)	Data 0.001 (0.002)	Accuracy 0.0000 (0.0000)	Loss 0.0994 (0.1069)	
2018-01-29 02:18:02 Epoch: [21][350/406]	Time 1.672 (1.674)	Data 0.001 (0.002)	Accuracy 0.0000 (0.0000)	Loss 0.1118 (0.1071)	
2018-01-29 02:19:26 Epoch: [21][400/406]	Time 1.674 (1.674)	Data 0.000 (0.002)	Accuracy 0.0000 (0.0000)	Loss 0.1020 (0.1074)	
2018-01-29 02:19:33 Epoch: [21][405/406]	Time 0.664 (1.671)	Data 0.000 (0.002)	Accuracy 0.0000 (0.0000)	Loss 0.1011 (0.1075)	
2018-01-29 02:19:33 Validating model
2018-01-29 02:20:25 Test: [101/101]	Time 0.334 (0.509)	Loss 0.08999	F2: 0.865860695943	
2018-01-29 02:20:25 early_stop_counter: 1
2018-01-29 02:20:25 Epoch 22
2018-01-29 02:21:51 Epoch: [22][50/406]	Time 1.673 (1.685)	Data 0.001 (0.012)	Accuracy 0.0000 (0.0000)	Loss 0.1135 (0.1024)	
2018-01-29 02:23:15 Epoch: [22][100/406]	Time 1.674 (1.679)	Data 0.001 (0.007)	Accuracy 0.0000 (0.0000)	Loss 0.1042 (0.1063)	
2018-01-29 02:24:39 Epoch: [22][150/406]	Time 1.673 (1.677)	Data 0.001 (0.005)	Accuracy 0.0000 (0.0000)	Loss 0.0959 (0.1073)	
2018-01-29 02:26:02 Epoch: [22][200/406]	Time 1.672 (1.676)	Data 0.000 (0.004)	Accuracy 0.0000 (0.0000)	Loss 0.0970 (0.1068)	
2018-01-29 02:27:26 Epoch: [22][250/406]	Time 1.676 (1.676)	Data 0.001 (0.003)	Accuracy 0.0000 (0.0000)	Loss 0.1240 (0.1063)	
2018-01-29 02:28:50 Epoch: [22][300/406]	Time 1.673 (1.676)	Data 0.001 (0.003)	Accuracy 0.0000 (0.0000)	Loss 0.0962 (0.1067)	
2018-01-29 02:30:13 Epoch: [22][350/406]	Time 1.677 (1.676)	Data 0.001 (0.002)	Accuracy 0.0000 (0.0000)	Loss 0.1204 (0.1069)	
2018-01-29 02:31:37 Epoch: [22][400/406]	Time 1.672 (1.675)	Data 0.001 (0.002)	Accuracy 0.0000 (0.0000)	Loss 0.1459 (0.1069)	
2018-01-29 02:31:44 Epoch: [22][405/406]	Time 0.666 (1.673)	Data 0.000 (0.002)	Accuracy 0.0000 (0.0000)	Loss 0.1092 (0.1068)	
2018-01-29 02:31:44 Validating model
2018-01-29 02:32:36 Test: [101/101]	Time 0.333 (0.510)	Loss 0.08948	F2: 0.865739715173	
2018-01-29 02:32:36 Current model is best by val score 0.08948 < 0.08981
2018-01-29 02:32:36 early_stop_counter: 0
2018-01-29 02:32:37 Epoch 23
2018-01-29 02:34:03 Epoch: [23][50/406]	Time 1.676 (1.685)	Data 0.001 (0.012)	Accuracy 0.0000 (0.0000)	Loss 0.1236 (0.1076)	
2018-01-29 02:35:27 Epoch: [23][100/406]	Time 1.678 (1.680)	Data 0.001 (0.006)	Accuracy 0.0000 (0.0000)	Loss 0.1097 (0.1069)	
2018-01-29 02:36:50 Epoch: [23][150/406]	Time 1.677 (1.678)	Data 0.000 (0.004)	Accuracy 0.0000 (0.0000)	Loss 0.1075 (0.1076)	
2018-01-29 02:38:14 Epoch: [23][200/406]	Time 1.676 (1.677)	Data 0.001 (0.003)	Accuracy 0.0000 (0.0000)	Loss 0.0817 (0.1067)	
2018-01-29 02:39:38 Epoch: [23][250/406]	Time 1.673 (1.676)	Data 0.001 (0.003)	Accuracy 0.0000 (0.0000)	Loss 0.1040 (0.1070)	
2018-01-29 02:41:01 Epoch: [23][300/406]	Time 1.673 (1.676)	Data 0.001 (0.003)	Accuracy 0.0000 (0.0000)	Loss 0.1251 (0.1069)	
2018-01-29 02:42:25 Epoch: [23][350/406]	Time 1.670 (1.676)	Data 0.001 (0.002)	Accuracy 0.0000 (0.0000)	Loss 0.1208 (0.1072)	
2018-01-29 02:43:49 Epoch: [23][400/406]	Time 1.677 (1.675)	Data 0.001 (0.002)	Accuracy 0.0000 (0.0000)	Loss 0.1260 (0.1071)	
2018-01-29 02:43:56 Epoch: [23][405/406]	Time 0.665 (1.673)	Data 0.000 (0.002)	Accuracy 0.0000 (0.0000)	Loss 0.1238 (0.1071)	
2018-01-29 02:43:56 Validating model
2018-01-29 02:44:48 Test: [101/101]	Time 0.331 (0.510)	Loss 0.08949	F2: 0.864404486277	
2018-01-29 02:44:48 early_stop_counter: 1
2018-01-29 02:44:48 Epoch 24
2018-01-29 02:46:14 Epoch: [24][50/406]	Time 1.676 (1.686)	Data 0.001 (0.013)	Accuracy 0.0000 (0.0000)	Loss 0.0967 (0.1070)	
2018-01-29 02:47:38 Epoch: [24][100/406]	Time 1.676 (1.681)	Data 0.001 (0.007)	Accuracy 0.0000 (0.0000)	Loss 0.1230 (0.1080)	
2018-01-29 02:49:02 Epoch: [24][150/406]	Time 1.677 (1.679)	Data 0.001 (0.005)	Accuracy 0.0000 (0.0000)	Loss 0.1198 (0.1084)	
2018-01-29 02:50:25 Epoch: [24][200/406]	Time 1.674 (1.678)	Data 0.001 (0.004)	Accuracy 0.0000 (0.0000)	Loss 0.1155 (0.1078)	
2018-01-29 02:51:49 Epoch: [24][250/406]	Time 1.674 (1.677)	Data 0.001 (0.003)	Accuracy 0.0000 (0.0000)	Loss 0.1240 (0.1078)	
2018-01-29 02:53:13 Epoch: [24][300/406]	Time 1.677 (1.677)	Data 0.001 (0.003)	Accuracy 0.0000 (0.0000)	Loss 0.1149 (0.1074)	
2018-01-29 02:54:37 Epoch: [24][350/406]	Time 1.673 (1.676)	Data 0.001 (0.002)	Accuracy 0.0000 (0.0000)	Loss 0.1189 (0.1076)	
2018-01-29 02:56:00 Epoch: [24][400/406]	Time 1.672 (1.676)	Data 0.001 (0.002)	Accuracy 0.0000 (0.0000)	Loss 0.1296 (0.1072)	
2018-01-29 02:56:08 Epoch: [24][405/406]	Time 0.668 (1.674)	Data 0.000 (0.002)	Accuracy 0.0000 (0.0000)	Loss 0.0983 (0.1073)	
2018-01-29 02:56:08 Validating model
2018-01-29 02:56:59 Test: [101/101]	Time 0.333 (0.510)	Loss 0.08978	F2: 0.865223592631	
2018-01-29 02:56:59 early_stop_counter: 2
2018-01-29 02:57:00 Epoch 25
2018-01-29 02:58:26 Epoch: [25][50/406]	Time 1.675 (1.685)	Data 0.001 (0.012)	Accuracy 0.0000 (0.0000)	Loss 0.1239 (0.1084)	
2018-01-29 02:59:49 Epoch: [25][100/406]	Time 1.670 (1.679)	Data 0.001 (0.006)	Accuracy 0.0000 (0.0000)	Loss 0.0774 (0.1072)	
2018-01-29 03:01:13 Epoch: [25][150/406]	Time 1.673 (1.678)	Data 0.001 (0.004)	Accuracy 0.0000 (0.0000)	Loss 0.1470 (0.1081)	
2018-01-29 03:02:37 Epoch: [25][200/406]	Time 1.672 (1.676)	Data 0.000 (0.003)	Accuracy 0.0000 (0.0000)	Loss 0.0909 (0.1078)	
2018-01-29 03:04:00 Epoch: [25][250/406]	Time 1.674 (1.676)	Data 0.001 (0.003)	Accuracy 0.0000 (0.0000)	Loss 0.0936 (0.1069)	
2018-01-29 03:05:24 Epoch: [25][300/406]	Time 1.671 (1.675)	Data 0.001 (0.003)	Accuracy 0.0000 (0.0000)	Loss 0.0965 (0.1066)	
2018-01-29 03:06:47 Epoch: [25][350/406]	Time 1.674 (1.674)	Data 0.001 (0.002)	Accuracy 0.0000 (0.0000)	Loss 0.0978 (0.1068)	
2018-01-29 03:08:11 Epoch: [25][400/406]	Time 1.674 (1.674)	Data 0.000 (0.002)	Accuracy 0.0000 (0.0000)	Loss 0.1156 (0.1066)	
2018-01-29 03:08:18 Epoch: [25][405/406]	Time 0.661 (1.671)	Data 0.000 (0.002)	Accuracy 0.0000 (0.0000)	Loss 0.1102 (0.1066)	
2018-01-29 03:08:18 Validating model
2018-01-29 03:09:10 Test: [101/101]	Time 0.332 (0.509)	Loss 0.08911	F2: 0.867131208263	
2018-01-29 03:09:10 Current model is best by val score 0.08911 < 0.08948
2018-01-29 03:09:10 early_stop_counter: 0
2018-01-29 03:09:11 Epoch 26
2018-01-29 03:10:36 Epoch: [26][50/406]	Time 1.671 (1.680)	Data 0.000 (0.012)	Accuracy 0.0000 (0.0000)	Loss 0.0869 (0.1022)	
2018-01-29 03:12:00 Epoch: [26][100/406]	Time 1.668 (1.674)	Data 0.001 (0.006)	Accuracy 0.0000 (0.0000)	Loss 0.0880 (0.1075)	
2018-01-29 03:13:23 Epoch: [26][150/406]	Time 1.671 (1.672)	Data 0.001 (0.004)	Accuracy 0.0000 (0.0000)	Loss 0.1180 (0.1074)	
2018-01-29 03:14:47 Epoch: [26][200/406]	Time 1.673 (1.672)	Data 0.001 (0.003)	Accuracy 0.0000 (0.0000)	Loss 0.1033 (0.1071)	
2018-01-29 03:16:10 Epoch: [26][250/406]	Time 1.675 (1.672)	Data 0.001 (0.003)	Accuracy 0.0000 (0.0000)	Loss 0.0746 (0.1063)	
2018-01-29 03:17:34 Epoch: [26][300/406]	Time 1.673 (1.672)	Data 0.001 (0.003)	Accuracy 0.0000 (0.0000)	Loss 0.1160 (0.1065)	
2018-01-29 03:18:58 Epoch: [26][350/406]	Time 1.672 (1.672)	Data 0.001 (0.002)	Accuracy 0.0000 (0.0000)	Loss 0.0906 (0.1066)	
2018-01-29 03:20:21 Epoch: [26][400/406]	Time 1.674 (1.673)	Data 0.001 (0.002)	Accuracy 0.0000 (0.0000)	Loss 0.0916 (0.1069)	
2018-01-29 03:20:29 Epoch: [26][405/406]	Time 0.668 (1.670)	Data 0.000 (0.002)	Accuracy 0.0000 (0.0000)	Loss 0.1154 (0.1069)	
2018-01-29 03:20:29 Validating model
2018-01-29 03:21:20 Test: [101/101]	Time 0.332 (0.509)	Loss 0.08941	F2: 0.864192894379	
2018-01-29 03:21:20 early_stop_counter: 1
2018-01-29 03:21:21 Epoch 27
2018-01-29 03:22:47 Epoch: [27][50/406]	Time 1.676 (1.685)	Data 0.001 (0.012)	Accuracy 0.0000 (0.0000)	Loss 0.1113 (0.1077)	
2018-01-29 03:24:10 Epoch: [27][100/406]	Time 1.675 (1.679)	Data 0.001 (0.007)	Accuracy 0.0000 (0.0000)	Loss 0.0920 (0.1087)	
2018-01-29 03:25:34 Epoch: [27][150/406]	Time 1.674 (1.678)	Data 0.001 (0.005)	Accuracy 0.0000 (0.0000)	Loss 0.1070 (0.1074)	
2018-01-29 03:26:58 Epoch: [27][200/406]	Time 1.673 (1.677)	Data 0.000 (0.004)	Accuracy 0.0000 (0.0000)	Loss 0.1087 (0.1077)	
2018-01-29 03:28:21 Epoch: [27][250/406]	Time 1.675 (1.677)	Data 0.000 (0.003)	Accuracy 0.0000 (0.0000)	Loss 0.1167 (0.1074)	
2018-01-29 03:29:45 Epoch: [27][300/406]	Time 1.677 (1.676)	Data 0.001 (0.003)	Accuracy 0.0000 (0.0000)	Loss 0.1139 (0.1080)	
2018-01-29 03:31:09 Epoch: [27][350/406]	Time 1.675 (1.676)	Data 0.001 (0.002)	Accuracy 0.0000 (0.0000)	Loss 0.0981 (0.1077)	
2018-01-29 03:32:32 Epoch: [27][400/406]	Time 1.673 (1.675)	Data 0.000 (0.002)	Accuracy 0.0000 (0.0000)	Loss 0.1034 (0.1074)	
2018-01-29 03:32:40 Epoch: [27][405/406]	Time 0.663 (1.673)	Data 0.000 (0.002)	Accuracy 0.0000 (0.0000)	Loss 0.1250 (0.1075)	
2018-01-29 03:32:40 Validating model
2018-01-29 03:33:31 Test: [101/101]	Time 0.331 (0.509)	Loss 0.08948	F2: 0.864617733259	
2018-01-29 03:33:31 early_stop_counter: 2
2018-01-29 03:33:32 Epoch 28
2018-01-29 03:34:58 Epoch: [28][50/406]	Time 1.671 (1.686)	Data 0.001 (0.013)	Accuracy 0.0000 (0.0000)	Loss 0.0889 (0.1037)	
2018-01-29 03:36:21 Epoch: [28][100/406]	Time 1.672 (1.679)	Data 0.001 (0.007)	Accuracy 0.0000 (0.0000)	Loss 0.1039 (0.1040)	
2018-01-29 03:37:45 Epoch: [28][150/406]	Time 1.674 (1.677)	Data 0.000 (0.005)	Accuracy 0.0000 (0.0000)	Loss 0.0990 (0.1043)	
2018-01-29 03:39:09 Epoch: [28][200/406]	Time 1.676 (1.677)	Data 0.001 (0.004)	Accuracy 0.0000 (0.0000)	Loss 0.1060 (0.1053)	
2018-01-29 03:40:32 Epoch: [28][250/406]	Time 1.672 (1.676)	Data 0.001 (0.003)	Accuracy 0.0000 (0.0000)	Loss 0.0969 (0.1063)	
2018-01-29 03:41:56 Epoch: [28][300/406]	Time 1.675 (1.676)	Data 0.001 (0.003)	Accuracy 0.0000 (0.0000)	Loss 0.1073 (0.1067)	
2018-01-29 03:43:20 Epoch: [28][350/406]	Time 1.670 (1.675)	Data 0.000 (0.002)	Accuracy 0.0000 (0.0000)	Loss 0.0874 (0.1070)	
2018-01-29 03:44:43 Epoch: [28][400/406]	Time 1.677 (1.675)	Data 0.001 (0.002)	Accuracy 0.0000 (0.0000)	Loss 0.0881 (0.1073)	
2018-01-29 03:44:51 Epoch: [28][405/406]	Time 0.666 (1.673)	Data 0.000 (0.002)	Accuracy 0.0000 (0.0000)	Loss 0.0787 (0.1072)	
2018-01-29 03:44:51 Validating model
2018-01-29 03:45:42 Test: [101/101]	Time 0.332 (0.510)	Loss 0.08968	F2: 0.866843941197	
2018-01-29 03:45:42 early_stop_counter: 3
2018-01-29 03:45:42 Setting for group learning rate=0.00100000, epoch=28
2018-01-29 03:45:42 Setting for group learning rate=0.00010000, epoch=28
2018-01-29 03:45:43 Loaded the model from previous best step
2018-01-29 03:45:43 Loaded best model /home/tzaumiaan/deepLearningProject/results/model_best.pth.tar, arch=densenet121_
2018-01-29 03:45:43 Epoch 29
2018-01-29 03:47:09 Epoch: [29][50/406]	Time 1.672 (1.685)	Data 0.001 (0.012)	Accuracy 0.0000 (0.0000)	Loss 0.1001 (0.1064)	
2018-01-29 03:48:33 Epoch: [29][100/406]	Time 1.672 (1.680)	Data 0.001 (0.006)	Accuracy 0.0000 (0.0000)	Loss 0.1460 (0.1090)	
2018-01-29 03:49:56 Epoch: [29][150/406]	Time 1.674 (1.678)	Data 0.001 (0.004)	Accuracy 0.0000 (0.0000)	Loss 0.1095 (0.1068)	
2018-01-29 03:51:20 Epoch: [29][200/406]	Time 1.673 (1.677)	Data 0.001 (0.004)	Accuracy 0.0000 (0.0000)	Loss 0.1191 (0.1065)	
2018-01-29 03:52:44 Epoch: [29][250/406]	Time 1.676 (1.677)	Data 0.000 (0.003)	Accuracy 0.0000 (0.0000)	Loss 0.1264 (0.1062)	
2018-01-29 03:54:07 Epoch: [29][300/406]	Time 1.677 (1.676)	Data 0.000 (0.003)	Accuracy 0.0000 (0.0000)	Loss 0.1159 (0.1066)	
2018-01-29 03:55:31 Epoch: [29][350/406]	Time 1.678 (1.676)	Data 0.000 (0.002)	Accuracy 0.0000 (0.0000)	Loss 0.0970 (0.1066)	
2018-01-29 03:56:55 Epoch: [29][400/406]	Time 1.677 (1.676)	Data 0.000 (0.002)	Accuracy 0.0000 (0.0000)	Loss 0.1075 (0.1068)	
2018-01-29 03:57:02 Epoch: [29][405/406]	Time 0.668 (1.673)	Data 0.000 (0.002)	Accuracy 0.0000 (0.0000)	Loss 0.1014 (0.1067)	
2018-01-29 03:57:02 Validating model
2018-01-29 03:57:54 Test: [101/101]	Time 0.333 (0.510)	Loss 0.08961	F2: 0.868032806705	
2018-01-29 03:57:54 early_stop_counter: 4
2018-01-29 03:57:54 Epoch 30
2018-01-29 03:59:20 Epoch: [30][50/406]	Time 1.675 (1.687)	Data 0.001 (0.013)	Accuracy 0.0000 (0.0000)	Loss 0.0748 (0.1061)	
2018-01-29 04:00:44 Epoch: [30][100/406]	Time 1.674 (1.680)	Data 0.000 (0.007)	Accuracy 0.0000 (0.0000)	Loss 0.1399 (0.1063)	
2018-01-29 04:02:08 Epoch: [30][150/406]	Time 1.670 (1.678)	Data 0.001 (0.005)	Accuracy 0.0000 (0.0000)	Loss 0.0862 (0.1064)	
2018-01-29 04:03:31 Epoch: [30][200/406]	Time 1.673 (1.677)	Data 0.001 (0.004)	Accuracy 0.0000 (0.0000)	Loss 0.1039 (0.1062)	
2018-01-29 04:04:55 Epoch: [30][250/406]	Time 1.677 (1.677)	Data 0.001 (0.003)	Accuracy 0.0000 (0.0000)	Loss 0.1123 (0.1071)	
2018-01-29 04:06:19 Epoch: [30][300/406]	Time 1.674 (1.676)	Data 0.000 (0.003)	Accuracy 0.0000 (0.0000)	Loss 0.1032 (0.1074)	
2018-01-29 04:07:42 Epoch: [30][350/406]	Time 1.670 (1.676)	Data 0.001 (0.002)	Accuracy 0.0000 (0.0000)	Loss 0.0788 (0.1065)	
2018-01-29 04:09:06 Epoch: [30][400/406]	Time 1.676 (1.675)	Data 0.001 (0.002)	Accuracy 0.0000 (0.0000)	Loss 0.1079 (0.1068)	
2018-01-29 04:09:13 Epoch: [30][405/406]	Time 0.666 (1.673)	Data 0.000 (0.002)	Accuracy 0.0000 (0.0000)	Loss 0.1297 (0.1069)	
2018-01-29 04:09:13 Validating model
2018-01-29 04:10:05 Test: [101/101]	Time 0.333 (0.510)	Loss 0.08963	F2: 0.865721659853	
2018-01-29 04:10:05 early_stop_counter: 5
2018-01-29 04:10:05 Epoch 31
2018-01-29 04:11:31 Epoch: [31][50/406]	Time 1.669 (1.684)	Data 0.001 (0.012)	Accuracy 0.0000 (0.0000)	Loss 0.0915 (0.1039)	
2018-01-29 04:12:55 Epoch: [31][100/406]	Time 1.674 (1.678)	Data 0.001 (0.006)	Accuracy 0.0000 (0.0000)	Loss 0.1191 (0.1052)	
2018-01-29 04:14:19 Epoch: [31][150/406]	Time 1.673 (1.677)	Data 0.001 (0.005)	Accuracy 0.0000 (0.0000)	Loss 0.1120 (0.1056)	
2018-01-29 04:15:42 Epoch: [31][200/406]	Time 1.672 (1.676)	Data 0.001 (0.004)	Accuracy 0.0000 (0.0000)	Loss 0.0902 (0.1052)	
2018-01-29 04:17:06 Epoch: [31][250/406]	Time 1.672 (1.675)	Data 0.001 (0.003)	Accuracy 0.0000 (0.0000)	Loss 0.1222 (0.1055)	
2018-01-29 04:18:29 Epoch: [31][300/406]	Time 1.670 (1.674)	Data 0.001 (0.003)	Accuracy 0.0000 (0.0000)	Loss 0.1056 (0.1057)	
2018-01-29 04:19:53 Epoch: [31][350/406]	Time 1.677 (1.674)	Data 0.001 (0.002)	Accuracy 0.0000 (0.0000)	Loss 0.1072 (0.1061)	
2018-01-29 04:21:17 Epoch: [31][400/406]	Time 1.674 (1.674)	Data 0.001 (0.002)	Accuracy 0.0000 (0.0000)	Loss 0.0958 (0.1064)	
2018-01-29 04:21:24 Epoch: [31][405/406]	Time 0.665 (1.672)	Data 0.000 (0.002)	Accuracy 0.0000 (0.0000)	Loss 0.1091 (0.1065)	
2018-01-29 04:21:24 Validating model
2018-01-29 04:22:16 Test: [101/101]	Time 0.331 (0.510)	Loss 0.08926	F2: 0.864754474237	
2018-01-29 04:22:16 Early stopping, regress for 6 iterations
2018-01-29 04:22:16 early_stop_counter: 6
2018-01-29 04:22:16 Setting for group learning rate=0.00010000, epoch=31
2018-01-29 04:22:16 Setting for group learning rate=0.00001000, epoch=31
2018-01-29 04:22:16 Exiting learning process
2018-01-29 04:22:16 Initing model
2018-01-29 04:22:17 Loaded best model /home/tzaumiaan/deepLearningProject/results/model_best.pth.tar, arch=densenet121_
2018-01-29 04:22:17 Estimating thresholds
2018-01-29 04:23:10 	 slice=0, name=agriculture, best_threshold=0.160, metric=0.9229
2018-01-29 04:23:11 	 slice=1, name=artisinal_mine, best_threshold=0.070, metric=0.9230
2018-01-29 04:23:12 	 slice=2, name=bare_ground, best_threshold=0.150, metric=0.9231
2018-01-29 04:23:14 	 slice=3, name=blooming, best_threshold=0.140, metric=0.9232
2018-01-29 04:23:15 	 slice=4, name=blow_down, best_threshold=0.260, metric=0.9233
2018-01-29 04:23:16 	 slice=5, name=clear, best_threshold=0.280, metric=0.9237
2018-01-29 04:23:18 	 slice=6, name=cloudy, best_threshold=0.070, metric=0.9247
2018-01-29 04:23:19 	 slice=7, name=conventional_mine, best_threshold=0.380, metric=0.9247
2018-01-29 04:23:20 	 slice=8, name=cultivation, best_threshold=0.200, metric=0.9247
2018-01-29 04:23:22 	 slice=9, name=habitation, best_threshold=0.270, metric=0.9249
2018-01-29 04:23:23 	 slice=10, name=haze, best_threshold=0.220, metric=0.9250
2018-01-29 04:23:24 	 slice=11, name=partly_cloudy, best_threshold=0.120, metric=0.9253
2018-01-29 04:23:26 	 slice=12, name=primary, best_threshold=0.260, metric=0.9254
2018-01-29 04:23:27 	 slice=13, name=road, best_threshold=0.190, metric=0.9255
2018-01-29 04:23:28 	 slice=14, name=selective_logging, best_threshold=0.160, metric=0.9256
2018-01-29 04:23:30 	 slice=15, name=slash_burn, best_threshold=0.230, metric=0.9257
2018-01-29 04:23:31 	 slice=16, name=water, best_threshold=0.200, metric=0.9257
2018-01-29 04:23:31 Precision/recall for each category
2018-01-29 04:23:31 	 name=agriculture, count=12315, pre=0.7154, recall=0.9524
2018-01-29 04:23:31 	 name=artisinal_mine, count=339, pre=0.6327, recall=0.8732
2018-01-29 04:23:31 	 name=bare_ground, count=862, pre=0.3134, recall=0.4641
2018-01-29 04:23:31 	 name=blooming, count=332, pre=0.3016, recall=0.2969
2018-01-29 04:23:31 	 name=blow_down, count=101, pre=0.4000, recall=0.1250
2018-01-29 04:23:31 	 name=clear, count=28431, pre=0.9252, recall=0.9906
2018-01-29 04:23:31 	 name=cloudy, count=2089, pre=0.6492, recall=0.9754
2018-01-29 04:23:31 	 name=conventional_mine, count=100, pre=0.7000, recall=0.6667
2018-01-29 04:23:31 	 name=cultivation, count=4547, pre=0.4796, recall=0.7044
2018-01-29 04:23:31 	 name=habitation, count=3660, pre=0.6877, recall=0.7834
2018-01-29 04:23:31 	 name=haze, count=2697, pre=0.6402, recall=0.7927
2018-01-29 04:23:31 	 name=partly_cloudy, count=7261, pre=0.8129, recall=0.9752
2018-01-29 04:23:31 	 name=primary, count=37513, pre=0.9661, recall=0.9968
2018-01-29 04:23:31 	 name=road, count=8071, pre=0.7202, recall=0.9125
2018-01-29 04:23:31 	 name=selective_logging, count=340, pre=0.3956, recall=0.4865
2018-01-29 04:23:31 	 name=slash_burn, count=209, pre=0.6000, recall=0.1500
2018-01-29 04:23:31 	 name=water, count=7411, pre=0.7171, recall=0.8549
2018-01-29 04:23:39 F2 score before applying tresholds is 0.894701
2018-01-29 04:23:39 F2 score after applying tresholds is 0.925656
2018-01-29 04:23:39 Testing transformation 1/10
2018-01-29 04:23:39 Testing
2018-01-29 04:24:55 Batch 20
2018-01-29 04:25:53 Batch 40
2018-01-29 04:26:49 Batch 60
2018-01-29 04:27:45 Batch 80
2018-01-29 04:28:44 Batch 100
2018-01-29 04:29:39 Batch 120
2018-01-29 04:29:56 Testing transformation 2/10
2018-01-29 04:29:56 Testing
2018-01-29 04:30:39 Batch 20
2018-01-29 04:31:19 Batch 40
2018-01-29 04:31:59 Batch 60
2018-01-29 04:32:38 Batch 80
2018-01-29 04:33:18 Batch 100
2018-01-29 04:33:58 Batch 120
2018-01-29 04:34:10 Testing transformation 3/10
2018-01-29 04:34:10 Testing
2018-01-29 04:34:53 Batch 20
2018-01-29 04:35:33 Batch 40
2018-01-29 04:36:12 Batch 60
2018-01-29 04:36:52 Batch 80
2018-01-29 04:37:32 Batch 100
2018-01-29 04:38:11 Batch 120
2018-01-29 04:38:23 Testing transformation 4/10
2018-01-29 04:38:23 Testing
2018-01-29 04:39:06 Batch 20
2018-01-29 04:39:46 Batch 40
2018-01-29 04:40:26 Batch 60
2018-01-29 04:41:06 Batch 80
2018-01-29 04:41:45 Batch 100
2018-01-29 04:42:25 Batch 120
2018-01-29 04:42:37 Testing transformation 5/10
2018-01-29 04:42:37 Testing
2018-01-29 04:43:20 Batch 20
2018-01-29 04:44:00 Batch 40
2018-01-29 04:44:39 Batch 60
2018-01-29 04:45:19 Batch 80
2018-01-29 04:45:59 Batch 100
2018-01-29 04:46:38 Batch 120
2018-01-29 04:46:50 Testing transformation 6/10
2018-01-29 04:46:50 Testing
2018-01-29 04:47:33 Batch 20
2018-01-29 04:48:13 Batch 40
2018-01-29 04:48:53 Batch 60
2018-01-29 04:49:33 Batch 80
2018-01-29 04:50:12 Batch 100
2018-01-29 04:50:52 Batch 120
2018-01-29 04:51:04 Testing transformation 7/10
2018-01-29 04:51:04 Testing
2018-01-29 04:51:47 Batch 20
2018-01-29 04:52:27 Batch 40
2018-01-29 04:53:06 Batch 60
2018-01-29 04:53:46 Batch 80
2018-01-29 04:54:26 Batch 100
2018-01-29 04:55:05 Batch 120
2018-01-29 04:55:17 Testing transformation 8/10
2018-01-29 04:55:17 Testing
2018-01-29 04:56:00 Batch 20
2018-01-29 04:56:40 Batch 40
2018-01-29 04:57:20 Batch 60
2018-01-29 04:57:59 Batch 80
2018-01-29 04:58:39 Batch 100
2018-01-29 04:59:19 Batch 120
2018-01-29 04:59:31 Testing transformation 9/10
2018-01-29 04:59:31 Testing
2018-01-29 05:00:14 Batch 20
2018-01-29 05:00:53 Batch 40
2018-01-29 05:01:33 Batch 60
2018-01-29 05:02:13 Batch 80
2018-01-29 05:02:52 Batch 100
2018-01-29 05:03:32 Batch 120
2018-01-29 05:03:44 Testing transformation 10/10
2018-01-29 05:03:44 Testing
2018-01-29 05:04:27 Batch 20
2018-01-29 05:05:07 Batch 40
2018-01-29 05:05:46 Batch 60
2018-01-29 05:06:26 Batch 80
2018-01-29 05:07:06 Batch 100
2018-01-29 05:07:45 Batch 120
2018-01-29 05:08:00 {0: 'agriculture', 1: 'artisinal_mine', 2: 'bare_ground', 3: 'blooming', 4: 'blow_down', 5: 'clear', 6: 'cloudy', 7: 'conventional_mine', 8: 'cultivation', 9: 'habitation', 10: 'haze', 11: 'partly_cloudy', 12: 'primary', 13: 'road', 14: 'selective_logging', 15: 'slash_burn', 16: 'water'}
