2018-01-30 11:00:29 Config: {'folds': 10, 'warm_up_epochs': 2, 'shard': '', 'seed': 0, 'weigh_loss': 0, 'lr_schedule': 'adaptive_best', 'holdout': 0, 'weight_decay': 0.0001, 'from_checkpoint': 0, 'train_percent': 0.8, 'workers': 2, 'test_batch_size': 320, 'transform': 'zoom_299', 'epoch': 100, 'lr': 0.01, 'momentum': 0.9, 'run_type': 'train', 'optimizer': 'sgd', 'data_type': 'jpg', 'batch_size': 32, 'blacklist': 0, 'max_stops': 3, 'weigh_sample': 0, 'early_stop_n': 6, 'decrease_rate': 0.1, 'model': 'inception_v3_'}
2018-01-30 11:00:29 Loading train/val split from file
2018-01-30 11:00:30 Starting learning single model
2018-01-30 11:00:30 Initing model
2018-01-30 11:00:37 Learning exact layers, number=20
2018-01-30 11:00:37 Layer=0, lr=0.01000
2018-01-30 11:00:37 Layer=1, lr=0.01000
2018-01-30 11:00:37 Layer=2, lr=0.00000
2018-01-30 11:00:37 Layer=3, lr=0.00000
2018-01-30 11:00:37 Layer=4, lr=0.00000
2018-01-30 11:00:37 Layer=5, lr=0.00000
2018-01-30 11:00:37 Layer=6, lr=0.00000
2018-01-30 11:00:37 Layer=7, lr=0.00010
2018-01-30 11:00:37 Layer=8, lr=0.00010
2018-01-30 11:00:37 Layer=9, lr=0.00010
2018-01-30 11:00:37 Layer=10, lr=0.00010
2018-01-30 11:00:37 Layer=11, lr=0.00010
2018-01-30 11:00:37 Layer=12, lr=0.00010
2018-01-30 11:00:37 Layer=13, lr=0.00010
2018-01-30 11:00:37 Layer=14, lr=0.00010
2018-01-30 11:00:37 Layer=15, lr=0.00010
2018-01-30 11:00:37 Layer=16, lr=0.00010
2018-01-30 11:00:37 Layer=17, lr=0.00010
2018-01-30 11:00:37 Layer=18, lr=0.00000
2018-01-30 11:00:37 Layer=19, lr=0.00000
2018-01-30 11:00:37 Loss is MultiLabelSoftMarginLoss without weights
2018-01-30 11:00:37 Epoch 0
2018-01-30 11:02:52 Epoch: [0][50/1014]	Time 2.246 (2.634)	Data 0.000 (0.008)	Accuracy 0.0000 (0.0000)	Loss 0.3996 (0.6387)	
2018-01-30 11:04:43 Epoch: [0][100/1014]	Time 2.244 (2.431)	Data 0.000 (0.004)	Accuracy 0.0000 (0.0000)	Loss 0.5379 (0.5462)	
2018-01-30 11:06:35 Epoch: [0][150/1014]	Time 2.249 (2.369)	Data 0.000 (0.003)	Accuracy 0.0000 (0.0000)	Loss 0.4358 (0.5055)	
2018-01-30 11:08:27 Epoch: [0][200/1014]	Time 2.234 (2.338)	Data 0.000 (0.002)	Accuracy 0.0000 (0.0000)	Loss 0.3371 (0.4806)	
2018-01-30 11:10:19 Epoch: [0][250/1014]	Time 2.258 (2.317)	Data 0.000 (0.002)	Accuracy 0.0000 (0.0000)	Loss 0.3536 (0.4636)	
2018-01-30 11:12:11 Epoch: [0][300/1014]	Time 2.247 (2.305)	Data 0.000 (0.002)	Accuracy 0.0000 (0.0000)	Loss 0.3875 (0.4488)	
2018-01-30 11:14:03 Epoch: [0][350/1014]	Time 2.276 (2.296)	Data 0.000 (0.001)	Accuracy 0.0000 (0.0000)	Loss 0.3767 (0.4380)	
2018-01-30 11:15:56 Epoch: [0][400/1014]	Time 2.262 (2.290)	Data 0.000 (0.001)	Accuracy 0.0000 (0.0000)	Loss 0.3708 (0.4303)	
2018-01-30 11:17:48 Epoch: [0][450/1014]	Time 2.259 (2.285)	Data 0.000 (0.001)	Accuracy 0.0000 (0.0000)	Loss 0.4332 (0.4246)	
2018-01-30 11:19:40 Epoch: [0][500/1014]	Time 2.277 (2.281)	Data 0.000 (0.001)	Accuracy 0.0000 (0.0000)	Loss 0.2863 (0.4170)	
2018-01-30 11:21:33 Epoch: [0][550/1014]	Time 2.274 (2.278)	Data 0.000 (0.001)	Accuracy 0.0000 (0.0000)	Loss 0.3544 (0.4114)	
2018-01-30 11:23:25 Epoch: [0][600/1014]	Time 2.246 (2.275)	Data 0.000 (0.001)	Accuracy 0.0000 (0.0000)	Loss 0.3203 (0.4071)	
2018-01-30 11:25:17 Epoch: [0][650/1014]	Time 2.254 (2.273)	Data 0.000 (0.001)	Accuracy 0.0000 (0.0000)	Loss 0.3087 (0.4038)	
2018-01-30 11:27:10 Epoch: [0][700/1014]	Time 2.222 (2.272)	Data 0.000 (0.001)	Accuracy 0.0000 (0.0000)	Loss 0.3116 (0.3989)	
2018-01-30 11:29:01 Epoch: [0][750/1014]	Time 2.251 (2.268)	Data 0.000 (0.001)	Accuracy 0.0000 (0.0000)	Loss 0.3373 (0.3959)	
2018-01-30 11:30:53 Epoch: [0][800/1014]	Time 2.247 (2.267)	Data 0.000 (0.001)	Accuracy 0.0000 (0.0000)	Loss 0.2244 (0.3919)	
2018-01-30 11:32:46 Epoch: [0][850/1014]	Time 2.246 (2.266)	Data 0.000 (0.001)	Accuracy 0.0000 (0.0000)	Loss 0.2440 (0.3889)	
2018-01-30 11:34:38 Epoch: [0][900/1014]	Time 2.256 (2.265)	Data 0.000 (0.001)	Accuracy 0.0000 (0.0000)	Loss 0.3452 (0.3861)	
2018-01-30 11:36:30 Epoch: [0][950/1014]	Time 2.253 (2.264)	Data 0.000 (0.001)	Accuracy 0.0000 (0.0000)	Loss 0.2930 (0.3833)	
2018-01-30 11:38:21 Epoch: [0][1000/1014]	Time 2.233 (2.262)	Data 0.000 (0.001)	Accuracy 0.0000 (0.0000)	Loss 0.3136 (0.3806)	
2018-01-30 11:39:03 Epoch: [0][1013/1014]	Time 14.648 (2.273)	Data 0.000 (0.001)	Accuracy 0.0000 (0.0000)	Loss 0.2817 (0.3802)	
2018-01-30 11:39:03 Validating model
2018-01-30 11:41:52 Test: [252/252]	Time 5.778 (0.672)	Loss 0.34516	F2: 0.471896572846	
2018-01-30 11:41:52 Current model is best by val score 0.34516 < -1.00000
2018-01-30 11:41:52 early_stop_counter: 0
2018-01-30 11:41:53 Epoch 1
2018-01-30 11:43:47 Epoch: [1][50/1014]	Time 2.237 (2.247)	Data 0.000 (0.008)	Accuracy 0.0000 (0.0000)	Loss 0.2895 (0.3319)	
2018-01-30 11:45:39 Epoch: [1][100/1014]	Time 2.240 (2.235)	Data 0.000 (0.004)	Accuracy 0.0000 (0.0000)	Loss 0.3764 (0.3361)	
2018-01-30 11:47:31 Epoch: [1][150/1014]	Time 2.266 (2.238)	Data 0.000 (0.003)	Accuracy 0.0000 (0.0000)	Loss 0.2847 (0.3346)	
2018-01-30 11:49:22 Epoch: [1][200/1014]	Time 2.227 (2.236)	Data 0.000 (0.002)	Accuracy 0.0000 (0.0000)	Loss 0.2329 (0.3323)	
2018-01-30 11:51:14 Epoch: [1][250/1014]	Time 2.236 (2.235)	Data 0.000 (0.002)	Accuracy 0.0000 (0.0000)	Loss 0.3285 (0.3308)	
2018-01-30 11:53:05 Epoch: [1][300/1014]	Time 2.219 (2.235)	Data 0.000 (0.002)	Accuracy 0.0000 (0.0000)	Loss 0.3973 (0.3306)	
2018-01-30 11:54:57 Epoch: [1][350/1014]	Time 2.237 (2.235)	Data 0.000 (0.001)	Accuracy 0.0000 (0.0000)	Loss 0.3780 (0.3304)	
2018-01-30 11:56:49 Epoch: [1][400/1014]	Time 2.204 (2.234)	Data 0.001 (0.001)	Accuracy 0.0000 (0.0000)	Loss 0.2407 (0.3293)	
2018-01-30 11:58:39 Epoch: [1][450/1014]	Time 2.223 (2.232)	Data 0.000 (0.001)	Accuracy 0.0000 (0.0000)	Loss 0.2707 (0.3276)	
2018-01-30 12:00:30 Epoch: [1][500/1014]	Time 2.197 (2.229)	Data 0.000 (0.001)	Accuracy 0.0000 (0.0000)	Loss 0.3361 (0.3272)	
2018-01-30 12:02:20 Epoch: [1][550/1014]	Time 2.228 (2.227)	Data 0.000 (0.001)	Accuracy 0.0000 (0.0000)	Loss 0.3617 (0.3266)	
2018-01-30 12:04:12 Epoch: [1][600/1014]	Time 2.228 (2.228)	Data 0.000 (0.001)	Accuracy 0.0000 (0.0000)	Loss 0.2602 (0.3259)	
2018-01-30 12:06:03 Epoch: [1][650/1014]	Time 2.241 (2.228)	Data 0.000 (0.001)	Accuracy 0.0000 (0.0000)	Loss 0.3149 (0.3251)	
2018-01-30 12:07:55 Epoch: [1][700/1014]	Time 2.275 (2.228)	Data 0.000 (0.001)	Accuracy 0.0000 (0.0000)	Loss 0.2664 (0.3245)	
2018-01-30 12:09:46 Epoch: [1][750/1014]	Time 2.238 (2.228)	Data 0.000 (0.001)	Accuracy 0.0000 (0.0000)	Loss 0.3126 (0.3242)	
2018-01-30 12:11:38 Epoch: [1][800/1014]	Time 2.231 (2.229)	Data 0.000 (0.001)	Accuracy 0.0000 (0.0000)	Loss 0.3402 (0.3238)	
2018-01-30 12:13:29 Epoch: [1][850/1014]	Time 2.231 (2.229)	Data 0.000 (0.001)	Accuracy 0.0000 (0.0000)	Loss 0.3589 (0.3242)	
2018-01-30 12:15:21 Epoch: [1][900/1014]	Time 2.246 (2.229)	Data 0.000 (0.001)	Accuracy 0.0000 (0.0000)	Loss 0.3723 (0.3239)	
2018-01-30 12:17:12 Epoch: [1][950/1014]	Time 2.267 (2.228)	Data 0.000 (0.001)	Accuracy 0.0000 (0.0000)	Loss 0.3548 (0.3235)	
2018-01-30 12:19:02 Epoch: [1][1000/1014]	Time 2.212 (2.227)	Data 0.000 (0.001)	Accuracy 0.0000 (0.0000)	Loss 0.3148 (0.3226)	
2018-01-30 12:19:30 Epoch: [1][1013/1014]	Time 1.145 (2.226)	Data 0.000 (0.001)	Accuracy 0.0000 (0.0000)	Loss 0.3066 (0.3223)	
2018-01-30 12:19:30 Validating model
2018-01-30 12:22:12 Test: [252/252]	Time 0.437 (0.642)	Loss 0.37050	F2: 0.468068887699	
2018-01-30 12:22:12 early_stop_counter: 1
2018-01-30 12:22:13 Epoch 2
2018-01-30 12:24:07 Epoch: [2][50/1014]	Time 2.012 (2.224)	Data 0.000 (0.008)	Accuracy 0.0000 (0.0000)	Loss 0.3122 (0.3252)	
2018-01-30 12:25:57 Epoch: [2][100/1014]	Time 2.261 (2.215)	Data 0.000 (0.004)	Accuracy 0.0000 (0.0000)	Loss 0.3417 (0.3197)	
2018-01-30 12:27:48 Epoch: [2][150/1014]	Time 2.232 (2.219)	Data 0.000 (0.003)	Accuracy 0.0000 (0.0000)	Loss 0.3460 (0.3161)	
2018-01-30 12:29:40 Epoch: [2][200/1014]	Time 2.230 (2.223)	Data 0.000 (0.002)	Accuracy 0.0000 (0.0000)	Loss 0.3528 (0.3145)	
2018-01-30 12:31:31 Epoch: [2][250/1014]	Time 2.178 (2.223)	Data 0.000 (0.002)	Accuracy 0.0000 (0.0000)	Loss 0.2952 (0.3155)	
2018-01-30 12:33:22 Epoch: [2][300/1014]	Time 2.231 (2.222)	Data 0.000 (0.002)	Accuracy 0.0000 (0.0000)	Loss 0.2702 (0.3132)	
2018-01-30 12:35:14 Epoch: [2][350/1014]	Time 2.200 (2.224)	Data 0.000 (0.002)	Accuracy 0.0000 (0.0000)	Loss 0.3489 (0.3115)	
2018-01-30 12:37:04 Epoch: [2][400/1014]	Time 2.203 (2.222)	Data 0.000 (0.001)	Accuracy 0.0000 (0.0000)	Loss 0.3988 (0.3113)	
2018-01-30 12:38:56 Epoch: [2][450/1014]	Time 2.233 (2.223)	Data 0.000 (0.001)	Accuracy 0.0000 (0.0000)	Loss 0.4214 (0.3103)	
2018-01-30 12:40:47 Epoch: [2][500/1014]	Time 2.226 (2.224)	Data 0.000 (0.001)	Accuracy 0.0000 (0.0000)	Loss 0.2247 (0.3102)	
2018-01-30 12:42:38 Epoch: [2][550/1014]	Time 2.234 (2.223)	Data 0.000 (0.001)	Accuracy 0.0000 (0.0000)	Loss 0.4147 (0.3107)	
2018-01-30 12:44:29 Epoch: [2][600/1014]	Time 2.171 (2.223)	Data 0.000 (0.001)	Accuracy 0.0000 (0.0000)	Loss 0.2720 (0.3097)	
2018-01-30 12:46:20 Epoch: [2][650/1014]	Time 2.230 (2.222)	Data 0.000 (0.001)	Accuracy 0.0000 (0.0000)	Loss 0.3352 (0.3098)	
2018-01-30 12:48:11 Epoch: [2][700/1014]	Time 2.100 (2.222)	Data 0.000 (0.001)	Accuracy 0.0000 (0.0000)	Loss 0.2812 (0.3104)	
2018-01-30 12:50:02 Epoch: [2][750/1014]	Time 2.257 (2.222)	Data 0.000 (0.001)	Accuracy 0.0000 (0.0000)	Loss 0.2582 (0.3096)	
2018-01-30 12:51:54 Epoch: [2][800/1014]	Time 2.239 (2.223)	Data 0.000 (0.001)	Accuracy 0.0000 (0.0000)	Loss 0.3645 (0.3104)	
2018-01-30 12:53:45 Epoch: [2][850/1014]	Time 2.262 (2.224)	Data 0.000 (0.001)	Accuracy 0.0000 (0.0000)	Loss 0.2392 (0.3092)	
2018-01-30 12:55:36 Epoch: [2][900/1014]	Time 2.259 (2.223)	Data 0.000 (0.001)	Accuracy 0.0000 (0.0000)	Loss 0.2937 (0.3096)	
2018-01-30 12:57:26 Epoch: [2][950/1014]	Time 2.231 (2.222)	Data 0.000 (0.001)	Accuracy 0.0000 (0.0000)	Loss 0.3464 (0.3088)	
2018-01-30 12:59:17 Epoch: [2][1000/1014]	Time 2.212 (2.222)	Data 0.000 (0.001)	Accuracy 0.0000 (0.0000)	Loss 0.3104 (0.3088)	
2018-01-30 12:59:45 Epoch: [2][1013/1014]	Time 1.150 (2.221)	Data 0.000 (0.001)	Accuracy 0.0000 (0.0000)	Loss 0.4372 (0.3089)	
2018-01-30 12:59:45 Validating model
2018-01-30 13:02:27 Test: [252/252]	Time 0.406 (0.642)	Loss 0.37458	F2: 0.443079396723	
2018-01-30 13:02:27 early_stop_counter: 2
2018-01-30 13:02:28 Epoch 3
2018-01-30 13:04:22 Epoch: [3][50/1014]	Time 2.216 (2.231)	Data 0.001 (0.008)	Accuracy 0.0000 (0.0000)	Loss 0.3597 (0.3087)	
2018-01-30 13:06:14 Epoch: [3][100/1014]	Time 2.245 (2.233)	Data 0.000 (0.004)	Accuracy 0.0000 (0.0000)	Loss 0.2581 (0.3014)	
2018-01-30 13:08:04 Epoch: [3][150/1014]	Time 2.272 (2.226)	Data 0.000 (0.003)	Accuracy 0.0000 (0.0000)	Loss 0.2522 (0.3004)	
2018-01-30 13:09:56 Epoch: [3][200/1014]	Time 2.223 (2.227)	Data 0.000 (0.002)	Accuracy 0.0000 (0.0000)	Loss 0.3880 (0.3028)	
2018-01-30 13:11:48 Epoch: [3][250/1014]	Time 2.237 (2.228)	Data 0.000 (0.002)	Accuracy 0.0000 (0.0000)	Loss 0.2935 (0.3008)	
2018-01-30 13:13:39 Epoch: [3][300/1014]	Time 2.243 (2.229)	Data 0.000 (0.002)	Accuracy 0.0000 (0.0000)	Loss 0.2690 (0.2991)	
2018-01-30 13:15:31 Epoch: [3][350/1014]	Time 2.247 (2.230)	Data 0.000 (0.001)	Accuracy 0.0000 (0.0000)	Loss 0.3080 (0.2990)	
2018-01-30 13:17:23 Epoch: [3][400/1014]	Time 2.229 (2.230)	Data 0.000 (0.001)	Accuracy 0.0000 (0.0000)	Loss 0.2920 (0.3005)	
2018-01-30 13:19:14 Epoch: [3][450/1014]	Time 2.262 (2.231)	Data 0.000 (0.001)	Accuracy 0.0000 (0.0000)	Loss 0.2542 (0.3016)	
2018-01-30 13:21:06 Epoch: [3][500/1014]	Time 2.208 (2.231)	Data 0.000 (0.001)	Accuracy 0.0000 (0.0000)	Loss 0.2207 (0.3010)	
2018-01-30 13:22:58 Epoch: [3][550/1014]	Time 2.247 (2.231)	Data 0.000 (0.001)	Accuracy 0.0000 (0.0000)	Loss 0.3393 (0.3006)	
2018-01-30 13:24:49 Epoch: [3][600/1014]	Time 2.234 (2.231)	Data 0.000 (0.001)	Accuracy 0.0000 (0.0000)	Loss 0.3513 (0.3002)	
2018-01-30 13:26:41 Epoch: [3][650/1014]	Time 2.245 (2.231)	Data 0.000 (0.001)	Accuracy 0.0000 (0.0000)	Loss 0.3253 (0.2990)	
2018-01-30 13:28:33 Epoch: [3][700/1014]	Time 2.263 (2.231)	Data 0.000 (0.001)	Accuracy 0.0000 (0.0000)	Loss 0.4449 (0.3000)	
2018-01-30 13:30:24 Epoch: [3][750/1014]	Time 2.240 (2.231)	Data 0.000 (0.001)	Accuracy 0.0000 (0.0000)	Loss 0.4142 (0.2998)	
2018-01-30 13:32:16 Epoch: [3][800/1014]	Time 2.258 (2.231)	Data 0.000 (0.001)	Accuracy 0.0000 (0.0000)	Loss 0.2292 (0.2997)	
2018-01-30 13:34:07 Epoch: [3][850/1014]	Time 2.259 (2.231)	Data 0.000 (0.001)	Accuracy 0.0000 (0.0000)	Loss 0.1963 (0.3001)	
2018-01-30 13:35:59 Epoch: [3][900/1014]	Time 2.289 (2.232)	Data 0.000 (0.001)	Accuracy 0.0000 (0.0000)	Loss 0.3184 (0.2999)	
2018-01-30 13:37:49 Epoch: [3][950/1014]	Time 2.233 (2.229)	Data 0.000 (0.001)	Accuracy 0.0000 (0.0000)	Loss 0.3254 (0.3001)	
2018-01-30 13:39:39 Epoch: [3][1000/1014]	Time 2.228 (2.229)	Data 0.000 (0.001)	Accuracy 0.0000 (0.0000)	Loss 0.3709 (0.3003)	
2018-01-30 13:40:07 Epoch: [3][1013/1014]	Time 1.141 (2.227)	Data 0.000 (0.001)	Accuracy 0.0000 (0.0000)	Loss 0.3161 (0.3002)	
2018-01-30 13:40:07 Validating model
2018-01-30 13:42:47 Test: [252/252]	Time 0.388 (0.636)	Loss 0.40589	F2: 0.491103364918	
2018-01-30 13:42:47 early_stop_counter: 3
2018-01-30 13:42:47 Setting for group learning rate=0.00100000, epoch=3
2018-01-30 13:42:47 Setting for group learning rate=0.00100000, epoch=3
2018-01-30 13:42:47 Setting for group learning rate=0.00000010, epoch=3
2018-01-30 13:42:47 Setting for group learning rate=0.00000010, epoch=3
2018-01-30 13:42:47 Setting for group learning rate=0.00000010, epoch=3
2018-01-30 13:42:47 Setting for group learning rate=0.00000010, epoch=3
2018-01-30 13:42:47 Setting for group learning rate=0.00000010, epoch=3
2018-01-30 13:42:47 Setting for group learning rate=0.00001000, epoch=3
2018-01-30 13:42:47 Setting for group learning rate=0.00001000, epoch=3
2018-01-30 13:42:47 Setting for group learning rate=0.00001000, epoch=3
2018-01-30 13:42:47 Setting for group learning rate=0.00001000, epoch=3
2018-01-30 13:42:47 Setting for group learning rate=0.00001000, epoch=3
2018-01-30 13:42:47 Setting for group learning rate=0.00001000, epoch=3
2018-01-30 13:42:47 Setting for group learning rate=0.00001000, epoch=3
2018-01-30 13:42:47 Setting for group learning rate=0.00001000, epoch=3
2018-01-30 13:42:47 Setting for group learning rate=0.00001000, epoch=3
2018-01-30 13:42:47 Setting for group learning rate=0.00001000, epoch=3
2018-01-30 13:42:47 Setting for group learning rate=0.00001000, epoch=3
2018-01-30 13:42:47 Setting for group learning rate=0.00000010, epoch=3
2018-01-30 13:42:47 Setting for group learning rate=0.00000010, epoch=3
2018-01-30 13:42:49 Loaded the model from previous best step
2018-01-30 13:42:51 Loaded best model /home/tzaumiaan/clone_1/results/model_best.pth.tar, arch=inception_v3_
2018-01-30 13:42:51 Epoch 4
2018-01-30 13:44:45 Epoch: [4][50/1014]	Time 2.179 (2.232)	Data 0.000 (0.008)	Accuracy 0.0000 (0.0000)	Loss 0.2576 (0.3386)	
2018-01-30 13:46:36 Epoch: [4][100/1014]	Time 2.232 (2.225)	Data 0.000 (0.004)	Accuracy 0.0000 (0.0000)	Loss 0.3392 (0.3343)	
2018-01-30 13:48:27 Epoch: [4][150/1014]	Time 2.214 (2.227)	Data 0.000 (0.003)	Accuracy 0.0000 (0.0000)	Loss 0.3559 (0.3344)	
2018-01-30 13:50:19 Epoch: [4][200/1014]	Time 2.228 (2.228)	Data 0.000 (0.002)	Accuracy 0.0000 (0.0000)	Loss 0.3492 (0.3354)	
2018-01-30 13:52:11 Epoch: [4][250/1014]	Time 2.257 (2.230)	Data 0.000 (0.002)	Accuracy 0.0000 (0.0000)	Loss 0.3192 (0.3344)	
2018-01-30 13:54:02 Epoch: [4][300/1014]	Time 2.209 (2.230)	Data 0.000 (0.002)	Accuracy 0.0000 (0.0000)	Loss 0.3607 (0.3341)	
2018-01-30 13:55:54 Epoch: [4][350/1014]	Time 2.225 (2.231)	Data 0.000 (0.001)	Accuracy 0.0000 (0.0000)	Loss 0.2828 (0.3331)	
2018-01-30 13:57:46 Epoch: [4][400/1014]	Time 2.244 (2.231)	Data 0.000 (0.001)	Accuracy 0.0000 (0.0000)	Loss 0.3019 (0.3331)	
2018-01-30 13:59:37 Epoch: [4][450/1014]	Time 2.230 (2.231)	Data 0.000 (0.001)	Accuracy 0.0000 (0.0000)	Loss 0.4313 (0.3331)	
2018-01-30 14:01:29 Epoch: [4][500/1014]	Time 2.196 (2.232)	Data 0.000 (0.001)	Accuracy 0.0000 (0.0000)	Loss 0.2764 (0.3332)	
2018-01-30 14:03:20 Epoch: [4][550/1014]	Time 2.182 (2.230)	Data 0.000 (0.001)	Accuracy 0.0000 (0.0000)	Loss 0.3194 (0.3327)	
2018-01-30 14:05:10 Epoch: [4][600/1014]	Time 2.269 (2.228)	Data 0.000 (0.001)	Accuracy 0.0000 (0.0000)	Loss 0.3824 (0.3316)	
2018-01-30 14:07:02 Epoch: [4][650/1014]	Time 2.233 (2.228)	Data 0.000 (0.001)	Accuracy 0.0000 (0.0000)	Loss 0.3090 (0.3318)	
2018-01-30 14:08:53 Epoch: [4][700/1014]	Time 2.256 (2.229)	Data 0.000 (0.001)	Accuracy 0.0000 (0.0000)	Loss 0.3174 (0.3316)	
2018-01-30 14:10:44 Epoch: [4][750/1014]	Time 2.245 (2.228)	Data 0.000 (0.001)	Accuracy 0.0000 (0.0000)	Loss 0.3018 (0.3307)	
2018-01-30 14:12:36 Epoch: [4][800/1014]	Time 2.176 (2.228)	Data 0.000 (0.001)	Accuracy 0.0000 (0.0000)	Loss 0.3326 (0.3313)	
2018-01-30 14:14:26 Epoch: [4][850/1014]	Time 2.104 (2.227)	Data 0.000 (0.001)	Accuracy 0.0000 (0.0000)	Loss 0.4005 (0.3322)	
2018-01-30 14:16:16 Epoch: [4][900/1014]	Time 2.235 (2.225)	Data 0.000 (0.001)	Accuracy 0.0000 (0.0000)	Loss 0.3113 (0.3321)	
2018-01-30 14:18:06 Epoch: [4][950/1014]	Time 2.251 (2.224)	Data 0.000 (0.001)	Accuracy 0.0000 (0.0000)	Loss 0.2994 (0.3319)	
2018-01-30 14:19:57 Epoch: [4][1000/1014]	Time 2.184 (2.224)	Data 0.000 (0.001)	Accuracy 0.0000 (0.0000)	Loss 0.3977 (0.3318)	
2018-01-30 14:20:25 Epoch: [4][1013/1014]	Time 1.155 (2.222)	Data 0.000 (0.001)	Accuracy 0.0000 (0.0000)	Loss 0.2949 (0.3320)	
2018-01-30 14:20:25 Validating model
2018-01-30 14:23:06 Test: [252/252]	Time 0.450 (0.640)	Loss 0.34760	F2: 0.46603868021	
2018-01-30 14:23:06 early_stop_counter: 4
2018-01-30 14:23:08 Epoch 5
2018-01-30 14:25:02 Epoch: [5][50/1014]	Time 2.228 (2.235)	Data 0.000 (0.008)	Accuracy 0.0000 (0.0000)	Loss 0.3549 (0.3265)	
2018-01-30 14:26:53 Epoch: [5][100/1014]	Time 2.249 (2.233)	Data 0.000 (0.004)	Accuracy 0.0000 (0.0000)	Loss 0.3448 (0.3238)	
2018-01-30 14:28:45 Epoch: [5][150/1014]	Time 2.209 (2.234)	Data 0.000 (0.003)	Accuracy 0.0000 (0.0000)	Loss 0.3595 (0.3215)	
2018-01-30 14:30:37 Epoch: [5][200/1014]	Time 2.234 (2.233)	Data 0.000 (0.002)	Accuracy 0.0000 (0.0000)	Loss 0.3844 (0.3288)	
2018-01-30 14:32:28 Epoch: [5][250/1014]	Time 2.267 (2.233)	Data 0.000 (0.002)	Accuracy 0.0000 (0.0000)	Loss 0.3180 (0.3305)	
2018-01-30 14:34:20 Epoch: [5][300/1014]	Time 2.236 (2.233)	Data 0.000 (0.002)	Accuracy 0.0000 (0.0000)	Loss 0.3103 (0.3298)	
2018-01-30 14:36:12 Epoch: [5][350/1014]	Time 2.237 (2.233)	Data 0.000 (0.002)	Accuracy 0.0000 (0.0000)	Loss 0.3178 (0.3319)	
2018-01-30 14:38:03 Epoch: [5][400/1014]	Time 2.202 (2.233)	Data 0.000 (0.001)	Accuracy 0.0000 (0.0000)	Loss 0.2989 (0.3296)	
2018-01-30 14:39:52 Epoch: [5][450/1014]	Time 2.203 (2.228)	Data 0.000 (0.001)	Accuracy 0.0000 (0.0000)	Loss 0.2656 (0.3294)	
2018-01-30 14:41:44 Epoch: [5][500/1014]	Time 2.268 (2.228)	Data 0.000 (0.001)	Accuracy 0.0000 (0.0000)	Loss 0.3435 (0.3286)	
2018-01-30 14:43:36 Epoch: [5][550/1014]	Time 2.234 (2.229)	Data 0.000 (0.001)	Accuracy 0.0000 (0.0000)	Loss 0.3496 (0.3285)	
2018-01-30 14:45:27 Epoch: [5][600/1014]	Time 2.223 (2.229)	Data 0.001 (0.001)	Accuracy 0.0000 (0.0000)	Loss 0.2922 (0.3284)	
2018-01-30 14:47:19 Epoch: [5][650/1014]	Time 2.231 (2.229)	Data 0.000 (0.001)	Accuracy 0.0000 (0.0000)	Loss 0.2893 (0.3282)	
2018-01-30 14:49:10 Epoch: [5][700/1014]	Time 2.149 (2.229)	Data 0.000 (0.001)	Accuracy 0.0000 (0.0000)	Loss 0.3573 (0.3288)	
2018-01-30 14:51:01 Epoch: [5][750/1014]	Time 2.257 (2.228)	Data 0.000 (0.001)	Accuracy 0.0000 (0.0000)	Loss 0.3311 (0.3285)	
2018-01-30 14:52:53 Epoch: [5][800/1014]	Time 2.287 (2.229)	Data 0.000 (0.001)	Accuracy 0.0000 (0.0000)	Loss 0.2725 (0.3274)	
2018-01-30 14:54:44 Epoch: [5][850/1014]	Time 2.243 (2.229)	Data 0.000 (0.001)	Accuracy 0.0000 (0.0000)	Loss 0.3455 (0.3273)	
2018-01-30 14:56:36 Epoch: [5][900/1014]	Time 2.176 (2.229)	Data 0.000 (0.001)	Accuracy 0.0000 (0.0000)	Loss 0.3229 (0.3269)	
2018-01-30 14:58:28 Epoch: [5][950/1014]	Time 2.240 (2.229)	Data 0.000 (0.001)	Accuracy 0.0000 (0.0000)	Loss 0.4026 (0.3265)	
2018-01-30 15:00:19 Epoch: [5][1000/1014]	Time 2.223 (2.229)	Data 0.000 (0.001)	Accuracy 0.0000 (0.0000)	Loss 0.3354 (0.3263)	
2018-01-30 15:00:47 Epoch: [5][1013/1014]	Time 1.137 (2.228)	Data 0.000 (0.001)	Accuracy 0.0000 (0.0000)	Loss 0.2392 (0.3262)	
2018-01-30 15:00:47 Validating model
2018-01-30 15:03:29 Test: [252/252]	Time 0.445 (0.643)	Loss 0.33158	F2: 0.485742804116	
2018-01-30 15:03:29 Current model is best by val score 0.33158 < 0.34516
2018-01-30 15:03:29 early_stop_counter: 0
2018-01-30 15:03:32 Epoch 6
2018-01-30 15:05:26 Epoch: [6][50/1014]	Time 2.242 (2.227)	Data 0.000 (0.008)	Accuracy 0.0000 (0.0000)	Loss 0.3319 (0.3407)	
2018-01-30 15:07:18 Epoch: [6][100/1014]	Time 2.203 (2.230)	Data 0.000 (0.004)	Accuracy 0.0000 (0.0000)	Loss 0.3942 (0.3331)	
2018-01-30 15:09:09 Epoch: [6][150/1014]	Time 2.249 (2.231)	Data 0.000 (0.003)	Accuracy 0.0000 (0.0000)	Loss 0.4112 (0.3320)	
2018-01-30 15:11:00 Epoch: [6][200/1014]	Time 2.219 (2.226)	Data 0.000 (0.002)	Accuracy 0.0000 (0.0000)	Loss 0.3552 (0.3288)	
2018-01-30 15:12:52 Epoch: [6][250/1014]	Time 2.234 (2.228)	Data 0.000 (0.002)	Accuracy 0.0000 (0.0000)	Loss 0.3964 (0.3275)	
2018-01-30 15:14:43 Epoch: [6][300/1014]	Time 2.249 (2.229)	Data 0.000 (0.002)	Accuracy 0.0000 (0.0000)	Loss 0.2442 (0.3271)	
2018-01-30 15:16:34 Epoch: [6][350/1014]	Time 2.123 (2.228)	Data 0.000 (0.001)	Accuracy 0.0000 (0.0000)	Loss 0.3790 (0.3275)	
2018-01-30 15:18:25 Epoch: [6][400/1014]	Time 2.224 (2.227)	Data 0.000 (0.001)	Accuracy 0.0000 (0.0000)	Loss 0.2949 (0.3273)	
2018-01-30 15:20:17 Epoch: [6][450/1014]	Time 2.226 (2.228)	Data 0.000 (0.001)	Accuracy 0.0000 (0.0000)	Loss 0.2991 (0.3278)	
2018-01-30 15:22:09 Epoch: [6][500/1014]	Time 2.202 (2.229)	Data 0.000 (0.001)	Accuracy 0.0000 (0.0000)	Loss 0.3531 (0.3282)	
2018-01-30 15:24:01 Epoch: [6][550/1014]	Time 2.242 (2.229)	Data 0.000 (0.001)	Accuracy 0.0000 (0.0000)	Loss 0.3392 (0.3270)	
2018-01-30 15:25:52 Epoch: [6][600/1014]	Time 2.230 (2.228)	Data 0.000 (0.001)	Accuracy 0.0000 (0.0000)	Loss 0.2655 (0.3264)	
2018-01-30 15:27:43 Epoch: [6][650/1014]	Time 2.261 (2.228)	Data 0.000 (0.001)	Accuracy 0.0000 (0.0000)	Loss 0.3585 (0.3279)	
2018-01-30 15:29:34 Epoch: [6][700/1014]	Time 2.171 (2.227)	Data 0.000 (0.001)	Accuracy 0.0000 (0.0000)	Loss 0.2555 (0.3271)	
2018-01-30 15:31:24 Epoch: [6][750/1014]	Time 2.222 (2.226)	Data 0.000 (0.001)	Accuracy 0.0000 (0.0000)	Loss 0.3977 (0.3263)	
2018-01-30 15:33:15 Epoch: [6][800/1014]	Time 2.198 (2.225)	Data 0.000 (0.001)	Accuracy 0.0000 (0.0000)	Loss 0.2913 (0.3260)	
2018-01-30 15:35:05 Epoch: [6][850/1014]	Time 2.234 (2.224)	Data 0.000 (0.001)	Accuracy 0.0000 (0.0000)	Loss 0.4676 (0.3263)	
2018-01-30 15:36:56 Epoch: [6][900/1014]	Time 2.166 (2.224)	Data 0.000 (0.001)	Accuracy 0.0000 (0.0000)	Loss 0.2555 (0.3259)	
2018-01-30 15:38:47 Epoch: [6][950/1014]	Time 2.157 (2.224)	Data 0.000 (0.001)	Accuracy 0.0000 (0.0000)	Loss 0.3270 (0.3257)	
2018-01-30 15:40:37 Epoch: [6][1000/1014]	Time 2.215 (2.223)	Data 0.000 (0.001)	Accuracy 0.0000 (0.0000)	Loss 0.3395 (0.3261)	
2018-01-30 15:41:05 Epoch: [6][1013/1014]	Time 1.140 (2.222)	Data 0.000 (0.001)	Accuracy 0.0000 (0.0000)	Loss 0.5095 (0.3261)	
2018-01-30 15:41:05 Validating model
2018-01-30 15:43:47 Test: [252/252]	Time 0.455 (0.641)	Loss 0.34924	F2: 0.470122892279	
2018-01-30 15:43:47 early_stop_counter: 1
2018-01-30 15:43:48 Epoch 7
2018-01-30 15:45:42 Epoch: [7][50/1014]	Time 2.211 (2.225)	Data 0.000 (0.008)	Accuracy 0.0000 (0.0000)	Loss 0.4023 (0.3189)	
2018-01-30 15:47:32 Epoch: [7][100/1014]	Time 2.263 (2.218)	Data 0.000 (0.004)	Accuracy 0.0000 (0.0000)	Loss 0.3018 (0.3233)	
2018-01-30 15:49:24 Epoch: [7][150/1014]	Time 2.119 (2.220)	Data 0.001 (0.003)	Accuracy 0.0000 (0.0000)	Loss 0.3791 (0.3213)	
2018-01-30 15:51:15 Epoch: [7][200/1014]	Time 2.237 (2.220)	Data 0.000 (0.002)	Accuracy 0.0000 (0.0000)	Loss 0.3019 (0.3198)	
2018-01-30 15:53:05 Epoch: [7][250/1014]	Time 2.177 (2.219)	Data 0.000 (0.002)	Accuracy 0.0000 (0.0000)	Loss 0.2733 (0.3203)	
2018-01-30 15:54:56 Epoch: [7][300/1014]	Time 2.225 (2.217)	Data 0.000 (0.002)	Accuracy 0.0000 (0.0000)	Loss 0.3443 (0.3208)	
2018-01-30 15:56:47 Epoch: [7][350/1014]	Time 2.245 (2.219)	Data 0.000 (0.001)	Accuracy 0.0000 (0.0000)	Loss 0.3337 (0.3223)	
2018-01-30 15:58:38 Epoch: [7][400/1014]	Time 2.255 (2.218)	Data 0.000 (0.001)	Accuracy 0.0000 (0.0000)	Loss 0.3436 (0.3226)	
2018-01-30 16:00:29 Epoch: [7][450/1014]	Time 2.156 (2.219)	Data 0.000 (0.001)	Accuracy 0.0000 (0.0000)	Loss 0.3439 (0.3223)	
2018-01-30 16:02:20 Epoch: [7][500/1014]	Time 2.199 (2.218)	Data 0.000 (0.001)	Accuracy 0.0000 (0.0000)	Loss 0.3826 (0.3204)	
2018-01-30 16:04:10 Epoch: [7][550/1014]	Time 2.227 (2.218)	Data 0.000 (0.001)	Accuracy 0.0000 (0.0000)	Loss 0.2205 (0.3200)	
2018-01-30 16:06:01 Epoch: [7][600/1014]	Time 2.224 (2.217)	Data 0.000 (0.001)	Accuracy 0.0000 (0.0000)	Loss 0.2841 (0.3208)	
2018-01-30 16:07:53 Epoch: [7][650/1014]	Time 2.289 (2.218)	Data 0.000 (0.001)	Accuracy 0.0000 (0.0000)	Loss 0.2867 (0.3216)	
2018-01-30 16:09:44 Epoch: [7][700/1014]	Time 2.256 (2.220)	Data 0.000 (0.001)	Accuracy 0.0000 (0.0000)	Loss 0.2893 (0.3219)	
2018-01-30 16:11:36 Epoch: [7][750/1014]	Time 2.234 (2.221)	Data 0.000 (0.001)	Accuracy 0.0000 (0.0000)	Loss 0.3150 (0.3221)	
2018-01-30 16:13:28 Epoch: [7][800/1014]	Time 2.234 (2.221)	Data 0.000 (0.001)	Accuracy 0.0000 (0.0000)	Loss 0.4247 (0.3224)	
2018-01-30 16:15:19 Epoch: [7][850/1014]	Time 2.227 (2.222)	Data 0.000 (0.001)	Accuracy 0.0000 (0.0000)	Loss 0.2849 (0.3228)	
2018-01-30 16:17:11 Epoch: [7][900/1014]	Time 2.235 (2.223)	Data 0.000 (0.001)	Accuracy 0.0000 (0.0000)	Loss 0.4510 (0.3232)	
2018-01-30 16:19:01 Epoch: [7][950/1014]	Time 2.244 (2.222)	Data 0.000 (0.001)	Accuracy 0.0000 (0.0000)	Loss 0.3848 (0.3229)	
2018-01-30 16:20:53 Epoch: [7][1000/1014]	Time 2.223 (2.222)	Data 0.000 (0.001)	Accuracy 0.0000 (0.0000)	Loss 0.4385 (0.3232)	
2018-01-30 16:21:21 Epoch: [7][1013/1014]	Time 1.141 (2.221)	Data 0.000 (0.001)	Accuracy 0.0000 (0.0000)	Loss 0.3173 (0.3232)	
2018-01-30 16:21:21 Validating model
2018-01-30 16:24:02 Test: [252/252]	Time 0.414 (0.639)	Loss 0.35869	F2: 0.471406238012	
2018-01-30 16:24:02 early_stop_counter: 2
2018-01-30 16:24:03 Epoch 8
2018-01-30 16:25:57 Epoch: [8][50/1014]	Time 2.205 (2.235)	Data 0.000 (0.008)	Accuracy 0.0000 (0.0000)	Loss 0.3563 (0.3293)	
2018-01-30 16:27:49 Epoch: [8][100/1014]	Time 2.261 (2.235)	Data 0.000 (0.004)	Accuracy 0.0000 (0.0000)	Loss 0.3655 (0.3225)	
2018-01-30 16:29:41 Epoch: [8][150/1014]	Time 2.236 (2.234)	Data 0.000 (0.003)	Accuracy 0.0000 (0.0000)	Loss 0.3735 (0.3200)	
2018-01-30 16:31:32 Epoch: [8][200/1014]	Time 2.260 (2.234)	Data 0.000 (0.002)	Accuracy 0.0000 (0.0000)	Loss 0.3444 (0.3218)	
2018-01-30 16:33:23 Epoch: [8][250/1014]	Time 2.230 (2.229)	Data 0.000 (0.002)	Accuracy 0.0000 (0.0000)	Loss 0.3278 (0.3189)	
2018-01-30 16:35:15 Epoch: [8][300/1014]	Time 2.223 (2.230)	Data 0.000 (0.002)	Accuracy 0.0000 (0.0000)	Loss 0.3054 (0.3206)	
2018-01-30 16:37:06 Epoch: [8][350/1014]	Time 2.212 (2.230)	Data 0.001 (0.002)	Accuracy 0.0000 (0.0000)	Loss 0.3358 (0.3205)	
2018-01-30 16:38:58 Epoch: [8][400/1014]	Time 2.232 (2.231)	Data 0.000 (0.001)	Accuracy 0.0000 (0.0000)	Loss 0.2847 (0.3208)	
2018-01-30 16:40:50 Epoch: [8][450/1014]	Time 2.260 (2.231)	Data 0.000 (0.001)	Accuracy 0.0000 (0.0000)	Loss 0.3190 (0.3214)	
2018-01-30 16:42:41 Epoch: [8][500/1014]	Time 2.230 (2.231)	Data 0.000 (0.001)	Accuracy 0.0000 (0.0000)	Loss 0.2810 (0.3213)	
2018-01-30 16:44:33 Epoch: [8][550/1014]	Time 2.241 (2.231)	Data 0.001 (0.001)	Accuracy 0.0000 (0.0000)	Loss 0.3751 (0.3213)	
2018-01-30 16:46:25 Epoch: [8][600/1014]	Time 2.236 (2.232)	Data 0.001 (0.001)	Accuracy 0.0000 (0.0000)	Loss 0.1986 (0.3203)	
2018-01-30 16:48:16 Epoch: [8][650/1014]	Time 2.244 (2.232)	Data 0.000 (0.001)	Accuracy 0.0000 (0.0000)	Loss 0.3244 (0.3205)	
2018-01-30 16:50:08 Epoch: [8][700/1014]	Time 2.186 (2.232)	Data 0.000 (0.001)	Accuracy 0.0000 (0.0000)	Loss 0.2579 (0.3213)	
2018-01-30 16:51:59 Epoch: [8][750/1014]	Time 2.193 (2.232)	Data 0.000 (0.001)	Accuracy 0.0000 (0.0000)	Loss 0.2390 (0.3209)	
2018-01-30 16:53:51 Epoch: [8][800/1014]	Time 2.213 (2.232)	Data 0.000 (0.001)	Accuracy 0.0000 (0.0000)	Loss 0.3073 (0.3205)	
2018-01-30 16:55:43 Epoch: [8][850/1014]	Time 2.251 (2.232)	Data 0.000 (0.001)	Accuracy 0.0000 (0.0000)	Loss 0.2918 (0.3205)	
2018-01-30 16:57:34 Epoch: [8][900/1014]	Time 2.240 (2.232)	Data 0.000 (0.001)	Accuracy 0.0000 (0.0000)	Loss 0.2950 (0.3205)	
2018-01-30 16:59:26 Epoch: [8][950/1014]	Time 2.266 (2.232)	Data 0.000 (0.001)	Accuracy 0.0000 (0.0000)	Loss 0.3422 (0.3200)	
2018-01-30 17:01:18 Epoch: [8][1000/1014]	Time 2.226 (2.232)	Data 0.001 (0.001)	Accuracy 0.0000 (0.0000)	Loss 0.2946 (0.3201)	
2018-01-30 17:01:45 Epoch: [8][1013/1014]	Time 1.144 (2.231)	Data 0.000 (0.001)	Accuracy 0.0000 (0.0000)	Loss 0.4000 (0.3203)	
2018-01-30 17:01:45 Validating model
2018-01-30 17:04:28 Test: [252/252]	Time 0.408 (0.644)	Loss 0.33802	F2: 0.497128096767	
2018-01-30 17:04:28 early_stop_counter: 3
2018-01-30 17:04:28 Setting for group learning rate=0.00010000, epoch=8
2018-01-30 17:04:28 Setting for group learning rate=0.00010000, epoch=8
2018-01-30 17:04:28 Setting for group learning rate=0.00000001, epoch=8
2018-01-30 17:04:28 Setting for group learning rate=0.00000001, epoch=8
2018-01-30 17:04:28 Setting for group learning rate=0.00000001, epoch=8
2018-01-30 17:04:28 Setting for group learning rate=0.00000001, epoch=8
2018-01-30 17:04:28 Setting for group learning rate=0.00000001, epoch=8
2018-01-30 17:04:28 Setting for group learning rate=0.00000100, epoch=8
2018-01-30 17:04:28 Setting for group learning rate=0.00000100, epoch=8
2018-01-30 17:04:28 Setting for group learning rate=0.00000100, epoch=8
2018-01-30 17:04:28 Setting for group learning rate=0.00000100, epoch=8
2018-01-30 17:04:28 Setting for group learning rate=0.00000100, epoch=8
2018-01-30 17:04:28 Setting for group learning rate=0.00000100, epoch=8
2018-01-30 17:04:28 Setting for group learning rate=0.00000100, epoch=8
2018-01-30 17:04:28 Setting for group learning rate=0.00000100, epoch=8
2018-01-30 17:04:28 Setting for group learning rate=0.00000100, epoch=8
2018-01-30 17:04:28 Setting for group learning rate=0.00000100, epoch=8
2018-01-30 17:04:28 Setting for group learning rate=0.00000100, epoch=8
2018-01-30 17:04:28 Setting for group learning rate=0.00000001, epoch=8
2018-01-30 17:04:28 Setting for group learning rate=0.00000001, epoch=8
2018-01-30 17:04:29 Loaded the model from previous best step
2018-01-30 17:04:32 Loaded best model /home/tzaumiaan/clone_1/results/model_best.pth.tar, arch=inception_v3_
2018-01-30 17:04:32 Epoch 9
2018-01-30 17:06:25 Epoch: [9][50/1014]	Time 2.270 (2.230)	Data 0.000 (0.008)	Accuracy 0.0000 (0.0000)	Loss 0.3626 (0.3226)	
2018-01-30 17:08:16 Epoch: [9][100/1014]	Time 2.265 (2.219)	Data 0.000 (0.004)	Accuracy 0.0000 (0.0000)	Loss 0.3737 (0.3263)	
2018-01-30 17:10:07 Epoch: [9][150/1014]	Time 2.231 (2.223)	Data 0.000 (0.003)	Accuracy 0.0000 (0.0000)	Loss 0.2764 (0.3242)	
2018-01-30 17:11:58 Epoch: [9][200/1014]	Time 2.224 (2.219)	Data 0.000 (0.002)	Accuracy 0.0000 (0.0000)	Loss 0.3176 (0.3227)	
2018-01-30 17:13:49 Epoch: [9][250/1014]	Time 2.219 (2.222)	Data 0.000 (0.002)	Accuracy 0.0000 (0.0000)	Loss 0.2542 (0.3242)	
2018-01-30 17:15:41 Epoch: [9][300/1014]	Time 2.239 (2.224)	Data 0.000 (0.002)	Accuracy 0.0000 (0.0000)	Loss 0.3522 (0.3255)	
2018-01-30 17:17:33 Epoch: [9][350/1014]	Time 2.204 (2.226)	Data 0.000 (0.002)	Accuracy 0.0000 (0.0000)	Loss 0.2624 (0.3267)	
2018-01-30 17:19:24 Epoch: [9][400/1014]	Time 2.231 (2.226)	Data 0.000 (0.001)	Accuracy 0.0000 (0.0000)	Loss 0.4356 (0.3273)	
2018-01-30 17:21:16 Epoch: [9][450/1014]	Time 2.192 (2.227)	Data 0.000 (0.001)	Accuracy 0.0000 (0.0000)	Loss 0.3150 (0.3288)	
2018-01-30 17:23:08 Epoch: [9][500/1014]	Time 2.251 (2.227)	Data 0.000 (0.001)	Accuracy 0.0000 (0.0000)	Loss 0.4374 (0.3298)	
2018-01-30 17:24:59 Epoch: [9][550/1014]	Time 2.251 (2.228)	Data 0.000 (0.001)	Accuracy 0.0000 (0.0000)	Loss 0.2928 (0.3284)	
2018-01-30 17:26:50 Epoch: [9][600/1014]	Time 2.241 (2.226)	Data 0.000 (0.001)	Accuracy 0.0000 (0.0000)	Loss 0.2766 (0.3291)	
2018-01-30 17:28:40 Epoch: [9][650/1014]	Time 2.229 (2.225)	Data 0.000 (0.001)	Accuracy 0.0000 (0.0000)	Loss 0.2482 (0.3294)	
2018-01-30 17:30:32 Epoch: [9][700/1014]	Time 2.250 (2.226)	Data 0.000 (0.001)	Accuracy 0.0000 (0.0000)	Loss 0.3489 (0.3291)	
2018-01-30 17:32:23 Epoch: [9][750/1014]	Time 2.238 (2.226)	Data 0.000 (0.001)	Accuracy 0.0000 (0.0000)	Loss 0.3116 (0.3289)	
2018-01-30 17:34:15 Epoch: [9][800/1014]	Time 2.235 (2.226)	Data 0.000 (0.001)	Accuracy 0.0000 (0.0000)	Loss 0.3138 (0.3290)	
2018-01-30 17:36:07 Epoch: [9][850/1014]	Time 2.230 (2.227)	Data 0.000 (0.001)	Accuracy 0.0000 (0.0000)	Loss 0.3215 (0.3288)	
2018-01-30 17:37:56 Epoch: [9][900/1014]	Time 2.176 (2.225)	Data 0.000 (0.001)	Accuracy 0.0000 (0.0000)	Loss 0.2868 (0.3285)	
2018-01-30 17:39:47 Epoch: [9][950/1014]	Time 2.160 (2.225)	Data 0.000 (0.001)	Accuracy 0.0000 (0.0000)	Loss 0.2460 (0.3281)	
2018-01-30 17:41:38 Epoch: [9][1000/1014]	Time 2.216 (2.224)	Data 0.000 (0.001)	Accuracy 0.0000 (0.0000)	Loss 0.3644 (0.3287)	
2018-01-30 17:42:05 Epoch: [9][1013/1014]	Time 1.141 (2.223)	Data 0.000 (0.001)	Accuracy 0.0000 (0.0000)	Loss 0.3853 (0.3287)	
2018-01-30 17:42:05 Validating model
2018-01-30 17:44:48 Test: [252/252]	Time 0.421 (0.645)	Loss 0.35898	F2: 0.453503320365	
2018-01-30 17:44:48 early_stop_counter: 4
2018-01-30 17:44:50 Epoch 10
2018-01-30 17:46:43 Epoch: [10][50/1014]	Time 2.236 (2.222)	Data 0.000 (0.008)	Accuracy 0.0000 (0.0000)	Loss 0.3832 (0.3286)	
2018-01-30 17:48:35 Epoch: [10][100/1014]	Time 2.235 (2.227)	Data 0.001 (0.004)	Accuracy 0.0000 (0.0000)	Loss 0.3246 (0.3332)	
2018-01-30 17:50:25 Epoch: [10][150/1014]	Time 2.223 (2.221)	Data 0.000 (0.003)	Accuracy 0.0000 (0.0000)	Loss 0.2720 (0.3326)	
2018-01-30 17:52:16 Epoch: [10][200/1014]	Time 2.205 (2.218)	Data 0.000 (0.002)	Accuracy 0.0000 (0.0000)	Loss 0.4718 (0.3296)	
2018-01-30 17:54:06 Epoch: [10][250/1014]	Time 2.177 (2.216)	Data 0.000 (0.002)	Accuracy 0.0000 (0.0000)	Loss 0.3492 (0.3298)	
2018-01-30 17:55:57 Epoch: [10][300/1014]	Time 2.248 (2.216)	Data 0.000 (0.002)	Accuracy 0.0000 (0.0000)	Loss 0.4160 (0.3309)	
2018-01-30 17:57:48 Epoch: [10][350/1014]	Time 2.176 (2.218)	Data 0.001 (0.002)	Accuracy 0.0000 (0.0000)	Loss 0.3607 (0.3311)	
2018-01-30 17:59:40 Epoch: [10][400/1014]	Time 2.235 (2.220)	Data 0.000 (0.001)	Accuracy 0.0000 (0.0000)	Loss 0.3349 (0.3314)	
2018-01-30 18:01:31 Epoch: [10][450/1014]	Time 2.143 (2.219)	Data 0.000 (0.001)	Accuracy 0.0000 (0.0000)	Loss 0.3466 (0.3322)	
2018-01-30 18:03:22 Epoch: [10][500/1014]	Time 2.225 (2.220)	Data 0.000 (0.001)	Accuracy 0.0000 (0.0000)	Loss 0.2810 (0.3306)	
2018-01-30 18:05:14 Epoch: [10][550/1014]	Time 2.251 (2.221)	Data 0.000 (0.001)	Accuracy 0.0000 (0.0000)	Loss 0.3187 (0.3305)	
2018-01-30 18:07:04 Epoch: [10][600/1014]	Time 2.267 (2.221)	Data 0.001 (0.001)	Accuracy 0.0000 (0.0000)	Loss 0.3679 (0.3294)	
2018-01-30 18:08:56 Epoch: [10][650/1014]	Time 2.233 (2.221)	Data 0.000 (0.001)	Accuracy 0.0000 (0.0000)	Loss 0.3025 (0.3291)	
2018-01-30 18:10:47 Epoch: [10][700/1014]	Time 2.187 (2.222)	Data 0.000 (0.001)	Accuracy 0.0000 (0.0000)	Loss 0.4352 (0.3285)	
2018-01-30 18:12:38 Epoch: [10][750/1014]	Time 2.229 (2.221)	Data 0.000 (0.001)	Accuracy 0.0000 (0.0000)	Loss 0.3233 (0.3285)	
2018-01-30 18:14:28 Epoch: [10][800/1014]	Time 2.164 (2.221)	Data 0.000 (0.001)	Accuracy 0.0000 (0.0000)	Loss 0.2830 (0.3285)	
2018-01-30 18:16:19 Epoch: [10][850/1014]	Time 2.227 (2.220)	Data 0.000 (0.001)	Accuracy 0.0000 (0.0000)	Loss 0.2912 (0.3283)	
2018-01-30 18:18:10 Epoch: [10][900/1014]	Time 2.242 (2.220)	Data 0.000 (0.001)	Accuracy 0.0000 (0.0000)	Loss 0.4087 (0.3284)	
2018-01-30 18:20:01 Epoch: [10][950/1014]	Time 2.238 (2.220)	Data 0.000 (0.001)	Accuracy 0.0000 (0.0000)	Loss 0.3903 (0.3283)	
2018-01-30 18:21:53 Epoch: [10][1000/1014]	Time 2.239 (2.221)	Data 0.000 (0.001)	Accuracy 0.0000 (0.0000)	Loss 0.4352 (0.3277)	
2018-01-30 18:22:21 Epoch: [10][1013/1014]	Time 1.154 (2.220)	Data 0.000 (0.001)	Accuracy 0.0000 (0.0000)	Loss 0.3107 (0.3275)	
2018-01-30 18:22:21 Validating model
2018-01-30 18:25:02 Test: [252/252]	Time 0.207 (0.641)	Loss 0.35726	F2: 0.461730033122	
2018-01-30 18:25:02 early_stop_counter: 5
2018-01-30 18:25:04 Epoch 11
2018-01-30 18:26:58 Epoch: [11][50/1014]	Time 2.223 (2.239)	Data 0.000 (0.010)	Accuracy 0.0000 (0.0000)	Loss 0.3342 (0.3222)	
2018-01-30 18:28:50 Epoch: [11][100/1014]	Time 2.220 (2.236)	Data 0.000 (0.005)	Accuracy 0.0000 (0.0000)	Loss 0.4494 (0.3249)	
2018-01-30 18:30:41 Epoch: [11][150/1014]	Time 2.279 (2.232)	Data 0.000 (0.004)	Accuracy 0.0000 (0.0000)	Loss 0.4262 (0.3275)	
2018-01-30 18:32:31 Epoch: [11][200/1014]	Time 2.166 (2.225)	Data 0.000 (0.003)	Accuracy 0.0000 (0.0000)	Loss 0.3434 (0.3246)	
2018-01-30 18:34:22 Epoch: [11][250/1014]	Time 2.221 (2.223)	Data 0.000 (0.002)	Accuracy 0.0000 (0.0000)	Loss 0.4068 (0.3242)	
2018-01-30 18:36:14 Epoch: [11][300/1014]	Time 2.238 (2.225)	Data 0.000 (0.002)	Accuracy 0.0000 (0.0000)	Loss 0.3479 (0.3245)	
2018-01-30 18:38:05 Epoch: [11][350/1014]	Time 2.233 (2.226)	Data 0.000 (0.002)	Accuracy 0.0000 (0.0000)	Loss 0.2979 (0.3242)	
2018-01-30 18:39:57 Epoch: [11][400/1014]	Time 2.226 (2.227)	Data 0.000 (0.002)	Accuracy 0.0000 (0.0000)	Loss 0.3616 (0.3258)	
2018-01-30 18:41:49 Epoch: [11][450/1014]	Time 2.199 (2.228)	Data 0.001 (0.002)	Accuracy 0.0000 (0.0000)	Loss 0.3589 (0.3265)	
2018-01-30 18:43:39 Epoch: [11][500/1014]	Time 2.195 (2.226)	Data 0.000 (0.001)	Accuracy 0.0000 (0.0000)	Loss 0.2009 (0.3268)	
2018-01-30 18:45:30 Epoch: [11][550/1014]	Time 2.248 (2.225)	Data 0.000 (0.001)	Accuracy 0.0000 (0.0000)	Loss 0.2806 (0.3259)	
2018-01-30 18:47:21 Epoch: [11][600/1014]	Time 2.226 (2.225)	Data 0.000 (0.001)	Accuracy 0.0000 (0.0000)	Loss 0.3339 (0.3269)	
2018-01-30 18:49:13 Epoch: [11][650/1014]	Time 2.225 (2.226)	Data 0.000 (0.001)	Accuracy 0.0000 (0.0000)	Loss 0.2971 (0.3268)	
2018-01-30 18:51:04 Epoch: [11][700/1014]	Time 2.227 (2.226)	Data 0.000 (0.001)	Accuracy 0.0000 (0.0000)	Loss 0.2929 (0.3274)	
2018-01-30 18:52:56 Epoch: [11][750/1014]	Time 2.232 (2.227)	Data 0.000 (0.001)	Accuracy 0.0000 (0.0000)	Loss 0.2900 (0.3267)	
2018-01-30 18:54:48 Epoch: [11][800/1014]	Time 2.164 (2.227)	Data 0.000 (0.001)	Accuracy 0.0000 (0.0000)	Loss 0.2979 (0.3263)	
2018-01-30 18:56:39 Epoch: [11][850/1014]	Time 2.161 (2.227)	Data 0.000 (0.001)	Accuracy 0.0000 (0.0000)	Loss 0.3401 (0.3261)	
2018-01-30 18:58:30 Epoch: [11][900/1014]	Time 2.276 (2.226)	Data 0.000 (0.001)	Accuracy 0.0000 (0.0000)	Loss 0.2866 (0.3267)	
2018-01-30 19:00:20 Epoch: [11][950/1014]	Time 2.244 (2.226)	Data 0.000 (0.001)	Accuracy 0.0000 (0.0000)	Loss 0.3772 (0.3262)	
2018-01-30 19:02:11 Epoch: [11][1000/1014]	Time 2.254 (2.225)	Data 0.000 (0.001)	Accuracy 0.0000 (0.0000)	Loss 0.3819 (0.3268)	
2018-01-30 19:02:39 Epoch: [11][1013/1014]	Time 1.172 (2.224)	Data 0.000 (0.001)	Accuracy 0.0000 (0.0000)	Loss 0.3810 (0.3268)	
2018-01-30 19:02:39 Validating model
2018-01-30 19:05:22 Test: [252/252]	Time 0.405 (0.648)	Loss 0.38313	F2: 0.423761231648	
2018-01-30 19:05:22 Early stopping, regress for 6 iterations
2018-01-30 19:05:22 early_stop_counter: 6
2018-01-30 19:05:22 Setting for group learning rate=0.00001000, epoch=11
2018-01-30 19:05:22 Setting for group learning rate=0.00001000, epoch=11
2018-01-30 19:05:22 Setting for group learning rate=0.00000000, epoch=11
2018-01-30 19:05:22 Setting for group learning rate=0.00000000, epoch=11
2018-01-30 19:05:22 Setting for group learning rate=0.00000000, epoch=11
2018-01-30 19:05:22 Setting for group learning rate=0.00000000, epoch=11
2018-01-30 19:05:22 Setting for group learning rate=0.00000000, epoch=11
2018-01-30 19:05:22 Setting for group learning rate=0.00000010, epoch=11
2018-01-30 19:05:22 Setting for group learning rate=0.00000010, epoch=11
2018-01-30 19:05:22 Setting for group learning rate=0.00000010, epoch=11
2018-01-30 19:05:22 Setting for group learning rate=0.00000010, epoch=11
2018-01-30 19:05:22 Setting for group learning rate=0.00000010, epoch=11
2018-01-30 19:05:22 Setting for group learning rate=0.00000010, epoch=11
2018-01-30 19:05:22 Setting for group learning rate=0.00000010, epoch=11
2018-01-30 19:05:22 Setting for group learning rate=0.00000010, epoch=11
2018-01-30 19:05:22 Setting for group learning rate=0.00000010, epoch=11
2018-01-30 19:05:22 Setting for group learning rate=0.00000010, epoch=11
2018-01-30 19:05:22 Setting for group learning rate=0.00000010, epoch=11
2018-01-30 19:05:22 Setting for group learning rate=0.00000000, epoch=11
2018-01-30 19:05:22 Setting for group learning rate=0.00000000, epoch=11
2018-01-30 19:05:24 Exiting learning process
2018-01-30 19:05:24 Initing model
2018-01-30 19:05:27 Loaded best model /home/tzaumiaan/clone_1/results/model_best.pth.tar, arch=inception_v3_
2018-01-30 19:05:27 Estimating thresholds
2018-01-30 19:08:13 	 slice=0, name=agriculture, best_threshold=0.010, metric=0.6900
2018-01-30 19:08:14 	 slice=1, name=artisinal_mine, best_threshold=0.010, metric=0.6900
2018-01-30 19:08:16 	 slice=2, name=bare_ground, best_threshold=0.020, metric=0.6900
2018-01-30 19:08:17 	 slice=3, name=blooming, best_threshold=0.010, metric=0.6900
2018-01-30 19:08:18 	 slice=4, name=blow_down, best_threshold=0.010, metric=0.6900
2018-01-30 19:08:20 	 slice=5, name=clear, best_threshold=0.260, metric=0.6908
2018-01-30 19:08:21 	 slice=6, name=cloudy, best_threshold=0.210, metric=0.6910
2018-01-30 19:08:22 	 slice=7, name=conventional_mine, best_threshold=0.010, metric=0.6910
2018-01-30 19:08:24 	 slice=8, name=cultivation, best_threshold=0.020, metric=0.6922
2018-01-30 19:08:25 	 slice=9, name=habitation, best_threshold=0.030, metric=0.6955
2018-01-30 19:08:27 	 slice=10, name=haze, best_threshold=0.030, metric=0.6955
2018-01-30 19:08:28 	 slice=11, name=partly_cloudy, best_threshold=0.020, metric=0.7103
2018-01-30 19:08:29 	 slice=12, name=primary, best_threshold=0.340, metric=0.7103
2018-01-30 19:08:31 	 slice=13, name=road, best_threshold=0.040, metric=0.7188
2018-01-30 19:08:32 	 slice=14, name=selective_logging, best_threshold=0.010, metric=0.7188
2018-01-30 19:08:34 	 slice=15, name=slash_burn, best_threshold=0.010, metric=0.7188
2018-01-30 19:08:35 	 slice=16, name=water, best_threshold=0.350, metric=0.7270
2018-01-30 19:08:35 Precision/recall for each category
2018-01-30 19:08:35 	 name=agriculture, count=12315, pre=0.3213, recall=0.9172
2018-01-30 19:08:35 	 name=artisinal_mine, count=339, pre=0.0000, recall=0.0000
2018-01-30 19:08:35 	 name=bare_ground, count=862, pre=0.0000, recall=0.0000
2018-01-30 19:08:35 	 name=blooming, count=332, pre=0.0000, recall=0.0000
2018-01-30 19:08:35 	 name=blow_down, count=101, pre=0.0000, recall=0.0000
2018-01-30 19:08:35 	 name=clear, count=28431, pre=0.7384, recall=0.9979
2018-01-30 19:08:35 	 name=cloudy, count=2089, pre=0.2580, recall=0.7586
2018-01-30 19:08:35 	 name=conventional_mine, count=100, pre=0.0000, recall=0.0000
2018-01-30 19:08:35 	 name=cultivation, count=4547, pre=0.2651, recall=0.1393
2018-01-30 19:08:35 	 name=habitation, count=3660, pre=0.3705, recall=0.3434
2018-01-30 19:08:35 	 name=haze, count=2697, pre=0.0000, recall=0.0000
2018-01-30 19:08:35 	 name=partly_cloudy, count=7261, pre=0.2049, recall=0.7879
2018-01-30 19:08:35 	 name=primary, count=37513, pre=0.9271, recall=1.0000
2018-01-30 19:08:35 	 name=road, count=8071, pre=0.3845, recall=0.4547
2018-01-30 19:08:35 	 name=selective_logging, count=340, pre=0.0000, recall=0.0000
2018-01-30 19:08:35 	 name=slash_burn, count=209, pre=0.0000, recall=0.0000
2018-01-30 19:08:35 	 name=water, count=7411, pre=0.3352, recall=0.2059
2018-01-30 19:08:43 F2 score before applying tresholds is 0.575451
2018-01-30 19:08:43 F2 score after applying tresholds is 0.726990
2018-01-30 19:08:43 Testing transformation 1/10
2018-01-30 19:08:43 Testing
2018-01-30 19:11:08 Batch 20
2018-01-30 19:12:50 Batch 40
2018-01-30 19:14:33 Batch 60
2018-01-30 19:16:15 Batch 80
2018-01-30 19:17:57 Batch 100
2018-01-30 19:19:39 Batch 120
2018-01-30 19:20:15 Testing transformation 2/10
2018-01-30 19:20:15 Testing
2018-01-30 19:22:04 Batch 20
2018-01-30 19:23:47 Batch 40
2018-01-30 19:25:31 Batch 60
2018-01-30 19:27:13 Batch 80
2018-01-30 19:28:56 Batch 100
2018-01-30 19:30:38 Batch 120
2018-01-30 19:31:10 Testing transformation 3/10
2018-01-30 19:31:10 Testing
2018-01-30 19:32:59 Batch 20
2018-01-30 19:34:41 Batch 40
2018-01-30 19:36:24 Batch 60
2018-01-30 19:38:07 Batch 80
2018-01-30 19:39:49 Batch 100
2018-01-30 19:41:32 Batch 120
2018-01-30 19:42:03 Testing transformation 4/10
2018-01-30 19:42:03 Testing
2018-01-30 19:43:51 Batch 20
2018-01-30 19:45:33 Batch 40
2018-01-30 19:47:16 Batch 60
2018-01-30 19:48:59 Batch 80
2018-01-30 19:50:42 Batch 100
2018-01-30 19:52:29 Batch 120
2018-01-30 19:53:02 Testing transformation 5/10
2018-01-30 19:53:02 Testing
2018-01-30 19:54:53 Batch 20
2018-01-30 19:56:37 Batch 40
2018-01-30 19:58:19 Batch 60
2018-01-30 20:00:02 Batch 80
2018-01-30 20:01:45 Batch 100
2018-01-30 20:03:30 Batch 120
2018-01-30 20:04:01 Testing transformation 6/10
2018-01-30 20:04:01 Testing
2018-01-30 20:05:51 Batch 20
2018-01-30 20:07:33 Batch 40
2018-01-30 20:09:16 Batch 60
2018-01-30 20:10:58 Batch 80
2018-01-30 20:12:41 Batch 100
2018-01-30 20:14:23 Batch 120
2018-01-30 20:14:54 Testing transformation 7/10
2018-01-30 20:14:54 Testing
2018-01-30 20:16:44 Batch 20
2018-01-30 20:18:27 Batch 40
2018-01-30 20:20:09 Batch 60
2018-01-30 20:21:52 Batch 80
2018-01-30 20:23:35 Batch 100
2018-01-30 20:25:17 Batch 120
2018-01-30 20:25:47 Testing transformation 8/10
2018-01-30 20:25:47 Testing
2018-01-30 20:27:36 Batch 20
2018-01-30 20:29:19 Batch 40
2018-01-30 20:31:03 Batch 60
2018-01-30 20:32:47 Batch 80
2018-01-30 20:34:30 Batch 100
2018-01-30 20:36:13 Batch 120
2018-01-30 20:36:44 Testing transformation 9/10
2018-01-30 20:36:44 Testing
2018-01-30 20:38:36 Batch 20
2018-01-30 20:40:19 Batch 40
2018-01-30 20:42:07 Batch 60
2018-01-30 20:43:53 Batch 80
2018-01-30 20:45:36 Batch 100
2018-01-30 20:47:20 Batch 120
2018-01-30 20:47:52 Testing transformation 10/10
2018-01-30 20:47:52 Testing
2018-01-30 20:49:41 Batch 20
2018-01-30 20:51:24 Batch 40
2018-01-30 20:53:06 Batch 60
2018-01-30 20:54:48 Batch 80
2018-01-30 20:56:32 Batch 100
2018-01-30 20:58:13 Batch 120
2018-01-30 20:58:47 {0: 'agriculture', 1: 'artisinal_mine', 2: 'bare_ground', 3: 'blooming', 4: 'blow_down', 5: 'clear', 6: 'cloudy', 7: 'conventional_mine', 8: 'cultivation', 9: 'habitation', 10: 'haze', 11: 'partly_cloudy', 12: 'primary', 13: 'road', 14: 'selective_logging', 15: 'slash_burn', 16: 'water'}
