2018-02-03 02:56:30 Config: {'folds': 10, 'warm_up_epochs': 2, 'shard': '', 'seed': 0, 'weigh_loss': 0, 'lr_schedule': 'adaptive_best', 'holdout': 0, 'weight_decay': 0.0001, 'from_checkpoint': 0, 'train_percent': 0.8, 'workers': 2, 'test_batch_size': 320, 'transform': 'mix_index_nozoom_256', 'epoch': 80, 'lr': 0.3, 'momentum': 0.9, 'run_type': 'train', 'optimizer': 'sgd', 'data_type': 'mix', 'batch_size': 96, 'blacklist': 0, 'max_stops': 3, 'weigh_sample': 0, 'early_stop_n': 6, 'decrease_rate': 0.1, 'model': 'mix_net_v6'}
2018-02-03 02:56:30 Loading train/val split from file
2018-02-03 02:56:31 Starting learning single model
2018-02-03 02:56:31 Initing model
2018-02-03 02:56:32 Resnet18: Loading pretrained
2018-02-03 02:56:38 Loading from /home/tzaumiaan/clone_2/planet/pretrained/resnet18_fcbn_256.pth.tar
2018-02-03 02:56:39 Learning exact layers, number=7
2018-02-03 02:56:39 Layer=0, lr=0.30000
2018-02-03 02:56:39 Layer=1, lr=0.30000
2018-02-03 02:56:39 Layer=2, lr=0.30000
2018-02-03 02:56:39 Layer=3, lr=0.03000
2018-02-03 02:56:39 Layer=4, lr=0.03000
2018-02-03 02:56:39 Layer=5, lr=0.01500
2018-02-03 02:56:39 Layer=6, lr=0.30000
2018-02-03 02:56:39 Loss is MultiLabelSoftMarginLoss without weights
2018-02-03 02:56:39 Epoch 0
2018-02-03 03:00:38 Epoch: [0][50/338]	Time 4.494 (4.682)	Data 2.088 (1.935)	Accuracy 0.0000 (0.0000)	Loss 0.1497 (0.3243)	
2018-02-03 03:04:30 Epoch: [0][100/338]	Time 3.740 (4.668)	Data 1.425 (2.014)	Accuracy 0.0000 (0.0000)	Loss 0.1135 (0.2308)	
2018-02-03 03:08:25 Epoch: [0][150/338]	Time 2.857 (4.674)	Data 0.061 (2.082)	Accuracy 0.0000 (0.0000)	Loss 0.1102 (0.1906)	
2018-02-03 03:12:19 Epoch: [0][200/338]	Time 3.153 (4.678)	Data 0.000 (2.057)	Accuracy 0.0000 (0.0000)	Loss 0.1172 (0.1687)	
2018-02-03 03:16:12 Epoch: [0][250/338]	Time 3.209 (4.675)	Data 0.415 (2.028)	Accuracy 0.0000 (0.0000)	Loss 0.1180 (0.1554)	
2018-02-03 03:20:02 Epoch: [0][300/338]	Time 3.567 (4.660)	Data 1.037 (2.046)	Accuracy 0.0000 (0.0000)	Loss 0.0991 (0.1454)	
2018-02-03 03:23:02 Epoch: [0][337/338]	Time 11.251 (4.683)	Data 1.708 (2.050)	Accuracy 0.0000 (0.0000)	Loss 0.0883 (0.1401)	
2018-02-03 03:23:02 Validating model
2018-02-03 03:29:12 Test: [84/84]	Time 3.355 (4.411)	Loss 0.09262	F2: 0.860799344045	
2018-02-03 03:29:12 Current model is best by val score 0.09262 < -1.00000
2018-02-03 03:29:12 early_stop_counter: 0
2018-02-03 03:29:16 Epoch 1
2018-02-03 03:31:59 Epoch: [1][50/338]	Time 3.187 (3.208)	Data 0.000 (0.047)	Accuracy 0.0000 (0.0000)	Loss 0.0965 (0.0919)	
2018-02-03 03:34:38 Epoch: [1][100/338]	Time 3.255 (3.195)	Data 0.001 (0.024)	Accuracy 0.0000 (0.0000)	Loss 0.1080 (0.0924)	
2018-02-03 03:37:14 Epoch: [1][150/338]	Time 3.160 (3.168)	Data 0.000 (0.016)	Accuracy 0.0000 (0.0000)	Loss 0.1070 (0.0927)	
2018-02-03 03:39:49 Epoch: [1][200/338]	Time 3.129 (3.150)	Data 0.000 (0.012)	Accuracy 0.0000 (0.0000)	Loss 0.0939 (0.0920)	
2018-02-03 03:42:26 Epoch: [1][250/338]	Time 3.073 (3.151)	Data 0.000 (0.010)	Accuracy 0.0000 (0.0000)	Loss 0.0693 (0.0917)	
2018-02-03 03:45:12 Epoch: [1][300/338]	Time 1.950 (3.177)	Data 0.676 (0.059)	Accuracy 0.0000 (0.0000)	Loss 0.0766 (0.0909)	
2018-02-03 03:48:03 Epoch: [1][337/338]	Time 3.501 (3.336)	Data 2.046 (0.261)	Accuracy 0.0000 (0.0000)	Loss 0.0877 (0.0905)	
2018-02-03 03:48:03 Validating model
2018-02-03 03:52:12 Test: [84/84]	Time 0.380 (2.962)	Loss 0.08737	F2: 0.872235469788	
2018-02-03 03:52:12 Current model is best by val score 0.08737 < 0.09262
2018-02-03 03:52:12 early_stop_counter: 0
2018-02-03 03:52:15 Epoch 2
2018-02-03 03:54:38 Epoch: [2][50/338]	Time 1.466 (2.795)	Data 0.173 (1.247)	Accuracy 0.0000 (0.0000)	Loss 0.1102 (0.0882)	
2018-02-03 03:56:51 Epoch: [2][100/338]	Time 2.562 (2.725)	Data 0.121 (1.180)	Accuracy 0.0000 (0.0000)	Loss 0.1177 (0.0875)	
2018-02-03 03:59:18 Epoch: [2][150/338]	Time 3.424 (2.800)	Data 0.000 (1.054)	Accuracy 0.0000 (0.0000)	Loss 0.0608 (0.0882)	
2018-02-03 04:02:13 Epoch: [2][200/338]	Time 3.301 (2.974)	Data 0.000 (0.792)	Accuracy 0.0000 (0.0000)	Loss 0.0878 (0.0880)	
2018-02-03 04:05:08 Epoch: [2][250/338]	Time 3.703 (3.078)	Data 0.000 (0.635)	Accuracy 0.0000 (0.0000)	Loss 0.1117 (0.0876)	
2018-02-03 04:08:52 Epoch: [2][300/338]	Time 3.542 (3.309)	Data 0.000 (0.768)	Accuracy 0.0000 (0.0000)	Loss 0.0825 (0.0871)	
2018-02-03 04:11:41 Epoch: [2][337/338]	Time 4.809 (3.447)	Data 4.126 (0.964)	Accuracy 0.0000 (0.0000)	Loss 0.0959 (0.0874)	
2018-02-03 04:11:41 Validating model
2018-02-03 04:13:51 Test: [84/84]	Time 0.418 (1.557)	Loss 0.08678	F2: 0.867088323957	
2018-02-03 04:13:51 Current model is best by val score 0.08678 < 0.08737
2018-02-03 04:13:51 early_stop_counter: 0
2018-02-03 04:13:55 Epoch 3
2018-02-03 04:15:11 Epoch: [3][50/338]	Time 1.485 (1.499)	Data 0.001 (0.031)	Accuracy 0.0000 (0.0000)	Loss 0.0811 (0.0857)	
2018-02-03 04:16:25 Epoch: [3][100/338]	Time 1.471 (1.489)	Data 0.000 (0.016)	Accuracy 0.0000 (0.0000)	Loss 0.0862 (0.0857)	
2018-02-03 04:17:39 Epoch: [3][150/338]	Time 1.486 (1.486)	Data 0.000 (0.011)	Accuracy 0.0000 (0.0000)	Loss 0.0863 (0.0856)	
2018-02-03 04:18:53 Epoch: [3][200/338]	Time 1.474 (1.484)	Data 0.001 (0.008)	Accuracy 0.0000 (0.0000)	Loss 0.0700 (0.0853)	
2018-02-03 04:20:07 Epoch: [3][250/338]	Time 1.489 (1.483)	Data 0.000 (0.007)	Accuracy 0.0000 (0.0000)	Loss 0.1044 (0.0853)	
2018-02-03 04:21:21 Epoch: [3][300/338]	Time 1.480 (1.482)	Data 0.000 (0.006)	Accuracy 0.0000 (0.0000)	Loss 0.0892 (0.0853)	
2018-02-03 04:22:15 Epoch: [3][337/338]	Time 1.041 (1.480)	Data 0.000 (0.005)	Accuracy 0.0000 (0.0000)	Loss 0.0878 (0.0850)	
2018-02-03 04:22:15 Validating model
2018-02-03 04:22:53 Test: [84/84]	Time 0.386 (0.451)	Loss 0.08709	F2: 0.870398044483	
2018-02-03 04:22:53 early_stop_counter: 1
2018-02-03 04:22:54 Epoch 4
2018-02-03 04:24:11 Epoch: [4][50/338]	Time 1.482 (1.504)	Data 0.000 (0.031)	Accuracy 0.0000 (0.0000)	Loss 0.0955 (0.0833)	
2018-02-03 04:25:25 Epoch: [4][100/338]	Time 1.490 (1.490)	Data 0.000 (0.016)	Accuracy 0.0000 (0.0000)	Loss 0.0772 (0.0821)	
2018-02-03 04:26:39 Epoch: [4][150/338]	Time 1.487 (1.486)	Data 0.000 (0.011)	Accuracy 0.0000 (0.0000)	Loss 0.0730 (0.0829)	
2018-02-03 04:27:53 Epoch: [4][200/338]	Time 1.476 (1.484)	Data 0.000 (0.008)	Accuracy 0.0000 (0.0000)	Loss 0.0690 (0.0830)	
2018-02-03 04:29:06 Epoch: [4][250/338]	Time 1.482 (1.482)	Data 0.000 (0.007)	Accuracy 0.0000 (0.0000)	Loss 0.0766 (0.0837)	
2018-02-03 04:30:20 Epoch: [4][300/338]	Time 1.465 (1.482)	Data 0.001 (0.006)	Accuracy 0.0000 (0.0000)	Loss 0.0890 (0.0840)	
2018-02-03 04:31:15 Epoch: [4][337/338]	Time 1.040 (1.480)	Data 0.000 (0.005)	Accuracy 0.0000 (0.0000)	Loss 0.0766 (0.0839)	
2018-02-03 04:31:15 Validating model
2018-02-03 04:31:53 Test: [84/84]	Time 0.388 (0.456)	Loss 0.08658	F2: 0.875942616492	
2018-02-03 04:31:53 Current model is best by val score 0.08658 < 0.08678
2018-02-03 04:31:53 early_stop_counter: 0
2018-02-03 04:31:56 Epoch 5
2018-02-03 04:33:13 Epoch: [5][50/338]	Time 1.486 (1.506)	Data 0.001 (0.033)	Accuracy 0.0000 (0.0000)	Loss 0.0869 (0.0831)	
2018-02-03 04:34:27 Epoch: [5][100/338]	Time 1.476 (1.493)	Data 0.000 (0.017)	Accuracy 0.0000 (0.0000)	Loss 0.0687 (0.0835)	
2018-02-03 04:35:41 Epoch: [5][150/338]	Time 1.485 (1.488)	Data 0.000 (0.011)	Accuracy 0.0000 (0.0000)	Loss 0.0642 (0.0835)	
2018-02-03 04:36:55 Epoch: [5][200/338]	Time 1.462 (1.486)	Data 0.000 (0.009)	Accuracy 0.0000 (0.0000)	Loss 0.0971 (0.0836)	
2018-02-03 04:38:09 Epoch: [5][250/338]	Time 1.487 (1.484)	Data 0.000 (0.007)	Accuracy 0.0000 (0.0000)	Loss 0.0693 (0.0838)	
2018-02-03 04:39:23 Epoch: [5][300/338]	Time 1.479 (1.483)	Data 0.000 (0.006)	Accuracy 0.0000 (0.0000)	Loss 0.1020 (0.0839)	
2018-02-03 04:40:17 Epoch: [5][337/338]	Time 1.028 (1.481)	Data 0.000 (0.005)	Accuracy 0.0000 (0.0000)	Loss 0.0777 (0.0838)	
2018-02-03 04:40:17 Validating model
2018-02-03 04:40:56 Test: [84/84]	Time 0.390 (0.466)	Loss 0.08583	F2: 0.871233023027	
2018-02-03 04:40:56 Current model is best by val score 0.08583 < 0.08658
2018-02-03 04:40:56 early_stop_counter: 0
2018-02-03 04:40:59 Epoch 6
2018-02-03 04:42:16 Epoch: [6][50/338]	Time 1.483 (1.504)	Data 0.000 (0.033)	Accuracy 0.0000 (0.0000)	Loss 0.0898 (0.0823)	
2018-02-03 04:43:30 Epoch: [6][100/338]	Time 1.493 (1.491)	Data 0.000 (0.017)	Accuracy 0.0000 (0.0000)	Loss 0.0999 (0.0835)	
2018-02-03 04:44:44 Epoch: [6][150/338]	Time 1.482 (1.487)	Data 0.000 (0.011)	Accuracy 0.0000 (0.0000)	Loss 0.0912 (0.0835)	
2018-02-03 04:45:58 Epoch: [6][200/338]	Time 1.471 (1.485)	Data 0.000 (0.009)	Accuracy 0.0000 (0.0000)	Loss 0.0897 (0.0839)	
2018-02-03 04:47:12 Epoch: [6][250/338]	Time 1.484 (1.483)	Data 0.000 (0.007)	Accuracy 0.0000 (0.0000)	Loss 0.0647 (0.0836)	
2018-02-03 04:48:26 Epoch: [6][300/338]	Time 1.481 (1.483)	Data 0.000 (0.006)	Accuracy 0.0000 (0.0000)	Loss 0.0738 (0.0834)	
2018-02-03 04:49:20 Epoch: [6][337/338]	Time 1.041 (1.481)	Data 0.000 (0.005)	Accuracy 0.0000 (0.0000)	Loss 0.0937 (0.0833)	
2018-02-03 04:49:20 Validating model
2018-02-03 04:49:58 Test: [84/84]	Time 0.389 (0.458)	Loss 0.08533	F2: 0.876630832305	
2018-02-03 04:49:58 Current model is best by val score 0.08533 < 0.08583
2018-02-03 04:49:58 early_stop_counter: 0
2018-02-03 04:50:02 Epoch 7
2018-02-03 04:51:18 Epoch: [7][50/338]	Time 1.476 (1.502)	Data 0.000 (0.032)	Accuracy 0.0000 (0.0000)	Loss 0.0780 (0.0822)	
2018-02-03 04:52:32 Epoch: [7][100/338]	Time 1.481 (1.491)	Data 0.000 (0.017)	Accuracy 0.0000 (0.0000)	Loss 0.0920 (0.0820)	
2018-02-03 04:53:46 Epoch: [7][150/338]	Time 1.480 (1.487)	Data 0.000 (0.011)	Accuracy 0.0000 (0.0000)	Loss 0.0808 (0.0817)	
2018-02-03 04:55:00 Epoch: [7][200/338]	Time 1.484 (1.485)	Data 0.000 (0.009)	Accuracy 0.0000 (0.0000)	Loss 0.0712 (0.0815)	
2018-02-03 04:56:14 Epoch: [7][250/338]	Time 1.478 (1.484)	Data 0.000 (0.007)	Accuracy 0.0000 (0.0000)	Loss 0.0947 (0.0816)	
2018-02-03 04:57:28 Epoch: [7][300/338]	Time 1.479 (1.483)	Data 0.000 (0.006)	Accuracy 0.0000 (0.0000)	Loss 0.0866 (0.0818)	
2018-02-03 04:58:22 Epoch: [7][337/338]	Time 1.040 (1.481)	Data 0.000 (0.005)	Accuracy 0.0000 (0.0000)	Loss 0.0715 (0.0820)	
2018-02-03 04:58:22 Validating model
2018-02-03 04:59:00 Test: [84/84]	Time 0.387 (0.451)	Loss 0.08519	F2: 0.874172766327	
2018-02-03 04:59:00 Current model is best by val score 0.08519 < 0.08533
2018-02-03 04:59:00 early_stop_counter: 0
2018-02-03 04:59:04 Epoch 8
2018-02-03 05:00:20 Epoch: [8][50/338]	Time 1.479 (1.504)	Data 0.000 (0.032)	Accuracy 0.0000 (0.0000)	Loss 0.0701 (0.0806)	
2018-02-03 05:01:34 Epoch: [8][100/338]	Time 1.480 (1.491)	Data 0.000 (0.017)	Accuracy 0.0000 (0.0000)	Loss 0.0681 (0.0817)	
2018-02-03 05:02:48 Epoch: [8][150/338]	Time 1.479 (1.487)	Data 0.000 (0.011)	Accuracy 0.0000 (0.0000)	Loss 0.0861 (0.0811)	
2018-02-03 05:04:02 Epoch: [8][200/338]	Time 1.485 (1.485)	Data 0.000 (0.009)	Accuracy 0.0000 (0.0000)	Loss 0.0969 (0.0813)	
2018-02-03 05:05:16 Epoch: [8][250/338]	Time 1.483 (1.484)	Data 0.001 (0.007)	Accuracy 0.0000 (0.0000)	Loss 0.0831 (0.0818)	
2018-02-03 05:06:30 Epoch: [8][300/338]	Time 1.480 (1.483)	Data 0.000 (0.006)	Accuracy 0.0000 (0.0000)	Loss 0.0822 (0.0820)	
2018-02-03 05:07:24 Epoch: [8][337/338]	Time 1.044 (1.481)	Data 0.000 (0.005)	Accuracy 0.0000 (0.0000)	Loss 0.0781 (0.0821)	
2018-02-03 05:07:24 Validating model
2018-02-03 05:08:02 Test: [84/84]	Time 0.390 (0.451)	Loss 0.08473	F2: 0.875418176444	
2018-02-03 05:08:02 Current model is best by val score 0.08473 < 0.08519
2018-02-03 05:08:02 early_stop_counter: 0
2018-02-03 05:08:05 Epoch 9
2018-02-03 05:09:22 Epoch: [9][50/338]	Time 1.477 (1.504)	Data 0.001 (0.032)	Accuracy 0.0000 (0.0000)	Loss 0.1050 (0.0800)	
2018-02-03 05:10:36 Epoch: [9][100/338]	Time 1.481 (1.492)	Data 0.000 (0.016)	Accuracy 0.0000 (0.0000)	Loss 0.0713 (0.0793)	
2018-02-03 05:11:50 Epoch: [9][150/338]	Time 1.479 (1.487)	Data 0.001 (0.011)	Accuracy 0.0000 (0.0000)	Loss 0.0828 (0.0798)	
2018-02-03 05:13:04 Epoch: [9][200/338]	Time 1.478 (1.484)	Data 0.001 (0.008)	Accuracy 0.0000 (0.0000)	Loss 0.0744 (0.0805)	
2018-02-03 05:14:18 Epoch: [9][250/338]	Time 1.481 (1.483)	Data 0.000 (0.007)	Accuracy 0.0000 (0.0000)	Loss 0.0755 (0.0808)	
2018-02-03 05:15:32 Epoch: [9][300/338]	Time 1.481 (1.483)	Data 0.000 (0.006)	Accuracy 0.0000 (0.0000)	Loss 0.0825 (0.0816)	
2018-02-03 05:16:26 Epoch: [9][337/338]	Time 1.036 (1.481)	Data 0.000 (0.005)	Accuracy 0.0000 (0.0000)	Loss 0.0873 (0.0817)	
2018-02-03 05:16:26 Validating model
2018-02-03 05:17:04 Test: [84/84]	Time 0.387 (0.452)	Loss 0.08583	F2: 0.87329013709	
2018-02-03 05:17:04 early_stop_counter: 1
2018-02-03 05:17:06 Epoch 10
2018-02-03 05:18:22 Epoch: [10][50/338]	Time 1.482 (1.507)	Data 0.000 (0.034)	Accuracy 0.0000 (0.0000)	Loss 0.0796 (0.0800)	
2018-02-03 05:19:36 Epoch: [10][100/338]	Time 1.482 (1.493)	Data 0.001 (0.017)	Accuracy 0.0000 (0.0000)	Loss 0.0760 (0.0798)	
2018-02-03 05:20:50 Epoch: [10][150/338]	Time 1.480 (1.488)	Data 0.000 (0.012)	Accuracy 0.0000 (0.0000)	Loss 0.0812 (0.0789)	
2018-02-03 05:22:04 Epoch: [10][200/338]	Time 1.476 (1.486)	Data 0.000 (0.009)	Accuracy 0.0000 (0.0000)	Loss 0.0787 (0.0797)	
2018-02-03 05:23:18 Epoch: [10][250/338]	Time 1.477 (1.484)	Data 0.000 (0.007)	Accuracy 0.0000 (0.0000)	Loss 0.0787 (0.0808)	
2018-02-03 05:24:32 Epoch: [10][300/338]	Time 1.479 (1.483)	Data 0.001 (0.006)	Accuracy 0.0000 (0.0000)	Loss 0.1167 (0.0810)	
2018-02-03 05:25:26 Epoch: [10][337/338]	Time 1.034 (1.481)	Data 0.000 (0.005)	Accuracy 0.0000 (0.0000)	Loss 0.0668 (0.0807)	
2018-02-03 05:25:26 Validating model
2018-02-03 05:26:06 Test: [84/84]	Time 0.387 (0.474)	Loss 0.08531	F2: 0.878491597768	
2018-02-03 05:26:06 early_stop_counter: 2
2018-02-03 05:26:08 Epoch 11
2018-02-03 05:27:24 Epoch: [11][50/338]	Time 1.483 (1.504)	Data 0.000 (0.032)	Accuracy 0.0000 (0.0000)	Loss 0.0721 (0.0825)	
2018-02-03 05:28:38 Epoch: [11][100/338]	Time 1.461 (1.492)	Data 0.000 (0.016)	Accuracy 0.0000 (0.0000)	Loss 0.0769 (0.0811)	
2018-02-03 05:29:52 Epoch: [11][150/338]	Time 1.481 (1.487)	Data 0.000 (0.011)	Accuracy 0.0000 (0.0000)	Loss 0.0746 (0.0811)	
2018-02-03 05:31:06 Epoch: [11][200/338]	Time 1.480 (1.485)	Data 0.000 (0.008)	Accuracy 0.0000 (0.0000)	Loss 0.0569 (0.0810)	
2018-02-03 05:32:20 Epoch: [11][250/338]	Time 1.484 (1.484)	Data 0.000 (0.007)	Accuracy 0.0000 (0.0000)	Loss 0.0820 (0.0810)	
2018-02-03 05:33:34 Epoch: [11][300/338]	Time 1.488 (1.483)	Data 0.000 (0.006)	Accuracy 0.0000 (0.0000)	Loss 0.0704 (0.0808)	
2018-02-03 05:34:28 Epoch: [11][337/338]	Time 1.034 (1.482)	Data 0.000 (0.005)	Accuracy 0.0000 (0.0000)	Loss 0.0948 (0.0807)	
2018-02-03 05:34:28 Validating model
2018-02-03 05:35:06 Test: [84/84]	Time 0.385 (0.450)	Loss 0.08558	F2: 0.874336099047	
2018-02-03 05:35:06 early_stop_counter: 3
2018-02-03 05:35:06 Setting for group learning rate=0.03000000, epoch=11
2018-02-03 05:35:06 Setting for group learning rate=0.03000000, epoch=11
2018-02-03 05:35:06 Setting for group learning rate=0.03000000, epoch=11
2018-02-03 05:35:06 Setting for group learning rate=0.00300000, epoch=11
2018-02-03 05:35:06 Setting for group learning rate=0.00300000, epoch=11
2018-02-03 05:35:06 Setting for group learning rate=0.00150000, epoch=11
2018-02-03 05:35:06 Setting for group learning rate=0.03000000, epoch=11
2018-02-03 05:35:08 Loaded the model from previous best step
2018-02-03 05:35:08 Loaded best model /home/tzaumiaan/clone_2/results/model_best.pth.tar, arch=mix_net_v6
2018-02-03 05:35:08 Epoch 12
2018-02-03 05:36:25 Epoch: [12][50/338]	Time 1.485 (1.503)	Data 0.001 (0.031)	Accuracy 0.0000 (0.0000)	Loss 0.0709 (0.0813)	
2018-02-03 05:37:38 Epoch: [12][100/338]	Time 1.478 (1.491)	Data 0.000 (0.016)	Accuracy 0.0000 (0.0000)	Loss 0.0860 (0.0805)	
2018-02-03 05:38:52 Epoch: [12][150/338]	Time 1.480 (1.486)	Data 0.000 (0.011)	Accuracy 0.0000 (0.0000)	Loss 0.0647 (0.0795)	
2018-02-03 05:40:06 Epoch: [12][200/338]	Time 1.463 (1.484)	Data 0.000 (0.008)	Accuracy 0.0000 (0.0000)	Loss 0.0806 (0.0797)	
2018-02-03 05:41:20 Epoch: [12][250/338]	Time 1.480 (1.483)	Data 0.000 (0.007)	Accuracy 0.0000 (0.0000)	Loss 0.0836 (0.0798)	
2018-02-03 05:42:34 Epoch: [12][300/338]	Time 1.478 (1.482)	Data 0.000 (0.006)	Accuracy 0.0000 (0.0000)	Loss 0.0793 (0.0794)	
2018-02-03 05:43:28 Epoch: [12][337/338]	Time 1.042 (1.481)	Data 0.000 (0.005)	Accuracy 0.0000 (0.0000)	Loss 0.0643 (0.0790)	
2018-02-03 05:43:28 Validating model
2018-02-03 05:44:07 Test: [84/84]	Time 0.386 (0.454)	Loss 0.08276	F2: 0.878995424961	
2018-02-03 05:44:07 Current model is best by val score 0.08276 < 0.08473
2018-02-03 05:44:07 early_stop_counter: 0
2018-02-03 05:44:10 Epoch 13
2018-02-03 05:45:27 Epoch: [13][50/338]	Time 1.482 (1.504)	Data 0.000 (0.032)	Accuracy 0.0000 (0.0000)	Loss 0.0815 (0.0790)	
2018-02-03 05:46:40 Epoch: [13][100/338]	Time 1.485 (1.491)	Data 0.000 (0.017)	Accuracy 0.0000 (0.0000)	Loss 0.0787 (0.0789)	
2018-02-03 05:47:54 Epoch: [13][150/338]	Time 1.479 (1.487)	Data 0.000 (0.011)	Accuracy 0.0000 (0.0000)	Loss 0.0660 (0.0777)	
2018-02-03 05:49:08 Epoch: [13][200/338]	Time 1.483 (1.485)	Data 0.000 (0.009)	Accuracy 0.0000 (0.0000)	Loss 0.0668 (0.0772)	
2018-02-03 05:50:22 Epoch: [13][250/338]	Time 1.481 (1.483)	Data 0.000 (0.007)	Accuracy 0.0000 (0.0000)	Loss 0.0810 (0.0779)	
2018-02-03 05:51:36 Epoch: [13][300/338]	Time 1.479 (1.483)	Data 0.000 (0.006)	Accuracy 0.0000 (0.0000)	Loss 0.0801 (0.0780)	
2018-02-03 05:52:30 Epoch: [13][337/338]	Time 1.037 (1.481)	Data 0.000 (0.005)	Accuracy 0.0000 (0.0000)	Loss 0.0806 (0.0777)	
2018-02-03 05:52:30 Validating model
2018-02-03 05:53:08 Test: [84/84]	Time 0.387 (0.454)	Loss 0.08272	F2: 0.879796337978	
2018-02-03 05:53:09 Current model is best by val score 0.08272 < 0.08276
2018-02-03 05:53:09 early_stop_counter: 0
2018-02-03 05:53:12 Epoch 14
2018-02-03 05:54:28 Epoch: [14][50/338]	Time 1.469 (1.502)	Data 0.000 (0.032)	Accuracy 0.0000 (0.0000)	Loss 0.0781 (0.0773)	
2018-02-03 05:55:42 Epoch: [14][100/338]	Time 1.480 (1.490)	Data 0.000 (0.016)	Accuracy 0.0000 (0.0000)	Loss 0.0772 (0.0772)	
2018-02-03 05:56:56 Epoch: [14][150/338]	Time 1.478 (1.486)	Data 0.000 (0.011)	Accuracy 0.0000 (0.0000)	Loss 0.0583 (0.0775)	
2018-02-03 05:58:10 Epoch: [14][200/338]	Time 1.461 (1.484)	Data 0.000 (0.008)	Accuracy 0.0000 (0.0000)	Loss 0.0910 (0.0776)	
2018-02-03 05:59:24 Epoch: [14][250/338]	Time 1.468 (1.483)	Data 0.000 (0.007)	Accuracy 0.0000 (0.0000)	Loss 0.0957 (0.0775)	
2018-02-03 06:00:38 Epoch: [14][300/338]	Time 1.482 (1.482)	Data 0.000 (0.006)	Accuracy 0.0000 (0.0000)	Loss 0.0717 (0.0775)	
2018-02-03 06:01:32 Epoch: [14][337/338]	Time 1.037 (1.480)	Data 0.000 (0.005)	Accuracy 0.0000 (0.0000)	Loss 0.0941 (0.0775)	
2018-02-03 06:01:32 Validating model
2018-02-03 06:02:10 Test: [84/84]	Time 0.388 (0.449)	Loss 0.08281	F2: 0.878526500723	
2018-02-03 06:02:10 early_stop_counter: 1
2018-02-03 06:02:12 Epoch 15
2018-02-03 06:03:28 Epoch: [15][50/338]	Time 1.464 (1.501)	Data 0.000 (0.029)	Accuracy 0.0000 (0.0000)	Loss 0.0825 (0.0759)	
2018-02-03 06:04:42 Epoch: [15][100/338]	Time 1.483 (1.489)	Data 0.000 (0.015)	Accuracy 0.0000 (0.0000)	Loss 0.0719 (0.0758)	
2018-02-03 06:05:56 Epoch: [15][150/338]	Time 1.466 (1.486)	Data 0.000 (0.010)	Accuracy 0.0000 (0.0000)	Loss 0.0897 (0.0768)	
2018-02-03 06:07:10 Epoch: [15][200/338]	Time 1.482 (1.484)	Data 0.000 (0.008)	Accuracy 0.0000 (0.0000)	Loss 0.0744 (0.0764)	
2018-02-03 06:08:24 Epoch: [15][250/338]	Time 1.483 (1.483)	Data 0.000 (0.006)	Accuracy 0.0000 (0.0000)	Loss 0.0712 (0.0768)	
2018-02-03 06:09:38 Epoch: [15][300/338]	Time 1.483 (1.482)	Data 0.000 (0.005)	Accuracy 0.0000 (0.0000)	Loss 0.0911 (0.0771)	
2018-02-03 06:10:32 Epoch: [15][337/338]	Time 1.023 (1.480)	Data 0.000 (0.005)	Accuracy 0.0000 (0.0000)	Loss 0.0831 (0.0771)	
2018-02-03 06:10:32 Validating model
2018-02-03 06:11:10 Test: [84/84]	Time 0.392 (0.452)	Loss 0.08299	F2: 0.878293300963	
2018-02-03 06:11:10 early_stop_counter: 2
2018-02-03 06:11:11 Epoch 16
2018-02-03 06:12:28 Epoch: [16][50/338]	Time 1.482 (1.505)	Data 0.000 (0.033)	Accuracy 0.0000 (0.0000)	Loss 0.0608 (0.0786)	
2018-02-03 06:13:42 Epoch: [16][100/338]	Time 1.482 (1.491)	Data 0.001 (0.017)	Accuracy 0.0000 (0.0000)	Loss 0.0756 (0.0774)	
2018-02-03 06:14:56 Epoch: [16][150/338]	Time 1.466 (1.487)	Data 0.001 (0.011)	Accuracy 0.0000 (0.0000)	Loss 0.0822 (0.0774)	
2018-02-03 06:16:10 Epoch: [16][200/338]	Time 1.481 (1.484)	Data 0.000 (0.009)	Accuracy 0.0000 (0.0000)	Loss 0.0642 (0.0773)	
2018-02-03 06:17:24 Epoch: [16][250/338]	Time 1.485 (1.483)	Data 0.000 (0.007)	Accuracy 0.0000 (0.0000)	Loss 0.0964 (0.0772)	
2018-02-03 06:18:37 Epoch: [16][300/338]	Time 1.487 (1.482)	Data 0.000 (0.006)	Accuracy 0.0000 (0.0000)	Loss 0.0619 (0.0768)	
2018-02-03 06:19:32 Epoch: [16][337/338]	Time 1.025 (1.480)	Data 0.000 (0.005)	Accuracy 0.0000 (0.0000)	Loss 0.0762 (0.0770)	
2018-02-03 06:19:32 Validating model
2018-02-03 06:20:10 Test: [84/84]	Time 0.388 (0.453)	Loss 0.08294	F2: 0.879788989784	
2018-02-03 06:20:10 early_stop_counter: 3
2018-02-03 06:20:10 Setting for group learning rate=0.00300000, epoch=16
2018-02-03 06:20:10 Setting for group learning rate=0.00300000, epoch=16
2018-02-03 06:20:10 Setting for group learning rate=0.00300000, epoch=16
2018-02-03 06:20:10 Setting for group learning rate=0.00030000, epoch=16
2018-02-03 06:20:10 Setting for group learning rate=0.00030000, epoch=16
2018-02-03 06:20:10 Setting for group learning rate=0.00015000, epoch=16
2018-02-03 06:20:10 Setting for group learning rate=0.00300000, epoch=16
2018-02-03 06:20:11 Loaded the model from previous best step
2018-02-03 06:20:11 Loaded best model /home/tzaumiaan/clone_2/results/model_best.pth.tar, arch=mix_net_v6
2018-02-03 06:20:11 Epoch 17
2018-02-03 06:21:28 Epoch: [17][50/338]	Time 1.482 (1.504)	Data 0.000 (0.032)	Accuracy 0.0000 (0.0000)	Loss 0.0870 (0.0762)	
2018-02-03 06:22:42 Epoch: [17][100/338]	Time 1.486 (1.492)	Data 0.000 (0.017)	Accuracy 0.0000 (0.0000)	Loss 0.0688 (0.0772)	
2018-02-03 06:23:56 Epoch: [17][150/338]	Time 1.480 (1.488)	Data 0.000 (0.011)	Accuracy 0.0000 (0.0000)	Loss 0.0660 (0.0776)	
2018-02-03 06:25:10 Epoch: [17][200/338]	Time 1.482 (1.486)	Data 0.000 (0.009)	Accuracy 0.0000 (0.0000)	Loss 0.0696 (0.0775)	
2018-02-03 06:26:24 Epoch: [17][250/338]	Time 1.479 (1.484)	Data 0.000 (0.007)	Accuracy 0.0000 (0.0000)	Loss 0.0669 (0.0772)	
2018-02-03 06:27:38 Epoch: [17][300/338]	Time 1.479 (1.483)	Data 0.000 (0.006)	Accuracy 0.0000 (0.0000)	Loss 0.0805 (0.0770)	
2018-02-03 06:28:32 Epoch: [17][337/338]	Time 1.042 (1.481)	Data 0.000 (0.005)	Accuracy 0.0000 (0.0000)	Loss 0.0726 (0.0771)	
2018-02-03 06:28:32 Validating model
2018-02-03 06:29:11 Test: [84/84]	Time 0.387 (0.459)	Loss 0.08253	F2: 0.879215795875	
2018-02-03 06:29:11 Current model is best by val score 0.08253 < 0.08272
2018-02-03 06:29:11 early_stop_counter: 0
2018-02-03 06:29:14 Epoch 18
2018-02-03 06:30:31 Epoch: [18][50/338]	Time 1.482 (1.503)	Data 0.000 (0.032)	Accuracy 0.0000 (0.0000)	Loss 0.0631 (0.0783)	
2018-02-03 06:31:45 Epoch: [18][100/338]	Time 1.489 (1.491)	Data 0.000 (0.016)	Accuracy 0.0000 (0.0000)	Loss 0.0787 (0.0777)	
2018-02-03 06:32:59 Epoch: [18][150/338]	Time 1.485 (1.487)	Data 0.000 (0.011)	Accuracy 0.0000 (0.0000)	Loss 0.0580 (0.0769)	
2018-02-03 06:34:12 Epoch: [18][200/338]	Time 1.462 (1.485)	Data 0.000 (0.008)	Accuracy 0.0000 (0.0000)	Loss 0.0726 (0.0767)	
2018-02-03 06:35:26 Epoch: [18][250/338]	Time 1.485 (1.484)	Data 0.000 (0.007)	Accuracy 0.0000 (0.0000)	Loss 0.1028 (0.0768)	
2018-02-03 06:36:40 Epoch: [18][300/338]	Time 1.489 (1.483)	Data 0.000 (0.006)	Accuracy 0.0000 (0.0000)	Loss 0.0620 (0.0766)	
2018-02-03 06:37:35 Epoch: [18][337/338]	Time 1.041 (1.481)	Data 0.000 (0.005)	Accuracy 0.0000 (0.0000)	Loss 0.0742 (0.0770)	
2018-02-03 06:37:35 Validating model
2018-02-03 06:38:13 Test: [84/84]	Time 0.389 (0.450)	Loss 0.08264	F2: 0.879248275313	
2018-02-03 06:38:13 early_stop_counter: 1
2018-02-03 06:38:14 Epoch 19
2018-02-03 06:39:31 Epoch: [19][50/338]	Time 1.483 (1.507)	Data 0.000 (0.033)	Accuracy 0.0000 (0.0000)	Loss 0.0816 (0.0780)	
2018-02-03 06:40:45 Epoch: [19][100/338]	Time 1.487 (1.492)	Data 0.000 (0.017)	Accuracy 0.0000 (0.0000)	Loss 0.0705 (0.0768)	
2018-02-03 06:41:59 Epoch: [19][150/338]	Time 1.487 (1.488)	Data 0.000 (0.011)	Accuracy 0.0000 (0.0000)	Loss 0.0875 (0.0770)	
2018-02-03 06:43:13 Epoch: [19][200/338]	Time 1.482 (1.485)	Data 0.000 (0.009)	Accuracy 0.0000 (0.0000)	Loss 0.0954 (0.0771)	
2018-02-03 06:44:27 Epoch: [19][250/338]	Time 1.483 (1.484)	Data 0.000 (0.007)	Accuracy 0.0000 (0.0000)	Loss 0.0863 (0.0770)	
2018-02-03 06:45:40 Epoch: [19][300/338]	Time 1.481 (1.483)	Data 0.001 (0.006)	Accuracy 0.0000 (0.0000)	Loss 0.0779 (0.0767)	
2018-02-03 06:46:35 Epoch: [19][337/338]	Time 1.045 (1.481)	Data 0.000 (0.005)	Accuracy 0.0000 (0.0000)	Loss 0.1005 (0.0768)	
2018-02-03 06:46:35 Validating model
2018-02-03 06:47:13 Test: [84/84]	Time 0.386 (0.451)	Loss 0.08266	F2: 0.879221135563	
2018-02-03 06:47:13 early_stop_counter: 2
2018-02-03 06:47:14 Epoch 20
2018-02-03 06:48:31 Epoch: [20][50/338]	Time 1.479 (1.504)	Data 0.000 (0.033)	Accuracy 0.0000 (0.0000)	Loss 0.0676 (0.0753)	
2018-02-03 06:49:45 Epoch: [20][100/338]	Time 1.481 (1.492)	Data 0.000 (0.017)	Accuracy 0.0000 (0.0000)	Loss 0.0755 (0.0754)	
2018-02-03 06:50:59 Epoch: [20][150/338]	Time 1.479 (1.487)	Data 0.000 (0.011)	Accuracy 0.0000 (0.0000)	Loss 0.0819 (0.0763)	
2018-02-03 06:52:13 Epoch: [20][200/338]	Time 1.483 (1.485)	Data 0.000 (0.009)	Accuracy 0.0000 (0.0000)	Loss 0.0648 (0.0773)	
2018-02-03 06:53:26 Epoch: [20][250/338]	Time 1.470 (1.484)	Data 0.000 (0.007)	Accuracy 0.0000 (0.0000)	Loss 0.0837 (0.0773)	
2018-02-03 06:54:40 Epoch: [20][300/338]	Time 1.464 (1.483)	Data 0.000 (0.006)	Accuracy 0.0000 (0.0000)	Loss 0.0681 (0.0770)	
2018-02-03 06:55:35 Epoch: [20][337/338]	Time 1.040 (1.481)	Data 0.000 (0.005)	Accuracy 0.0000 (0.0000)	Loss 0.0833 (0.0769)	
2018-02-03 06:55:35 Validating model
2018-02-03 06:56:12 Test: [84/84]	Time 0.388 (0.450)	Loss 0.08282	F2: 0.879170012341	
2018-02-03 06:56:13 early_stop_counter: 3
2018-02-03 06:56:13 Setting for group learning rate=0.00030000, epoch=20
2018-02-03 06:56:13 Setting for group learning rate=0.00030000, epoch=20
2018-02-03 06:56:13 Setting for group learning rate=0.00030000, epoch=20
2018-02-03 06:56:13 Setting for group learning rate=0.00003000, epoch=20
2018-02-03 06:56:13 Setting for group learning rate=0.00003000, epoch=20
2018-02-03 06:56:13 Setting for group learning rate=0.00001500, epoch=20
2018-02-03 06:56:13 Setting for group learning rate=0.00030000, epoch=20
2018-02-03 06:56:14 Loaded the model from previous best step
2018-02-03 06:56:14 Loaded best model /home/tzaumiaan/clone_2/results/model_best.pth.tar, arch=mix_net_v6
2018-02-03 06:56:14 Epoch 21
2018-02-03 06:57:31 Epoch: [21][50/338]	Time 1.480 (1.503)	Data 0.000 (0.032)	Accuracy 0.0000 (0.0000)	Loss 0.0776 (0.0780)	
2018-02-03 06:58:45 Epoch: [21][100/338]	Time 1.488 (1.491)	Data 0.000 (0.016)	Accuracy 0.0000 (0.0000)	Loss 0.0744 (0.0781)	
2018-02-03 06:59:59 Epoch: [21][150/338]	Time 1.480 (1.486)	Data 0.000 (0.011)	Accuracy 0.0000 (0.0000)	Loss 0.0724 (0.0773)	
2018-02-03 07:01:12 Epoch: [21][200/338]	Time 1.460 (1.484)	Data 0.000 (0.008)	Accuracy 0.0000 (0.0000)	Loss 0.0668 (0.0770)	
2018-02-03 07:02:26 Epoch: [21][250/338]	Time 1.477 (1.483)	Data 0.000 (0.007)	Accuracy 0.0000 (0.0000)	Loss 0.0700 (0.0769)	
2018-02-03 07:03:40 Epoch: [21][300/338]	Time 1.479 (1.482)	Data 0.000 (0.006)	Accuracy 0.0000 (0.0000)	Loss 0.0663 (0.0773)	
2018-02-03 07:04:34 Epoch: [21][337/338]	Time 1.042 (1.480)	Data 0.000 (0.005)	Accuracy 0.0000 (0.0000)	Loss 0.0732 (0.0772)	
2018-02-03 07:04:34 Validating model
2018-02-03 07:05:13 Test: [84/84]	Time 0.386 (0.453)	Loss 0.08267	F2: 0.87850016474	
2018-02-03 07:05:13 early_stop_counter: 4
2018-02-03 07:05:14 Epoch 22
2018-02-03 07:06:31 Epoch: [22][50/338]	Time 1.478 (1.504)	Data 0.000 (0.032)	Accuracy 0.0000 (0.0000)	Loss 0.0850 (0.0762)	
2018-02-03 07:07:45 Epoch: [22][100/338]	Time 1.481 (1.492)	Data 0.000 (0.016)	Accuracy 0.0000 (0.0000)	Loss 0.0806 (0.0760)	
2018-02-03 07:08:59 Epoch: [22][150/338]	Time 1.481 (1.488)	Data 0.000 (0.011)	Accuracy 0.0000 (0.0000)	Loss 0.0844 (0.0768)	
2018-02-03 07:10:13 Epoch: [22][200/338]	Time 1.486 (1.486)	Data 0.000 (0.008)	Accuracy 0.0000 (0.0000)	Loss 0.0854 (0.0777)	
2018-02-03 07:11:27 Epoch: [22][250/338]	Time 1.465 (1.485)	Data 0.000 (0.007)	Accuracy 0.0000 (0.0000)	Loss 0.0774 (0.0773)	
2018-02-03 07:12:41 Epoch: [22][300/338]	Time 1.485 (1.484)	Data 0.000 (0.006)	Accuracy 0.0000 (0.0000)	Loss 0.0786 (0.0771)	
2018-02-03 07:13:35 Epoch: [22][337/338]	Time 1.038 (1.482)	Data 0.000 (0.005)	Accuracy 0.0000 (0.0000)	Loss 0.0855 (0.0771)	
2018-02-03 07:13:35 Validating model
2018-02-03 07:14:13 Test: [84/84]	Time 0.388 (0.449)	Loss 0.08248	F2: 0.879162787014	
2018-02-03 07:14:13 Current model is best by val score 0.08248 < 0.08253
2018-02-03 07:14:13 early_stop_counter: 0
2018-02-03 07:14:16 Epoch 23
2018-02-03 07:15:33 Epoch: [23][50/338]	Time 1.485 (1.505)	Data 0.000 (0.032)	Accuracy 0.0000 (0.0000)	Loss 0.0899 (0.0772)	
2018-02-03 07:16:47 Epoch: [23][100/338]	Time 1.479 (1.493)	Data 0.000 (0.016)	Accuracy 0.0000 (0.0000)	Loss 0.0675 (0.0783)	
2018-02-03 07:18:01 Epoch: [23][150/338]	Time 1.485 (1.489)	Data 0.000 (0.011)	Accuracy 0.0000 (0.0000)	Loss 0.0784 (0.0782)	
2018-02-03 07:19:15 Epoch: [23][200/338]	Time 1.482 (1.486)	Data 0.000 (0.008)	Accuracy 0.0000 (0.0000)	Loss 0.0709 (0.0779)	
2018-02-03 07:20:29 Epoch: [23][250/338]	Time 1.480 (1.485)	Data 0.000 (0.007)	Accuracy 0.0000 (0.0000)	Loss 0.0783 (0.0776)	
2018-02-03 07:21:43 Epoch: [23][300/338]	Time 1.484 (1.484)	Data 0.000 (0.006)	Accuracy 0.0000 (0.0000)	Loss 0.0812 (0.0776)	
2018-02-03 07:22:37 Epoch: [23][337/338]	Time 1.036 (1.482)	Data 0.000 (0.005)	Accuracy 0.0000 (0.0000)	Loss 0.0546 (0.0773)	
2018-02-03 07:22:37 Validating model
2018-02-03 07:23:15 Test: [84/84]	Time 0.393 (0.453)	Loss 0.08267	F2: 0.878855257108	
2018-02-03 07:23:15 early_stop_counter: 1
2018-02-03 07:23:17 Epoch 24
2018-02-03 07:24:33 Epoch: [24][50/338]	Time 1.479 (1.502)	Data 0.000 (0.031)	Accuracy 0.0000 (0.0000)	Loss 0.0711 (0.0755)	
2018-02-03 07:25:47 Epoch: [24][100/338]	Time 1.483 (1.491)	Data 0.000 (0.016)	Accuracy 0.0000 (0.0000)	Loss 0.0751 (0.0765)	
2018-02-03 07:27:01 Epoch: [24][150/338]	Time 1.478 (1.487)	Data 0.000 (0.011)	Accuracy 0.0000 (0.0000)	Loss 0.0679 (0.0770)	
2018-02-03 07:28:15 Epoch: [24][200/338]	Time 1.482 (1.485)	Data 0.000 (0.008)	Accuracy 0.0000 (0.0000)	Loss 0.0749 (0.0768)	
2018-02-03 07:29:29 Epoch: [24][250/338]	Time 1.482 (1.483)	Data 0.000 (0.007)	Accuracy 0.0000 (0.0000)	Loss 0.0869 (0.0771)	
2018-02-03 07:30:43 Epoch: [24][300/338]	Time 1.486 (1.483)	Data 0.000 (0.006)	Accuracy 0.0000 (0.0000)	Loss 0.0603 (0.0773)	
2018-02-03 07:31:37 Epoch: [24][337/338]	Time 1.042 (1.481)	Data 0.000 (0.005)	Accuracy 0.0000 (0.0000)	Loss 0.1125 (0.0772)	
2018-02-03 07:31:37 Validating model
2018-02-03 07:32:16 Test: [84/84]	Time 0.388 (0.458)	Loss 0.08263	F2: 0.879207356865	
2018-02-03 07:32:16 early_stop_counter: 2
2018-02-03 07:32:17 Epoch 25
2018-02-03 07:33:34 Epoch: [25][50/338]	Time 1.479 (1.505)	Data 0.000 (0.033)	Accuracy 0.0000 (0.0000)	Loss 0.0674 (0.0795)	
2018-02-03 07:34:48 Epoch: [25][100/338]	Time 1.484 (1.492)	Data 0.001 (0.017)	Accuracy 0.0000 (0.0000)	Loss 0.0773 (0.0774)	
2018-02-03 07:36:02 Epoch: [25][150/338]	Time 1.481 (1.488)	Data 0.000 (0.011)	Accuracy 0.0000 (0.0000)	Loss 0.0846 (0.0768)	
2018-02-03 07:37:16 Epoch: [25][200/338]	Time 1.479 (1.485)	Data 0.000 (0.009)	Accuracy 0.0000 (0.0000)	Loss 0.0739 (0.0779)	
2018-02-03 07:38:30 Epoch: [25][250/338]	Time 1.482 (1.484)	Data 0.000 (0.007)	Accuracy 0.0000 (0.0000)	Loss 0.0719 (0.0779)	
2018-02-03 07:39:44 Epoch: [25][300/338]	Time 1.485 (1.483)	Data 0.000 (0.006)	Accuracy 0.0000 (0.0000)	Loss 0.0538 (0.0772)	
2018-02-03 07:40:38 Epoch: [25][337/338]	Time 1.039 (1.482)	Data 0.000 (0.005)	Accuracy 0.0000 (0.0000)	Loss 0.0793 (0.0771)	
2018-02-03 07:40:38 Validating model
2018-02-03 07:41:17 Test: [84/84]	Time 0.390 (0.460)	Loss 0.08272	F2: 0.878975013309	
2018-02-03 07:41:17 early_stop_counter: 3
2018-02-03 07:41:17 Setting for group learning rate=0.00003000, epoch=25
2018-02-03 07:41:17 Setting for group learning rate=0.00003000, epoch=25
2018-02-03 07:41:17 Setting for group learning rate=0.00003000, epoch=25
2018-02-03 07:41:17 Setting for group learning rate=0.00000300, epoch=25
2018-02-03 07:41:17 Setting for group learning rate=0.00000300, epoch=25
2018-02-03 07:41:17 Setting for group learning rate=0.00000150, epoch=25
2018-02-03 07:41:17 Setting for group learning rate=0.00003000, epoch=25
2018-02-03 07:41:18 Loaded the model from previous best step
2018-02-03 07:41:18 Loaded best model /home/tzaumiaan/clone_2/results/model_best.pth.tar, arch=mix_net_v6
2018-02-03 07:41:18 Epoch 26
2018-02-03 07:42:35 Epoch: [26][50/338]	Time 1.482 (1.507)	Data 0.000 (0.033)	Accuracy 0.0000 (0.0000)	Loss 0.0763 (0.0759)	
2018-02-03 07:43:49 Epoch: [26][100/338]	Time 1.481 (1.493)	Data 0.000 (0.017)	Accuracy 0.0000 (0.0000)	Loss 0.0622 (0.0765)	
2018-02-03 07:45:03 Epoch: [26][150/338]	Time 1.486 (1.488)	Data 0.000 (0.011)	Accuracy 0.0000 (0.0000)	Loss 0.0743 (0.0768)	
2018-02-03 07:46:17 Epoch: [26][200/338]	Time 1.485 (1.486)	Data 0.000 (0.009)	Accuracy 0.0000 (0.0000)	Loss 0.0853 (0.0768)	
2018-02-03 07:47:31 Epoch: [26][250/338]	Time 1.481 (1.485)	Data 0.001 (0.007)	Accuracy 0.0000 (0.0000)	Loss 0.0674 (0.0772)	
2018-02-03 07:48:45 Epoch: [26][300/338]	Time 1.480 (1.484)	Data 0.000 (0.006)	Accuracy 0.0000 (0.0000)	Loss 0.0771 (0.0771)	
2018-02-03 07:49:39 Epoch: [26][337/338]	Time 1.034 (1.482)	Data 0.000 (0.005)	Accuracy 0.0000 (0.0000)	Loss 0.0771 (0.0774)	
2018-02-03 07:49:39 Validating model
2018-02-03 07:50:17 Test: [84/84]	Time 0.387 (0.451)	Loss 0.08258	F2: 0.879174392919	
2018-02-03 07:50:17 early_stop_counter: 4
2018-02-03 07:50:19 Epoch 27
2018-02-03 07:51:36 Epoch: [27][50/338]	Time 1.491 (1.505)	Data 0.001 (0.031)	Accuracy 0.0000 (0.0000)	Loss 0.1003 (0.0762)	
2018-02-03 07:52:50 Epoch: [27][100/338]	Time 1.476 (1.493)	Data 0.000 (0.016)	Accuracy 0.0000 (0.0000)	Loss 0.0788 (0.0766)	
2018-02-03 07:54:03 Epoch: [27][150/338]	Time 1.486 (1.488)	Data 0.000 (0.011)	Accuracy 0.0000 (0.0000)	Loss 0.0979 (0.0771)	
2018-02-03 07:55:17 Epoch: [27][200/338]	Time 1.466 (1.486)	Data 0.000 (0.008)	Accuracy 0.0000 (0.0000)	Loss 0.0820 (0.0771)	
2018-02-03 07:56:31 Epoch: [27][250/338]	Time 1.483 (1.484)	Data 0.000 (0.007)	Accuracy 0.0000 (0.0000)	Loss 0.0709 (0.0768)	
2018-02-03 07:57:45 Epoch: [27][300/338]	Time 1.490 (1.484)	Data 0.000 (0.006)	Accuracy 0.0000 (0.0000)	Loss 0.0701 (0.0771)	
2018-02-03 07:58:40 Epoch: [27][337/338]	Time 1.042 (1.482)	Data 0.000 (0.005)	Accuracy 0.0000 (0.0000)	Loss 0.1073 (0.0772)	
2018-02-03 07:58:40 Validating model
2018-02-03 07:59:18 Test: [84/84]	Time 0.389 (0.451)	Loss 0.08283	F2: 0.878634958341	
2018-02-03 07:59:18 early_stop_counter: 5
2018-02-03 07:59:19 Epoch 28
2018-02-03 08:00:36 Epoch: [28][50/338]	Time 1.471 (1.507)	Data 0.000 (0.034)	Accuracy 0.0000 (0.0000)	Loss 0.0805 (0.0783)	
2018-02-03 08:01:50 Epoch: [28][100/338]	Time 1.468 (1.493)	Data 0.000 (0.017)	Accuracy 0.0000 (0.0000)	Loss 0.0944 (0.0785)	
2018-02-03 08:03:04 Epoch: [28][150/338]	Time 1.480 (1.488)	Data 0.000 (0.012)	Accuracy 0.0000 (0.0000)	Loss 0.0760 (0.0774)	
2018-02-03 08:04:18 Epoch: [28][200/338]	Time 1.462 (1.485)	Data 0.000 (0.009)	Accuracy 0.0000 (0.0000)	Loss 0.0784 (0.0768)	
2018-02-03 08:05:32 Epoch: [28][250/338]	Time 1.460 (1.484)	Data 0.000 (0.007)	Accuracy 0.0000 (0.0000)	Loss 0.0806 (0.0768)	
2018-02-03 08:06:45 Epoch: [28][300/338]	Time 1.470 (1.483)	Data 0.000 (0.006)	Accuracy 0.0000 (0.0000)	Loss 0.0765 (0.0772)	
2018-02-03 08:07:40 Epoch: [28][337/338]	Time 1.043 (1.481)	Data 0.000 (0.005)	Accuracy 0.0000 (0.0000)	Loss 0.0742 (0.0772)	
2018-02-03 08:07:40 Validating model
2018-02-03 08:08:18 Test: [84/84]	Time 0.387 (0.453)	Loss 0.08288	F2: 0.879308814558	
2018-02-03 08:08:18 Early stopping, regress for 6 iterations
2018-02-03 08:08:18 early_stop_counter: 6
2018-02-03 08:08:18 Setting for group learning rate=0.00000300, epoch=28
2018-02-03 08:08:18 Setting for group learning rate=0.00000300, epoch=28
2018-02-03 08:08:18 Setting for group learning rate=0.00000300, epoch=28
2018-02-03 08:08:18 Setting for group learning rate=0.00000030, epoch=28
2018-02-03 08:08:18 Setting for group learning rate=0.00000030, epoch=28
2018-02-03 08:08:18 Setting for group learning rate=0.00000015, epoch=28
2018-02-03 08:08:18 Setting for group learning rate=0.00000300, epoch=28
2018-02-03 08:08:19 Exiting learning process
2018-02-03 08:08:19 Initing model
2018-02-03 08:08:20 Resnet18: Loading pretrained
2018-02-03 08:08:23 Loading from /home/tzaumiaan/clone_2/planet/pretrained/resnet18_fcbn_256.pth.tar
2018-02-03 08:08:24 Loaded best model /home/tzaumiaan/clone_2/results/model_best.pth.tar, arch=mix_net_v6
2018-02-03 08:08:24 Estimating thresholds
2018-02-03 08:09:05 	 slice=0, name=agriculture, best_threshold=0.130, metric=0.9287
2018-02-03 08:09:06 	 slice=1, name=artisinal_mine, best_threshold=0.200, metric=0.9287
2018-02-03 08:09:08 	 slice=2, name=bare_ground, best_threshold=0.100, metric=0.9290
2018-02-03 08:09:09 	 slice=3, name=blooming, best_threshold=0.210, metric=0.9290
2018-02-03 08:09:10 	 slice=4, name=blow_down, best_threshold=0.130, metric=0.9290
2018-02-03 08:09:12 	 slice=5, name=clear, best_threshold=0.160, metric=0.9292
2018-02-03 08:09:13 	 slice=6, name=cloudy, best_threshold=0.120, metric=0.9298
2018-02-03 08:09:14 	 slice=7, name=conventional_mine, best_threshold=0.260, metric=0.9298
2018-02-03 08:09:16 	 slice=8, name=cultivation, best_threshold=0.240, metric=0.9298
2018-02-03 08:09:17 	 slice=9, name=habitation, best_threshold=0.230, metric=0.9299
2018-02-03 08:09:19 	 slice=10, name=haze, best_threshold=0.210, metric=0.9299
2018-02-03 08:09:20 	 slice=11, name=partly_cloudy, best_threshold=0.160, metric=0.9302
2018-02-03 08:09:21 	 slice=12, name=primary, best_threshold=0.240, metric=0.9303
2018-02-03 08:09:23 	 slice=13, name=road, best_threshold=0.230, metric=0.9304
2018-02-03 08:09:24 	 slice=14, name=selective_logging, best_threshold=0.100, metric=0.9305
2018-02-03 08:09:25 	 slice=15, name=slash_burn, best_threshold=0.290, metric=0.9305
2018-02-03 08:09:27 	 slice=16, name=water, best_threshold=0.160, metric=0.9307
2018-02-03 08:09:27 Precision/recall for each category
2018-02-03 08:09:27 	 name=agriculture, count=12315, pre=0.7277, recall=0.9598
2018-02-03 08:09:27 	 name=artisinal_mine, count=339, pre=0.7561, recall=0.8732
2018-02-03 08:09:27 	 name=bare_ground, count=862, pre=0.3070, recall=0.5580
2018-02-03 08:09:27 	 name=blooming, count=332, pre=0.2917, recall=0.2188
2018-02-03 08:09:27 	 name=blow_down, count=101, pre=0.6000, recall=0.1875
2018-02-03 08:09:27 	 name=clear, count=28431, pre=0.9263, recall=0.9920
2018-02-03 08:09:27 	 name=cloudy, count=2089, pre=0.6876, recall=0.9704
2018-02-03 08:09:27 	 name=conventional_mine, count=100, pre=0.6842, recall=0.6190
2018-02-03 08:09:27 	 name=cultivation, count=4547, pre=0.5271, recall=0.7271
2018-02-03 08:09:27 	 name=habitation, count=3660, pre=0.6532, recall=0.8234
2018-02-03 08:09:27 	 name=haze, count=2697, pre=0.6366, recall=0.8091
2018-02-03 08:09:27 	 name=partly_cloudy, count=7261, pre=0.8335, recall=0.9793
2018-02-03 08:09:27 	 name=primary, count=37513, pre=0.9702, recall=0.9953
2018-02-03 08:09:27 	 name=road, count=8071, pre=0.7743, recall=0.9093
2018-02-03 08:09:27 	 name=selective_logging, count=340, pre=0.3936, recall=0.5000
2018-02-03 08:09:27 	 name=slash_burn, count=209, pre=0.3846, recall=0.1250
2018-02-03 08:09:27 	 name=water, count=7411, pre=0.6983, recall=0.8798
2018-02-03 08:09:35 F2 score before applying tresholds is 0.906203
2018-02-03 08:09:35 F2 score after applying tresholds is 0.930697
2018-02-03 08:09:35 Testing transformation 1/6
2018-02-03 08:09:35 Testing
2018-02-03 08:09:36 Traceback (most recent call last):
  File "train.py", line 505, in main
    tr.run(config)
  File "train.py", line 233, in run
    self.test_and_submit(config, val_loader)
  File "train.py", line 418, in test_and_submit
    names, final_results = self.test_model(config)
  File "train.py", line 379, in test_model
    names, crop_results = boilerplate.test_model(test_loader, self._model, activation=torch.sigmoid)
  File "/home/tzaumiaan/clone_2/planet/boilerplate.py", line 315, in test_model
    for i, (input, name_batch) in enumerate(test_loader):
  File "/home/tzaumiaan/miniconda2/lib/python2.7/site-packages/torch/utils/data/dataloader.py", line 210, in __next__
    return self._process_next_batch(batch)
  File "/home/tzaumiaan/miniconda2/lib/python2.7/site-packages/torch/utils/data/dataloader.py", line 230, in _process_next_batch
    raise batch.exc_type(batch.exc_msg)
IOError: Traceback (most recent call last):
  File "/home/tzaumiaan/miniconda2/lib/python2.7/site-packages/torch/utils/data/dataloader.py", line 42, in _worker_loop
    samples = collate_fn([dataset[i] for i in batch_indices])
  File "/home/tzaumiaan/clone_2/planet/folder.py", line 158, in __getitem__
    img = self.loader(os.path.join(self.root, path))
  File "/home/tzaumiaan/clone_2/planet/folder.py", line 57, in mix_loader
    jpg_img = np.array(default_loader(jpg_path))
  File "build/bdist.linux-x86_64/egg/torchvision/datasets/folder.py", line 69, in default_loader
    return pil_loader(path)
  File "build/bdist.linux-x86_64/egg/torchvision/datasets/folder.py", line 50, in pil_loader
    with open(path, 'rb') as f:
IOError: [Errno 2] No such file or directory: '/home/tzaumiaan/data/test-jpg/file_6807.jpg'


