2018-02-03 01:30:15 Config: {'folds': 10, 'warm_up_epochs': 2, 'shard': '', 'seed': 0, 'weigh_loss': 0, 'lr_schedule': 'adaptive_best', 'holdout': 0, 'weight_decay': 0.0001, 'from_checkpoint': 0, 'train_percent': 0.8, 'workers': 2, 'test_batch_size': 320, 'transform': 'nozoom_256', 'epoch': 80, 'lr': 0.3, 'momentum': 0.9, 'run_type': 'train', 'optimizer': 'sgd', 'data_type': 'jpg', 'batch_size': 128, 'blacklist': 0, 'max_stops': 3, 'weigh_sample': 0, 'early_stop_n': 6, 'decrease_rate': 0.1, 'model': 'resnet18_fcbn_256'}
2018-02-03 01:30:15 Loading train/val split from file
2018-02-03 01:30:16 Starting learning single model
2018-02-03 01:30:16 Initing model
2018-02-03 01:30:17 Loading resnet18 planet
2018-02-03 01:30:21 Learning exact layers, number=5
2018-02-03 01:30:21 Layer=0, lr=0.30000
2018-02-03 01:30:21 Layer=1, lr=0.30000
2018-02-03 01:30:21 Layer=2, lr=0.30000
2018-02-03 01:30:21 Layer=3, lr=0.30000
2018-02-03 01:30:21 Layer=4, lr=0.30000
2018-02-03 01:30:21 Loss is MultiLabelSoftMarginLoss without weights
2018-02-03 01:30:21 Epoch 0
2018-02-03 01:32:13 Epoch: [0][50/254]	Time 1.864 (2.192)	Data 0.000 (0.022)	Accuracy 0.0000 (0.0000)	Loss 0.1853 (0.3319)	
2018-02-03 01:33:51 Epoch: [0][100/254]	Time 2.015 (2.070)	Data 0.000 (0.011)	Accuracy 0.0000 (0.0000)	Loss 0.1420 (0.2414)	
2018-02-03 01:35:25 Epoch: [0][150/254]	Time 1.995 (2.012)	Data 0.000 (0.008)	Accuracy 0.0000 (0.0000)	Loss 0.1078 (0.2027)	
2018-02-03 01:37:02 Epoch: [0][200/254]	Time 1.857 (1.991)	Data 0.000 (0.006)	Accuracy 0.0000 (0.0000)	Loss 0.1056 (0.1806)	
2018-02-03 01:38:38 Epoch: [0][250/254]	Time 1.899 (1.977)	Data 0.000 (0.005)	Accuracy 0.0000 (0.0000)	Loss 0.1264 (0.1663)	
2018-02-03 01:38:48 Epoch: [0][253/254]	Time 6.716 (1.995)	Data 0.000 (0.005)	Accuracy 0.0000 (0.0000)	Loss 0.1959 (0.1659)	
2018-02-03 01:38:48 Validating model
2018-02-03 01:39:28 Test: [63/63]	Time 4.219 (0.626)	Loss 0.13941	F2: 0.800050182372	
2018-02-03 01:39:28 Current model is best by val score 0.13941 < -1.00000
2018-02-03 01:39:28 early_stop_counter: 0
2018-02-03 01:39:28 Epoch 1
2018-02-03 01:41:07 Epoch: [1][50/254]	Time 1.847 (1.940)	Data 0.000 (0.021)	Accuracy 0.0000 (0.0000)	Loss 0.1025 (0.1070)	
2018-02-03 01:42:43 Epoch: [1][100/254]	Time 2.037 (1.932)	Data 0.000 (0.011)	Accuracy 0.0000 (0.0000)	Loss 0.0917 (0.1050)	
2018-02-03 01:44:18 Epoch: [1][150/254]	Time 1.932 (1.921)	Data 0.000 (0.008)	Accuracy 0.0000 (0.0000)	Loss 0.0955 (0.1038)	
2018-02-03 01:45:55 Epoch: [1][200/254]	Time 2.008 (1.925)	Data 0.000 (0.006)	Accuracy 0.0000 (0.0000)	Loss 0.0927 (0.1032)	
2018-02-03 01:47:32 Epoch: [1][250/254]	Time 1.860 (1.930)	Data 0.000 (0.005)	Accuracy 0.0000 (0.0000)	Loss 0.1070 (0.1026)	
2018-02-03 01:47:38 Epoch: [1][253/254]	Time 1.404 (1.928)	Data 0.000 (0.005)	Accuracy 0.0000 (0.0000)	Loss 0.0892 (0.1024)	
2018-02-03 01:47:38 Validating model
2018-02-03 01:48:09 Test: [63/63]	Time 0.261 (0.498)	Loss 0.10788	F2: 0.839181425601	
2018-02-03 01:48:09 Current model is best by val score 0.10788 < 0.13941
2018-02-03 01:48:09 early_stop_counter: 0
2018-02-03 01:48:11 Epoch 2
2018-02-03 01:48:58 Epoch: [2][50/254]	Time 0.918 (0.924)	Data 0.000 (0.020)	Accuracy 0.0000 (0.0000)	Loss 0.0792 (0.0987)	
2018-02-03 01:49:43 Epoch: [2][100/254]	Time 0.906 (0.919)	Data 0.000 (0.010)	Accuracy 0.0000 (0.0000)	Loss 0.1148 (0.0971)	
2018-02-03 01:50:29 Epoch: [2][150/254]	Time 0.916 (0.917)	Data 0.000 (0.007)	Accuracy 0.0000 (0.0000)	Loss 0.1323 (0.0970)	
2018-02-03 01:51:15 Epoch: [2][200/254]	Time 0.916 (0.917)	Data 0.000 (0.005)	Accuracy 0.0000 (0.0000)	Loss 0.0969 (0.0973)	
2018-02-03 01:52:00 Epoch: [2][250/254]	Time 0.912 (0.916)	Data 0.000 (0.004)	Accuracy 0.0000 (0.0000)	Loss 0.1120 (0.0970)	
2018-02-03 01:52:03 Epoch: [2][253/254]	Time 0.644 (0.915)	Data 0.000 (0.004)	Accuracy 0.0000 (0.0000)	Loss 0.1091 (0.0969)	
2018-02-03 01:52:03 Validating model
2018-02-03 01:52:21 Test: [63/63]	Time 0.260 (0.291)	Loss 0.10229	F2: 0.842894474172	
2018-02-03 01:52:21 Current model is best by val score 0.10229 < 0.10788
2018-02-03 01:52:21 early_stop_counter: 0
2018-02-03 01:52:23 Epoch 3
2018-02-03 01:53:10 Epoch: [3][50/254]	Time 0.919 (0.922)	Data 0.000 (0.019)	Accuracy 0.0000 (0.0000)	Loss 0.0918 (0.0941)	
2018-02-03 01:53:55 Epoch: [3][100/254]	Time 0.912 (0.918)	Data 0.000 (0.010)	Accuracy 0.0000 (0.0000)	Loss 0.1064 (0.0944)	
2018-02-03 01:54:41 Epoch: [3][150/254]	Time 0.918 (0.917)	Data 0.000 (0.007)	Accuracy 0.0000 (0.0000)	Loss 0.1054 (0.0949)	
2018-02-03 01:55:27 Epoch: [3][200/254]	Time 0.916 (0.916)	Data 0.000 (0.005)	Accuracy 0.0000 (0.0000)	Loss 0.0966 (0.0945)	
2018-02-03 01:56:13 Epoch: [3][250/254]	Time 0.913 (0.916)	Data 0.000 (0.004)	Accuracy 0.0000 (0.0000)	Loss 0.0872 (0.0946)	
2018-02-03 01:56:15 Epoch: [3][253/254]	Time 0.641 (0.915)	Data 0.000 (0.004)	Accuracy 0.0000 (0.0000)	Loss 0.0781 (0.0945)	
2018-02-03 01:56:15 Validating model
2018-02-03 01:56:33 Test: [63/63]	Time 0.262 (0.291)	Loss 0.10425	F2: 0.846049897834	
2018-02-03 01:56:33 early_stop_counter: 1
2018-02-03 01:56:34 Epoch 4
2018-02-03 01:57:21 Epoch: [4][50/254]	Time 0.914 (0.923)	Data 0.000 (0.020)	Accuracy 0.0000 (0.0000)	Loss 0.0877 (0.0931)	
2018-02-03 01:58:07 Epoch: [4][100/254]	Time 0.919 (0.918)	Data 0.000 (0.010)	Accuracy 0.0000 (0.0000)	Loss 0.1006 (0.0929)	
2018-02-03 01:58:52 Epoch: [4][150/254]	Time 0.920 (0.917)	Data 0.000 (0.007)	Accuracy 0.0000 (0.0000)	Loss 0.1109 (0.0929)	
2018-02-03 01:59:38 Epoch: [4][200/254]	Time 0.919 (0.916)	Data 0.000 (0.005)	Accuracy 0.0000 (0.0000)	Loss 0.0893 (0.0925)	
2018-02-03 02:00:24 Epoch: [4][250/254]	Time 0.920 (0.916)	Data 0.000 (0.004)	Accuracy 0.0000 (0.0000)	Loss 0.1005 (0.0929)	
2018-02-03 02:00:26 Epoch: [4][253/254]	Time 0.641 (0.914)	Data 0.000 (0.004)	Accuracy 0.0000 (0.0000)	Loss 0.1120 (0.0929)	
2018-02-03 02:00:26 Validating model
2018-02-03 02:00:45 Test: [63/63]	Time 0.257 (0.291)	Loss 0.10704	F2: 0.847451662706	
2018-02-03 02:00:45 early_stop_counter: 2
2018-02-03 02:00:45 Epoch 5
2018-02-03 02:01:33 Epoch: [5][50/254]	Time 0.908 (0.924)	Data 0.000 (0.019)	Accuracy 0.0000 (0.0000)	Loss 0.0718 (0.0907)	
2018-02-03 02:02:18 Epoch: [5][100/254]	Time 0.906 (0.919)	Data 0.000 (0.010)	Accuracy 0.0000 (0.0000)	Loss 0.0954 (0.0917)	
2018-02-03 02:03:04 Epoch: [5][150/254]	Time 0.908 (0.917)	Data 0.000 (0.007)	Accuracy 0.0000 (0.0000)	Loss 0.0959 (0.0922)	
2018-02-03 02:03:50 Epoch: [5][200/254]	Time 0.918 (0.917)	Data 0.000 (0.005)	Accuracy 0.0000 (0.0000)	Loss 0.0916 (0.0920)	
2018-02-03 02:04:35 Epoch: [5][250/254]	Time 0.909 (0.916)	Data 0.000 (0.004)	Accuracy 0.0000 (0.0000)	Loss 0.1127 (0.0918)	
2018-02-03 02:04:38 Epoch: [5][253/254]	Time 0.643 (0.915)	Data 0.000 (0.004)	Accuracy 0.0000 (0.0000)	Loss 0.1178 (0.0919)	
2018-02-03 02:04:38 Validating model
2018-02-03 02:04:56 Test: [63/63]	Time 0.260 (0.292)	Loss 0.09980	F2: 0.852987352202	
2018-02-03 02:04:56 Current model is best by val score 0.09980 < 0.10229
2018-02-03 02:04:56 early_stop_counter: 0
2018-02-03 02:04:58 Epoch 6
2018-02-03 02:05:45 Epoch: [6][50/254]	Time 0.922 (0.922)	Data 0.000 (0.019)	Accuracy 0.0000 (0.0000)	Loss 0.0848 (0.0891)	
2018-02-03 02:06:30 Epoch: [6][100/254]	Time 0.918 (0.918)	Data 0.000 (0.010)	Accuracy 0.0000 (0.0000)	Loss 0.1132 (0.0907)	
2018-02-03 02:07:16 Epoch: [6][150/254]	Time 0.904 (0.917)	Data 0.000 (0.007)	Accuracy 0.0000 (0.0000)	Loss 0.1102 (0.0909)	
2018-02-03 02:08:02 Epoch: [6][200/254]	Time 0.910 (0.916)	Data 0.001 (0.005)	Accuracy 0.0000 (0.0000)	Loss 0.0810 (0.0912)	
2018-02-03 02:08:47 Epoch: [6][250/254]	Time 0.914 (0.915)	Data 0.000 (0.004)	Accuracy 0.0000 (0.0000)	Loss 0.0952 (0.0916)	
2018-02-03 02:08:50 Epoch: [6][253/254]	Time 0.643 (0.914)	Data 0.000 (0.004)	Accuracy 0.0000 (0.0000)	Loss 0.0821 (0.0916)	
2018-02-03 02:08:50 Validating model
2018-02-03 02:09:08 Test: [63/63]	Time 0.260 (0.291)	Loss 0.09956	F2: 0.858024376342	
2018-02-03 02:09:08 Current model is best by val score 0.09956 < 0.09980
2018-02-03 02:09:08 early_stop_counter: 0
2018-02-03 02:09:10 Epoch 7
2018-02-03 02:09:57 Epoch: [7][50/254]	Time 0.918 (0.924)	Data 0.001 (0.019)	Accuracy 0.0000 (0.0000)	Loss 0.0858 (0.0889)	
2018-02-03 02:10:43 Epoch: [7][100/254]	Time 0.916 (0.918)	Data 0.000 (0.010)	Accuracy 0.0000 (0.0000)	Loss 0.0910 (0.0892)	
2018-02-03 02:11:28 Epoch: [7][150/254]	Time 0.917 (0.917)	Data 0.000 (0.007)	Accuracy 0.0000 (0.0000)	Loss 0.0757 (0.0895)	
2018-02-03 02:12:14 Epoch: [7][200/254]	Time 0.918 (0.917)	Data 0.000 (0.005)	Accuracy 0.0000 (0.0000)	Loss 0.0991 (0.0899)	
2018-02-03 02:13:00 Epoch: [7][250/254]	Time 0.913 (0.916)	Data 0.000 (0.004)	Accuracy 0.0000 (0.0000)	Loss 0.0807 (0.0904)	
2018-02-03 02:13:02 Epoch: [7][253/254]	Time 0.641 (0.915)	Data 0.000 (0.004)	Accuracy 0.0000 (0.0000)	Loss 0.0957 (0.0905)	
2018-02-03 02:13:02 Validating model
2018-02-03 02:13:21 Test: [63/63]	Time 0.259 (0.291)	Loss 0.10363	F2: 0.851252644092	
2018-02-03 02:13:21 early_stop_counter: 1
2018-02-03 02:13:21 Epoch 8
2018-02-03 02:14:08 Epoch: [8][50/254]	Time 0.909 (0.925)	Data 0.000 (0.020)	Accuracy 0.0000 (0.0000)	Loss 0.1011 (0.0907)	
2018-02-03 02:14:54 Epoch: [8][100/254]	Time 0.909 (0.919)	Data 0.000 (0.010)	Accuracy 0.0000 (0.0000)	Loss 0.0802 (0.0899)	
2018-02-03 02:15:40 Epoch: [8][150/254]	Time 0.917 (0.917)	Data 0.001 (0.007)	Accuracy 0.0000 (0.0000)	Loss 0.0999 (0.0899)	
2018-02-03 02:16:25 Epoch: [8][200/254]	Time 0.916 (0.916)	Data 0.000 (0.005)	Accuracy 0.0000 (0.0000)	Loss 0.0747 (0.0900)	
2018-02-03 02:17:11 Epoch: [8][250/254]	Time 0.922 (0.916)	Data 0.000 (0.004)	Accuracy 0.0000 (0.0000)	Loss 0.0972 (0.0901)	
2018-02-03 02:17:14 Epoch: [8][253/254]	Time 0.638 (0.915)	Data 0.000 (0.004)	Accuracy 0.0000 (0.0000)	Loss 0.0911 (0.0902)	
2018-02-03 02:17:14 Validating model
2018-02-03 02:17:32 Test: [63/63]	Time 0.257 (0.291)	Loss 0.10451	F2: 0.844863979876	
2018-02-03 02:17:32 early_stop_counter: 2
2018-02-03 02:17:32 Epoch 9
2018-02-03 02:18:20 Epoch: [9][50/254]	Time 0.914 (0.925)	Data 0.000 (0.020)	Accuracy 0.0000 (0.0000)	Loss 0.0792 (0.0895)	
2018-02-03 02:19:05 Epoch: [9][100/254]	Time 0.923 (0.919)	Data 0.000 (0.010)	Accuracy 0.0000 (0.0000)	Loss 0.0751 (0.0899)	
2018-02-03 02:19:51 Epoch: [9][150/254]	Time 0.913 (0.918)	Data 0.001 (0.007)	Accuracy 0.0000 (0.0000)	Loss 0.0921 (0.0895)	
2018-02-03 02:20:37 Epoch: [9][200/254]	Time 0.916 (0.917)	Data 0.001 (0.005)	Accuracy 0.0000 (0.0000)	Loss 0.0939 (0.0889)	
2018-02-03 02:21:22 Epoch: [9][250/254]	Time 0.918 (0.916)	Data 0.000 (0.004)	Accuracy 0.0000 (0.0000)	Loss 0.0777 (0.0895)	
2018-02-03 02:21:25 Epoch: [9][253/254]	Time 0.639 (0.915)	Data 0.000 (0.004)	Accuracy 0.0000 (0.0000)	Loss 0.1465 (0.0896)	
2018-02-03 02:21:25 Validating model
2018-02-03 02:21:43 Test: [63/63]	Time 0.260 (0.291)	Loss 0.09924	F2: 0.854732799752	
2018-02-03 02:21:43 Current model is best by val score 0.09924 < 0.09956
2018-02-03 02:21:43 early_stop_counter: 0
2018-02-03 02:21:45 Epoch 10
2018-02-03 02:22:32 Epoch: [10][50/254]	Time 0.916 (0.923)	Data 0.000 (0.019)	Accuracy 0.0000 (0.0000)	Loss 0.0840 (0.0877)	
2018-02-03 02:23:18 Epoch: [10][100/254]	Time 0.917 (0.919)	Data 0.000 (0.010)	Accuracy 0.0000 (0.0000)	Loss 0.1173 (0.0897)	
2018-02-03 02:24:03 Epoch: [10][150/254]	Time 0.905 (0.917)	Data 0.000 (0.007)	Accuracy 0.0000 (0.0000)	Loss 0.0787 (0.0896)	
2018-02-03 02:24:49 Epoch: [10][200/254]	Time 0.900 (0.915)	Data 0.000 (0.005)	Accuracy 0.0000 (0.0000)	Loss 0.0850 (0.0895)	
2018-02-03 02:25:34 Epoch: [10][250/254]	Time 0.894 (0.913)	Data 0.000 (0.004)	Accuracy 0.0000 (0.0000)	Loss 0.0892 (0.0895)	
2018-02-03 02:25:36 Epoch: [10][253/254]	Time 0.637 (0.912)	Data 0.000 (0.004)	Accuracy 0.0000 (0.0000)	Loss 0.1112 (0.0894)	
2018-02-03 02:25:36 Validating model
2018-02-03 02:25:55 Test: [63/63]	Time 0.259 (0.289)	Loss 0.10079	F2: 0.853145064093	
2018-02-03 02:25:55 early_stop_counter: 1
2018-02-03 02:25:55 Epoch 11
2018-02-03 02:26:42 Epoch: [11][50/254]	Time 0.904 (0.917)	Data 0.000 (0.019)	Accuracy 0.0000 (0.0000)	Loss 0.0685 (0.0871)	
2018-02-03 02:27:27 Epoch: [11][100/254]	Time 0.902 (0.912)	Data 0.000 (0.010)	Accuracy 0.0000 (0.0000)	Loss 0.0863 (0.0878)	
2018-02-03 02:28:13 Epoch: [11][150/254]	Time 0.909 (0.910)	Data 0.000 (0.007)	Accuracy 0.0000 (0.0000)	Loss 0.1011 (0.0887)	
2018-02-03 02:28:58 Epoch: [11][200/254]	Time 0.904 (0.909)	Data 0.000 (0.005)	Accuracy 0.0000 (0.0000)	Loss 0.0889 (0.0882)	
2018-02-03 02:29:43 Epoch: [11][250/254]	Time 0.909 (0.909)	Data 0.000 (0.004)	Accuracy 0.0000 (0.0000)	Loss 0.0911 (0.0886)	
2018-02-03 02:29:46 Epoch: [11][253/254]	Time 0.631 (0.908)	Data 0.000 (0.004)	Accuracy 0.0000 (0.0000)	Loss 0.1007 (0.0886)	
2018-02-03 02:29:46 Validating model
2018-02-03 02:30:04 Test: [63/63]	Time 0.257 (0.290)	Loss 0.09954	F2: 0.844336591759	
2018-02-03 02:30:04 early_stop_counter: 2
2018-02-03 02:30:05 Epoch 12
2018-02-03 02:30:52 Epoch: [12][50/254]	Time 0.903 (0.918)	Data 0.000 (0.020)	Accuracy 0.0000 (0.0000)	Loss 0.0882 (0.0872)	
2018-02-03 02:31:37 Epoch: [12][100/254]	Time 0.908 (0.912)	Data 0.000 (0.010)	Accuracy 0.0000 (0.0000)	Loss 0.0816 (0.0883)	
2018-02-03 02:32:22 Epoch: [12][150/254]	Time 0.904 (0.910)	Data 0.000 (0.007)	Accuracy 0.0000 (0.0000)	Loss 0.0929 (0.0884)	
2018-02-03 02:33:08 Epoch: [12][200/254]	Time 0.907 (0.910)	Data 0.000 (0.005)	Accuracy 0.0000 (0.0000)	Loss 0.1008 (0.0884)	
2018-02-03 02:33:53 Epoch: [12][250/254]	Time 0.899 (0.909)	Data 0.000 (0.004)	Accuracy 0.0000 (0.0000)	Loss 0.0892 (0.0892)	
2018-02-03 02:33:55 Epoch: [12][253/254]	Time 0.633 (0.908)	Data 0.000 (0.004)	Accuracy 0.0000 (0.0000)	Loss 0.0607 (0.0891)	
2018-02-03 02:33:55 Validating model
2018-02-03 02:34:14 Test: [63/63]	Time 0.258 (0.290)	Loss 0.10368	F2: 0.838072561699	
2018-02-03 02:34:14 early_stop_counter: 3
2018-02-03 02:34:14 Setting for group learning rate=0.03000000, epoch=12
2018-02-03 02:34:14 Setting for group learning rate=0.03000000, epoch=12
2018-02-03 02:34:14 Setting for group learning rate=0.03000000, epoch=12
2018-02-03 02:34:14 Setting for group learning rate=0.03000000, epoch=12
2018-02-03 02:34:14 Setting for group learning rate=0.03000000, epoch=12
2018-02-03 02:34:14 Loaded the model from previous best step
2018-02-03 02:34:14 Loaded best model /home/tzaumiaan/clone_3/results/model_best.pth.tar, arch=resnet18_fcbn_256
2018-02-03 02:34:14 Epoch 13
2018-02-03 02:35:01 Epoch: [13][50/254]	Time 0.902 (0.917)	Data 0.000 (0.019)	Accuracy 0.0000 (0.0000)	Loss 0.0800 (0.0862)	
2018-02-03 02:35:46 Epoch: [13][100/254]	Time 0.907 (0.911)	Data 0.000 (0.010)	Accuracy 0.0000 (0.0000)	Loss 0.0925 (0.0845)	
2018-02-03 02:36:32 Epoch: [13][150/254]	Time 0.909 (0.910)	Data 0.000 (0.007)	Accuracy 0.0000 (0.0000)	Loss 0.0748 (0.0837)	
2018-02-03 02:37:17 Epoch: [13][200/254]	Time 0.909 (0.909)	Data 0.000 (0.005)	Accuracy 0.0000 (0.0000)	Loss 0.0878 (0.0832)	
2018-02-03 02:38:02 Epoch: [13][250/254]	Time 0.909 (0.908)	Data 0.000 (0.004)	Accuracy 0.0000 (0.0000)	Loss 0.1014 (0.0830)	
2018-02-03 02:38:05 Epoch: [13][253/254]	Time 0.638 (0.907)	Data 0.000 (0.004)	Accuracy 0.0000 (0.0000)	Loss 0.0661 (0.0830)	
2018-02-03 02:38:05 Validating model
2018-02-03 02:38:23 Test: [63/63]	Time 0.259 (0.289)	Loss 0.09089	F2: 0.862083269128	
2018-02-03 02:38:23 Current model is best by val score 0.09089 < 0.09924
2018-02-03 02:38:23 early_stop_counter: 0
2018-02-03 02:38:24 Epoch 14
2018-02-03 02:39:11 Epoch: [14][50/254]	Time 0.907 (0.914)	Data 0.000 (0.019)	Accuracy 0.0000 (0.0000)	Loss 0.0796 (0.0808)	
2018-02-03 02:39:56 Epoch: [14][100/254]	Time 0.902 (0.910)	Data 0.000 (0.010)	Accuracy 0.0000 (0.0000)	Loss 0.0949 (0.0807)	
2018-02-03 02:40:42 Epoch: [14][150/254]	Time 0.909 (0.909)	Data 0.000 (0.007)	Accuracy 0.0000 (0.0000)	Loss 0.0820 (0.0803)	
2018-02-03 02:41:27 Epoch: [14][200/254]	Time 0.911 (0.909)	Data 0.001 (0.005)	Accuracy 0.0000 (0.0000)	Loss 0.0646 (0.0803)	
2018-02-03 02:42:12 Epoch: [14][250/254]	Time 0.897 (0.908)	Data 0.000 (0.004)	Accuracy 0.0000 (0.0000)	Loss 0.0883 (0.0804)	
2018-02-03 02:42:15 Epoch: [14][253/254]	Time 0.634 (0.907)	Data 0.000 (0.004)	Accuracy 0.0000 (0.0000)	Loss 0.0595 (0.0803)	
2018-02-03 02:42:15 Validating model
2018-02-03 02:42:33 Test: [63/63]	Time 0.258 (0.289)	Loss 0.09051	F2: 0.862004764391	
2018-02-03 02:42:33 Current model is best by val score 0.09051 < 0.09089
2018-02-03 02:42:33 early_stop_counter: 0
2018-02-03 02:42:35 Epoch 15
2018-02-03 02:43:21 Epoch: [15][50/254]	Time 0.897 (0.915)	Data 0.000 (0.019)	Accuracy 0.0000 (0.0000)	Loss 0.0708 (0.0800)	
2018-02-03 02:44:07 Epoch: [15][100/254]	Time 0.909 (0.911)	Data 0.000 (0.010)	Accuracy 0.0000 (0.0000)	Loss 0.0944 (0.0791)	
2018-02-03 02:44:52 Epoch: [15][150/254]	Time 0.907 (0.910)	Data 0.000 (0.007)	Accuracy 0.0000 (0.0000)	Loss 0.0681 (0.0792)	
2018-02-03 02:45:37 Epoch: [15][200/254]	Time 0.902 (0.909)	Data 0.000 (0.005)	Accuracy 0.0000 (0.0000)	Loss 0.0777 (0.0792)	
2018-02-03 02:46:23 Epoch: [15][250/254]	Time 0.903 (0.908)	Data 0.000 (0.004)	Accuracy 0.0000 (0.0000)	Loss 0.0806 (0.0793)	
2018-02-03 02:46:25 Epoch: [15][253/254]	Time 0.629 (0.907)	Data 0.000 (0.004)	Accuracy 0.0000 (0.0000)	Loss 0.0937 (0.0794)	
2018-02-03 02:46:25 Validating model
2018-02-03 02:46:43 Test: [63/63]	Time 0.261 (0.290)	Loss 0.09036	F2: 0.866725011553	
2018-02-03 02:46:43 Current model is best by val score 0.09036 < 0.09051
2018-02-03 02:46:43 early_stop_counter: 0
2018-02-03 02:46:45 Epoch 16
2018-02-03 02:47:32 Epoch: [16][50/254]	Time 0.912 (0.917)	Data 0.000 (0.020)	Accuracy 0.0000 (0.0000)	Loss 0.0877 (0.0766)	
2018-02-03 02:48:17 Epoch: [16][100/254]	Time 0.908 (0.912)	Data 0.000 (0.010)	Accuracy 0.0000 (0.0000)	Loss 0.0752 (0.0773)	
2018-02-03 02:49:02 Epoch: [16][150/254]	Time 0.913 (0.910)	Data 0.000 (0.007)	Accuracy 0.0000 (0.0000)	Loss 0.0750 (0.0780)	
2018-02-03 02:49:48 Epoch: [16][200/254]	Time 0.919 (0.910)	Data 0.000 (0.005)	Accuracy 0.0000 (0.0000)	Loss 0.0680 (0.0783)	
2018-02-03 02:50:33 Epoch: [16][250/254]	Time 0.907 (0.909)	Data 0.000 (0.004)	Accuracy 0.0000 (0.0000)	Loss 0.0803 (0.0783)	
2018-02-03 02:50:35 Epoch: [16][253/254]	Time 0.639 (0.908)	Data 0.000 (0.004)	Accuracy 0.0000 (0.0000)	Loss 0.0905 (0.0783)	
2018-02-03 02:50:35 Validating model
2018-02-03 02:50:54 Test: [63/63]	Time 0.257 (0.289)	Loss 0.09059	F2: 0.867950829823	
2018-02-03 02:50:54 early_stop_counter: 1
2018-02-03 02:50:54 Epoch 17
2018-02-03 02:51:41 Epoch: [17][50/254]	Time 0.907 (0.917)	Data 0.000 (0.020)	Accuracy 0.0000 (0.0000)	Loss 0.0766 (0.0783)	
2018-02-03 02:52:26 Epoch: [17][100/254]	Time 0.907 (0.912)	Data 0.000 (0.010)	Accuracy 0.0000 (0.0000)	Loss 0.0758 (0.0773)	
2018-02-03 02:53:12 Epoch: [17][150/254]	Time 0.906 (0.910)	Data 0.000 (0.007)	Accuracy 0.0000 (0.0000)	Loss 0.0724 (0.0775)	
2018-02-03 02:53:57 Epoch: [17][200/254]	Time 0.908 (0.909)	Data 0.000 (0.005)	Accuracy 0.0000 (0.0000)	Loss 0.0810 (0.0780)	
2018-02-03 02:54:42 Epoch: [17][250/254]	Time 0.912 (0.908)	Data 0.000 (0.004)	Accuracy 0.0000 (0.0000)	Loss 0.0620 (0.0779)	
2018-02-03 02:54:45 Epoch: [17][253/254]	Time 0.637 (0.907)	Data 0.000 (0.004)	Accuracy 0.0000 (0.0000)	Loss 0.0937 (0.0779)	
2018-02-03 02:54:45 Validating model
2018-02-03 02:55:03 Test: [63/63]	Time 0.256 (0.290)	Loss 0.09081	F2: 0.865212231926	
2018-02-03 02:55:03 early_stop_counter: 2
2018-02-03 02:55:04 Epoch 18
2018-02-03 02:55:50 Epoch: [18][50/254]	Time 0.905 (0.916)	Data 0.000 (0.020)	Accuracy 0.0000 (0.0000)	Loss 0.0769 (0.0767)	
2018-02-03 02:56:36 Epoch: [18][100/254]	Time 0.956 (0.912)	Data 0.000 (0.010)	Accuracy 0.0000 (0.0000)	Loss 0.0829 (0.0760)	
2018-02-03 02:57:43 Epoch: [18][150/254]	Time 0.906 (1.054)	Data 0.000 (0.007)	Accuracy 0.0000 (0.0000)	Loss 0.0801 (0.0762)	
2018-02-03 02:58:53 Epoch: [18][200/254]	Time 1.790 (1.138)	Data 0.000 (0.005)	Accuracy 0.0000 (0.0000)	Loss 0.0837 (0.0763)	
2018-02-03 03:00:00 Epoch: [18][250/254]	Time 1.415 (1.179)	Data 0.000 (0.004)	Accuracy 0.0000 (0.0000)	Loss 0.0667 (0.0765)	
2018-02-03 03:00:03 Epoch: [18][253/254]	Time 1.047 (1.180)	Data 0.000 (0.004)	Accuracy 0.0000 (0.0000)	Loss 0.0781 (0.0764)	
2018-02-03 03:00:03 Validating model
2018-02-03 03:00:30 Test: [63/63]	Time 0.260 (0.419)	Loss 0.09084	F2: 0.867998513776	
2018-02-03 03:00:30 early_stop_counter: 3
2018-02-03 03:00:30 Setting for group learning rate=0.00300000, epoch=18
2018-02-03 03:00:30 Setting for group learning rate=0.00300000, epoch=18
2018-02-03 03:00:30 Setting for group learning rate=0.00300000, epoch=18
2018-02-03 03:00:30 Setting for group learning rate=0.00300000, epoch=18
2018-02-03 03:00:30 Setting for group learning rate=0.00300000, epoch=18
2018-02-03 03:00:31 Loaded the model from previous best step
2018-02-03 03:00:31 Loaded best model /home/tzaumiaan/clone_3/results/model_best.pth.tar, arch=resnet18_fcbn_256
2018-02-03 03:00:31 Epoch 19
2018-02-03 03:01:39 Epoch: [19][50/254]	Time 1.721 (1.346)	Data 0.001 (0.020)	Accuracy 0.0000 (0.0000)	Loss 0.0724 (0.0780)	
2018-02-03 03:02:47 Epoch: [19][100/254]	Time 1.916 (1.351)	Data 0.001 (0.010)	Accuracy 0.0000 (0.0000)	Loss 0.0722 (0.0776)	
2018-02-03 03:03:55 Epoch: [19][150/254]	Time 0.903 (1.351)	Data 0.000 (0.007)	Accuracy 0.0000 (0.0000)	Loss 0.0767 (0.0781)	
2018-02-03 03:05:02 Epoch: [19][200/254]	Time 1.364 (1.349)	Data 0.000 (0.005)	Accuracy 0.0000 (0.0000)	Loss 0.0837 (0.0785)	
2018-02-03 03:06:10 Epoch: [19][250/254]	Time 1.051 (1.350)	Data 0.000 (0.004)	Accuracy 0.0000 (0.0000)	Loss 0.0917 (0.0781)	
2018-02-03 03:06:14 Epoch: [19][253/254]	Time 1.043 (1.350)	Data 0.000 (0.004)	Accuracy 0.0000 (0.0000)	Loss 0.0674 (0.0781)	
2018-02-03 03:06:14 Validating model
2018-02-03 03:06:40 Test: [63/63]	Time 0.489 (0.427)	Loss 0.09057	F2: 0.866388001309	
2018-02-03 03:06:40 early_stop_counter: 4
2018-02-03 03:06:41 Epoch 20
2018-02-03 03:07:49 Epoch: [20][50/254]	Time 0.907 (1.334)	Data 0.000 (0.021)	Accuracy 0.0000 (0.0000)	Loss 0.0822 (0.0773)	
2018-02-03 03:08:56 Epoch: [20][100/254]	Time 0.907 (1.333)	Data 0.000 (0.011)	Accuracy 0.0000 (0.0000)	Loss 0.0716 (0.0766)	
2018-02-03 03:10:03 Epoch: [20][150/254]	Time 1.119 (1.335)	Data 0.000 (0.007)	Accuracy 0.0000 (0.0000)	Loss 0.0671 (0.0765)	
2018-02-03 03:11:11 Epoch: [20][200/254]	Time 1.872 (1.344)	Data 0.000 (0.006)	Accuracy 0.0000 (0.0000)	Loss 0.0778 (0.0769)	
2018-02-03 03:12:18 Epoch: [20][250/254]	Time 1.870 (1.342)	Data 0.000 (0.005)	Accuracy 0.0000 (0.0000)	Loss 0.0716 (0.0773)	
2018-02-03 03:12:21 Epoch: [20][253/254]	Time 0.631 (1.339)	Data 0.000 (0.005)	Accuracy 0.0000 (0.0000)	Loss 0.0895 (0.0772)	
2018-02-03 03:12:21 Validating model
2018-02-03 03:12:48 Test: [63/63]	Time 0.564 (0.432)	Loss 0.09002	F2: 0.864973774904	
2018-02-03 03:12:48 Current model is best by val score 0.09002 < 0.09036
2018-02-03 03:12:48 early_stop_counter: 0
2018-02-03 03:12:50 Epoch 21
2018-02-03 03:13:59 Epoch: [21][50/254]	Time 1.748 (1.357)	Data 0.000 (0.020)	Accuracy 0.0000 (0.0000)	Loss 0.0727 (0.0764)	
2018-02-03 03:15:07 Epoch: [21][100/254]	Time 2.001 (1.356)	Data 0.000 (0.010)	Accuracy 0.0000 (0.0000)	Loss 0.0749 (0.0765)	
2018-02-03 03:16:14 Epoch: [21][150/254]	Time 0.907 (1.353)	Data 0.000 (0.007)	Accuracy 0.0000 (0.0000)	Loss 0.0689 (0.0770)	
2018-02-03 03:17:22 Epoch: [21][200/254]	Time 1.614 (1.354)	Data 0.000 (0.005)	Accuracy 0.0000 (0.0000)	Loss 0.0833 (0.0768)	
2018-02-03 03:18:31 Epoch: [21][250/254]	Time 1.254 (1.357)	Data 0.000 (0.004)	Accuracy 0.0000 (0.0000)	Loss 0.0725 (0.0771)	
2018-02-03 03:18:34 Epoch: [21][253/254]	Time 1.073 (1.352)	Data 0.000 (0.004)	Accuracy 0.0000 (0.0000)	Loss 0.0815 (0.0771)	
2018-02-03 03:18:34 Validating model
2018-02-03 03:19:00 Test: [63/63]	Time 0.411 (0.421)	Loss 0.09024	F2: 0.866366967237	
2018-02-03 03:19:00 early_stop_counter: 1
2018-02-03 03:19:01 Epoch 22
2018-02-03 03:20:09 Epoch: [22][50/254]	Time 1.349 (1.343)	Data 0.000 (0.021)	Accuracy 0.0000 (0.0000)	Loss 0.0643 (0.0778)	
2018-02-03 03:21:17 Epoch: [22][100/254]	Time 1.464 (1.349)	Data 0.000 (0.011)	Accuracy 0.0000 (0.0000)	Loss 0.0718 (0.0778)	
2018-02-03 03:22:24 Epoch: [22][150/254]	Time 0.912 (1.343)	Data 0.000 (0.007)	Accuracy 0.0000 (0.0000)	Loss 0.0790 (0.0781)	
2018-02-03 03:23:24 Epoch: [22][200/254]	Time 0.908 (1.311)	Data 0.001 (0.006)	Accuracy 0.0000 (0.0000)	Loss 0.0682 (0.0775)	
2018-02-03 03:24:15 Epoch: [22][250/254]	Time 0.901 (1.252)	Data 0.000 (0.005)	Accuracy 0.0000 (0.0000)	Loss 0.0905 (0.0772)	
2018-02-03 03:24:17 Epoch: [22][253/254]	Time 0.641 (1.247)	Data 0.000 (0.005)	Accuracy 0.0000 (0.0000)	Loss 0.0652 (0.0772)	
2018-02-03 03:24:17 Validating model
2018-02-03 03:24:38 Test: [63/63]	Time 0.260 (0.317)	Loss 0.09028	F2: 0.867564921246	
2018-02-03 03:24:38 early_stop_counter: 2
2018-02-03 03:24:38 Epoch 23
2018-02-03 03:25:30 Epoch: [23][50/254]	Time 0.907 (1.012)	Data 0.001 (0.023)	Accuracy 0.0000 (0.0000)	Loss 0.0762 (0.0795)	
2018-02-03 03:26:20 Epoch: [23][100/254]	Time 0.903 (1.012)	Data 0.000 (0.012)	Accuracy 0.0000 (0.0000)	Loss 0.0756 (0.0780)	
2018-02-03 03:27:11 Epoch: [23][150/254]	Time 0.904 (1.013)	Data 0.001 (0.008)	Accuracy 0.0000 (0.0000)	Loss 0.0769 (0.0768)	
2018-02-03 03:28:02 Epoch: [23][200/254]	Time 1.351 (1.013)	Data 0.001 (0.006)	Accuracy 0.0000 (0.0000)	Loss 0.1029 (0.0769)	
2018-02-03 03:28:52 Epoch: [23][250/254]	Time 1.438 (1.013)	Data 0.000 (0.005)	Accuracy 0.0000 (0.0000)	Loss 0.0725 (0.0770)	
2018-02-03 03:28:55 Epoch: [23][253/254]	Time 0.639 (1.010)	Data 0.000 (0.005)	Accuracy 0.0000 (0.0000)	Loss 0.0951 (0.0770)	
2018-02-03 03:28:55 Validating model
2018-02-03 03:29:16 Test: [63/63]	Time 0.255 (0.334)	Loss 0.09014	F2: 0.866222916419	
2018-02-03 03:29:16 early_stop_counter: 3
2018-02-03 03:29:16 Setting for group learning rate=0.00030000, epoch=23
2018-02-03 03:29:16 Setting for group learning rate=0.00030000, epoch=23
2018-02-03 03:29:16 Setting for group learning rate=0.00030000, epoch=23
2018-02-03 03:29:16 Setting for group learning rate=0.00030000, epoch=23
2018-02-03 03:29:16 Setting for group learning rate=0.00030000, epoch=23
2018-02-03 03:29:17 Loaded the model from previous best step
2018-02-03 03:29:17 Loaded best model /home/tzaumiaan/clone_3/results/model_best.pth.tar, arch=resnet18_fcbn_256
2018-02-03 03:29:17 Epoch 24
2018-02-03 03:30:46 Epoch: [24][50/254]	Time 1.806 (1.745)	Data 0.001 (0.021)	Accuracy 0.0000 (0.0000)	Loss 0.0740 (0.0789)	
2018-02-03 03:32:13 Epoch: [24][100/254]	Time 1.628 (1.746)	Data 0.001 (0.011)	Accuracy 0.0000 (0.0000)	Loss 0.0665 (0.0774)	
2018-02-03 03:33:41 Epoch: [24][150/254]	Time 1.615 (1.748)	Data 0.000 (0.007)	Accuracy 0.0000 (0.0000)	Loss 0.0674 (0.0772)	
2018-02-03 03:35:08 Epoch: [24][200/254]	Time 1.791 (1.747)	Data 0.000 (0.006)	Accuracy 0.0000 (0.0000)	Loss 0.0697 (0.0775)	
2018-02-03 03:36:37 Epoch: [24][250/254]	Time 1.586 (1.754)	Data 0.000 (0.005)	Accuracy 0.0000 (0.0000)	Loss 0.0676 (0.0773)	
2018-02-03 03:36:42 Epoch: [24][253/254]	Time 1.274 (1.752)	Data 0.000 (0.005)	Accuracy 0.0000 (0.0000)	Loss 0.0545 (0.0772)	
2018-02-03 03:36:42 Validating model
2018-02-03 03:37:16 Test: [63/63]	Time 0.516 (0.548)	Loss 0.09019	F2: 0.864724167563	
2018-02-03 03:37:16 early_stop_counter: 4
2018-02-03 03:37:17 Epoch 25
2018-02-03 03:38:48 Epoch: [25][50/254]	Time 1.774 (1.782)	Data 0.000 (0.020)	Accuracy 0.0000 (0.0000)	Loss 0.0790 (0.0758)	
2018-02-03 03:40:16 Epoch: [25][100/254]	Time 1.945 (1.772)	Data 0.000 (0.010)	Accuracy 0.0000 (0.0000)	Loss 0.0769 (0.0769)	
2018-02-03 03:41:44 Epoch: [25][150/254]	Time 1.799 (1.766)	Data 0.000 (0.007)	Accuracy 0.0000 (0.0000)	Loss 0.0706 (0.0772)	
2018-02-03 03:43:12 Epoch: [25][200/254]	Time 1.621 (1.764)	Data 0.000 (0.005)	Accuracy 0.0000 (0.0000)	Loss 0.0821 (0.0769)	
2018-02-03 03:44:40 Epoch: [25][250/254]	Time 1.915 (1.764)	Data 0.000 (0.004)	Accuracy 0.0000 (0.0000)	Loss 0.0678 (0.0770)	
2018-02-03 03:44:44 Epoch: [25][253/254]	Time 1.293 (1.761)	Data 0.000 (0.004)	Accuracy 0.0000 (0.0000)	Loss 0.0895 (0.0770)	
2018-02-03 03:44:44 Validating model
2018-02-03 03:45:10 Test: [63/63]	Time 0.478 (0.404)	Loss 0.09027	F2: 0.866158293389	
2018-02-03 03:45:10 early_stop_counter: 5
2018-02-03 03:45:11 Epoch 26
2018-02-03 03:46:19 Epoch: [26][50/254]	Time 1.614 (1.339)	Data 0.000 (0.020)	Accuracy 0.0000 (0.0000)	Loss 0.0648 (0.0758)	
2018-02-03 03:47:26 Epoch: [26][100/254]	Time 0.905 (1.337)	Data 0.001 (0.010)	Accuracy 0.0000 (0.0000)	Loss 0.0783 (0.0769)	
2018-02-03 03:48:29 Epoch: [26][150/254]	Time 1.360 (1.310)	Data 0.001 (0.007)	Accuracy 0.0000 (0.0000)	Loss 0.0687 (0.0768)	
2018-02-03 03:49:23 Epoch: [26][200/254]	Time 0.916 (1.256)	Data 0.000 (0.005)	Accuracy 0.0000 (0.0000)	Loss 0.0783 (0.0767)	
2018-02-03 03:50:17 Epoch: [26][250/254]	Time 0.904 (1.222)	Data 0.000 (0.004)	Accuracy 0.0000 (0.0000)	Loss 0.0791 (0.0771)	
2018-02-03 03:50:20 Epoch: [26][253/254]	Time 0.844 (1.218)	Data 0.000 (0.004)	Accuracy 0.0000 (0.0000)	Loss 0.0696 (0.0770)	
2018-02-03 03:50:20 Validating model
2018-02-03 03:50:41 Test: [63/63]	Time 0.262 (0.332)	Loss 0.09060	F2: 0.866303886819	
2018-02-03 03:50:41 Early stopping, regress for 6 iterations
2018-02-03 03:50:41 early_stop_counter: 6
2018-02-03 03:50:41 Setting for group learning rate=0.00003000, epoch=26
2018-02-03 03:50:41 Setting for group learning rate=0.00003000, epoch=26
2018-02-03 03:50:41 Setting for group learning rate=0.00003000, epoch=26
2018-02-03 03:50:41 Setting for group learning rate=0.00003000, epoch=26
2018-02-03 03:50:41 Setting for group learning rate=0.00003000, epoch=26
2018-02-03 03:50:42 Exiting learning process
2018-02-03 03:50:42 Initing model
2018-02-03 03:50:43 Loading resnet18 planet
2018-02-03 03:50:43 Loaded best model /home/tzaumiaan/clone_3/results/model_best.pth.tar, arch=resnet18_fcbn_256
2018-02-03 03:50:43 Estimating thresholds
2018-02-03 03:51:05 	 slice=0, name=agriculture, best_threshold=0.170, metric=0.9250
2018-02-03 03:51:07 	 slice=1, name=artisinal_mine, best_threshold=0.120, metric=0.9250
2018-02-03 03:51:08 	 slice=2, name=bare_ground, best_threshold=0.240, metric=0.9251
2018-02-03 03:51:09 	 slice=3, name=blooming, best_threshold=0.340, metric=0.9253
2018-02-03 03:51:11 	 slice=4, name=blow_down, best_threshold=0.380, metric=0.9253
2018-02-03 03:51:12 	 slice=5, name=clear, best_threshold=0.110, metric=0.9256
2018-02-03 03:51:14 	 slice=6, name=cloudy, best_threshold=0.090, metric=0.9268
2018-02-03 03:51:15 	 slice=7, name=conventional_mine, best_threshold=0.190, metric=0.9268
2018-02-03 03:51:16 	 slice=8, name=cultivation, best_threshold=0.170, metric=0.9272
2018-02-03 03:51:18 	 slice=9, name=habitation, best_threshold=0.150, metric=0.9274
2018-02-03 03:51:19 	 slice=10, name=haze, best_threshold=0.140, metric=0.9277
2018-02-03 03:51:20 	 slice=11, name=partly_cloudy, best_threshold=0.130, metric=0.9279
2018-02-03 03:51:22 	 slice=12, name=primary, best_threshold=0.140, metric=0.9280
2018-02-03 03:51:23 	 slice=13, name=road, best_threshold=0.190, metric=0.9280
2018-02-03 03:51:24 	 slice=14, name=selective_logging, best_threshold=0.110, metric=0.9283
2018-02-03 03:51:26 	 slice=15, name=slash_burn, best_threshold=0.180, metric=0.9284
2018-02-03 03:51:27 	 slice=16, name=water, best_threshold=0.220, metric=0.9284
2018-02-03 03:51:27 Precision/recall for each category
2018-02-03 03:51:27 	 name=agriculture, count=12315, pre=0.7485, recall=0.9397
2018-02-03 03:51:27 	 name=artisinal_mine, count=339, pre=0.5981, recall=0.9014
2018-02-03 03:51:27 	 name=bare_ground, count=862, pre=0.3672, recall=0.3591
2018-02-03 03:51:27 	 name=blooming, count=332, pre=0.2963, recall=0.1250
2018-02-03 03:51:27 	 name=blow_down, count=101, pre=1.0000, recall=0.1250
2018-02-03 03:51:27 	 name=clear, count=28431, pre=0.9103, recall=0.9945
2018-02-03 03:51:27 	 name=cloudy, count=2089, pre=0.6419, recall=0.9803
2018-02-03 03:51:27 	 name=conventional_mine, count=100, pre=0.5455, recall=0.8571
2018-02-03 03:51:27 	 name=cultivation, count=4547, pre=0.4806, recall=0.7837
2018-02-03 03:51:27 	 name=habitation, count=3660, pre=0.6029, recall=0.8648
2018-02-03 03:51:27 	 name=haze, count=2697, pre=0.5348, recall=0.8382
2018-02-03 03:51:27 	 name=partly_cloudy, count=7261, pre=0.8379, recall=0.9793
2018-02-03 03:51:27 	 name=primary, count=37513, pre=0.9651, recall=0.9969
2018-02-03 03:51:27 	 name=road, count=8071, pre=0.7492, recall=0.9087
2018-02-03 03:51:27 	 name=selective_logging, count=340, pre=0.3846, recall=0.4054
2018-02-03 03:51:27 	 name=slash_burn, count=209, pre=0.3333, recall=0.0500
2018-02-03 03:51:27 	 name=water, count=7411, pre=0.7228, recall=0.8507
2018-02-03 03:51:35 F2 score before applying tresholds is 0.897103
2018-02-03 03:51:35 F2 score after applying tresholds is 0.928446
2018-02-03 03:51:35 Testing transformation 1/6
2018-02-03 03:51:35 Testing
2018-02-03 03:52:49 Batch 20
2018-02-03 03:53:59 Batch 40
2018-02-03 03:55:00 Batch 60
2018-02-03 03:56:01 Batch 80
2018-02-03 03:57:01 Batch 100
2018-02-03 03:58:01 Batch 120
2018-02-03 03:58:23 Testing transformation 2/6
2018-02-03 03:58:23 Testing
2018-02-03 03:58:50 Batch 20
2018-02-03 03:59:14 Batch 40
2018-02-03 03:59:38 Batch 60
2018-02-03 04:00:03 Batch 80
2018-02-03 04:00:27 Batch 100
2018-02-03 04:00:51 Batch 120
2018-02-03 04:00:58 Testing transformation 3/6
2018-02-03 04:00:58 Testing
2018-02-03 04:01:25 Batch 20
2018-02-03 04:01:50 Batch 40
2018-02-03 04:02:14 Batch 60
2018-02-03 04:02:39 Batch 80
2018-02-03 04:03:03 Batch 100
2018-02-03 04:03:28 Batch 120
2018-02-03 04:03:35 Testing transformation 4/6
2018-02-03 04:03:35 Testing
2018-02-03 04:04:03 Batch 20
2018-02-03 04:04:27 Batch 40
2018-02-03 04:04:51 Batch 60
2018-02-03 04:05:15 Batch 80
2018-02-03 04:05:39 Batch 100
2018-02-03 04:06:03 Batch 120
2018-02-03 04:06:09 Testing transformation 5/6
2018-02-03 04:06:09 Testing
2018-02-03 04:06:32 Batch 20
2018-02-03 04:06:52 Batch 40
2018-02-03 04:07:13 Batch 60
2018-02-03 04:07:34 Batch 80
2018-02-03 04:07:54 Batch 100
2018-02-03 04:08:14 Batch 120
2018-02-03 04:08:20 Testing transformation 6/6
2018-02-03 04:08:20 Testing
2018-02-03 04:08:42 Batch 20
2018-02-03 04:09:02 Batch 40
2018-02-03 04:09:23 Batch 60
2018-02-03 04:09:44 Batch 80
2018-02-03 04:10:05 Batch 100
2018-02-03 04:10:26 Batch 120
2018-02-03 04:10:33 {0: 'agriculture', 1: 'artisinal_mine', 2: 'bare_ground', 3: 'blooming', 4: 'blow_down', 5: 'clear', 6: 'cloudy', 7: 'conventional_mine', 8: 'cultivation', 9: 'habitation', 10: 'haze', 11: 'partly_cloudy', 12: 'primary', 13: 'road', 14: 'selective_logging', 15: 'slash_burn', 16: 'water'}
